[2023-09-10T17:54:27.584+0000] {taskinstance.py:1157} INFO - Dependencies all met for dep_context=non-requeueable deps ti=<TaskInstance: simple_tasks.print_gm_task scheduled__2023-09-08T02:10:00+00:00 [queued]>
[2023-09-10T17:54:27.626+0000] {taskinstance.py:1157} INFO - Dependencies all met for dep_context=requeueable deps ti=<TaskInstance: simple_tasks.print_gm_task scheduled__2023-09-08T02:10:00+00:00 [queued]>
[2023-09-10T17:54:27.641+0000] {taskinstance.py:1359} INFO - Starting attempt 1 of 1
[2023-09-10T17:54:27.704+0000] {taskinstance.py:1380} INFO - Executing <Task(BashOperator): print_gm_task> on 2023-09-08 02:10:00+00:00
[2023-09-10T17:54:27.741+0000] {standard_task_runner.py:57} INFO - Started process 225 to run task
[2023-09-10T17:54:27.756+0000] {standard_task_runner.py:84} INFO - Running: ['***', 'tasks', 'run', 'simple_tasks', 'print_gm_task', 'scheduled__2023-09-08T02:10:00+00:00', '--job-id', '158', '--raw', '--subdir', 'DAGS_FOLDER/script.py', '--cfg-path', '/tmp/tmpdqkghuhn']
[2023-09-10T17:54:27.815+0000] {standard_task_runner.py:85} INFO - Job 158: Subtask print_gm_task
[2023-09-10T17:54:28.158+0000] {task_command.py:415} INFO - Running <TaskInstance: simple_tasks.print_gm_task scheduled__2023-09-08T02:10:00+00:00 [running]> on host 3152b479582c
[2023-09-10T17:54:28.697+0000] {taskinstance.py:1660} INFO - Exporting env vars: AIRFLOW_CTX_DAG_OWNER='***' AIRFLOW_CTX_DAG_ID='simple_tasks' AIRFLOW_CTX_TASK_ID='print_gm_task' AIRFLOW_CTX_EXECUTION_DATE='2023-09-08T02:10:00+00:00' AIRFLOW_CTX_TRY_NUMBER='1' AIRFLOW_CTX_DAG_RUN_ID='scheduled__2023-09-08T02:10:00+00:00'
[2023-09-10T17:54:28.702+0000] {subprocess.py:63} INFO - Tmp dir root location: /tmp
[2023-09-10T17:54:28.721+0000] {subprocess.py:75} INFO - Running command: ['/bin/bash', '-c', 'echo "Good morning, my diggers!"']
[2023-09-10T17:54:28.811+0000] {subprocess.py:86} INFO - Output:
[2023-09-10T17:54:28.821+0000] {subprocess.py:93} INFO - Good morning, my diggers!
[2023-09-10T17:54:28.821+0000] {subprocess.py:97} INFO - Command exited with return code 0
[2023-09-10T17:54:28.885+0000] {taskinstance.py:1398} INFO - Marking task as SUCCESS. dag_id=simple_tasks, task_id=print_gm_task, execution_date=20230908T021000, start_date=20230910T175427, end_date=20230910T175428
[2023-09-10T17:54:28.973+0000] {local_task_job_runner.py:228} INFO - Task exited with return code 0
[2023-09-10T17:54:29.043+0000] {taskinstance.py:2776} INFO - 1 downstream tasks scheduled from follow-on schedule check
[2023-09-11T08:05:49.675+0000] {taskinstance.py:1157} INFO - Dependencies all met for dep_context=non-requeueable deps ti=<TaskInstance: simple_tasks.print_gm_task scheduled__2023-09-08T02:10:00+00:00 [queued]>
[2023-09-11T08:05:49.752+0000] {taskinstance.py:1157} INFO - Dependencies all met for dep_context=requeueable deps ti=<TaskInstance: simple_tasks.print_gm_task scheduled__2023-09-08T02:10:00+00:00 [queued]>
[2023-09-11T08:05:49.753+0000] {taskinstance.py:1359} INFO - Starting attempt 1 of 1
[2023-09-11T08:05:49.975+0000] {taskinstance.py:1380} INFO - Executing <Task(BashOperator): print_gm_task> on 2023-09-08 02:10:00+00:00
[2023-09-11T08:05:50.010+0000] {standard_task_runner.py:57} INFO - Started process 138 to run task
[2023-09-11T08:05:50.074+0000] {standard_task_runner.py:84} INFO - Running: ['***', 'tasks', 'run', 'simple_tasks', 'print_gm_task', 'scheduled__2023-09-08T02:10:00+00:00', '--job-id', '17', '--raw', '--subdir', 'DAGS_FOLDER/script.py', '--cfg-path', '/tmp/tmpsc7pcr04']
[2023-09-11T08:05:50.093+0000] {standard_task_runner.py:85} INFO - Job 17: Subtask print_gm_task
[2023-09-11T08:05:50.323+0000] {task_command.py:415} INFO - Running <TaskInstance: simple_tasks.print_gm_task scheduled__2023-09-08T02:10:00+00:00 [running]> on host 2c457fbd3561
[2023-09-11T08:05:50.659+0000] {taskinstance.py:1660} INFO - Exporting env vars: AIRFLOW_CTX_DAG_OWNER='***' AIRFLOW_CTX_DAG_ID='simple_tasks' AIRFLOW_CTX_TASK_ID='print_gm_task' AIRFLOW_CTX_EXECUTION_DATE='2023-09-08T02:10:00+00:00' AIRFLOW_CTX_TRY_NUMBER='1' AIRFLOW_CTX_DAG_RUN_ID='scheduled__2023-09-08T02:10:00+00:00'
[2023-09-11T08:05:50.669+0000] {subprocess.py:63} INFO - Tmp dir root location: /tmp
[2023-09-11T08:05:50.670+0000] {subprocess.py:75} INFO - Running command: ['/bin/bash', '-c', 'echo "Good morning, my diggers!"']
[2023-09-11T08:05:50.697+0000] {subprocess.py:86} INFO - Output:
[2023-09-11T08:05:50.699+0000] {subprocess.py:93} INFO - Good morning, my diggers!
[2023-09-11T08:05:50.700+0000] {subprocess.py:97} INFO - Command exited with return code 0
[2023-09-11T08:05:50.776+0000] {taskinstance.py:1398} INFO - Marking task as SUCCESS. dag_id=simple_tasks, task_id=print_gm_task, execution_date=20230908T021000, start_date=20230911T080549, end_date=20230911T080550
[2023-09-11T08:05:51.263+0000] {local_task_job_runner.py:228} INFO - Task exited with return code 0
[2023-09-11T08:05:51.375+0000] {taskinstance.py:2776} INFO - 1 downstream tasks scheduled from follow-on schedule check
[2023-09-11T08:17:09.679+0000] {taskinstance.py:1157} INFO - Dependencies all met for dep_context=non-requeueable deps ti=<TaskInstance: simple_tasks.print_gm_task scheduled__2023-09-08T02:10:00+00:00 [queued]>
[2023-09-11T08:17:09.737+0000] {taskinstance.py:1157} INFO - Dependencies all met for dep_context=requeueable deps ti=<TaskInstance: simple_tasks.print_gm_task scheduled__2023-09-08T02:10:00+00:00 [queued]>
[2023-09-11T08:17:09.739+0000] {taskinstance.py:1359} INFO - Starting attempt 1 of 1
[2023-09-11T08:17:09.812+0000] {taskinstance.py:1380} INFO - Executing <Task(BashOperator): print_gm_task> on 2023-09-08 02:10:00+00:00
[2023-09-11T08:17:09.900+0000] {standard_task_runner.py:57} INFO - Started process 128 to run task
[2023-09-11T08:17:09.994+0000] {standard_task_runner.py:84} INFO - Running: ['***', 'tasks', 'run', 'simple_tasks', 'print_gm_task', 'scheduled__2023-09-08T02:10:00+00:00', '--job-id', '15', '--raw', '--subdir', 'DAGS_FOLDER/script.py', '--cfg-path', '/tmp/tmpmqey04qx']
[2023-09-11T08:17:10.030+0000] {standard_task_runner.py:85} INFO - Job 15: Subtask print_gm_task
[2023-09-11T08:17:10.388+0000] {task_command.py:415} INFO - Running <TaskInstance: simple_tasks.print_gm_task scheduled__2023-09-08T02:10:00+00:00 [running]> on host 47888c058366
[2023-09-11T08:17:10.802+0000] {taskinstance.py:1660} INFO - Exporting env vars: AIRFLOW_CTX_DAG_OWNER='***' AIRFLOW_CTX_DAG_ID='simple_tasks' AIRFLOW_CTX_TASK_ID='print_gm_task' AIRFLOW_CTX_EXECUTION_DATE='2023-09-08T02:10:00+00:00' AIRFLOW_CTX_TRY_NUMBER='1' AIRFLOW_CTX_DAG_RUN_ID='scheduled__2023-09-08T02:10:00+00:00'
[2023-09-11T08:17:10.814+0000] {subprocess.py:63} INFO - Tmp dir root location: /tmp
[2023-09-11T08:17:10.817+0000] {subprocess.py:75} INFO - Running command: ['/bin/bash', '-c', 'echo "Good morning, my diggers!"']
[2023-09-11T08:17:10.934+0000] {subprocess.py:86} INFO - Output:
[2023-09-11T08:17:10.945+0000] {subprocess.py:93} INFO - Good morning, my diggers!
[2023-09-11T08:17:10.948+0000] {subprocess.py:97} INFO - Command exited with return code 0
[2023-09-11T08:17:11.196+0000] {taskinstance.py:1398} INFO - Marking task as SUCCESS. dag_id=simple_tasks, task_id=print_gm_task, execution_date=20230908T021000, start_date=20230911T081709, end_date=20230911T081711
[2023-09-11T08:17:11.758+0000] {local_task_job_runner.py:228} INFO - Task exited with return code 0
[2023-09-11T08:17:11.828+0000] {taskinstance.py:2776} INFO - 1 downstream tasks scheduled from follow-on schedule check
