[2023-09-12T15:20:17.246+0000] {taskinstance.py:1157} INFO - Dependencies all met for dep_context=non-requeueable deps ti=<TaskInstance: simple_tasks.print_gm_task scheduled__2023-09-12T15:20:00+00:00 [queued]>
[2023-09-12T15:20:17.257+0000] {taskinstance.py:1157} INFO - Dependencies all met for dep_context=requeueable deps ti=<TaskInstance: simple_tasks.print_gm_task scheduled__2023-09-12T15:20:00+00:00 [queued]>
[2023-09-12T15:20:17.258+0000] {taskinstance.py:1359} INFO - Starting attempt 1 of 1
[2023-09-12T15:20:17.278+0000] {taskinstance.py:1380} INFO - Executing <Task(BashOperator): print_gm_task> on 2023-09-12 15:20:00+00:00
[2023-09-12T15:20:17.329+0000] {standard_task_runner.py:57} INFO - Started process 2221 to run task
[2023-09-12T15:20:17.332+0000] {standard_task_runner.py:84} INFO - Running: ['***', 'tasks', 'run', 'simple_tasks', 'print_gm_task', 'scheduled__2023-09-12T15:20:00+00:00', '--job-id', '410', '--raw', '--subdir', 'DAGS_FOLDER/script.py', '--cfg-path', '/tmp/tmpjb9brk2i']
[2023-09-12T15:20:17.337+0000] {standard_task_runner.py:85} INFO - Job 410: Subtask print_gm_task
[2023-09-12T15:20:17.395+0000] {task_command.py:415} INFO - Running <TaskInstance: simple_tasks.print_gm_task scheduled__2023-09-12T15:20:00+00:00 [running]> on host fbfbca5b9527
[2023-09-12T15:20:17.483+0000] {taskinstance.py:1660} INFO - Exporting env vars: AIRFLOW_CTX_DAG_OWNER='***' AIRFLOW_CTX_DAG_ID='simple_tasks' AIRFLOW_CTX_TASK_ID='print_gm_task' AIRFLOW_CTX_EXECUTION_DATE='2023-09-12T15:20:00+00:00' AIRFLOW_CTX_TRY_NUMBER='1' AIRFLOW_CTX_DAG_RUN_ID='scheduled__2023-09-12T15:20:00+00:00'
[2023-09-12T15:20:17.486+0000] {subprocess.py:63} INFO - Tmp dir root location: /tmp
[2023-09-12T15:20:17.487+0000] {subprocess.py:75} INFO - Running command: ['/bin/bash', '-c', 'echo "Good morning, my diggers!"']
[2023-09-12T15:20:17.497+0000] {subprocess.py:86} INFO - Output:
[2023-09-12T15:20:17.499+0000] {subprocess.py:93} INFO - Good morning, my diggers!
[2023-09-12T15:20:17.499+0000] {subprocess.py:97} INFO - Command exited with return code 0
[2023-09-12T15:20:17.525+0000] {taskinstance.py:1398} INFO - Marking task as SUCCESS. dag_id=simple_tasks, task_id=print_gm_task, execution_date=20230912T152000, start_date=20230912T152017, end_date=20230912T152017
[2023-09-12T15:20:17.585+0000] {local_task_job_runner.py:228} INFO - Task exited with return code 0
[2023-09-12T15:20:17.607+0000] {taskinstance.py:2776} INFO - 1 downstream tasks scheduled from follow-on schedule check
[2023-09-12T22:10:03.787+0000] {logging_mixin.py:151} INFO - Changing /opt/***/logs/dag_id=simple_tasks/run_id=scheduled__2023-09-12T15:20:00+00:00/task_id=print_gm_task permission to 509
[2023-09-12T22:10:03.811+0000] {logging_mixin.py:151} INFO - Failed to change /opt/***/logs/dag_id=simple_tasks/run_id=scheduled__2023-09-12T15:20:00+00:00/task_id=print_gm_task permission to 509: [Errno 1] Operation not permitted: '/opt/***/logs/dag_id=simple_tasks/run_id=scheduled__2023-09-12T15:20:00+00:00/task_id=print_gm_task'
[2023-09-12T22:10:04.659+0000] {logging_mixin.py:151} INFO - Changing /opt/***/logs/dag_id=simple_tasks/run_id=scheduled__2023-09-12T15:20:00+00:00/task_id=print_gm_task permission to 509
[2023-09-12T22:10:04.668+0000] {logging_mixin.py:151} INFO - Failed to change /opt/***/logs/dag_id=simple_tasks/run_id=scheduled__2023-09-12T15:20:00+00:00/task_id=print_gm_task permission to 509: [Errno 1] Operation not permitted: '/opt/***/logs/dag_id=simple_tasks/run_id=scheduled__2023-09-12T15:20:00+00:00/task_id=print_gm_task'
[2023-09-12T22:10:04.930+0000] {taskinstance.py:1157} INFO - Dependencies all met for dep_context=non-requeueable deps ti=<TaskInstance: simple_tasks.print_gm_task scheduled__2023-09-12T15:20:00+00:00 [queued]>
[2023-09-12T22:10:04.982+0000] {taskinstance.py:1157} INFO - Dependencies all met for dep_context=requeueable deps ti=<TaskInstance: simple_tasks.print_gm_task scheduled__2023-09-12T15:20:00+00:00 [queued]>
[2023-09-12T22:10:04.984+0000] {taskinstance.py:1359} INFO - Starting attempt 1 of 1
[2023-09-12T22:10:05.093+0000] {taskinstance.py:1380} INFO - Executing <Task(BashOperator): print_gm_task> on 2023-09-12 15:20:00+00:00
[2023-09-12T22:10:05.237+0000] {standard_task_runner.py:57} INFO - Started process 100 to run task
[2023-09-12T22:10:05.412+0000] {standard_task_runner.py:84} INFO - Running: ['***', 'tasks', 'run', 'simple_tasks', 'print_gm_task', 'scheduled__2023-09-12T15:20:00+00:00', '--job-id', '3', '--raw', '--subdir', 'DAGS_FOLDER/script.py', '--cfg-path', '/tmp/tmpvxd9rhpx']
[2023-09-12T22:10:05.520+0000] {standard_task_runner.py:85} INFO - Job 3: Subtask print_gm_task
[2023-09-12T22:10:06.833+0000] {logging_mixin.py:151} INFO - Changing /opt/***/logs/dag_id=simple_tasks/run_id=scheduled__2023-09-12T15:20:00+00:00/task_id=print_gm_task permission to 509
[2023-09-12T22:10:06.835+0000] {logging_mixin.py:151} INFO - Failed to change /opt/***/logs/dag_id=simple_tasks/run_id=scheduled__2023-09-12T15:20:00+00:00/task_id=print_gm_task permission to 509: [Errno 1] Operation not permitted: '/opt/***/logs/dag_id=simple_tasks/run_id=scheduled__2023-09-12T15:20:00+00:00/task_id=print_gm_task'
[2023-09-12T22:10:06.849+0000] {task_command.py:415} INFO - Running <TaskInstance: simple_tasks.print_gm_task scheduled__2023-09-12T15:20:00+00:00 [running]> on host 8df8606c974e
[2023-09-12T22:10:08.080+0000] {taskinstance.py:1660} INFO - Exporting env vars: AIRFLOW_CTX_DAG_OWNER='***' AIRFLOW_CTX_DAG_ID='simple_tasks' AIRFLOW_CTX_TASK_ID='print_gm_task' AIRFLOW_CTX_EXECUTION_DATE='2023-09-12T15:20:00+00:00' AIRFLOW_CTX_TRY_NUMBER='1' AIRFLOW_CTX_DAG_RUN_ID='scheduled__2023-09-12T15:20:00+00:00'
[2023-09-12T22:10:08.088+0000] {subprocess.py:63} INFO - Tmp dir root location: /tmp
[2023-09-12T22:10:08.097+0000] {subprocess.py:75} INFO - Running command: ['/bin/bash', '-c', 'echo "Good morning, my diggers!"']
[2023-09-12T22:10:08.192+0000] {subprocess.py:86} INFO - Output:
[2023-09-12T22:10:08.203+0000] {subprocess.py:93} INFO - Good morning, my diggers!
[2023-09-12T22:10:08.204+0000] {subprocess.py:97} INFO - Command exited with return code 0
[2023-09-12T22:10:08.451+0000] {taskinstance.py:1398} INFO - Marking task as SUCCESS. dag_id=simple_tasks, task_id=print_gm_task, execution_date=20230912T152000, start_date=20230912T221004, end_date=20230912T221008
[2023-09-12T22:10:08.599+0000] {local_task_job_runner.py:228} INFO - Task exited with return code 0
[2023-09-12T22:10:08.682+0000] {taskinstance.py:2776} INFO - 1 downstream tasks scheduled from follow-on schedule check
