[2023-09-10T17:08:34.454+0000] {taskinstance.py:1157} INFO - Dependencies all met for dep_context=non-requeueable deps ti=<TaskInstance: bash_gm.exchange_data_task scheduled__2023-09-08T05:22:00+00:00 [queued]>
[2023-09-10T17:08:34.539+0000] {taskinstance.py:1157} INFO - Dependencies all met for dep_context=requeueable deps ti=<TaskInstance: bash_gm.exchange_data_task scheduled__2023-09-08T05:22:00+00:00 [queued]>
[2023-09-10T17:08:34.553+0000] {taskinstance.py:1359} INFO - Starting attempt 1 of 1
[2023-09-10T17:08:35.231+0000] {taskinstance.py:1380} INFO - Executing <Task(PythonOperator): exchange_data_task> on 2023-09-08 05:22:00+00:00
[2023-09-10T17:08:35.285+0000] {standard_task_runner.py:57} INFO - Started process 2029 to run task
[2023-09-10T17:08:35.295+0000] {standard_task_runner.py:84} INFO - Running: ['***', 'tasks', 'run', 'bash_gm', 'exchange_data_task', 'scheduled__2023-09-08T05:22:00+00:00', '--job-id', '337', '--raw', '--subdir', 'DAGS_FOLDER/script.py', '--cfg-path', '/tmp/tmpku_c_5r4']
[2023-09-10T17:08:35.338+0000] {standard_task_runner.py:85} INFO - Job 337: Subtask exchange_data_task
[2023-09-10T17:08:35.785+0000] {task_command.py:415} INFO - Running <TaskInstance: bash_gm.exchange_data_task scheduled__2023-09-08T05:22:00+00:00 [running]> on host a4166ed6339d
[2023-09-10T17:08:37.319+0000] {taskinstance.py:1660} INFO - Exporting env vars: AIRFLOW_CTX_DAG_OWNER='***' AIRFLOW_CTX_DAG_ID='bash_gm' AIRFLOW_CTX_TASK_ID='exchange_data_task' AIRFLOW_CTX_EXECUTION_DATE='2023-09-08T05:22:00+00:00' AIRFLOW_CTX_TRY_NUMBER='1' AIRFLOW_CTX_DAG_RUN_ID='scheduled__2023-09-08T05:22:00+00:00'
[2023-09-10T17:08:38.326+0000] {taskinstance.py:1935} ERROR - Task failed with exception
Traceback (most recent call last):
  File "/home/airflow/.local/lib/python3.8/site-packages/airflow/operators/python.py", line 192, in execute
    return_value = self.execute_callable()
  File "/home/airflow/.local/lib/python3.8/site-packages/airflow/operators/python.py", line 209, in execute_callable
    return self.python_callable(*self.op_args, **self.op_kwargs)
  File "/opt/airflow/dags/script.py", line 20, in exchange_data
    connection = psycopg2.connect(
  File "/home/airflow/.local/lib/python3.8/site-packages/psycopg2/__init__.py", line 122, in connect
    conn = _connect(dsn, connection_factory=connection_factory, **kwasync)
psycopg2.OperationalError: connection to server at "localhost" (127.0.0.1), port 5432 failed: Connection refused
	Is the server running on that host and accepting TCP/IP connections?
connection to server at "localhost" (::1), port 5432 failed: Cannot assign requested address
	Is the server running on that host and accepting TCP/IP connections?

[2023-09-10T17:08:38.431+0000] {taskinstance.py:1398} INFO - Marking task as FAILED. dag_id=bash_gm, task_id=exchange_data_task, execution_date=20230908T052200, start_date=20230910T170834, end_date=20230910T170838
[2023-09-10T17:08:38.735+0000] {standard_task_runner.py:104} ERROR - Failed to execute job 337 for task exchange_data_task (connection to server at "localhost" (127.0.0.1), port 5432 failed: Connection refused
	Is the server running on that host and accepting TCP/IP connections?
connection to server at "localhost" (::1), port 5432 failed: Cannot assign requested address
	Is the server running on that host and accepting TCP/IP connections?
; 2029)
[2023-09-10T17:08:38.888+0000] {local_task_job_runner.py:228} INFO - Task exited with return code 1
[2023-09-10T17:08:39.062+0000] {taskinstance.py:2776} INFO - 0 downstream tasks scheduled from follow-on schedule check
