[2023-09-12T15:40:18.925+0000] {taskinstance.py:1157} INFO - Dependencies all met for dep_context=non-requeueable deps ti=<TaskInstance: simple_tasks.exchange_data_task scheduled__2023-09-12T15:40:00+00:00 [queued]>
[2023-09-12T15:40:18.935+0000] {taskinstance.py:1157} INFO - Dependencies all met for dep_context=requeueable deps ti=<TaskInstance: simple_tasks.exchange_data_task scheduled__2023-09-12T15:40:00+00:00 [queued]>
[2023-09-12T15:40:18.936+0000] {taskinstance.py:1359} INFO - Starting attempt 1 of 1
[2023-09-12T15:40:18.950+0000] {taskinstance.py:1380} INFO - Executing <Task(PythonOperator): exchange_data_task> on 2023-09-12 15:40:00+00:00
[2023-09-12T15:40:18.959+0000] {standard_task_runner.py:57} INFO - Started process 3082 to run task
[2023-09-12T15:40:18.965+0000] {standard_task_runner.py:84} INFO - Running: ['***', 'tasks', 'run', 'simple_tasks', 'exchange_data_task', 'scheduled__2023-09-12T15:40:00+00:00', '--job-id', '571', '--raw', '--subdir', 'DAGS_FOLDER/script.py', '--cfg-path', '/tmp/tmpdoutj8xd']
[2023-09-12T15:40:18.970+0000] {standard_task_runner.py:85} INFO - Job 571: Subtask exchange_data_task
[2023-09-12T15:40:19.016+0000] {task_command.py:415} INFO - Running <TaskInstance: simple_tasks.exchange_data_task scheduled__2023-09-12T15:40:00+00:00 [running]> on host fbfbca5b9527
[2023-09-12T15:40:19.101+0000] {taskinstance.py:1660} INFO - Exporting env vars: AIRFLOW_CTX_DAG_OWNER='***' AIRFLOW_CTX_DAG_ID='simple_tasks' AIRFLOW_CTX_TASK_ID='exchange_data_task' AIRFLOW_CTX_EXECUTION_DATE='2023-09-12T15:40:00+00:00' AIRFLOW_CTX_TRY_NUMBER='1' AIRFLOW_CTX_DAG_RUN_ID='scheduled__2023-09-12T15:40:00+00:00'
[2023-09-12T15:40:19.328+0000] {logging_mixin.py:151} INFO - Connected
[2023-09-12T15:40:19.328+0000] {logging_mixin.py:151} INFO - ('2023-09-12 15:40:19','BTC','RUB',2404181.214286)
[2023-09-12T15:40:19.337+0000] {python.py:194} INFO - Done. Returned value was: None
[2023-09-12T15:40:19.345+0000] {taskinstance.py:1398} INFO - Marking task as SUCCESS. dag_id=simple_tasks, task_id=exchange_data_task, execution_date=20230912T154000, start_date=20230912T154018, end_date=20230912T154019
[2023-09-12T15:40:19.378+0000] {local_task_job_runner.py:228} INFO - Task exited with return code 0
[2023-09-12T15:40:19.394+0000] {taskinstance.py:2776} INFO - 0 downstream tasks scheduled from follow-on schedule check
[2023-09-12T22:10:22.569+0000] {logging_mixin.py:151} INFO - Changing /opt/***/logs/dag_id=simple_tasks/run_id=scheduled__2023-09-12T15:40:00+00:00/task_id=exchange_data_task permission to 509
[2023-09-12T22:10:22.578+0000] {logging_mixin.py:151} INFO - Failed to change /opt/***/logs/dag_id=simple_tasks/run_id=scheduled__2023-09-12T15:40:00+00:00/task_id=exchange_data_task permission to 509: [Errno 1] Operation not permitted: '/opt/***/logs/dag_id=simple_tasks/run_id=scheduled__2023-09-12T15:40:00+00:00/task_id=exchange_data_task'
[2023-09-12T22:10:22.619+0000] {logging_mixin.py:151} INFO - Changing /opt/***/logs/dag_id=simple_tasks/run_id=scheduled__2023-09-12T15:40:00+00:00/task_id=exchange_data_task permission to 509
[2023-09-12T22:10:22.620+0000] {logging_mixin.py:151} INFO - Failed to change /opt/***/logs/dag_id=simple_tasks/run_id=scheduled__2023-09-12T15:40:00+00:00/task_id=exchange_data_task permission to 509: [Errno 1] Operation not permitted: '/opt/***/logs/dag_id=simple_tasks/run_id=scheduled__2023-09-12T15:40:00+00:00/task_id=exchange_data_task'
[2023-09-12T22:10:22.657+0000] {taskinstance.py:1157} INFO - Dependencies all met for dep_context=non-requeueable deps ti=<TaskInstance: simple_tasks.exchange_data_task scheduled__2023-09-12T15:40:00+00:00 [queued]>
[2023-09-12T22:10:22.669+0000] {taskinstance.py:1157} INFO - Dependencies all met for dep_context=requeueable deps ti=<TaskInstance: simple_tasks.exchange_data_task scheduled__2023-09-12T15:40:00+00:00 [queued]>
[2023-09-12T22:10:22.669+0000] {taskinstance.py:1359} INFO - Starting attempt 1 of 1
[2023-09-12T22:10:22.694+0000] {taskinstance.py:1380} INFO - Executing <Task(PythonOperator): exchange_data_task> on 2023-09-12 15:40:00+00:00
[2023-09-12T22:10:22.702+0000] {standard_task_runner.py:57} INFO - Started process 169 to run task
[2023-09-12T22:10:22.709+0000] {standard_task_runner.py:84} INFO - Running: ['***', 'tasks', 'run', 'simple_tasks', 'exchange_data_task', 'scheduled__2023-09-12T15:40:00+00:00', '--job-id', '25', '--raw', '--subdir', 'DAGS_FOLDER/script.py', '--cfg-path', '/tmp/tmpzujw3qnz']
[2023-09-12T22:10:22.716+0000] {standard_task_runner.py:85} INFO - Job 25: Subtask exchange_data_task
[2023-09-12T22:10:22.810+0000] {logging_mixin.py:151} INFO - Changing /opt/***/logs/dag_id=simple_tasks/run_id=scheduled__2023-09-12T15:40:00+00:00/task_id=exchange_data_task permission to 509
[2023-09-12T22:10:22.811+0000] {logging_mixin.py:151} INFO - Failed to change /opt/***/logs/dag_id=simple_tasks/run_id=scheduled__2023-09-12T15:40:00+00:00/task_id=exchange_data_task permission to 509: [Errno 1] Operation not permitted: '/opt/***/logs/dag_id=simple_tasks/run_id=scheduled__2023-09-12T15:40:00+00:00/task_id=exchange_data_task'
[2023-09-12T22:10:22.814+0000] {task_command.py:415} INFO - Running <TaskInstance: simple_tasks.exchange_data_task scheduled__2023-09-12T15:40:00+00:00 [running]> on host 8df8606c974e
[2023-09-12T22:10:22.923+0000] {taskinstance.py:1660} INFO - Exporting env vars: AIRFLOW_CTX_DAG_OWNER='***' AIRFLOW_CTX_DAG_ID='simple_tasks' AIRFLOW_CTX_TASK_ID='exchange_data_task' AIRFLOW_CTX_EXECUTION_DATE='2023-09-12T15:40:00+00:00' AIRFLOW_CTX_TRY_NUMBER='1' AIRFLOW_CTX_DAG_RUN_ID='scheduled__2023-09-12T15:40:00+00:00'
[2023-09-12T22:10:23.368+0000] {logging_mixin.py:151} INFO - Connected
[2023-09-12T22:10:23.372+0000] {logging_mixin.py:151} INFO - ('2023-09-12 22:10:23','BTC','RUB',2488040.439024)
[2023-09-12T22:10:23.772+0000] {python.py:194} INFO - Done. Returned value was: None
[2023-09-12T22:10:23.796+0000] {taskinstance.py:1398} INFO - Marking task as SUCCESS. dag_id=simple_tasks, task_id=exchange_data_task, execution_date=20230912T154000, start_date=20230912T221022, end_date=20230912T221023
[2023-09-12T22:10:23.845+0000] {local_task_job_runner.py:228} INFO - Task exited with return code 0
[2023-09-12T22:10:23.876+0000] {taskinstance.py:2776} INFO - 0 downstream tasks scheduled from follow-on schedule check
