[2023-09-12T16:00:17.594+0000] {taskinstance.py:1157} INFO - Dependencies all met for dep_context=non-requeueable deps ti=<TaskInstance: simple_tasks.exchange_data_task scheduled__2023-09-12T16:00:00+00:00 [queued]>
[2023-09-12T16:00:17.601+0000] {taskinstance.py:1157} INFO - Dependencies all met for dep_context=requeueable deps ti=<TaskInstance: simple_tasks.exchange_data_task scheduled__2023-09-12T16:00:00+00:00 [queued]>
[2023-09-12T16:00:17.602+0000] {taskinstance.py:1359} INFO - Starting attempt 1 of 1
[2023-09-12T16:00:17.616+0000] {taskinstance.py:1380} INFO - Executing <Task(PythonOperator): exchange_data_task> on 2023-09-12 16:00:00+00:00
[2023-09-12T16:00:17.621+0000] {standard_task_runner.py:57} INFO - Started process 3947 to run task
[2023-09-12T16:00:17.624+0000] {standard_task_runner.py:84} INFO - Running: ['***', 'tasks', 'run', 'simple_tasks', 'exchange_data_task', 'scheduled__2023-09-12T16:00:00+00:00', '--job-id', '731', '--raw', '--subdir', 'DAGS_FOLDER/script.py', '--cfg-path', '/tmp/tmpv5d5dnjc']
[2023-09-12T16:00:17.627+0000] {standard_task_runner.py:85} INFO - Job 731: Subtask exchange_data_task
[2023-09-12T16:00:17.669+0000] {task_command.py:415} INFO - Running <TaskInstance: simple_tasks.exchange_data_task scheduled__2023-09-12T16:00:00+00:00 [running]> on host fbfbca5b9527
[2023-09-12T16:00:17.738+0000] {taskinstance.py:1660} INFO - Exporting env vars: AIRFLOW_CTX_DAG_OWNER='***' AIRFLOW_CTX_DAG_ID='simple_tasks' AIRFLOW_CTX_TASK_ID='exchange_data_task' AIRFLOW_CTX_EXECUTION_DATE='2023-09-12T16:00:00+00:00' AIRFLOW_CTX_TRY_NUMBER='1' AIRFLOW_CTX_DAG_RUN_ID='scheduled__2023-09-12T16:00:00+00:00'
[2023-09-12T16:00:18.051+0000] {logging_mixin.py:151} INFO - Connected
[2023-09-12T16:00:18.052+0000] {logging_mixin.py:151} INFO - ('2023-09-12 16:00:18','BTC','RUB',2404181.214286)
[2023-09-12T16:00:18.060+0000] {python.py:194} INFO - Done. Returned value was: None
[2023-09-12T16:00:18.069+0000] {taskinstance.py:1398} INFO - Marking task as SUCCESS. dag_id=simple_tasks, task_id=exchange_data_task, execution_date=20230912T160000, start_date=20230912T160017, end_date=20230912T160018
[2023-09-12T16:00:18.118+0000] {local_task_job_runner.py:228} INFO - Task exited with return code 0
[2023-09-12T16:00:18.134+0000] {taskinstance.py:2776} INFO - 0 downstream tasks scheduled from follow-on schedule check
[2023-09-12T22:10:23.271+0000] {logging_mixin.py:151} INFO - Changing /opt/***/logs/dag_id=simple_tasks/run_id=scheduled__2023-09-12T16:00:00+00:00/task_id=exchange_data_task permission to 509
[2023-09-12T22:10:23.286+0000] {logging_mixin.py:151} INFO - Failed to change /opt/***/logs/dag_id=simple_tasks/run_id=scheduled__2023-09-12T16:00:00+00:00/task_id=exchange_data_task permission to 509: [Errno 1] Operation not permitted: '/opt/***/logs/dag_id=simple_tasks/run_id=scheduled__2023-09-12T16:00:00+00:00/task_id=exchange_data_task'
[2023-09-12T22:10:23.359+0000] {logging_mixin.py:151} INFO - Changing /opt/***/logs/dag_id=simple_tasks/run_id=scheduled__2023-09-12T16:00:00+00:00/task_id=exchange_data_task permission to 509
[2023-09-12T22:10:23.360+0000] {logging_mixin.py:151} INFO - Failed to change /opt/***/logs/dag_id=simple_tasks/run_id=scheduled__2023-09-12T16:00:00+00:00/task_id=exchange_data_task permission to 509: [Errno 1] Operation not permitted: '/opt/***/logs/dag_id=simple_tasks/run_id=scheduled__2023-09-12T16:00:00+00:00/task_id=exchange_data_task'
[2023-09-12T22:10:23.410+0000] {taskinstance.py:1157} INFO - Dependencies all met for dep_context=non-requeueable deps ti=<TaskInstance: simple_tasks.exchange_data_task scheduled__2023-09-12T16:00:00+00:00 [queued]>
[2023-09-12T22:10:23.423+0000] {taskinstance.py:1157} INFO - Dependencies all met for dep_context=requeueable deps ti=<TaskInstance: simple_tasks.exchange_data_task scheduled__2023-09-12T16:00:00+00:00 [queued]>
[2023-09-12T22:10:23.424+0000] {taskinstance.py:1359} INFO - Starting attempt 1 of 1
[2023-09-12T22:10:23.772+0000] {taskinstance.py:1380} INFO - Executing <Task(PythonOperator): exchange_data_task> on 2023-09-12 16:00:00+00:00
[2023-09-12T22:10:23.785+0000] {standard_task_runner.py:57} INFO - Started process 170 to run task
[2023-09-12T22:10:23.797+0000] {standard_task_runner.py:84} INFO - Running: ['***', 'tasks', 'run', 'simple_tasks', 'exchange_data_task', 'scheduled__2023-09-12T16:00:00+00:00', '--job-id', '26', '--raw', '--subdir', 'DAGS_FOLDER/script.py', '--cfg-path', '/tmp/tmp83f0r3b4']
[2023-09-12T22:10:23.803+0000] {standard_task_runner.py:85} INFO - Job 26: Subtask exchange_data_task
[2023-09-12T22:10:23.929+0000] {logging_mixin.py:151} INFO - Changing /opt/***/logs/dag_id=simple_tasks/run_id=scheduled__2023-09-12T16:00:00+00:00/task_id=exchange_data_task permission to 509
[2023-09-12T22:10:23.930+0000] {logging_mixin.py:151} INFO - Failed to change /opt/***/logs/dag_id=simple_tasks/run_id=scheduled__2023-09-12T16:00:00+00:00/task_id=exchange_data_task permission to 509: [Errno 1] Operation not permitted: '/opt/***/logs/dag_id=simple_tasks/run_id=scheduled__2023-09-12T16:00:00+00:00/task_id=exchange_data_task'
[2023-09-12T22:10:23.936+0000] {task_command.py:415} INFO - Running <TaskInstance: simple_tasks.exchange_data_task scheduled__2023-09-12T16:00:00+00:00 [running]> on host 8df8606c974e
[2023-09-12T22:10:24.376+0000] {taskinstance.py:1660} INFO - Exporting env vars: AIRFLOW_CTX_DAG_OWNER='***' AIRFLOW_CTX_DAG_ID='simple_tasks' AIRFLOW_CTX_TASK_ID='exchange_data_task' AIRFLOW_CTX_EXECUTION_DATE='2023-09-12T16:00:00+00:00' AIRFLOW_CTX_TRY_NUMBER='1' AIRFLOW_CTX_DAG_RUN_ID='scheduled__2023-09-12T16:00:00+00:00'
[2023-09-12T22:10:24.769+0000] {logging_mixin.py:151} INFO - Connected
[2023-09-12T22:10:24.770+0000] {logging_mixin.py:151} INFO - ('2023-09-12 22:10:24','BTC','RUB',2488040.439024)
[2023-09-12T22:10:24.790+0000] {python.py:194} INFO - Done. Returned value was: None
[2023-09-12T22:10:24.813+0000] {taskinstance.py:1398} INFO - Marking task as SUCCESS. dag_id=simple_tasks, task_id=exchange_data_task, execution_date=20230912T160000, start_date=20230912T221023, end_date=20230912T221024
[2023-09-12T22:10:24.903+0000] {local_task_job_runner.py:228} INFO - Task exited with return code 0
[2023-09-12T22:10:24.979+0000] {taskinstance.py:2776} INFO - 0 downstream tasks scheduled from follow-on schedule check
