[2023-09-10T17:54:55.133+0000] {taskinstance.py:1157} INFO - Dependencies all met for dep_context=non-requeueable deps ti=<TaskInstance: simple_tasks.print_gm_task scheduled__2023-09-08T03:10:00+00:00 [queued]>
[2023-09-10T17:54:55.149+0000] {taskinstance.py:1157} INFO - Dependencies all met for dep_context=requeueable deps ti=<TaskInstance: simple_tasks.print_gm_task scheduled__2023-09-08T03:10:00+00:00 [queued]>
[2023-09-10T17:54:55.151+0000] {taskinstance.py:1359} INFO - Starting attempt 1 of 1
[2023-09-10T17:54:55.172+0000] {taskinstance.py:1380} INFO - Executing <Task(BashOperator): print_gm_task> on 2023-09-08 03:10:00+00:00
[2023-09-10T17:54:55.182+0000] {standard_task_runner.py:57} INFO - Started process 296 to run task
[2023-09-10T17:54:55.188+0000] {standard_task_runner.py:84} INFO - Running: ['***', 'tasks', 'run', 'simple_tasks', 'print_gm_task', 'scheduled__2023-09-08T03:10:00+00:00', '--job-id', '181', '--raw', '--subdir', 'DAGS_FOLDER/script.py', '--cfg-path', '/tmp/tmp5tjk1o6g']
[2023-09-10T17:54:55.194+0000] {standard_task_runner.py:85} INFO - Job 181: Subtask print_gm_task
[2023-09-10T17:54:55.329+0000] {task_command.py:415} INFO - Running <TaskInstance: simple_tasks.print_gm_task scheduled__2023-09-08T03:10:00+00:00 [running]> on host 3152b479582c
[2023-09-10T17:54:55.508+0000] {taskinstance.py:1660} INFO - Exporting env vars: AIRFLOW_CTX_DAG_OWNER='***' AIRFLOW_CTX_DAG_ID='simple_tasks' AIRFLOW_CTX_TASK_ID='print_gm_task' AIRFLOW_CTX_EXECUTION_DATE='2023-09-08T03:10:00+00:00' AIRFLOW_CTX_TRY_NUMBER='1' AIRFLOW_CTX_DAG_RUN_ID='scheduled__2023-09-08T03:10:00+00:00'
[2023-09-10T17:54:55.517+0000] {subprocess.py:63} INFO - Tmp dir root location: /tmp
[2023-09-10T17:54:55.523+0000] {subprocess.py:75} INFO - Running command: ['/bin/bash', '-c', 'echo "Good morning, my diggers!"']
[2023-09-10T17:54:55.565+0000] {subprocess.py:86} INFO - Output:
[2023-09-10T17:54:55.572+0000] {subprocess.py:93} INFO - Good morning, my diggers!
[2023-09-10T17:54:55.573+0000] {subprocess.py:97} INFO - Command exited with return code 0
[2023-09-10T17:54:55.655+0000] {taskinstance.py:1398} INFO - Marking task as SUCCESS. dag_id=simple_tasks, task_id=print_gm_task, execution_date=20230908T031000, start_date=20230910T175455, end_date=20230910T175455
[2023-09-10T17:54:55.830+0000] {local_task_job_runner.py:228} INFO - Task exited with return code 0
[2023-09-10T17:54:55.889+0000] {taskinstance.py:2776} INFO - 0 downstream tasks scheduled from follow-on schedule check
[2023-09-11T08:21:38.681+0000] {taskinstance.py:1157} INFO - Dependencies all met for dep_context=non-requeueable deps ti=<TaskInstance: simple_tasks.print_gm_task scheduled__2023-09-08T03:10:00+00:00 [queued]>
[2023-09-11T08:21:38.720+0000] {taskinstance.py:1157} INFO - Dependencies all met for dep_context=requeueable deps ti=<TaskInstance: simple_tasks.print_gm_task scheduled__2023-09-08T03:10:00+00:00 [queued]>
[2023-09-11T08:21:38.725+0000] {taskinstance.py:1359} INFO - Starting attempt 1 of 1
[2023-09-11T08:21:38.830+0000] {taskinstance.py:1380} INFO - Executing <Task(BashOperator): print_gm_task> on 2023-09-08 03:10:00+00:00
[2023-09-11T08:21:38.847+0000] {standard_task_runner.py:57} INFO - Started process 266 to run task
[2023-09-11T08:21:38.882+0000] {standard_task_runner.py:84} INFO - Running: ['***', 'tasks', 'run', 'simple_tasks', 'print_gm_task', 'scheduled__2023-09-08T03:10:00+00:00', '--job-id', '37', '--raw', '--subdir', 'DAGS_FOLDER/script.py', '--cfg-path', '/tmp/tmppt91uf9t']
[2023-09-11T08:21:38.890+0000] {standard_task_runner.py:85} INFO - Job 37: Subtask print_gm_task
[2023-09-11T08:21:39.383+0000] {task_command.py:415} INFO - Running <TaskInstance: simple_tasks.print_gm_task scheduled__2023-09-08T03:10:00+00:00 [running]> on host 47888c058366
[2023-09-11T08:21:39.929+0000] {taskinstance.py:1660} INFO - Exporting env vars: AIRFLOW_CTX_DAG_OWNER='***' AIRFLOW_CTX_DAG_ID='simple_tasks' AIRFLOW_CTX_TASK_ID='print_gm_task' AIRFLOW_CTX_EXECUTION_DATE='2023-09-08T03:10:00+00:00' AIRFLOW_CTX_TRY_NUMBER='1' AIRFLOW_CTX_DAG_RUN_ID='scheduled__2023-09-08T03:10:00+00:00'
[2023-09-11T08:21:39.954+0000] {subprocess.py:63} INFO - Tmp dir root location: /tmp
[2023-09-11T08:21:39.956+0000] {subprocess.py:75} INFO - Running command: ['/bin/bash', '-c', 'echo "Good morning, my diggers!"']
[2023-09-11T08:21:40.056+0000] {subprocess.py:86} INFO - Output:
[2023-09-11T08:21:40.067+0000] {subprocess.py:93} INFO - Good morning, my diggers!
[2023-09-11T08:21:40.069+0000] {subprocess.py:97} INFO - Command exited with return code 0
[2023-09-11T08:21:40.252+0000] {taskinstance.py:1398} INFO - Marking task as SUCCESS. dag_id=simple_tasks, task_id=print_gm_task, execution_date=20230908T031000, start_date=20230911T082138, end_date=20230911T082140
[2023-09-11T08:21:40.424+0000] {local_task_job_runner.py:228} INFO - Task exited with return code 0
[2023-09-11T08:21:40.640+0000] {taskinstance.py:2776} INFO - 1 downstream tasks scheduled from follow-on schedule check
