[2023-09-10T17:55:05.044+0000] {taskinstance.py:1157} INFO - Dependencies all met for dep_context=non-requeueable deps ti=<TaskInstance: simple_tasks.print_gm_task scheduled__2023-09-08T03:30:00+00:00 [queued]>
[2023-09-10T17:55:05.097+0000] {taskinstance.py:1157} INFO - Dependencies all met for dep_context=requeueable deps ti=<TaskInstance: simple_tasks.print_gm_task scheduled__2023-09-08T03:30:00+00:00 [queued]>
[2023-09-10T17:55:05.098+0000] {taskinstance.py:1359} INFO - Starting attempt 1 of 1
[2023-09-10T17:55:05.370+0000] {taskinstance.py:1380} INFO - Executing <Task(BashOperator): print_gm_task> on 2023-09-08 03:30:00+00:00
[2023-09-10T17:55:05.388+0000] {standard_task_runner.py:57} INFO - Started process 325 to run task
[2023-09-10T17:55:05.466+0000] {standard_task_runner.py:84} INFO - Running: ['***', 'tasks', 'run', 'simple_tasks', 'print_gm_task', 'scheduled__2023-09-08T03:30:00+00:00', '--job-id', '186', '--raw', '--subdir', 'DAGS_FOLDER/script.py', '--cfg-path', '/tmp/tmpm6d5i27r']
[2023-09-10T17:55:05.503+0000] {standard_task_runner.py:85} INFO - Job 186: Subtask print_gm_task
[2023-09-10T17:55:05.808+0000] {task_command.py:415} INFO - Running <TaskInstance: simple_tasks.print_gm_task scheduled__2023-09-08T03:30:00+00:00 [running]> on host 3152b479582c
[2023-09-10T17:55:06.204+0000] {taskinstance.py:1660} INFO - Exporting env vars: AIRFLOW_CTX_DAG_OWNER='***' AIRFLOW_CTX_DAG_ID='simple_tasks' AIRFLOW_CTX_TASK_ID='print_gm_task' AIRFLOW_CTX_EXECUTION_DATE='2023-09-08T03:30:00+00:00' AIRFLOW_CTX_TRY_NUMBER='1' AIRFLOW_CTX_DAG_RUN_ID='scheduled__2023-09-08T03:30:00+00:00'
[2023-09-10T17:55:06.210+0000] {subprocess.py:63} INFO - Tmp dir root location: /tmp
[2023-09-10T17:55:06.213+0000] {subprocess.py:75} INFO - Running command: ['/bin/bash', '-c', 'echo "Good morning, my diggers!"']
[2023-09-10T17:55:06.244+0000] {subprocess.py:86} INFO - Output:
[2023-09-10T17:55:06.247+0000] {subprocess.py:93} INFO - Good morning, my diggers!
[2023-09-10T17:55:06.248+0000] {subprocess.py:97} INFO - Command exited with return code 0
[2023-09-10T17:55:06.319+0000] {taskinstance.py:1398} INFO - Marking task as SUCCESS. dag_id=simple_tasks, task_id=print_gm_task, execution_date=20230908T033000, start_date=20230910T175505, end_date=20230910T175506
[2023-09-10T17:55:06.578+0000] {local_task_job_runner.py:228} INFO - Task exited with return code 0
[2023-09-10T17:55:06.626+0000] {taskinstance.py:2776} INFO - 1 downstream tasks scheduled from follow-on schedule check
[2023-09-11T08:21:40.963+0000] {taskinstance.py:1157} INFO - Dependencies all met for dep_context=non-requeueable deps ti=<TaskInstance: simple_tasks.print_gm_task scheduled__2023-09-08T03:30:00+00:00 [queued]>
[2023-09-11T08:21:41.073+0000] {taskinstance.py:1157} INFO - Dependencies all met for dep_context=requeueable deps ti=<TaskInstance: simple_tasks.print_gm_task scheduled__2023-09-08T03:30:00+00:00 [queued]>
[2023-09-11T08:21:41.083+0000] {taskinstance.py:1359} INFO - Starting attempt 1 of 1
[2023-09-11T08:21:41.232+0000] {taskinstance.py:1380} INFO - Executing <Task(BashOperator): print_gm_task> on 2023-09-08 03:30:00+00:00
[2023-09-11T08:21:41.263+0000] {standard_task_runner.py:57} INFO - Started process 271 to run task
[2023-09-11T08:21:41.282+0000] {standard_task_runner.py:84} INFO - Running: ['***', 'tasks', 'run', 'simple_tasks', 'print_gm_task', 'scheduled__2023-09-08T03:30:00+00:00', '--job-id', '40', '--raw', '--subdir', 'DAGS_FOLDER/script.py', '--cfg-path', '/tmp/tmpa2awjidq']
[2023-09-11T08:21:41.298+0000] {standard_task_runner.py:85} INFO - Job 40: Subtask print_gm_task
[2023-09-11T08:21:41.525+0000] {task_command.py:415} INFO - Running <TaskInstance: simple_tasks.print_gm_task scheduled__2023-09-08T03:30:00+00:00 [running]> on host 47888c058366
[2023-09-11T08:21:41.841+0000] {taskinstance.py:1660} INFO - Exporting env vars: AIRFLOW_CTX_DAG_OWNER='***' AIRFLOW_CTX_DAG_ID='simple_tasks' AIRFLOW_CTX_TASK_ID='print_gm_task' AIRFLOW_CTX_EXECUTION_DATE='2023-09-08T03:30:00+00:00' AIRFLOW_CTX_TRY_NUMBER='1' AIRFLOW_CTX_DAG_RUN_ID='scheduled__2023-09-08T03:30:00+00:00'
[2023-09-11T08:21:41.849+0000] {subprocess.py:63} INFO - Tmp dir root location: /tmp
[2023-09-11T08:21:41.851+0000] {subprocess.py:75} INFO - Running command: ['/bin/bash', '-c', 'echo "Good morning, my diggers!"']
[2023-09-11T08:21:41.901+0000] {subprocess.py:86} INFO - Output:
[2023-09-11T08:21:41.905+0000] {subprocess.py:93} INFO - Good morning, my diggers!
[2023-09-11T08:21:41.907+0000] {subprocess.py:97} INFO - Command exited with return code 0
[2023-09-11T08:21:41.999+0000] {taskinstance.py:1398} INFO - Marking task as SUCCESS. dag_id=simple_tasks, task_id=print_gm_task, execution_date=20230908T033000, start_date=20230911T082140, end_date=20230911T082141
[2023-09-11T08:21:42.100+0000] {local_task_job_runner.py:228} INFO - Task exited with return code 0
[2023-09-11T08:21:42.166+0000] {taskinstance.py:2776} INFO - 1 downstream tasks scheduled from follow-on schedule check
