[2023-09-12T15:10:17.930+0000] {taskinstance.py:1157} INFO - Dependencies all met for dep_context=non-requeueable deps ti=<TaskInstance: simple_tasks.exchange_data_task scheduled__2023-09-12T15:10:00+00:00 [queued]>
[2023-09-12T15:10:17.938+0000] {taskinstance.py:1157} INFO - Dependencies all met for dep_context=requeueable deps ti=<TaskInstance: simple_tasks.exchange_data_task scheduled__2023-09-12T15:10:00+00:00 [queued]>
[2023-09-12T15:10:17.939+0000] {taskinstance.py:1359} INFO - Starting attempt 1 of 1
[2023-09-12T15:10:17.951+0000] {taskinstance.py:1380} INFO - Executing <Task(PythonOperator): exchange_data_task> on 2023-09-12 15:10:00+00:00
[2023-09-12T15:10:17.956+0000] {standard_task_runner.py:57} INFO - Started process 1792 to run task
[2023-09-12T15:10:17.960+0000] {standard_task_runner.py:84} INFO - Running: ['***', 'tasks', 'run', 'simple_tasks', 'exchange_data_task', 'scheduled__2023-09-12T15:10:00+00:00', '--job-id', '331', '--raw', '--subdir', 'DAGS_FOLDER/script.py', '--cfg-path', '/tmp/tmpjc90kn6s']
[2023-09-12T15:10:17.962+0000] {standard_task_runner.py:85} INFO - Job 331: Subtask exchange_data_task
[2023-09-12T15:10:18.005+0000] {task_command.py:415} INFO - Running <TaskInstance: simple_tasks.exchange_data_task scheduled__2023-09-12T15:10:00+00:00 [running]> on host fbfbca5b9527
[2023-09-12T15:10:18.073+0000] {taskinstance.py:1660} INFO - Exporting env vars: AIRFLOW_CTX_DAG_OWNER='***' AIRFLOW_CTX_DAG_ID='simple_tasks' AIRFLOW_CTX_TASK_ID='exchange_data_task' AIRFLOW_CTX_EXECUTION_DATE='2023-09-12T15:10:00+00:00' AIRFLOW_CTX_TRY_NUMBER='1' AIRFLOW_CTX_DAG_RUN_ID='scheduled__2023-09-12T15:10:00+00:00'
[2023-09-12T15:10:18.354+0000] {logging_mixin.py:151} INFO - Connected
[2023-09-12T15:10:18.354+0000] {logging_mixin.py:151} INFO - ('2023-09-12 15:10:18','BTC','RUB',2404181.214286)
[2023-09-12T15:10:18.363+0000] {python.py:194} INFO - Done. Returned value was: None
[2023-09-12T15:10:18.371+0000] {taskinstance.py:1398} INFO - Marking task as SUCCESS. dag_id=simple_tasks, task_id=exchange_data_task, execution_date=20230912T151000, start_date=20230912T151017, end_date=20230912T151018
[2023-09-12T15:10:18.414+0000] {local_task_job_runner.py:228} INFO - Task exited with return code 0
[2023-09-12T15:10:18.430+0000] {taskinstance.py:2776} INFO - 0 downstream tasks scheduled from follow-on schedule check
[2023-09-12T22:10:25.191+0000] {logging_mixin.py:151} INFO - Changing /opt/***/logs/dag_id=simple_tasks/run_id=scheduled__2023-09-12T15:10:00+00:00/task_id=exchange_data_task permission to 509
[2023-09-12T22:10:25.207+0000] {logging_mixin.py:151} INFO - Failed to change /opt/***/logs/dag_id=simple_tasks/run_id=scheduled__2023-09-12T15:10:00+00:00/task_id=exchange_data_task permission to 509: [Errno 1] Operation not permitted: '/opt/***/logs/dag_id=simple_tasks/run_id=scheduled__2023-09-12T15:10:00+00:00/task_id=exchange_data_task'
[2023-09-12T22:10:25.566+0000] {logging_mixin.py:151} INFO - Changing /opt/***/logs/dag_id=simple_tasks/run_id=scheduled__2023-09-12T15:10:00+00:00/task_id=exchange_data_task permission to 509
[2023-09-12T22:10:25.582+0000] {logging_mixin.py:151} INFO - Failed to change /opt/***/logs/dag_id=simple_tasks/run_id=scheduled__2023-09-12T15:10:00+00:00/task_id=exchange_data_task permission to 509: [Errno 1] Operation not permitted: '/opt/***/logs/dag_id=simple_tasks/run_id=scheduled__2023-09-12T15:10:00+00:00/task_id=exchange_data_task'
[2023-09-12T22:10:25.717+0000] {taskinstance.py:1157} INFO - Dependencies all met for dep_context=non-requeueable deps ti=<TaskInstance: simple_tasks.exchange_data_task scheduled__2023-09-12T15:10:00+00:00 [queued]>
[2023-09-12T22:10:25.794+0000] {taskinstance.py:1157} INFO - Dependencies all met for dep_context=requeueable deps ti=<TaskInstance: simple_tasks.exchange_data_task scheduled__2023-09-12T15:10:00+00:00 [queued]>
[2023-09-12T22:10:25.795+0000] {taskinstance.py:1359} INFO - Starting attempt 1 of 1
[2023-09-12T22:10:25.831+0000] {taskinstance.py:1380} INFO - Executing <Task(PythonOperator): exchange_data_task> on 2023-09-12 15:10:00+00:00
[2023-09-12T22:10:25.878+0000] {standard_task_runner.py:57} INFO - Started process 176 to run task
[2023-09-12T22:10:25.893+0000] {standard_task_runner.py:84} INFO - Running: ['***', 'tasks', 'run', 'simple_tasks', 'exchange_data_task', 'scheduled__2023-09-12T15:10:00+00:00', '--job-id', '32', '--raw', '--subdir', 'DAGS_FOLDER/script.py', '--cfg-path', '/tmp/tmptwf_94vn']
[2023-09-12T22:10:25.901+0000] {standard_task_runner.py:85} INFO - Job 32: Subtask exchange_data_task
[2023-09-12T22:10:26.010+0000] {logging_mixin.py:151} INFO - Changing /opt/***/logs/dag_id=simple_tasks/run_id=scheduled__2023-09-12T15:10:00+00:00/task_id=exchange_data_task permission to 509
[2023-09-12T22:10:26.011+0000] {logging_mixin.py:151} INFO - Failed to change /opt/***/logs/dag_id=simple_tasks/run_id=scheduled__2023-09-12T15:10:00+00:00/task_id=exchange_data_task permission to 509: [Errno 1] Operation not permitted: '/opt/***/logs/dag_id=simple_tasks/run_id=scheduled__2023-09-12T15:10:00+00:00/task_id=exchange_data_task'
[2023-09-12T22:10:26.014+0000] {task_command.py:415} INFO - Running <TaskInstance: simple_tasks.exchange_data_task scheduled__2023-09-12T15:10:00+00:00 [running]> on host 8df8606c974e
[2023-09-12T22:10:26.138+0000] {taskinstance.py:1660} INFO - Exporting env vars: AIRFLOW_CTX_DAG_OWNER='***' AIRFLOW_CTX_DAG_ID='simple_tasks' AIRFLOW_CTX_TASK_ID='exchange_data_task' AIRFLOW_CTX_EXECUTION_DATE='2023-09-12T15:10:00+00:00' AIRFLOW_CTX_TRY_NUMBER='1' AIRFLOW_CTX_DAG_RUN_ID='scheduled__2023-09-12T15:10:00+00:00'
[2023-09-12T22:10:26.494+0000] {logging_mixin.py:151} INFO - Connected
[2023-09-12T22:10:26.494+0000] {logging_mixin.py:151} INFO - ('2023-09-12 22:10:26','BTC','RUB',2488040.439024)
[2023-09-12T22:10:26.562+0000] {python.py:194} INFO - Done. Returned value was: None
[2023-09-12T22:10:26.576+0000] {taskinstance.py:1398} INFO - Marking task as SUCCESS. dag_id=simple_tasks, task_id=exchange_data_task, execution_date=20230912T151000, start_date=20230912T221025, end_date=20230912T221026
[2023-09-12T22:10:26.628+0000] {local_task_job_runner.py:228} INFO - Task exited with return code 0
[2023-09-12T22:10:26.648+0000] {taskinstance.py:2776} INFO - 0 downstream tasks scheduled from follow-on schedule check
