[2023-09-12T14:50:18.452+0000] {taskinstance.py:1157} INFO - Dependencies all met for dep_context=non-requeueable deps ti=<TaskInstance: simple_tasks.exchange_data_task scheduled__2023-09-12T14:50:00+00:00 [queued]>
[2023-09-12T14:50:18.462+0000] {taskinstance.py:1157} INFO - Dependencies all met for dep_context=requeueable deps ti=<TaskInstance: simple_tasks.exchange_data_task scheduled__2023-09-12T14:50:00+00:00 [queued]>
[2023-09-12T14:50:18.463+0000] {taskinstance.py:1359} INFO - Starting attempt 1 of 1
[2023-09-12T14:50:18.477+0000] {taskinstance.py:1380} INFO - Executing <Task(PythonOperator): exchange_data_task> on 2023-09-12 14:50:00+00:00
[2023-09-12T14:50:18.482+0000] {standard_task_runner.py:57} INFO - Started process 926 to run task
[2023-09-12T14:50:18.485+0000] {standard_task_runner.py:84} INFO - Running: ['***', 'tasks', 'run', 'simple_tasks', 'exchange_data_task', 'scheduled__2023-09-12T14:50:00+00:00', '--job-id', '171', '--raw', '--subdir', 'DAGS_FOLDER/script.py', '--cfg-path', '/tmp/tmp92kczx9k']
[2023-09-12T14:50:18.487+0000] {standard_task_runner.py:85} INFO - Job 171: Subtask exchange_data_task
[2023-09-12T14:50:18.532+0000] {task_command.py:415} INFO - Running <TaskInstance: simple_tasks.exchange_data_task scheduled__2023-09-12T14:50:00+00:00 [running]> on host fbfbca5b9527
[2023-09-12T14:50:18.620+0000] {taskinstance.py:1660} INFO - Exporting env vars: AIRFLOW_CTX_DAG_OWNER='***' AIRFLOW_CTX_DAG_ID='simple_tasks' AIRFLOW_CTX_TASK_ID='exchange_data_task' AIRFLOW_CTX_EXECUTION_DATE='2023-09-12T14:50:00+00:00' AIRFLOW_CTX_TRY_NUMBER='1' AIRFLOW_CTX_DAG_RUN_ID='scheduled__2023-09-12T14:50:00+00:00'
[2023-09-12T14:50:18.943+0000] {logging_mixin.py:151} INFO - Connected
[2023-09-12T14:50:18.944+0000] {logging_mixin.py:151} INFO - ('2023-09-12 14:50:18','BTC','RUB',2404181.214286)
[2023-09-12T14:50:18.953+0000] {python.py:194} INFO - Done. Returned value was: None
[2023-09-12T14:50:18.966+0000] {taskinstance.py:1398} INFO - Marking task as SUCCESS. dag_id=simple_tasks, task_id=exchange_data_task, execution_date=20230912T145000, start_date=20230912T145018, end_date=20230912T145018
[2023-09-12T14:50:19.019+0000] {local_task_job_runner.py:228} INFO - Task exited with return code 0
[2023-09-12T14:50:19.036+0000] {taskinstance.py:2776} INFO - 0 downstream tasks scheduled from follow-on schedule check
[2023-09-12T22:10:26.202+0000] {logging_mixin.py:151} INFO - Changing /opt/***/logs/dag_id=simple_tasks/run_id=scheduled__2023-09-12T14:50:00+00:00/task_id=exchange_data_task permission to 509
[2023-09-12T22:10:26.226+0000] {logging_mixin.py:151} INFO - Failed to change /opt/***/logs/dag_id=simple_tasks/run_id=scheduled__2023-09-12T14:50:00+00:00/task_id=exchange_data_task permission to 509: [Errno 1] Operation not permitted: '/opt/***/logs/dag_id=simple_tasks/run_id=scheduled__2023-09-12T14:50:00+00:00/task_id=exchange_data_task'
[2023-09-12T22:10:26.264+0000] {logging_mixin.py:151} INFO - Changing /opt/***/logs/dag_id=simple_tasks/run_id=scheduled__2023-09-12T14:50:00+00:00/task_id=exchange_data_task permission to 509
[2023-09-12T22:10:26.265+0000] {logging_mixin.py:151} INFO - Failed to change /opt/***/logs/dag_id=simple_tasks/run_id=scheduled__2023-09-12T14:50:00+00:00/task_id=exchange_data_task permission to 509: [Errno 1] Operation not permitted: '/opt/***/logs/dag_id=simple_tasks/run_id=scheduled__2023-09-12T14:50:00+00:00/task_id=exchange_data_task'
[2023-09-12T22:10:26.318+0000] {taskinstance.py:1157} INFO - Dependencies all met for dep_context=non-requeueable deps ti=<TaskInstance: simple_tasks.exchange_data_task scheduled__2023-09-12T14:50:00+00:00 [queued]>
[2023-09-12T22:10:26.332+0000] {taskinstance.py:1157} INFO - Dependencies all met for dep_context=requeueable deps ti=<TaskInstance: simple_tasks.exchange_data_task scheduled__2023-09-12T14:50:00+00:00 [queued]>
[2023-09-12T22:10:26.333+0000] {taskinstance.py:1359} INFO - Starting attempt 1 of 1
[2023-09-12T22:10:26.354+0000] {taskinstance.py:1380} INFO - Executing <Task(PythonOperator): exchange_data_task> on 2023-09-12 14:50:00+00:00
[2023-09-12T22:10:26.361+0000] {standard_task_runner.py:57} INFO - Started process 177 to run task
[2023-09-12T22:10:26.366+0000] {standard_task_runner.py:84} INFO - Running: ['***', 'tasks', 'run', 'simple_tasks', 'exchange_data_task', 'scheduled__2023-09-12T14:50:00+00:00', '--job-id', '33', '--raw', '--subdir', 'DAGS_FOLDER/script.py', '--cfg-path', '/tmp/tmpe25yuy1f']
[2023-09-12T22:10:26.370+0000] {standard_task_runner.py:85} INFO - Job 33: Subtask exchange_data_task
[2023-09-12T22:10:26.635+0000] {logging_mixin.py:151} INFO - Changing /opt/***/logs/dag_id=simple_tasks/run_id=scheduled__2023-09-12T14:50:00+00:00/task_id=exchange_data_task permission to 509
[2023-09-12T22:10:26.636+0000] {logging_mixin.py:151} INFO - Failed to change /opt/***/logs/dag_id=simple_tasks/run_id=scheduled__2023-09-12T14:50:00+00:00/task_id=exchange_data_task permission to 509: [Errno 1] Operation not permitted: '/opt/***/logs/dag_id=simple_tasks/run_id=scheduled__2023-09-12T14:50:00+00:00/task_id=exchange_data_task'
[2023-09-12T22:10:26.639+0000] {task_command.py:415} INFO - Running <TaskInstance: simple_tasks.exchange_data_task scheduled__2023-09-12T14:50:00+00:00 [running]> on host 8df8606c974e
[2023-09-12T22:10:26.755+0000] {taskinstance.py:1660} INFO - Exporting env vars: AIRFLOW_CTX_DAG_OWNER='***' AIRFLOW_CTX_DAG_ID='simple_tasks' AIRFLOW_CTX_TASK_ID='exchange_data_task' AIRFLOW_CTX_EXECUTION_DATE='2023-09-12T14:50:00+00:00' AIRFLOW_CTX_TRY_NUMBER='1' AIRFLOW_CTX_DAG_RUN_ID='scheduled__2023-09-12T14:50:00+00:00'
[2023-09-12T22:10:27.115+0000] {logging_mixin.py:151} INFO - Connected
[2023-09-12T22:10:27.115+0000] {logging_mixin.py:151} INFO - ('2023-09-12 22:10:27','BTC','RUB',2488040.439024)
[2023-09-12T22:10:27.136+0000] {python.py:194} INFO - Done. Returned value was: None
[2023-09-12T22:10:27.145+0000] {taskinstance.py:1398} INFO - Marking task as SUCCESS. dag_id=simple_tasks, task_id=exchange_data_task, execution_date=20230912T145000, start_date=20230912T221026, end_date=20230912T221027
[2023-09-12T22:10:27.181+0000] {local_task_job_runner.py:228} INFO - Task exited with return code 0
[2023-09-12T22:10:27.197+0000] {taskinstance.py:2776} INFO - 0 downstream tasks scheduled from follow-on schedule check
