[2023-09-10T17:54:14.262+0000] {taskinstance.py:1157} INFO - Dependencies all met for dep_context=non-requeueable deps ti=<TaskInstance: simple_tasks.print_gm_task scheduled__2023-09-08T00:00:00+00:00 [queued]>
[2023-09-10T17:54:14.320+0000] {taskinstance.py:1157} INFO - Dependencies all met for dep_context=requeueable deps ti=<TaskInstance: simple_tasks.print_gm_task scheduled__2023-09-08T00:00:00+00:00 [queued]>
[2023-09-10T17:54:14.323+0000] {taskinstance.py:1359} INFO - Starting attempt 1 of 1
[2023-09-10T17:54:14.497+0000] {taskinstance.py:1380} INFO - Executing <Task(BashOperator): print_gm_task> on 2023-09-08 00:00:00+00:00
[2023-09-10T17:54:14.601+0000] {standard_task_runner.py:57} INFO - Started process 178 to run task
[2023-09-10T17:54:14.694+0000] {standard_task_runner.py:84} INFO - Running: ['***', 'tasks', 'run', 'simple_tasks', 'print_gm_task', 'scheduled__2023-09-08T00:00:00+00:00', '--job-id', '144', '--raw', '--subdir', 'DAGS_FOLDER/script.py', '--cfg-path', '/tmp/tmpnth94q4m']
[2023-09-10T17:54:14.728+0000] {standard_task_runner.py:85} INFO - Job 144: Subtask print_gm_task
[2023-09-10T17:54:15.303+0000] {task_command.py:415} INFO - Running <TaskInstance: simple_tasks.print_gm_task scheduled__2023-09-08T00:00:00+00:00 [running]> on host 3152b479582c
[2023-09-10T17:54:18.586+0000] {taskinstance.py:1660} INFO - Exporting env vars: AIRFLOW_CTX_DAG_OWNER='***' AIRFLOW_CTX_DAG_ID='simple_tasks' AIRFLOW_CTX_TASK_ID='print_gm_task' AIRFLOW_CTX_EXECUTION_DATE='2023-09-08T00:00:00+00:00' AIRFLOW_CTX_TRY_NUMBER='1' AIRFLOW_CTX_DAG_RUN_ID='scheduled__2023-09-08T00:00:00+00:00'
[2023-09-10T17:54:18.685+0000] {subprocess.py:63} INFO - Tmp dir root location: /tmp
[2023-09-10T17:54:18.748+0000] {subprocess.py:75} INFO - Running command: ['/bin/bash', '-c', 'echo "Good morning, my diggers!"']
[2023-09-10T17:54:18.838+0000] {subprocess.py:86} INFO - Output:
[2023-09-10T17:54:19.187+0000] {subprocess.py:93} INFO - Good morning, my diggers!
[2023-09-10T17:54:19.188+0000] {subprocess.py:97} INFO - Command exited with return code 0
[2023-09-10T17:54:19.722+0000] {taskinstance.py:1398} INFO - Marking task as SUCCESS. dag_id=simple_tasks, task_id=print_gm_task, execution_date=20230908T000000, start_date=20230910T175414, end_date=20230910T175419
[2023-09-10T17:54:20.192+0000] {local_task_job_runner.py:228} INFO - Task exited with return code 0
[2023-09-10T17:54:20.297+0000] {taskinstance.py:2776} INFO - 1 downstream tasks scheduled from follow-on schedule check
[2023-09-11T08:05:33.695+0000] {taskinstance.py:1157} INFO - Dependencies all met for dep_context=non-requeueable deps ti=<TaskInstance: simple_tasks.print_gm_task scheduled__2023-09-08T00:00:00+00:00 [queued]>
[2023-09-11T08:05:33.858+0000] {taskinstance.py:1157} INFO - Dependencies all met for dep_context=requeueable deps ti=<TaskInstance: simple_tasks.print_gm_task scheduled__2023-09-08T00:00:00+00:00 [queued]>
[2023-09-11T08:05:33.871+0000] {taskinstance.py:1359} INFO - Starting attempt 1 of 1
[2023-09-11T08:05:34.024+0000] {taskinstance.py:1380} INFO - Executing <Task(BashOperator): print_gm_task> on 2023-09-08 00:00:00+00:00
[2023-09-11T08:05:34.036+0000] {standard_task_runner.py:57} INFO - Started process 89 to run task
[2023-09-11T08:05:34.221+0000] {standard_task_runner.py:84} INFO - Running: ['***', 'tasks', 'run', 'simple_tasks', 'print_gm_task', 'scheduled__2023-09-08T00:00:00+00:00', '--job-id', '5', '--raw', '--subdir', 'DAGS_FOLDER/script.py', '--cfg-path', '/tmp/tmp36fj5szu']
[2023-09-11T08:05:34.296+0000] {standard_task_runner.py:85} INFO - Job 5: Subtask print_gm_task
[2023-09-11T08:05:36.276+0000] {task_command.py:415} INFO - Running <TaskInstance: simple_tasks.print_gm_task scheduled__2023-09-08T00:00:00+00:00 [running]> on host 2c457fbd3561
[2023-09-11T08:05:37.308+0000] {taskinstance.py:1660} INFO - Exporting env vars: AIRFLOW_CTX_DAG_OWNER='***' AIRFLOW_CTX_DAG_ID='simple_tasks' AIRFLOW_CTX_TASK_ID='print_gm_task' AIRFLOW_CTX_EXECUTION_DATE='2023-09-08T00:00:00+00:00' AIRFLOW_CTX_TRY_NUMBER='1' AIRFLOW_CTX_DAG_RUN_ID='scheduled__2023-09-08T00:00:00+00:00'
[2023-09-11T08:05:37.383+0000] {subprocess.py:63} INFO - Tmp dir root location: /tmp
[2023-09-11T08:05:37.409+0000] {subprocess.py:75} INFO - Running command: ['/bin/bash', '-c', 'echo "Good morning, my diggers!"']
[2023-09-11T08:05:37.774+0000] {subprocess.py:86} INFO - Output:
[2023-09-11T08:05:38.162+0000] {subprocess.py:93} INFO - Good morning, my diggers!
[2023-09-11T08:05:38.184+0000] {subprocess.py:97} INFO - Command exited with return code 0
[2023-09-11T08:05:38.644+0000] {taskinstance.py:1398} INFO - Marking task as SUCCESS. dag_id=simple_tasks, task_id=print_gm_task, execution_date=20230908T000000, start_date=20230911T080533, end_date=20230911T080538
[2023-09-11T08:05:43.695+0000] {local_task_job_runner.py:228} INFO - Task exited with return code 0
[2023-09-11T08:05:43.784+0000] {taskinstance.py:2776} INFO - 1 downstream tasks scheduled from follow-on schedule check
[2023-09-11T08:16:50.394+0000] {taskinstance.py:1157} INFO - Dependencies all met for dep_context=non-requeueable deps ti=<TaskInstance: simple_tasks.print_gm_task scheduled__2023-09-08T00:00:00+00:00 [queued]>
[2023-09-11T08:16:50.445+0000] {taskinstance.py:1157} INFO - Dependencies all met for dep_context=requeueable deps ti=<TaskInstance: simple_tasks.print_gm_task scheduled__2023-09-08T00:00:00+00:00 [queued]>
[2023-09-11T08:16:50.452+0000] {taskinstance.py:1359} INFO - Starting attempt 1 of 1
[2023-09-11T08:16:50.797+0000] {taskinstance.py:1380} INFO - Executing <Task(BashOperator): print_gm_task> on 2023-09-08 00:00:00+00:00
[2023-09-11T08:16:51.131+0000] {standard_task_runner.py:57} INFO - Started process 89 to run task
[2023-09-11T08:16:51.352+0000] {standard_task_runner.py:84} INFO - Running: ['***', 'tasks', 'run', 'simple_tasks', 'print_gm_task', 'scheduled__2023-09-08T00:00:00+00:00', '--job-id', '4', '--raw', '--subdir', 'DAGS_FOLDER/script.py', '--cfg-path', '/tmp/tmp1yrfji_7']
[2023-09-11T08:16:51.447+0000] {standard_task_runner.py:85} INFO - Job 4: Subtask print_gm_task
[2023-09-11T08:16:53.098+0000] {task_command.py:415} INFO - Running <TaskInstance: simple_tasks.print_gm_task scheduled__2023-09-08T00:00:00+00:00 [running]> on host 47888c058366
[2023-09-11T08:16:54.036+0000] {taskinstance.py:1660} INFO - Exporting env vars: AIRFLOW_CTX_DAG_OWNER='***' AIRFLOW_CTX_DAG_ID='simple_tasks' AIRFLOW_CTX_TASK_ID='print_gm_task' AIRFLOW_CTX_EXECUTION_DATE='2023-09-08T00:00:00+00:00' AIRFLOW_CTX_TRY_NUMBER='1' AIRFLOW_CTX_DAG_RUN_ID='scheduled__2023-09-08T00:00:00+00:00'
[2023-09-11T08:16:54.214+0000] {subprocess.py:63} INFO - Tmp dir root location: /tmp
[2023-09-11T08:16:54.217+0000] {subprocess.py:75} INFO - Running command: ['/bin/bash', '-c', 'echo "Good morning, my diggers!"']
[2023-09-11T08:16:54.439+0000] {subprocess.py:86} INFO - Output:
[2023-09-11T08:16:54.740+0000] {subprocess.py:93} INFO - Good morning, my diggers!
[2023-09-11T08:16:54.774+0000] {subprocess.py:97} INFO - Command exited with return code 0
[2023-09-11T08:16:55.042+0000] {taskinstance.py:1398} INFO - Marking task as SUCCESS. dag_id=simple_tasks, task_id=print_gm_task, execution_date=20230908T000000, start_date=20230911T081650, end_date=20230911T081655
[2023-09-11T08:16:57.850+0000] {local_task_job_runner.py:228} INFO - Task exited with return code 0
[2023-09-11T08:16:58.251+0000] {taskinstance.py:2776} INFO - 1 downstream tasks scheduled from follow-on schedule check
