[2023-09-12T14:32:36.002+0000] {taskinstance.py:1157} INFO - Dependencies all met for dep_context=non-requeueable deps ti=<TaskInstance: simple_tasks.print_gm_task scheduled__2023-09-12T14:20:00+00:00 [queued]>
[2023-09-12T14:32:36.011+0000] {taskinstance.py:1157} INFO - Dependencies all met for dep_context=requeueable deps ti=<TaskInstance: simple_tasks.print_gm_task scheduled__2023-09-12T14:20:00+00:00 [queued]>
[2023-09-12T14:32:36.011+0000] {taskinstance.py:1359} INFO - Starting attempt 1 of 1
[2023-09-12T14:32:36.024+0000] {taskinstance.py:1380} INFO - Executing <Task(BashOperator): print_gm_task> on 2023-09-12 14:20:00+00:00
[2023-09-12T14:32:36.030+0000] {standard_task_runner.py:57} INFO - Started process 81 to run task
[2023-09-12T14:32:36.034+0000] {standard_task_runner.py:84} INFO - Running: ['***', 'tasks', 'run', 'simple_tasks', 'print_gm_task', 'scheduled__2023-09-12T14:20:00+00:00', '--job-id', '7', '--raw', '--subdir', 'DAGS_FOLDER/script.py', '--cfg-path', '/tmp/tmpbrjdinuc']
[2023-09-12T14:32:36.048+0000] {standard_task_runner.py:85} INFO - Job 7: Subtask print_gm_task
[2023-09-12T14:32:36.122+0000] {task_command.py:415} INFO - Running <TaskInstance: simple_tasks.print_gm_task scheduled__2023-09-12T14:20:00+00:00 [running]> on host fbfbca5b9527
[2023-09-12T14:32:36.220+0000] {taskinstance.py:1660} INFO - Exporting env vars: AIRFLOW_CTX_DAG_OWNER='***' AIRFLOW_CTX_DAG_ID='simple_tasks' AIRFLOW_CTX_TASK_ID='print_gm_task' AIRFLOW_CTX_EXECUTION_DATE='2023-09-12T14:20:00+00:00' AIRFLOW_CTX_TRY_NUMBER='1' AIRFLOW_CTX_DAG_RUN_ID='scheduled__2023-09-12T14:20:00+00:00'
[2023-09-12T14:32:36.223+0000] {subprocess.py:63} INFO - Tmp dir root location: /tmp
[2023-09-12T14:32:36.224+0000] {subprocess.py:75} INFO - Running command: ['/bin/bash', '-c', 'echo "Good morning, my diggers!"']
[2023-09-12T14:32:36.241+0000] {subprocess.py:86} INFO - Output:
[2023-09-12T14:32:36.270+0000] {subprocess.py:93} INFO - Good morning, my diggers!
[2023-09-12T14:32:36.271+0000] {subprocess.py:97} INFO - Command exited with return code 0
[2023-09-12T14:32:36.300+0000] {taskinstance.py:1398} INFO - Marking task as SUCCESS. dag_id=simple_tasks, task_id=print_gm_task, execution_date=20230912T142000, start_date=20230912T143236, end_date=20230912T143236
[2023-09-12T14:32:36.328+0000] {local_task_job_runner.py:228} INFO - Task exited with return code 0
[2023-09-12T14:32:36.352+0000] {taskinstance.py:2776} INFO - 1 downstream tasks scheduled from follow-on schedule check
[2023-09-12T22:10:19.565+0000] {logging_mixin.py:151} INFO - Changing /opt/***/logs/dag_id=simple_tasks/run_id=scheduled__2023-09-12T14:20:00+00:00/task_id=print_gm_task permission to 509
[2023-09-12T22:10:19.574+0000] {logging_mixin.py:151} INFO - Failed to change /opt/***/logs/dag_id=simple_tasks/run_id=scheduled__2023-09-12T14:20:00+00:00/task_id=print_gm_task permission to 509: [Errno 1] Operation not permitted: '/opt/***/logs/dag_id=simple_tasks/run_id=scheduled__2023-09-12T14:20:00+00:00/task_id=print_gm_task'
[2023-09-12T22:10:19.656+0000] {logging_mixin.py:151} INFO - Changing /opt/***/logs/dag_id=simple_tasks/run_id=scheduled__2023-09-12T14:20:00+00:00/task_id=print_gm_task permission to 509
[2023-09-12T22:10:19.657+0000] {logging_mixin.py:151} INFO - Failed to change /opt/***/logs/dag_id=simple_tasks/run_id=scheduled__2023-09-12T14:20:00+00:00/task_id=print_gm_task permission to 509: [Errno 1] Operation not permitted: '/opt/***/logs/dag_id=simple_tasks/run_id=scheduled__2023-09-12T14:20:00+00:00/task_id=print_gm_task'
[2023-09-12T22:10:19.723+0000] {taskinstance.py:1157} INFO - Dependencies all met for dep_context=non-requeueable deps ti=<TaskInstance: simple_tasks.print_gm_task scheduled__2023-09-12T14:20:00+00:00 [queued]>
[2023-09-12T22:10:19.738+0000] {taskinstance.py:1157} INFO - Dependencies all met for dep_context=requeueable deps ti=<TaskInstance: simple_tasks.print_gm_task scheduled__2023-09-12T14:20:00+00:00 [queued]>
[2023-09-12T22:10:19.742+0000] {taskinstance.py:1359} INFO - Starting attempt 1 of 1
[2023-09-12T22:10:19.808+0000] {taskinstance.py:1380} INFO - Executing <Task(BashOperator): print_gm_task> on 2023-09-12 14:20:00+00:00
[2023-09-12T22:10:19.832+0000] {standard_task_runner.py:57} INFO - Started process 157 to run task
[2023-09-12T22:10:19.865+0000] {standard_task_runner.py:84} INFO - Running: ['***', 'tasks', 'run', 'simple_tasks', 'print_gm_task', 'scheduled__2023-09-12T14:20:00+00:00', '--job-id', '23', '--raw', '--subdir', 'DAGS_FOLDER/script.py', '--cfg-path', '/tmp/tmpx4ldztnb']
[2023-09-12T22:10:19.885+0000] {standard_task_runner.py:85} INFO - Job 23: Subtask print_gm_task
[2023-09-12T22:10:20.019+0000] {logging_mixin.py:151} INFO - Changing /opt/***/logs/dag_id=simple_tasks/run_id=scheduled__2023-09-12T14:20:00+00:00/task_id=print_gm_task permission to 509
[2023-09-12T22:10:20.020+0000] {logging_mixin.py:151} INFO - Failed to change /opt/***/logs/dag_id=simple_tasks/run_id=scheduled__2023-09-12T14:20:00+00:00/task_id=print_gm_task permission to 509: [Errno 1] Operation not permitted: '/opt/***/logs/dag_id=simple_tasks/run_id=scheduled__2023-09-12T14:20:00+00:00/task_id=print_gm_task'
[2023-09-12T22:10:20.024+0000] {task_command.py:415} INFO - Running <TaskInstance: simple_tasks.print_gm_task scheduled__2023-09-12T14:20:00+00:00 [running]> on host 8df8606c974e
[2023-09-12T22:10:20.229+0000] {taskinstance.py:1660} INFO - Exporting env vars: AIRFLOW_CTX_DAG_OWNER='***' AIRFLOW_CTX_DAG_ID='simple_tasks' AIRFLOW_CTX_TASK_ID='print_gm_task' AIRFLOW_CTX_EXECUTION_DATE='2023-09-12T14:20:00+00:00' AIRFLOW_CTX_TRY_NUMBER='1' AIRFLOW_CTX_DAG_RUN_ID='scheduled__2023-09-12T14:20:00+00:00'
[2023-09-12T22:10:20.236+0000] {subprocess.py:63} INFO - Tmp dir root location: /tmp
[2023-09-12T22:10:20.238+0000] {subprocess.py:75} INFO - Running command: ['/bin/bash', '-c', 'echo "Good morning, my diggers!"']
[2023-09-12T22:10:20.274+0000] {subprocess.py:86} INFO - Output:
[2023-09-12T22:10:20.280+0000] {subprocess.py:93} INFO - Good morning, my diggers!
[2023-09-12T22:10:20.281+0000] {subprocess.py:97} INFO - Command exited with return code 0
[2023-09-12T22:10:20.347+0000] {taskinstance.py:1398} INFO - Marking task as SUCCESS. dag_id=simple_tasks, task_id=print_gm_task, execution_date=20230912T142000, start_date=20230912T221019, end_date=20230912T221020
[2023-09-12T22:10:20.439+0000] {local_task_job_runner.py:228} INFO - Task exited with return code 0
[2023-09-12T22:10:20.506+0000] {taskinstance.py:2776} INFO - 1 downstream tasks scheduled from follow-on schedule check
