[2023-09-12T15:00:18.510+0000] {taskinstance.py:1157} INFO - Dependencies all met for dep_context=non-requeueable deps ti=<TaskInstance: simple_tasks.exchange_data_task scheduled__2023-09-12T15:00:00+00:00 [queued]>
[2023-09-12T15:00:18.518+0000] {taskinstance.py:1157} INFO - Dependencies all met for dep_context=requeueable deps ti=<TaskInstance: simple_tasks.exchange_data_task scheduled__2023-09-12T15:00:00+00:00 [queued]>
[2023-09-12T15:00:18.518+0000] {taskinstance.py:1359} INFO - Starting attempt 1 of 1
[2023-09-12T15:00:18.532+0000] {taskinstance.py:1380} INFO - Executing <Task(PythonOperator): exchange_data_task> on 2023-09-12 15:00:00+00:00
[2023-09-12T15:00:18.540+0000] {standard_task_runner.py:57} INFO - Started process 1360 to run task
[2023-09-12T15:00:18.543+0000] {standard_task_runner.py:84} INFO - Running: ['***', 'tasks', 'run', 'simple_tasks', 'exchange_data_task', 'scheduled__2023-09-12T15:00:00+00:00', '--job-id', '251', '--raw', '--subdir', 'DAGS_FOLDER/script.py', '--cfg-path', '/tmp/tmp3rj565a4']
[2023-09-12T15:00:18.546+0000] {standard_task_runner.py:85} INFO - Job 251: Subtask exchange_data_task
[2023-09-12T15:00:18.601+0000] {task_command.py:415} INFO - Running <TaskInstance: simple_tasks.exchange_data_task scheduled__2023-09-12T15:00:00+00:00 [running]> on host fbfbca5b9527
[2023-09-12T15:00:18.681+0000] {taskinstance.py:1660} INFO - Exporting env vars: AIRFLOW_CTX_DAG_OWNER='***' AIRFLOW_CTX_DAG_ID='simple_tasks' AIRFLOW_CTX_TASK_ID='exchange_data_task' AIRFLOW_CTX_EXECUTION_DATE='2023-09-12T15:00:00+00:00' AIRFLOW_CTX_TRY_NUMBER='1' AIRFLOW_CTX_DAG_RUN_ID='scheduled__2023-09-12T15:00:00+00:00'
[2023-09-12T15:00:18.930+0000] {logging_mixin.py:151} INFO - Connected
[2023-09-12T15:00:18.931+0000] {logging_mixin.py:151} INFO - ('2023-09-12 15:00:18','BTC','RUB',2404181.214286)
[2023-09-12T15:00:18.940+0000] {python.py:194} INFO - Done. Returned value was: None
[2023-09-12T15:00:18.949+0000] {taskinstance.py:1398} INFO - Marking task as SUCCESS. dag_id=simple_tasks, task_id=exchange_data_task, execution_date=20230912T150000, start_date=20230912T150018, end_date=20230912T150018
[2023-09-12T15:00:18.997+0000] {local_task_job_runner.py:228} INFO - Task exited with return code 0
[2023-09-12T15:00:19.015+0000] {taskinstance.py:2776} INFO - 0 downstream tasks scheduled from follow-on schedule check
[2023-09-12T22:10:15.881+0000] {logging_mixin.py:151} INFO - Changing /opt/***/logs/dag_id=simple_tasks/run_id=scheduled__2023-09-12T15:00:00+00:00/task_id=exchange_data_task permission to 509
[2023-09-12T22:10:16.012+0000] {logging_mixin.py:151} INFO - Failed to change /opt/***/logs/dag_id=simple_tasks/run_id=scheduled__2023-09-12T15:00:00+00:00/task_id=exchange_data_task permission to 509: [Errno 1] Operation not permitted: '/opt/***/logs/dag_id=simple_tasks/run_id=scheduled__2023-09-12T15:00:00+00:00/task_id=exchange_data_task'
[2023-09-12T22:10:16.096+0000] {logging_mixin.py:151} INFO - Changing /opt/***/logs/dag_id=simple_tasks/run_id=scheduled__2023-09-12T15:00:00+00:00/task_id=exchange_data_task permission to 509
[2023-09-12T22:10:16.097+0000] {logging_mixin.py:151} INFO - Failed to change /opt/***/logs/dag_id=simple_tasks/run_id=scheduled__2023-09-12T15:00:00+00:00/task_id=exchange_data_task permission to 509: [Errno 1] Operation not permitted: '/opt/***/logs/dag_id=simple_tasks/run_id=scheduled__2023-09-12T15:00:00+00:00/task_id=exchange_data_task'
[2023-09-12T22:10:16.326+0000] {taskinstance.py:1157} INFO - Dependencies all met for dep_context=non-requeueable deps ti=<TaskInstance: simple_tasks.exchange_data_task scheduled__2023-09-12T15:00:00+00:00 [queued]>
[2023-09-12T22:10:16.458+0000] {taskinstance.py:1157} INFO - Dependencies all met for dep_context=requeueable deps ti=<TaskInstance: simple_tasks.exchange_data_task scheduled__2023-09-12T15:00:00+00:00 [queued]>
[2023-09-12T22:10:16.459+0000] {taskinstance.py:1359} INFO - Starting attempt 1 of 1
[2023-09-12T22:10:16.565+0000] {taskinstance.py:1380} INFO - Executing <Task(PythonOperator): exchange_data_task> on 2023-09-12 15:00:00+00:00
[2023-09-12T22:10:16.598+0000] {standard_task_runner.py:57} INFO - Started process 147 to run task
[2023-09-12T22:10:16.671+0000] {standard_task_runner.py:84} INFO - Running: ['***', 'tasks', 'run', 'simple_tasks', 'exchange_data_task', 'scheduled__2023-09-12T15:00:00+00:00', '--job-id', '18', '--raw', '--subdir', 'DAGS_FOLDER/script.py', '--cfg-path', '/tmp/tmpisvltvb6']
[2023-09-12T22:10:16.737+0000] {standard_task_runner.py:85} INFO - Job 18: Subtask exchange_data_task
[2023-09-12T22:10:17.072+0000] {logging_mixin.py:151} INFO - Changing /opt/***/logs/dag_id=simple_tasks/run_id=scheduled__2023-09-12T15:00:00+00:00/task_id=exchange_data_task permission to 509
[2023-09-12T22:10:17.073+0000] {logging_mixin.py:151} INFO - Failed to change /opt/***/logs/dag_id=simple_tasks/run_id=scheduled__2023-09-12T15:00:00+00:00/task_id=exchange_data_task permission to 509: [Errno 1] Operation not permitted: '/opt/***/logs/dag_id=simple_tasks/run_id=scheduled__2023-09-12T15:00:00+00:00/task_id=exchange_data_task'
[2023-09-12T22:10:17.078+0000] {task_command.py:415} INFO - Running <TaskInstance: simple_tasks.exchange_data_task scheduled__2023-09-12T15:00:00+00:00 [running]> on host 8df8606c974e
[2023-09-12T22:10:17.393+0000] {taskinstance.py:1660} INFO - Exporting env vars: AIRFLOW_CTX_DAG_OWNER='***' AIRFLOW_CTX_DAG_ID='simple_tasks' AIRFLOW_CTX_TASK_ID='exchange_data_task' AIRFLOW_CTX_EXECUTION_DATE='2023-09-12T15:00:00+00:00' AIRFLOW_CTX_TRY_NUMBER='1' AIRFLOW_CTX_DAG_RUN_ID='scheduled__2023-09-12T15:00:00+00:00'
[2023-09-12T22:10:18.716+0000] {logging_mixin.py:151} INFO - Connected
[2023-09-12T22:10:18.717+0000] {logging_mixin.py:151} INFO - ('2023-09-12 22:10:18','BTC','RUB',2488040.439024)
[2023-09-12T22:10:18.877+0000] {python.py:194} INFO - Done. Returned value was: None
[2023-09-12T22:10:18.949+0000] {taskinstance.py:1398} INFO - Marking task as SUCCESS. dag_id=simple_tasks, task_id=exchange_data_task, execution_date=20230912T150000, start_date=20230912T221016, end_date=20230912T221018
[2023-09-12T22:10:19.414+0000] {local_task_job_runner.py:228} INFO - Task exited with return code 0
[2023-09-12T22:10:19.452+0000] {taskinstance.py:2776} INFO - 0 downstream tasks scheduled from follow-on schedule check
