[2023-09-13T08:50:02.757+0000] {taskinstance.py:1157} INFO - Dependencies all met for dep_context=non-requeueable deps ti=<TaskInstance: simple_tasks.print_gm_task scheduled__2023-09-13T08:40:00+00:00 [queued]>
[2023-09-13T08:50:02.778+0000] {taskinstance.py:1157} INFO - Dependencies all met for dep_context=requeueable deps ti=<TaskInstance: simple_tasks.print_gm_task scheduled__2023-09-13T08:40:00+00:00 [queued]>
[2023-09-13T08:50:02.779+0000] {taskinstance.py:1359} INFO - Starting attempt 1 of 1
[2023-09-13T08:50:02.812+0000] {taskinstance.py:1380} INFO - Executing <Task(BashOperator): print_gm_task> on 2023-09-13 08:40:00+00:00
[2023-09-13T08:50:02.822+0000] {standard_task_runner.py:57} INFO - Started process 703 to run task
[2023-09-13T08:50:02.834+0000] {standard_task_runner.py:84} INFO - Running: ['***', 'tasks', 'run', 'simple_tasks', 'print_gm_task', 'scheduled__2023-09-13T08:40:00+00:00', '--job-id', '51', '--raw', '--subdir', 'DAGS_FOLDER/script.py', '--cfg-path', '/tmp/tmp39xbhxsz']
[2023-09-13T08:50:02.843+0000] {standard_task_runner.py:85} INFO - Job 51: Subtask print_gm_task
[2023-09-13T08:50:02.966+0000] {task_command.py:415} INFO - Running <TaskInstance: simple_tasks.print_gm_task scheduled__2023-09-13T08:40:00+00:00 [running]> on host cb4016c405b8
[2023-09-13T08:50:03.174+0000] {taskinstance.py:1660} INFO - Exporting env vars: AIRFLOW_CTX_DAG_OWNER='***' AIRFLOW_CTX_DAG_ID='simple_tasks' AIRFLOW_CTX_TASK_ID='print_gm_task' AIRFLOW_CTX_EXECUTION_DATE='2023-09-13T08:40:00+00:00' AIRFLOW_CTX_TRY_NUMBER='1' AIRFLOW_CTX_DAG_RUN_ID='scheduled__2023-09-13T08:40:00+00:00'
[2023-09-13T08:50:03.179+0000] {subprocess.py:63} INFO - Tmp dir root location: /tmp
[2023-09-13T08:50:03.183+0000] {subprocess.py:75} INFO - Running command: ['/bin/bash', '-c', 'echo "Good morning, my diggers!"']
[2023-09-13T08:50:03.207+0000] {subprocess.py:86} INFO - Output:
[2023-09-13T08:50:03.211+0000] {subprocess.py:93} INFO - Good morning, my diggers!
[2023-09-13T08:50:03.212+0000] {subprocess.py:97} INFO - Command exited with return code 0
[2023-09-13T08:50:03.269+0000] {taskinstance.py:1398} INFO - Marking task as SUCCESS. dag_id=simple_tasks, task_id=print_gm_task, execution_date=20230913T084000, start_date=20230913T085002, end_date=20230913T085003
[2023-09-13T08:50:03.326+0000] {local_task_job_runner.py:228} INFO - Task exited with return code 0
[2023-09-13T08:50:03.388+0000] {taskinstance.py:2776} INFO - 1 downstream tasks scheduled from follow-on schedule check
[2023-10-29T14:34:57.540+0000] {logging_mixin.py:151} INFO - Changing /opt/***/logs/dag_id=simple_tasks/run_id=scheduled__2023-09-13T08:40:00+00:00/task_id=print_gm_task permission to 509
[2023-10-29T14:34:57.563+0000] {logging_mixin.py:151} INFO - Failed to change /opt/***/logs/dag_id=simple_tasks/run_id=scheduled__2023-09-13T08:40:00+00:00/task_id=print_gm_task permission to 509: [Errno 1] Operation not permitted: '/opt/***/logs/dag_id=simple_tasks/run_id=scheduled__2023-09-13T08:40:00+00:00/task_id=print_gm_task'
[2023-10-29T14:34:58.090+0000] {logging_mixin.py:151} INFO - Changing /opt/***/logs/dag_id=simple_tasks/run_id=scheduled__2023-09-13T08:40:00+00:00/task_id=print_gm_task permission to 509
[2023-10-29T14:34:58.092+0000] {logging_mixin.py:151} INFO - Failed to change /opt/***/logs/dag_id=simple_tasks/run_id=scheduled__2023-09-13T08:40:00+00:00/task_id=print_gm_task permission to 509: [Errno 1] Operation not permitted: '/opt/***/logs/dag_id=simple_tasks/run_id=scheduled__2023-09-13T08:40:00+00:00/task_id=print_gm_task'
[2023-10-29T14:34:58.241+0000] {taskinstance.py:1157} INFO - Dependencies all met for dep_context=non-requeueable deps ti=<TaskInstance: simple_tasks.print_gm_task scheduled__2023-09-13T08:40:00+00:00 [queued]>
[2023-10-29T14:34:58.289+0000] {taskinstance.py:1157} INFO - Dependencies all met for dep_context=requeueable deps ti=<TaskInstance: simple_tasks.print_gm_task scheduled__2023-09-13T08:40:00+00:00 [queued]>
[2023-10-29T14:34:58.292+0000] {taskinstance.py:1359} INFO - Starting attempt 1 of 1
[2023-10-29T14:34:58.401+0000] {taskinstance.py:1380} INFO - Executing <Task(BashOperator): print_gm_task> on 2023-09-13 08:40:00+00:00
[2023-10-29T14:34:58.432+0000] {standard_task_runner.py:57} INFO - Started process 230 to run task
[2023-10-29T14:34:58.484+0000] {standard_task_runner.py:84} INFO - Running: ['***', 'tasks', 'run', 'simple_tasks', 'print_gm_task', 'scheduled__2023-09-13T08:40:00+00:00', '--job-id', '16', '--raw', '--subdir', 'DAGS_FOLDER/script.py', '--cfg-path', '/tmp/tmpovu1787g']
[2023-10-29T14:34:58.502+0000] {standard_task_runner.py:85} INFO - Job 16: Subtask print_gm_task
[2023-10-29T14:34:58.843+0000] {logging_mixin.py:151} INFO - Changing /opt/***/logs/dag_id=simple_tasks/run_id=scheduled__2023-09-13T08:40:00+00:00/task_id=print_gm_task permission to 509
[2023-10-29T14:34:58.854+0000] {logging_mixin.py:151} INFO - Failed to change /opt/***/logs/dag_id=simple_tasks/run_id=scheduled__2023-09-13T08:40:00+00:00/task_id=print_gm_task permission to 509: [Errno 1] Operation not permitted: '/opt/***/logs/dag_id=simple_tasks/run_id=scheduled__2023-09-13T08:40:00+00:00/task_id=print_gm_task'
[2023-10-29T14:34:58.857+0000] {task_command.py:415} INFO - Running <TaskInstance: simple_tasks.print_gm_task scheduled__2023-09-13T08:40:00+00:00 [running]> on host 452e7b951e9d
[2023-10-29T14:34:59.252+0000] {taskinstance.py:1660} INFO - Exporting env vars: AIRFLOW_CTX_DAG_OWNER='***' AIRFLOW_CTX_DAG_ID='simple_tasks' AIRFLOW_CTX_TASK_ID='print_gm_task' AIRFLOW_CTX_EXECUTION_DATE='2023-09-13T08:40:00+00:00' AIRFLOW_CTX_TRY_NUMBER='1' AIRFLOW_CTX_DAG_RUN_ID='scheduled__2023-09-13T08:40:00+00:00'
[2023-10-29T14:34:59.256+0000] {subprocess.py:63} INFO - Tmp dir root location: /tmp
[2023-10-29T14:34:59.275+0000] {subprocess.py:75} INFO - Running command: ['/bin/bash', '-c', 'echo "Good morning, my diggers!"']
[2023-10-29T14:34:59.349+0000] {subprocess.py:86} INFO - Output:
[2023-10-29T14:34:59.353+0000] {subprocess.py:93} INFO - Good morning, my diggers!
[2023-10-29T14:34:59.372+0000] {subprocess.py:97} INFO - Command exited with return code 0
[2023-10-29T14:34:59.494+0000] {taskinstance.py:1398} INFO - Marking task as SUCCESS. dag_id=simple_tasks, task_id=print_gm_task, execution_date=20230913T084000, start_date=20231029T143458, end_date=20231029T143459
[2023-10-29T14:34:59.803+0000] {local_task_job_runner.py:228} INFO - Task exited with return code 0
[2023-10-29T14:34:59.873+0000] {taskinstance.py:2776} INFO - 1 downstream tasks scheduled from follow-on schedule check
