[2023-09-10T17:54:14.519+0000] {taskinstance.py:1157} INFO - Dependencies all met for dep_context=non-requeueable deps ti=<TaskInstance: simple_tasks.print_gm_task scheduled__2023-09-08T00:20:00+00:00 [queued]>
[2023-09-10T17:54:14.646+0000] {taskinstance.py:1157} INFO - Dependencies all met for dep_context=requeueable deps ti=<TaskInstance: simple_tasks.print_gm_task scheduled__2023-09-08T00:20:00+00:00 [queued]>
[2023-09-10T17:54:14.647+0000] {taskinstance.py:1359} INFO - Starting attempt 1 of 1
[2023-09-10T17:54:14.745+0000] {taskinstance.py:1380} INFO - Executing <Task(BashOperator): print_gm_task> on 2023-09-08 00:20:00+00:00
[2023-09-10T17:54:14.795+0000] {standard_task_runner.py:57} INFO - Started process 183 to run task
[2023-09-10T17:54:14.982+0000] {standard_task_runner.py:84} INFO - Running: ['***', 'tasks', 'run', 'simple_tasks', 'print_gm_task', 'scheduled__2023-09-08T00:20:00+00:00', '--job-id', '148', '--raw', '--subdir', 'DAGS_FOLDER/script.py', '--cfg-path', '/tmp/tmpf0_vqgfg']
[2023-09-10T17:54:15.002+0000] {standard_task_runner.py:85} INFO - Job 148: Subtask print_gm_task
[2023-09-10T17:54:17.109+0000] {task_command.py:415} INFO - Running <TaskInstance: simple_tasks.print_gm_task scheduled__2023-09-08T00:20:00+00:00 [running]> on host 3152b479582c
[2023-09-10T17:54:19.278+0000] {taskinstance.py:1660} INFO - Exporting env vars: AIRFLOW_CTX_DAG_OWNER='***' AIRFLOW_CTX_DAG_ID='simple_tasks' AIRFLOW_CTX_TASK_ID='print_gm_task' AIRFLOW_CTX_EXECUTION_DATE='2023-09-08T00:20:00+00:00' AIRFLOW_CTX_TRY_NUMBER='1' AIRFLOW_CTX_DAG_RUN_ID='scheduled__2023-09-08T00:20:00+00:00'
[2023-09-10T17:54:19.313+0000] {subprocess.py:63} INFO - Tmp dir root location: /tmp
[2023-09-10T17:54:19.336+0000] {subprocess.py:75} INFO - Running command: ['/bin/bash', '-c', 'echo "Good morning, my diggers!"']
[2023-09-10T17:54:19.778+0000] {subprocess.py:86} INFO - Output:
[2023-09-10T17:54:19.795+0000] {subprocess.py:93} INFO - Good morning, my diggers!
[2023-09-10T17:54:19.798+0000] {subprocess.py:97} INFO - Command exited with return code 0
[2023-09-10T17:54:20.131+0000] {taskinstance.py:1398} INFO - Marking task as SUCCESS. dag_id=simple_tasks, task_id=print_gm_task, execution_date=20230908T002000, start_date=20230910T175414, end_date=20230910T175420
[2023-09-10T17:54:20.933+0000] {local_task_job_runner.py:228} INFO - Task exited with return code 0
[2023-09-10T17:54:21.201+0000] {taskinstance.py:2776} INFO - 1 downstream tasks scheduled from follow-on schedule check
[2023-09-11T08:05:36.425+0000] {taskinstance.py:1157} INFO - Dependencies all met for dep_context=non-requeueable deps ti=<TaskInstance: simple_tasks.print_gm_task scheduled__2023-09-08T00:20:00+00:00 [queued]>
[2023-09-11T08:05:36.494+0000] {taskinstance.py:1157} INFO - Dependencies all met for dep_context=requeueable deps ti=<TaskInstance: simple_tasks.print_gm_task scheduled__2023-09-08T00:20:00+00:00 [queued]>
[2023-09-11T08:05:36.496+0000] {taskinstance.py:1359} INFO - Starting attempt 1 of 1
[2023-09-11T08:05:36.794+0000] {taskinstance.py:1380} INFO - Executing <Task(BashOperator): print_gm_task> on 2023-09-08 00:20:00+00:00
[2023-09-11T08:05:36.929+0000] {standard_task_runner.py:57} INFO - Started process 98 to run task
[2023-09-11T08:05:36.979+0000] {standard_task_runner.py:84} INFO - Running: ['***', 'tasks', 'run', 'simple_tasks', 'print_gm_task', 'scheduled__2023-09-08T00:20:00+00:00', '--job-id', '8', '--raw', '--subdir', 'DAGS_FOLDER/script.py', '--cfg-path', '/tmp/tmpeu7pifgo']
[2023-09-11T08:05:36.993+0000] {standard_task_runner.py:85} INFO - Job 8: Subtask print_gm_task
[2023-09-11T08:05:38.203+0000] {task_command.py:415} INFO - Running <TaskInstance: simple_tasks.print_gm_task scheduled__2023-09-08T00:20:00+00:00 [running]> on host 2c457fbd3561
[2023-09-11T08:05:44.244+0000] {taskinstance.py:1660} INFO - Exporting env vars: AIRFLOW_CTX_DAG_OWNER='***' AIRFLOW_CTX_DAG_ID='simple_tasks' AIRFLOW_CTX_TASK_ID='print_gm_task' AIRFLOW_CTX_EXECUTION_DATE='2023-09-08T00:20:00+00:00' AIRFLOW_CTX_TRY_NUMBER='1' AIRFLOW_CTX_DAG_RUN_ID='scheduled__2023-09-08T00:20:00+00:00'
[2023-09-11T08:05:44.388+0000] {subprocess.py:63} INFO - Tmp dir root location: /tmp
[2023-09-11T08:05:44.401+0000] {subprocess.py:75} INFO - Running command: ['/bin/bash', '-c', 'echo "Good morning, my diggers!"']
[2023-09-11T08:05:44.597+0000] {subprocess.py:86} INFO - Output:
[2023-09-11T08:05:44.688+0000] {subprocess.py:93} INFO - Good morning, my diggers!
[2023-09-11T08:05:44.708+0000] {subprocess.py:97} INFO - Command exited with return code 0
[2023-09-11T08:05:45.973+0000] {taskinstance.py:1398} INFO - Marking task as SUCCESS. dag_id=simple_tasks, task_id=print_gm_task, execution_date=20230908T002000, start_date=20230911T080536, end_date=20230911T080545
[2023-09-11T08:05:46.347+0000] {local_task_job_runner.py:228} INFO - Task exited with return code 0
[2023-09-11T08:05:46.458+0000] {taskinstance.py:2776} INFO - 1 downstream tasks scheduled from follow-on schedule check
[2023-09-11T08:16:53.783+0000] {taskinstance.py:1157} INFO - Dependencies all met for dep_context=non-requeueable deps ti=<TaskInstance: simple_tasks.print_gm_task scheduled__2023-09-08T00:20:00+00:00 [queued]>
[2023-09-11T08:16:53.875+0000] {taskinstance.py:1157} INFO - Dependencies all met for dep_context=requeueable deps ti=<TaskInstance: simple_tasks.print_gm_task scheduled__2023-09-08T00:20:00+00:00 [queued]>
[2023-09-11T08:16:53.885+0000] {taskinstance.py:1359} INFO - Starting attempt 1 of 1
[2023-09-11T08:16:54.585+0000] {taskinstance.py:1380} INFO - Executing <Task(BashOperator): print_gm_task> on 2023-09-08 00:20:00+00:00
[2023-09-11T08:16:54.622+0000] {standard_task_runner.py:57} INFO - Started process 98 to run task
[2023-09-11T08:16:54.754+0000] {standard_task_runner.py:84} INFO - Running: ['***', 'tasks', 'run', 'simple_tasks', 'print_gm_task', 'scheduled__2023-09-08T00:20:00+00:00', '--job-id', '6', '--raw', '--subdir', 'DAGS_FOLDER/script.py', '--cfg-path', '/tmp/tmp7xv5aizm']
[2023-09-11T08:16:54.880+0000] {standard_task_runner.py:85} INFO - Job 6: Subtask print_gm_task
[2023-09-11T08:16:57.575+0000] {task_command.py:415} INFO - Running <TaskInstance: simple_tasks.print_gm_task scheduled__2023-09-08T00:20:00+00:00 [running]> on host 47888c058366
[2023-09-11T08:16:59.059+0000] {taskinstance.py:1660} INFO - Exporting env vars: AIRFLOW_CTX_DAG_OWNER='***' AIRFLOW_CTX_DAG_ID='simple_tasks' AIRFLOW_CTX_TASK_ID='print_gm_task' AIRFLOW_CTX_EXECUTION_DATE='2023-09-08T00:20:00+00:00' AIRFLOW_CTX_TRY_NUMBER='1' AIRFLOW_CTX_DAG_RUN_ID='scheduled__2023-09-08T00:20:00+00:00'
[2023-09-11T08:16:59.066+0000] {subprocess.py:63} INFO - Tmp dir root location: /tmp
[2023-09-11T08:16:59.067+0000] {subprocess.py:75} INFO - Running command: ['/bin/bash', '-c', 'echo "Good morning, my diggers!"']
[2023-09-11T08:16:59.182+0000] {subprocess.py:86} INFO - Output:
[2023-09-11T08:16:59.185+0000] {subprocess.py:93} INFO - Good morning, my diggers!
[2023-09-11T08:16:59.187+0000] {subprocess.py:97} INFO - Command exited with return code 0
[2023-09-11T08:16:59.352+0000] {taskinstance.py:1398} INFO - Marking task as SUCCESS. dag_id=simple_tasks, task_id=print_gm_task, execution_date=20230908T002000, start_date=20230911T081653, end_date=20230911T081659
[2023-09-11T08:16:59.541+0000] {local_task_job_runner.py:228} INFO - Task exited with return code 0
[2023-09-11T08:16:59.755+0000] {taskinstance.py:2776} INFO - 1 downstream tasks scheduled from follow-on schedule check
