[2023-09-10T17:54:21.000+0000] {taskinstance.py:1157} INFO - Dependencies all met for dep_context=non-requeueable deps ti=<TaskInstance: simple_tasks.print_gm_task scheduled__2023-09-08T00:50:00+00:00 [queued]>
[2023-09-10T17:54:21.067+0000] {taskinstance.py:1157} INFO - Dependencies all met for dep_context=requeueable deps ti=<TaskInstance: simple_tasks.print_gm_task scheduled__2023-09-08T00:50:00+00:00 [queued]>
[2023-09-10T17:54:21.067+0000] {taskinstance.py:1359} INFO - Starting attempt 1 of 1
[2023-09-10T17:54:21.193+0000] {taskinstance.py:1380} INFO - Executing <Task(BashOperator): print_gm_task> on 2023-09-08 00:50:00+00:00
[2023-09-10T17:54:21.249+0000] {standard_task_runner.py:57} INFO - Started process 195 to run task
[2023-09-10T17:54:21.313+0000] {standard_task_runner.py:84} INFO - Running: ['***', 'tasks', 'run', 'simple_tasks', 'print_gm_task', 'scheduled__2023-09-08T00:50:00+00:00', '--job-id', '151', '--raw', '--subdir', 'DAGS_FOLDER/script.py', '--cfg-path', '/tmp/tmpfzjuus9n']
[2023-09-10T17:54:21.428+0000] {standard_task_runner.py:85} INFO - Job 151: Subtask print_gm_task
[2023-09-10T17:54:22.168+0000] {task_command.py:415} INFO - Running <TaskInstance: simple_tasks.print_gm_task scheduled__2023-09-08T00:50:00+00:00 [running]> on host 3152b479582c
[2023-09-10T17:54:22.611+0000] {taskinstance.py:1660} INFO - Exporting env vars: AIRFLOW_CTX_DAG_OWNER='***' AIRFLOW_CTX_DAG_ID='simple_tasks' AIRFLOW_CTX_TASK_ID='print_gm_task' AIRFLOW_CTX_EXECUTION_DATE='2023-09-08T00:50:00+00:00' AIRFLOW_CTX_TRY_NUMBER='1' AIRFLOW_CTX_DAG_RUN_ID='scheduled__2023-09-08T00:50:00+00:00'
[2023-09-10T17:54:22.615+0000] {subprocess.py:63} INFO - Tmp dir root location: /tmp
[2023-09-10T17:54:22.617+0000] {subprocess.py:75} INFO - Running command: ['/bin/bash', '-c', 'echo "Good morning, my diggers!"']
[2023-09-10T17:54:22.669+0000] {subprocess.py:86} INFO - Output:
[2023-09-10T17:54:22.671+0000] {subprocess.py:93} INFO - Good morning, my diggers!
[2023-09-10T17:54:22.672+0000] {subprocess.py:97} INFO - Command exited with return code 0
[2023-09-10T17:54:22.846+0000] {taskinstance.py:1398} INFO - Marking task as SUCCESS. dag_id=simple_tasks, task_id=print_gm_task, execution_date=20230908T005000, start_date=20230910T175421, end_date=20230910T175422
[2023-09-10T17:54:22.941+0000] {local_task_job_runner.py:228} INFO - Task exited with return code 0
[2023-09-10T17:54:24.131+0000] {taskinstance.py:2776} INFO - 0 downstream tasks scheduled from follow-on schedule check
[2023-09-11T08:05:33.731+0000] {taskinstance.py:1157} INFO - Dependencies all met for dep_context=non-requeueable deps ti=<TaskInstance: simple_tasks.print_gm_task scheduled__2023-09-08T00:50:00+00:00 [queued]>
[2023-09-11T08:05:33.851+0000] {taskinstance.py:1157} INFO - Dependencies all met for dep_context=requeueable deps ti=<TaskInstance: simple_tasks.print_gm_task scheduled__2023-09-08T00:50:00+00:00 [queued]>
[2023-09-11T08:05:33.858+0000] {taskinstance.py:1359} INFO - Starting attempt 1 of 1
[2023-09-11T08:05:33.972+0000] {taskinstance.py:1380} INFO - Executing <Task(BashOperator): print_gm_task> on 2023-09-08 00:50:00+00:00
[2023-09-11T08:05:33.995+0000] {standard_task_runner.py:57} INFO - Started process 88 to run task
[2023-09-11T08:05:34.213+0000] {standard_task_runner.py:84} INFO - Running: ['***', 'tasks', 'run', 'simple_tasks', 'print_gm_task', 'scheduled__2023-09-08T00:50:00+00:00', '--job-id', '6', '--raw', '--subdir', 'DAGS_FOLDER/script.py', '--cfg-path', '/tmp/tmp0s28tlox']
[2023-09-11T08:05:34.624+0000] {standard_task_runner.py:85} INFO - Job 6: Subtask print_gm_task
[2023-09-11T08:05:35.948+0000] {task_command.py:415} INFO - Running <TaskInstance: simple_tasks.print_gm_task scheduled__2023-09-08T00:50:00+00:00 [running]> on host 2c457fbd3561
[2023-09-11T08:05:37.896+0000] {taskinstance.py:1660} INFO - Exporting env vars: AIRFLOW_CTX_DAG_OWNER='***' AIRFLOW_CTX_DAG_ID='simple_tasks' AIRFLOW_CTX_TASK_ID='print_gm_task' AIRFLOW_CTX_EXECUTION_DATE='2023-09-08T00:50:00+00:00' AIRFLOW_CTX_TRY_NUMBER='1' AIRFLOW_CTX_DAG_RUN_ID='scheduled__2023-09-08T00:50:00+00:00'
[2023-09-11T08:05:37.905+0000] {subprocess.py:63} INFO - Tmp dir root location: /tmp
[2023-09-11T08:05:37.910+0000] {subprocess.py:75} INFO - Running command: ['/bin/bash', '-c', 'echo "Good morning, my diggers!"']
[2023-09-11T08:05:37.945+0000] {subprocess.py:86} INFO - Output:
[2023-09-11T08:05:38.168+0000] {subprocess.py:93} INFO - Good morning, my diggers!
[2023-09-11T08:05:38.175+0000] {subprocess.py:97} INFO - Command exited with return code 0
[2023-09-11T08:05:38.657+0000] {taskinstance.py:1398} INFO - Marking task as SUCCESS. dag_id=simple_tasks, task_id=print_gm_task, execution_date=20230908T005000, start_date=20230911T080533, end_date=20230911T080538
[2023-09-11T08:05:43.186+0000] {local_task_job_runner.py:228} INFO - Task exited with return code 0
[2023-09-11T08:05:43.792+0000] {taskinstance.py:2776} INFO - 1 downstream tasks scheduled from follow-on schedule check
[2023-09-11T08:17:02.234+0000] {taskinstance.py:1157} INFO - Dependencies all met for dep_context=non-requeueable deps ti=<TaskInstance: simple_tasks.print_gm_task scheduled__2023-09-08T00:50:00+00:00 [queued]>
[2023-09-11T08:17:02.298+0000] {taskinstance.py:1157} INFO - Dependencies all met for dep_context=requeueable deps ti=<TaskInstance: simple_tasks.print_gm_task scheduled__2023-09-08T00:50:00+00:00 [queued]>
[2023-09-11T08:17:02.302+0000] {taskinstance.py:1359} INFO - Starting attempt 1 of 1
[2023-09-11T08:17:02.542+0000] {taskinstance.py:1380} INFO - Executing <Task(BashOperator): print_gm_task> on 2023-09-08 00:50:00+00:00
[2023-09-11T08:17:02.562+0000] {standard_task_runner.py:57} INFO - Started process 111 to run task
[2023-09-11T08:17:02.616+0000] {standard_task_runner.py:84} INFO - Running: ['***', 'tasks', 'run', 'simple_tasks', 'print_gm_task', 'scheduled__2023-09-08T00:50:00+00:00', '--job-id', '8', '--raw', '--subdir', 'DAGS_FOLDER/script.py', '--cfg-path', '/tmp/tmpos5mxcsl']
[2023-09-11T08:17:02.699+0000] {standard_task_runner.py:85} INFO - Job 8: Subtask print_gm_task
[2023-09-11T08:17:03.206+0000] {task_command.py:415} INFO - Running <TaskInstance: simple_tasks.print_gm_task scheduled__2023-09-08T00:50:00+00:00 [running]> on host 47888c058366
[2023-09-11T08:17:07.696+0000] {taskinstance.py:1660} INFO - Exporting env vars: AIRFLOW_CTX_DAG_OWNER='***' AIRFLOW_CTX_DAG_ID='simple_tasks' AIRFLOW_CTX_TASK_ID='print_gm_task' AIRFLOW_CTX_EXECUTION_DATE='2023-09-08T00:50:00+00:00' AIRFLOW_CTX_TRY_NUMBER='1' AIRFLOW_CTX_DAG_RUN_ID='scheduled__2023-09-08T00:50:00+00:00'
[2023-09-11T08:17:07.777+0000] {subprocess.py:63} INFO - Tmp dir root location: /tmp
[2023-09-11T08:17:07.805+0000] {subprocess.py:75} INFO - Running command: ['/bin/bash', '-c', 'echo "Good morning, my diggers!"']
[2023-09-11T08:17:08.077+0000] {subprocess.py:86} INFO - Output:
[2023-09-11T08:17:09.118+0000] {subprocess.py:93} INFO - Good morning, my diggers!
[2023-09-11T08:17:09.161+0000] {subprocess.py:97} INFO - Command exited with return code 0
[2023-09-11T08:17:09.523+0000] {taskinstance.py:1398} INFO - Marking task as SUCCESS. dag_id=simple_tasks, task_id=print_gm_task, execution_date=20230908T005000, start_date=20230911T081702, end_date=20230911T081709
[2023-09-11T08:17:09.705+0000] {local_task_job_runner.py:228} INFO - Task exited with return code 0
[2023-09-11T08:17:09.777+0000] {taskinstance.py:2776} INFO - 1 downstream tasks scheduled from follow-on schedule check
