[2023-09-10T17:54:50.835+0000] {taskinstance.py:1157} INFO - Dependencies all met for dep_context=non-requeueable deps ti=<TaskInstance: simple_tasks.print_gm_task scheduled__2023-09-08T02:50:00+00:00 [queued]>
[2023-09-10T17:54:50.851+0000] {taskinstance.py:1157} INFO - Dependencies all met for dep_context=requeueable deps ti=<TaskInstance: simple_tasks.print_gm_task scheduled__2023-09-08T02:50:00+00:00 [queued]>
[2023-09-10T17:54:50.852+0000] {taskinstance.py:1359} INFO - Starting attempt 1 of 1
[2023-09-10T17:54:50.873+0000] {taskinstance.py:1380} INFO - Executing <Task(BashOperator): print_gm_task> on 2023-09-08 02:50:00+00:00
[2023-09-10T17:54:50.882+0000] {standard_task_runner.py:57} INFO - Started process 280 to run task
[2023-09-10T17:54:50.893+0000] {standard_task_runner.py:84} INFO - Running: ['***', 'tasks', 'run', 'simple_tasks', 'print_gm_task', 'scheduled__2023-09-08T02:50:00+00:00', '--job-id', '176', '--raw', '--subdir', 'DAGS_FOLDER/script.py', '--cfg-path', '/tmp/tmpi55wcjkx']
[2023-09-10T17:54:50.902+0000] {standard_task_runner.py:85} INFO - Job 176: Subtask print_gm_task
[2023-09-10T17:54:51.127+0000] {task_command.py:415} INFO - Running <TaskInstance: simple_tasks.print_gm_task scheduled__2023-09-08T02:50:00+00:00 [running]> on host 3152b479582c
[2023-09-10T17:54:51.244+0000] {taskinstance.py:1660} INFO - Exporting env vars: AIRFLOW_CTX_DAG_OWNER='***' AIRFLOW_CTX_DAG_ID='simple_tasks' AIRFLOW_CTX_TASK_ID='print_gm_task' AIRFLOW_CTX_EXECUTION_DATE='2023-09-08T02:50:00+00:00' AIRFLOW_CTX_TRY_NUMBER='1' AIRFLOW_CTX_DAG_RUN_ID='scheduled__2023-09-08T02:50:00+00:00'
[2023-09-10T17:54:51.247+0000] {subprocess.py:63} INFO - Tmp dir root location: /tmp
[2023-09-10T17:54:51.248+0000] {subprocess.py:75} INFO - Running command: ['/bin/bash', '-c', 'echo "Good morning, my diggers!"']
[2023-09-10T17:54:51.263+0000] {subprocess.py:86} INFO - Output:
[2023-09-10T17:54:51.277+0000] {subprocess.py:93} INFO - Good morning, my diggers!
[2023-09-10T17:54:51.278+0000] {subprocess.py:97} INFO - Command exited with return code 0
[2023-09-10T17:54:51.390+0000] {taskinstance.py:1398} INFO - Marking task as SUCCESS. dag_id=simple_tasks, task_id=print_gm_task, execution_date=20230908T025000, start_date=20230910T175450, end_date=20230910T175451
[2023-09-10T17:54:51.424+0000] {local_task_job_runner.py:228} INFO - Task exited with return code 0
[2023-09-10T17:54:51.450+0000] {taskinstance.py:2776} INFO - 1 downstream tasks scheduled from follow-on schedule check
[2023-09-11T08:21:36.740+0000] {taskinstance.py:1157} INFO - Dependencies all met for dep_context=non-requeueable deps ti=<TaskInstance: simple_tasks.print_gm_task scheduled__2023-09-08T02:50:00+00:00 [queued]>
[2023-09-11T08:21:36.766+0000] {taskinstance.py:1157} INFO - Dependencies all met for dep_context=requeueable deps ti=<TaskInstance: simple_tasks.print_gm_task scheduled__2023-09-08T02:50:00+00:00 [queued]>
[2023-09-11T08:21:36.774+0000] {taskinstance.py:1359} INFO - Starting attempt 1 of 1
[2023-09-11T08:21:36.838+0000] {taskinstance.py:1380} INFO - Executing <Task(BashOperator): print_gm_task> on 2023-09-08 02:50:00+00:00
[2023-09-11T08:21:36.909+0000] {standard_task_runner.py:57} INFO - Started process 260 to run task
[2023-09-11T08:21:37.008+0000] {standard_task_runner.py:84} INFO - Running: ['***', 'tasks', 'run', 'simple_tasks', 'print_gm_task', 'scheduled__2023-09-08T02:50:00+00:00', '--job-id', '36', '--raw', '--subdir', 'DAGS_FOLDER/script.py', '--cfg-path', '/tmp/tmpmaeh04u7']
[2023-09-11T08:21:37.138+0000] {standard_task_runner.py:85} INFO - Job 36: Subtask print_gm_task
[2023-09-11T08:21:37.917+0000] {task_command.py:415} INFO - Running <TaskInstance: simple_tasks.print_gm_task scheduled__2023-09-08T02:50:00+00:00 [running]> on host 47888c058366
[2023-09-11T08:21:38.604+0000] {taskinstance.py:1660} INFO - Exporting env vars: AIRFLOW_CTX_DAG_OWNER='***' AIRFLOW_CTX_DAG_ID='simple_tasks' AIRFLOW_CTX_TASK_ID='print_gm_task' AIRFLOW_CTX_EXECUTION_DATE='2023-09-08T02:50:00+00:00' AIRFLOW_CTX_TRY_NUMBER='1' AIRFLOW_CTX_DAG_RUN_ID='scheduled__2023-09-08T02:50:00+00:00'
[2023-09-11T08:21:38.643+0000] {subprocess.py:63} INFO - Tmp dir root location: /tmp
[2023-09-11T08:21:38.654+0000] {subprocess.py:75} INFO - Running command: ['/bin/bash', '-c', 'echo "Good morning, my diggers!"']
[2023-09-11T08:21:38.762+0000] {subprocess.py:86} INFO - Output:
[2023-09-11T08:21:38.771+0000] {subprocess.py:93} INFO - Good morning, my diggers!
[2023-09-11T08:21:38.779+0000] {subprocess.py:97} INFO - Command exited with return code 0
[2023-09-11T08:21:39.091+0000] {taskinstance.py:1398} INFO - Marking task as SUCCESS. dag_id=simple_tasks, task_id=print_gm_task, execution_date=20230908T025000, start_date=20230911T082136, end_date=20230911T082139
[2023-09-11T08:21:39.822+0000] {local_task_job_runner.py:228} INFO - Task exited with return code 0
[2023-09-11T08:21:39.968+0000] {taskinstance.py:2776} INFO - 1 downstream tasks scheduled from follow-on schedule check
