[2023-09-12T15:40:16.755+0000] {taskinstance.py:1157} INFO - Dependencies all met for dep_context=non-requeueable deps ti=<TaskInstance: simple_tasks.print_gm_task scheduled__2023-09-12T15:40:00+00:00 [queued]>
[2023-09-12T15:40:16.763+0000] {taskinstance.py:1157} INFO - Dependencies all met for dep_context=requeueable deps ti=<TaskInstance: simple_tasks.print_gm_task scheduled__2023-09-12T15:40:00+00:00 [queued]>
[2023-09-12T15:40:16.764+0000] {taskinstance.py:1359} INFO - Starting attempt 1 of 1
[2023-09-12T15:40:16.777+0000] {taskinstance.py:1380} INFO - Executing <Task(BashOperator): print_gm_task> on 2023-09-12 15:40:00+00:00
[2023-09-12T15:40:16.784+0000] {standard_task_runner.py:57} INFO - Started process 3078 to run task
[2023-09-12T15:40:16.787+0000] {standard_task_runner.py:84} INFO - Running: ['***', 'tasks', 'run', 'simple_tasks', 'print_gm_task', 'scheduled__2023-09-12T15:40:00+00:00', '--job-id', '570', '--raw', '--subdir', 'DAGS_FOLDER/script.py', '--cfg-path', '/tmp/tmpj911egyy']
[2023-09-12T15:40:16.790+0000] {standard_task_runner.py:85} INFO - Job 570: Subtask print_gm_task
[2023-09-12T15:40:16.839+0000] {task_command.py:415} INFO - Running <TaskInstance: simple_tasks.print_gm_task scheduled__2023-09-12T15:40:00+00:00 [running]> on host fbfbca5b9527
[2023-09-12T15:40:16.925+0000] {taskinstance.py:1660} INFO - Exporting env vars: AIRFLOW_CTX_DAG_OWNER='***' AIRFLOW_CTX_DAG_ID='simple_tasks' AIRFLOW_CTX_TASK_ID='print_gm_task' AIRFLOW_CTX_EXECUTION_DATE='2023-09-12T15:40:00+00:00' AIRFLOW_CTX_TRY_NUMBER='1' AIRFLOW_CTX_DAG_RUN_ID='scheduled__2023-09-12T15:40:00+00:00'
[2023-09-12T15:40:16.928+0000] {subprocess.py:63} INFO - Tmp dir root location: /tmp
[2023-09-12T15:40:16.929+0000] {subprocess.py:75} INFO - Running command: ['/bin/bash', '-c', 'echo "Good morning, my diggers!"']
[2023-09-12T15:40:16.942+0000] {subprocess.py:86} INFO - Output:
[2023-09-12T15:40:16.943+0000] {subprocess.py:93} INFO - Good morning, my diggers!
[2023-09-12T15:40:16.944+0000] {subprocess.py:97} INFO - Command exited with return code 0
[2023-09-12T15:40:16.972+0000] {taskinstance.py:1398} INFO - Marking task as SUCCESS. dag_id=simple_tasks, task_id=print_gm_task, execution_date=20230912T154000, start_date=20230912T154016, end_date=20230912T154016
[2023-09-12T15:40:16.999+0000] {local_task_job_runner.py:228} INFO - Task exited with return code 0
[2023-09-12T15:40:17.019+0000] {taskinstance.py:2776} INFO - 1 downstream tasks scheduled from follow-on schedule check
[2023-09-12T22:10:11.254+0000] {logging_mixin.py:151} INFO - Changing /opt/***/logs/dag_id=simple_tasks/run_id=scheduled__2023-09-12T15:40:00+00:00/task_id=print_gm_task permission to 509
[2023-09-12T22:10:11.349+0000] {logging_mixin.py:151} INFO - Failed to change /opt/***/logs/dag_id=simple_tasks/run_id=scheduled__2023-09-12T15:40:00+00:00/task_id=print_gm_task permission to 509: [Errno 1] Operation not permitted: '/opt/***/logs/dag_id=simple_tasks/run_id=scheduled__2023-09-12T15:40:00+00:00/task_id=print_gm_task'
[2023-09-12T22:10:11.431+0000] {logging_mixin.py:151} INFO - Changing /opt/***/logs/dag_id=simple_tasks/run_id=scheduled__2023-09-12T15:40:00+00:00/task_id=print_gm_task permission to 509
[2023-09-12T22:10:11.432+0000] {logging_mixin.py:151} INFO - Failed to change /opt/***/logs/dag_id=simple_tasks/run_id=scheduled__2023-09-12T15:40:00+00:00/task_id=print_gm_task permission to 509: [Errno 1] Operation not permitted: '/opt/***/logs/dag_id=simple_tasks/run_id=scheduled__2023-09-12T15:40:00+00:00/task_id=print_gm_task'
[2023-09-12T22:10:11.496+0000] {taskinstance.py:1157} INFO - Dependencies all met for dep_context=non-requeueable deps ti=<TaskInstance: simple_tasks.print_gm_task scheduled__2023-09-12T15:40:00+00:00 [queued]>
[2023-09-12T22:10:11.514+0000] {taskinstance.py:1157} INFO - Dependencies all met for dep_context=requeueable deps ti=<TaskInstance: simple_tasks.print_gm_task scheduled__2023-09-12T15:40:00+00:00 [queued]>
[2023-09-12T22:10:11.515+0000] {taskinstance.py:1359} INFO - Starting attempt 1 of 1
[2023-09-12T22:10:11.700+0000] {taskinstance.py:1380} INFO - Executing <Task(BashOperator): print_gm_task> on 2023-09-12 15:40:00+00:00
[2023-09-12T22:10:11.715+0000] {standard_task_runner.py:57} INFO - Started process 128 to run task
[2023-09-12T22:10:11.765+0000] {standard_task_runner.py:84} INFO - Running: ['***', 'tasks', 'run', 'simple_tasks', 'print_gm_task', 'scheduled__2023-09-12T15:40:00+00:00', '--job-id', '13', '--raw', '--subdir', 'DAGS_FOLDER/script.py', '--cfg-path', '/tmp/tmp2avht0cz']
[2023-09-12T22:10:11.828+0000] {standard_task_runner.py:85} INFO - Job 13: Subtask print_gm_task
[2023-09-12T22:10:12.053+0000] {logging_mixin.py:151} INFO - Changing /opt/***/logs/dag_id=simple_tasks/run_id=scheduled__2023-09-12T15:40:00+00:00/task_id=print_gm_task permission to 509
[2023-09-12T22:10:12.056+0000] {logging_mixin.py:151} INFO - Failed to change /opt/***/logs/dag_id=simple_tasks/run_id=scheduled__2023-09-12T15:40:00+00:00/task_id=print_gm_task permission to 509: [Errno 1] Operation not permitted: '/opt/***/logs/dag_id=simple_tasks/run_id=scheduled__2023-09-12T15:40:00+00:00/task_id=print_gm_task'
[2023-09-12T22:10:12.080+0000] {task_command.py:415} INFO - Running <TaskInstance: simple_tasks.print_gm_task scheduled__2023-09-12T15:40:00+00:00 [running]> on host 8df8606c974e
[2023-09-12T22:10:12.737+0000] {taskinstance.py:1660} INFO - Exporting env vars: AIRFLOW_CTX_DAG_OWNER='***' AIRFLOW_CTX_DAG_ID='simple_tasks' AIRFLOW_CTX_TASK_ID='print_gm_task' AIRFLOW_CTX_EXECUTION_DATE='2023-09-12T15:40:00+00:00' AIRFLOW_CTX_TRY_NUMBER='1' AIRFLOW_CTX_DAG_RUN_ID='scheduled__2023-09-12T15:40:00+00:00'
[2023-09-12T22:10:12.746+0000] {subprocess.py:63} INFO - Tmp dir root location: /tmp
[2023-09-12T22:10:12.747+0000] {subprocess.py:75} INFO - Running command: ['/bin/bash', '-c', 'echo "Good morning, my diggers!"']
[2023-09-12T22:10:12.774+0000] {subprocess.py:86} INFO - Output:
[2023-09-12T22:10:12.780+0000] {subprocess.py:93} INFO - Good morning, my diggers!
[2023-09-12T22:10:12.782+0000] {subprocess.py:97} INFO - Command exited with return code 0
[2023-09-12T22:10:12.912+0000] {taskinstance.py:1398} INFO - Marking task as SUCCESS. dag_id=simple_tasks, task_id=print_gm_task, execution_date=20230912T154000, start_date=20230912T221011, end_date=20230912T221012
[2023-09-12T22:10:13.127+0000] {local_task_job_runner.py:228} INFO - Task exited with return code 0
[2023-09-12T22:10:13.365+0000] {taskinstance.py:2776} INFO - 0 downstream tasks scheduled from follow-on schedule check
