[2023-09-12T15:00:16.236+0000] {taskinstance.py:1157} INFO - Dependencies all met for dep_context=non-requeueable deps ti=<TaskInstance: simple_tasks.print_gm_task scheduled__2023-09-12T15:00:00+00:00 [queued]>
[2023-09-12T15:00:16.245+0000] {taskinstance.py:1157} INFO - Dependencies all met for dep_context=requeueable deps ti=<TaskInstance: simple_tasks.print_gm_task scheduled__2023-09-12T15:00:00+00:00 [queued]>
[2023-09-12T15:00:16.245+0000] {taskinstance.py:1359} INFO - Starting attempt 1 of 1
[2023-09-12T15:00:16.259+0000] {taskinstance.py:1380} INFO - Executing <Task(BashOperator): print_gm_task> on 2023-09-12 15:00:00+00:00
[2023-09-12T15:00:16.285+0000] {standard_task_runner.py:57} INFO - Started process 1356 to run task
[2023-09-12T15:00:16.290+0000] {standard_task_runner.py:84} INFO - Running: ['***', 'tasks', 'run', 'simple_tasks', 'print_gm_task', 'scheduled__2023-09-12T15:00:00+00:00', '--job-id', '250', '--raw', '--subdir', 'DAGS_FOLDER/script.py', '--cfg-path', '/tmp/tmpfzpftcjb']
[2023-09-12T15:00:16.293+0000] {standard_task_runner.py:85} INFO - Job 250: Subtask print_gm_task
[2023-09-12T15:00:16.385+0000] {task_command.py:415} INFO - Running <TaskInstance: simple_tasks.print_gm_task scheduled__2023-09-12T15:00:00+00:00 [running]> on host fbfbca5b9527
[2023-09-12T15:00:16.466+0000] {taskinstance.py:1660} INFO - Exporting env vars: AIRFLOW_CTX_DAG_OWNER='***' AIRFLOW_CTX_DAG_ID='simple_tasks' AIRFLOW_CTX_TASK_ID='print_gm_task' AIRFLOW_CTX_EXECUTION_DATE='2023-09-12T15:00:00+00:00' AIRFLOW_CTX_TRY_NUMBER='1' AIRFLOW_CTX_DAG_RUN_ID='scheduled__2023-09-12T15:00:00+00:00'
[2023-09-12T15:00:16.468+0000] {subprocess.py:63} INFO - Tmp dir root location: /tmp
[2023-09-12T15:00:16.468+0000] {subprocess.py:75} INFO - Running command: ['/bin/bash', '-c', 'echo "Good morning, my diggers!"']
[2023-09-12T15:00:16.481+0000] {subprocess.py:86} INFO - Output:
[2023-09-12T15:00:16.482+0000] {subprocess.py:93} INFO - Good morning, my diggers!
[2023-09-12T15:00:16.482+0000] {subprocess.py:97} INFO - Command exited with return code 0
[2023-09-12T15:00:16.510+0000] {taskinstance.py:1398} INFO - Marking task as SUCCESS. dag_id=simple_tasks, task_id=print_gm_task, execution_date=20230912T150000, start_date=20230912T150016, end_date=20230912T150016
[2023-09-12T15:00:16.543+0000] {local_task_job_runner.py:228} INFO - Task exited with return code 0
[2023-09-12T15:00:16.563+0000] {taskinstance.py:2776} INFO - 1 downstream tasks scheduled from follow-on schedule check
[2023-09-12T22:10:03.850+0000] {logging_mixin.py:151} INFO - Changing /opt/***/logs/dag_id=simple_tasks/run_id=scheduled__2023-09-12T15:00:00+00:00/task_id=print_gm_task permission to 509
[2023-09-12T22:10:03.861+0000] {logging_mixin.py:151} INFO - Failed to change /opt/***/logs/dag_id=simple_tasks/run_id=scheduled__2023-09-12T15:00:00+00:00/task_id=print_gm_task permission to 509: [Errno 1] Operation not permitted: '/opt/***/logs/dag_id=simple_tasks/run_id=scheduled__2023-09-12T15:00:00+00:00/task_id=print_gm_task'
[2023-09-12T22:10:04.693+0000] {logging_mixin.py:151} INFO - Changing /opt/***/logs/dag_id=simple_tasks/run_id=scheduled__2023-09-12T15:00:00+00:00/task_id=print_gm_task permission to 509
[2023-09-12T22:10:04.698+0000] {logging_mixin.py:151} INFO - Failed to change /opt/***/logs/dag_id=simple_tasks/run_id=scheduled__2023-09-12T15:00:00+00:00/task_id=print_gm_task permission to 509: [Errno 1] Operation not permitted: '/opt/***/logs/dag_id=simple_tasks/run_id=scheduled__2023-09-12T15:00:00+00:00/task_id=print_gm_task'
[2023-09-12T22:10:04.932+0000] {taskinstance.py:1157} INFO - Dependencies all met for dep_context=non-requeueable deps ti=<TaskInstance: simple_tasks.print_gm_task scheduled__2023-09-12T15:00:00+00:00 [queued]>
[2023-09-12T22:10:04.971+0000] {taskinstance.py:1157} INFO - Dependencies all met for dep_context=requeueable deps ti=<TaskInstance: simple_tasks.print_gm_task scheduled__2023-09-12T15:00:00+00:00 [queued]>
[2023-09-12T22:10:04.978+0000] {taskinstance.py:1359} INFO - Starting attempt 1 of 1
[2023-09-12T22:10:05.051+0000] {taskinstance.py:1380} INFO - Executing <Task(BashOperator): print_gm_task> on 2023-09-12 15:00:00+00:00
[2023-09-12T22:10:05.154+0000] {standard_task_runner.py:57} INFO - Started process 98 to run task
[2023-09-12T22:10:05.239+0000] {standard_task_runner.py:84} INFO - Running: ['***', 'tasks', 'run', 'simple_tasks', 'print_gm_task', 'scheduled__2023-09-12T15:00:00+00:00', '--job-id', '7', '--raw', '--subdir', 'DAGS_FOLDER/script.py', '--cfg-path', '/tmp/tmpt9im2ac9']
[2023-09-12T22:10:05.301+0000] {standard_task_runner.py:85} INFO - Job 7: Subtask print_gm_task
[2023-09-12T22:10:06.388+0000] {logging_mixin.py:151} INFO - Changing /opt/***/logs/dag_id=simple_tasks/run_id=scheduled__2023-09-12T15:00:00+00:00/task_id=print_gm_task permission to 509
[2023-09-12T22:10:06.391+0000] {logging_mixin.py:151} INFO - Failed to change /opt/***/logs/dag_id=simple_tasks/run_id=scheduled__2023-09-12T15:00:00+00:00/task_id=print_gm_task permission to 509: [Errno 1] Operation not permitted: '/opt/***/logs/dag_id=simple_tasks/run_id=scheduled__2023-09-12T15:00:00+00:00/task_id=print_gm_task'
[2023-09-12T22:10:06.409+0000] {task_command.py:415} INFO - Running <TaskInstance: simple_tasks.print_gm_task scheduled__2023-09-12T15:00:00+00:00 [running]> on host 8df8606c974e
[2023-09-12T22:10:06.983+0000] {taskinstance.py:1660} INFO - Exporting env vars: AIRFLOW_CTX_DAG_OWNER='***' AIRFLOW_CTX_DAG_ID='simple_tasks' AIRFLOW_CTX_TASK_ID='print_gm_task' AIRFLOW_CTX_EXECUTION_DATE='2023-09-12T15:00:00+00:00' AIRFLOW_CTX_TRY_NUMBER='1' AIRFLOW_CTX_DAG_RUN_ID='scheduled__2023-09-12T15:00:00+00:00'
[2023-09-12T22:10:07.018+0000] {subprocess.py:63} INFO - Tmp dir root location: /tmp
[2023-09-12T22:10:07.022+0000] {subprocess.py:75} INFO - Running command: ['/bin/bash', '-c', 'echo "Good morning, my diggers!"']
[2023-09-12T22:10:07.759+0000] {subprocess.py:86} INFO - Output:
[2023-09-12T22:10:07.963+0000] {subprocess.py:93} INFO - Good morning, my diggers!
[2023-09-12T22:10:07.970+0000] {subprocess.py:97} INFO - Command exited with return code 0
[2023-09-12T22:10:08.189+0000] {taskinstance.py:1398} INFO - Marking task as SUCCESS. dag_id=simple_tasks, task_id=print_gm_task, execution_date=20230912T150000, start_date=20230912T221004, end_date=20230912T221008
[2023-09-12T22:10:08.444+0000] {local_task_job_runner.py:228} INFO - Task exited with return code 0
[2023-09-12T22:10:08.515+0000] {taskinstance.py:2776} INFO - 1 downstream tasks scheduled from follow-on schedule check
