[2023-09-12T15:50:17.923+0000] {taskinstance.py:1157} INFO - Dependencies all met for dep_context=non-requeueable deps ti=<TaskInstance: simple_tasks.exchange_data_task scheduled__2023-09-12T15:50:00+00:00 [queued]>
[2023-09-12T15:50:17.931+0000] {taskinstance.py:1157} INFO - Dependencies all met for dep_context=requeueable deps ti=<TaskInstance: simple_tasks.exchange_data_task scheduled__2023-09-12T15:50:00+00:00 [queued]>
[2023-09-12T15:50:17.932+0000] {taskinstance.py:1359} INFO - Starting attempt 1 of 1
[2023-09-12T15:50:17.943+0000] {taskinstance.py:1380} INFO - Executing <Task(PythonOperator): exchange_data_task> on 2023-09-12 15:50:00+00:00
[2023-09-12T15:50:17.949+0000] {standard_task_runner.py:57} INFO - Started process 3515 to run task
[2023-09-12T15:50:17.952+0000] {standard_task_runner.py:84} INFO - Running: ['***', 'tasks', 'run', 'simple_tasks', 'exchange_data_task', 'scheduled__2023-09-12T15:50:00+00:00', '--job-id', '651', '--raw', '--subdir', 'DAGS_FOLDER/script.py', '--cfg-path', '/tmp/tmpqmbuyey1']
[2023-09-12T15:50:17.955+0000] {standard_task_runner.py:85} INFO - Job 651: Subtask exchange_data_task
[2023-09-12T15:50:17.995+0000] {task_command.py:415} INFO - Running <TaskInstance: simple_tasks.exchange_data_task scheduled__2023-09-12T15:50:00+00:00 [running]> on host fbfbca5b9527
[2023-09-12T15:50:18.135+0000] {taskinstance.py:1660} INFO - Exporting env vars: AIRFLOW_CTX_DAG_OWNER='***' AIRFLOW_CTX_DAG_ID='simple_tasks' AIRFLOW_CTX_TASK_ID='exchange_data_task' AIRFLOW_CTX_EXECUTION_DATE='2023-09-12T15:50:00+00:00' AIRFLOW_CTX_TRY_NUMBER='1' AIRFLOW_CTX_DAG_RUN_ID='scheduled__2023-09-12T15:50:00+00:00'
[2023-09-12T15:50:18.823+0000] {logging_mixin.py:151} INFO - Connected
[2023-09-12T15:50:18.823+0000] {logging_mixin.py:151} INFO - ('2023-09-12 15:50:18','BTC','RUB',2404181.214286)
[2023-09-12T15:50:18.831+0000] {python.py:194} INFO - Done. Returned value was: None
[2023-09-12T15:50:18.839+0000] {taskinstance.py:1398} INFO - Marking task as SUCCESS. dag_id=simple_tasks, task_id=exchange_data_task, execution_date=20230912T155000, start_date=20230912T155017, end_date=20230912T155018
[2023-09-12T15:50:18.886+0000] {local_task_job_runner.py:228} INFO - Task exited with return code 0
[2023-09-12T15:50:18.900+0000] {taskinstance.py:2776} INFO - 0 downstream tasks scheduled from follow-on schedule check
[2023-09-12T22:10:20.562+0000] {logging_mixin.py:151} INFO - Changing /opt/***/logs/dag_id=simple_tasks/run_id=scheduled__2023-09-12T15:50:00+00:00/task_id=exchange_data_task permission to 509
[2023-09-12T22:10:20.654+0000] {logging_mixin.py:151} INFO - Failed to change /opt/***/logs/dag_id=simple_tasks/run_id=scheduled__2023-09-12T15:50:00+00:00/task_id=exchange_data_task permission to 509: [Errno 1] Operation not permitted: '/opt/***/logs/dag_id=simple_tasks/run_id=scheduled__2023-09-12T15:50:00+00:00/task_id=exchange_data_task'
[2023-09-12T22:10:20.717+0000] {logging_mixin.py:151} INFO - Changing /opt/***/logs/dag_id=simple_tasks/run_id=scheduled__2023-09-12T15:50:00+00:00/task_id=exchange_data_task permission to 509
[2023-09-12T22:10:20.718+0000] {logging_mixin.py:151} INFO - Failed to change /opt/***/logs/dag_id=simple_tasks/run_id=scheduled__2023-09-12T15:50:00+00:00/task_id=exchange_data_task permission to 509: [Errno 1] Operation not permitted: '/opt/***/logs/dag_id=simple_tasks/run_id=scheduled__2023-09-12T15:50:00+00:00/task_id=exchange_data_task'
[2023-09-12T22:10:20.787+0000] {taskinstance.py:1157} INFO - Dependencies all met for dep_context=non-requeueable deps ti=<TaskInstance: simple_tasks.exchange_data_task scheduled__2023-09-12T15:50:00+00:00 [queued]>
[2023-09-12T22:10:20.802+0000] {taskinstance.py:1157} INFO - Dependencies all met for dep_context=requeueable deps ti=<TaskInstance: simple_tasks.exchange_data_task scheduled__2023-09-12T15:50:00+00:00 [queued]>
[2023-09-12T22:10:20.803+0000] {taskinstance.py:1359} INFO - Starting attempt 1 of 1
[2023-09-12T22:10:20.840+0000] {taskinstance.py:1380} INFO - Executing <Task(PythonOperator): exchange_data_task> on 2023-09-12 15:50:00+00:00
[2023-09-12T22:10:20.849+0000] {standard_task_runner.py:57} INFO - Started process 159 to run task
[2023-09-12T22:10:20.870+0000] {standard_task_runner.py:84} INFO - Running: ['***', 'tasks', 'run', 'simple_tasks', 'exchange_data_task', 'scheduled__2023-09-12T15:50:00+00:00', '--job-id', '24', '--raw', '--subdir', 'DAGS_FOLDER/script.py', '--cfg-path', '/tmp/tmp5vbui9v2']
[2023-09-12T22:10:20.874+0000] {standard_task_runner.py:85} INFO - Job 24: Subtask exchange_data_task
[2023-09-12T22:10:20.959+0000] {logging_mixin.py:151} INFO - Changing /opt/***/logs/dag_id=simple_tasks/run_id=scheduled__2023-09-12T15:50:00+00:00/task_id=exchange_data_task permission to 509
[2023-09-12T22:10:20.960+0000] {logging_mixin.py:151} INFO - Failed to change /opt/***/logs/dag_id=simple_tasks/run_id=scheduled__2023-09-12T15:50:00+00:00/task_id=exchange_data_task permission to 509: [Errno 1] Operation not permitted: '/opt/***/logs/dag_id=simple_tasks/run_id=scheduled__2023-09-12T15:50:00+00:00/task_id=exchange_data_task'
[2023-09-12T22:10:20.962+0000] {task_command.py:415} INFO - Running <TaskInstance: simple_tasks.exchange_data_task scheduled__2023-09-12T15:50:00+00:00 [running]> on host 8df8606c974e
[2023-09-12T22:10:21.107+0000] {taskinstance.py:1660} INFO - Exporting env vars: AIRFLOW_CTX_DAG_OWNER='***' AIRFLOW_CTX_DAG_ID='simple_tasks' AIRFLOW_CTX_TASK_ID='exchange_data_task' AIRFLOW_CTX_EXECUTION_DATE='2023-09-12T15:50:00+00:00' AIRFLOW_CTX_TRY_NUMBER='1' AIRFLOW_CTX_DAG_RUN_ID='scheduled__2023-09-12T15:50:00+00:00'
[2023-09-12T22:10:22.058+0000] {logging_mixin.py:151} INFO - Connected
[2023-09-12T22:10:22.060+0000] {logging_mixin.py:151} INFO - ('2023-09-12 22:10:22','BTC','RUB',2488040.439024)
[2023-09-12T22:10:22.094+0000] {python.py:194} INFO - Done. Returned value was: None
[2023-09-12T22:10:22.115+0000] {taskinstance.py:1398} INFO - Marking task as SUCCESS. dag_id=simple_tasks, task_id=exchange_data_task, execution_date=20230912T155000, start_date=20230912T221020, end_date=20230912T221022
[2023-09-12T22:10:22.158+0000] {local_task_job_runner.py:228} INFO - Task exited with return code 0
[2023-09-12T22:10:22.197+0000] {taskinstance.py:2776} INFO - 0 downstream tasks scheduled from follow-on schedule check
