[2023-09-10T17:54:15.435+0000] {taskinstance.py:1157} INFO - Dependencies all met for dep_context=non-requeueable deps ti=<TaskInstance: simple_tasks.print_gm_task scheduled__2023-09-08T01:00:00+00:00 [queued]>
[2023-09-10T17:54:15.464+0000] {taskinstance.py:1157} INFO - Dependencies all met for dep_context=requeueable deps ti=<TaskInstance: simple_tasks.print_gm_task scheduled__2023-09-08T01:00:00+00:00 [queued]>
[2023-09-10T17:54:15.474+0000] {taskinstance.py:1359} INFO - Starting attempt 1 of 1
[2023-09-10T17:54:15.614+0000] {taskinstance.py:1380} INFO - Executing <Task(BashOperator): print_gm_task> on 2023-09-08 01:00:00+00:00
[2023-09-10T17:54:16.123+0000] {standard_task_runner.py:57} INFO - Started process 186 to run task
[2023-09-10T17:54:17.416+0000] {standard_task_runner.py:84} INFO - Running: ['***', 'tasks', 'run', 'simple_tasks', 'print_gm_task', 'scheduled__2023-09-08T01:00:00+00:00', '--job-id', '149', '--raw', '--subdir', 'DAGS_FOLDER/script.py', '--cfg-path', '/tmp/tmp0xhv8icq']
[2023-09-10T17:54:17.901+0000] {standard_task_runner.py:85} INFO - Job 149: Subtask print_gm_task
[2023-09-10T17:54:18.844+0000] {task_command.py:415} INFO - Running <TaskInstance: simple_tasks.print_gm_task scheduled__2023-09-08T01:00:00+00:00 [running]> on host 3152b479582c
[2023-09-10T17:54:20.189+0000] {taskinstance.py:1660} INFO - Exporting env vars: AIRFLOW_CTX_DAG_OWNER='***' AIRFLOW_CTX_DAG_ID='simple_tasks' AIRFLOW_CTX_TASK_ID='print_gm_task' AIRFLOW_CTX_EXECUTION_DATE='2023-09-08T01:00:00+00:00' AIRFLOW_CTX_TRY_NUMBER='1' AIRFLOW_CTX_DAG_RUN_ID='scheduled__2023-09-08T01:00:00+00:00'
[2023-09-10T17:54:20.199+0000] {subprocess.py:63} INFO - Tmp dir root location: /tmp
[2023-09-10T17:54:20.211+0000] {subprocess.py:75} INFO - Running command: ['/bin/bash', '-c', 'echo "Good morning, my diggers!"']
[2023-09-10T17:54:20.270+0000] {subprocess.py:86} INFO - Output:
[2023-09-10T17:54:20.276+0000] {subprocess.py:93} INFO - Good morning, my diggers!
[2023-09-10T17:54:20.277+0000] {subprocess.py:97} INFO - Command exited with return code 0
[2023-09-10T17:54:20.979+0000] {taskinstance.py:1398} INFO - Marking task as SUCCESS. dag_id=simple_tasks, task_id=print_gm_task, execution_date=20230908T010000, start_date=20230910T175415, end_date=20230910T175420
[2023-09-10T17:54:21.258+0000] {local_task_job_runner.py:228} INFO - Task exited with return code 0
[2023-09-10T17:54:21.586+0000] {taskinstance.py:2776} INFO - 0 downstream tasks scheduled from follow-on schedule check
[2023-09-11T08:05:46.296+0000] {taskinstance.py:1157} INFO - Dependencies all met for dep_context=non-requeueable deps ti=<TaskInstance: simple_tasks.print_gm_task scheduled__2023-09-08T01:00:00+00:00 [queued]>
[2023-09-11T08:05:46.366+0000] {taskinstance.py:1157} INFO - Dependencies all met for dep_context=requeueable deps ti=<TaskInstance: simple_tasks.print_gm_task scheduled__2023-09-08T01:00:00+00:00 [queued]>
[2023-09-11T08:05:46.369+0000] {taskinstance.py:1359} INFO - Starting attempt 1 of 1
[2023-09-11T08:05:46.695+0000] {taskinstance.py:1380} INFO - Executing <Task(BashOperator): print_gm_task> on 2023-09-08 01:00:00+00:00
[2023-09-11T08:05:46.740+0000] {standard_task_runner.py:57} INFO - Started process 117 to run task
[2023-09-11T08:05:46.775+0000] {standard_task_runner.py:84} INFO - Running: ['***', 'tasks', 'run', 'simple_tasks', 'print_gm_task', 'scheduled__2023-09-08T01:00:00+00:00', '--job-id', '11', '--raw', '--subdir', 'DAGS_FOLDER/script.py', '--cfg-path', '/tmp/tmpizb6xbtl']
[2023-09-11T08:05:46.795+0000] {standard_task_runner.py:85} INFO - Job 11: Subtask print_gm_task
[2023-09-11T08:05:47.995+0000] {task_command.py:415} INFO - Running <TaskInstance: simple_tasks.print_gm_task scheduled__2023-09-08T01:00:00+00:00 [running]> on host 2c457fbd3561
[2023-09-11T08:05:48.784+0000] {taskinstance.py:1660} INFO - Exporting env vars: AIRFLOW_CTX_DAG_OWNER='***' AIRFLOW_CTX_DAG_ID='simple_tasks' AIRFLOW_CTX_TASK_ID='print_gm_task' AIRFLOW_CTX_EXECUTION_DATE='2023-09-08T01:00:00+00:00' AIRFLOW_CTX_TRY_NUMBER='1' AIRFLOW_CTX_DAG_RUN_ID='scheduled__2023-09-08T01:00:00+00:00'
[2023-09-11T08:05:48.789+0000] {subprocess.py:63} INFO - Tmp dir root location: /tmp
[2023-09-11T08:05:48.792+0000] {subprocess.py:75} INFO - Running command: ['/bin/bash', '-c', 'echo "Good morning, my diggers!"']
[2023-09-11T08:05:48.959+0000] {subprocess.py:86} INFO - Output:
[2023-09-11T08:05:48.964+0000] {subprocess.py:93} INFO - Good morning, my diggers!
[2023-09-11T08:05:48.965+0000] {subprocess.py:97} INFO - Command exited with return code 0
[2023-09-11T08:05:49.166+0000] {taskinstance.py:1398} INFO - Marking task as SUCCESS. dag_id=simple_tasks, task_id=print_gm_task, execution_date=20230908T010000, start_date=20230911T080546, end_date=20230911T080549
[2023-09-11T08:05:49.390+0000] {local_task_job_runner.py:228} INFO - Task exited with return code 0
[2023-09-11T08:05:49.537+0000] {taskinstance.py:2776} INFO - 1 downstream tasks scheduled from follow-on schedule check
[2023-09-11T08:17:02.793+0000] {taskinstance.py:1157} INFO - Dependencies all met for dep_context=non-requeueable deps ti=<TaskInstance: simple_tasks.print_gm_task scheduled__2023-09-08T01:00:00+00:00 [queued]>
[2023-09-11T08:17:02.841+0000] {taskinstance.py:1157} INFO - Dependencies all met for dep_context=requeueable deps ti=<TaskInstance: simple_tasks.print_gm_task scheduled__2023-09-08T01:00:00+00:00 [queued]>
[2023-09-11T08:17:02.842+0000] {taskinstance.py:1359} INFO - Starting attempt 1 of 1
[2023-09-11T08:17:02.881+0000] {taskinstance.py:1380} INFO - Executing <Task(BashOperator): print_gm_task> on 2023-09-08 01:00:00+00:00
[2023-09-11T08:17:02.897+0000] {standard_task_runner.py:57} INFO - Started process 112 to run task
[2023-09-11T08:17:02.943+0000] {standard_task_runner.py:84} INFO - Running: ['***', 'tasks', 'run', 'simple_tasks', 'print_gm_task', 'scheduled__2023-09-08T01:00:00+00:00', '--job-id', '9', '--raw', '--subdir', 'DAGS_FOLDER/script.py', '--cfg-path', '/tmp/tmpcy3l5es8']
[2023-09-11T08:17:02.991+0000] {standard_task_runner.py:85} INFO - Job 9: Subtask print_gm_task
[2023-09-11T08:17:03.467+0000] {task_command.py:415} INFO - Running <TaskInstance: simple_tasks.print_gm_task scheduled__2023-09-08T01:00:00+00:00 [running]> on host 47888c058366
[2023-09-11T08:17:08.176+0000] {taskinstance.py:1660} INFO - Exporting env vars: AIRFLOW_CTX_DAG_OWNER='***' AIRFLOW_CTX_DAG_ID='simple_tasks' AIRFLOW_CTX_TASK_ID='print_gm_task' AIRFLOW_CTX_EXECUTION_DATE='2023-09-08T01:00:00+00:00' AIRFLOW_CTX_TRY_NUMBER='1' AIRFLOW_CTX_DAG_RUN_ID='scheduled__2023-09-08T01:00:00+00:00'
[2023-09-11T08:17:08.191+0000] {subprocess.py:63} INFO - Tmp dir root location: /tmp
[2023-09-11T08:17:08.196+0000] {subprocess.py:75} INFO - Running command: ['/bin/bash', '-c', 'echo "Good morning, my diggers!"']
[2023-09-11T08:17:08.247+0000] {subprocess.py:86} INFO - Output:
[2023-09-11T08:17:09.156+0000] {subprocess.py:93} INFO - Good morning, my diggers!
[2023-09-11T08:17:09.164+0000] {subprocess.py:97} INFO - Command exited with return code 0
[2023-09-11T08:17:09.436+0000] {taskinstance.py:1398} INFO - Marking task as SUCCESS. dag_id=simple_tasks, task_id=print_gm_task, execution_date=20230908T010000, start_date=20230911T081702, end_date=20230911T081709
[2023-09-11T08:17:09.607+0000] {local_task_job_runner.py:228} INFO - Task exited with return code 0
[2023-09-11T08:17:09.687+0000] {taskinstance.py:2776} INFO - 1 downstream tasks scheduled from follow-on schedule check
