[2023-09-10T17:54:14.377+0000] {taskinstance.py:1157} INFO - Dependencies all met for dep_context=non-requeueable deps ti=<TaskInstance: simple_tasks.print_gm_task scheduled__2023-09-08T00:30:00+00:00 [queued]>
[2023-09-10T17:54:14.472+0000] {taskinstance.py:1157} INFO - Dependencies all met for dep_context=requeueable deps ti=<TaskInstance: simple_tasks.print_gm_task scheduled__2023-09-08T00:30:00+00:00 [queued]>
[2023-09-10T17:54:14.474+0000] {taskinstance.py:1359} INFO - Starting attempt 1 of 1
[2023-09-10T17:54:14.570+0000] {taskinstance.py:1380} INFO - Executing <Task(BashOperator): print_gm_task> on 2023-09-08 00:30:00+00:00
[2023-09-10T17:54:15.044+0000] {standard_task_runner.py:57} INFO - Started process 184 to run task
[2023-09-10T17:54:15.060+0000] {standard_task_runner.py:84} INFO - Running: ['***', 'tasks', 'run', 'simple_tasks', 'print_gm_task', 'scheduled__2023-09-08T00:30:00+00:00', '--job-id', '146', '--raw', '--subdir', 'DAGS_FOLDER/script.py', '--cfg-path', '/tmp/tmpqnsuilz3']
[2023-09-10T17:54:15.168+0000] {standard_task_runner.py:85} INFO - Job 146: Subtask print_gm_task
[2023-09-10T17:54:17.946+0000] {task_command.py:415} INFO - Running <TaskInstance: simple_tasks.print_gm_task scheduled__2023-09-08T00:30:00+00:00 [running]> on host 3152b479582c
[2023-09-10T17:54:18.620+0000] {taskinstance.py:1660} INFO - Exporting env vars: AIRFLOW_CTX_DAG_OWNER='***' AIRFLOW_CTX_DAG_ID='simple_tasks' AIRFLOW_CTX_TASK_ID='print_gm_task' AIRFLOW_CTX_EXECUTION_DATE='2023-09-08T00:30:00+00:00' AIRFLOW_CTX_TRY_NUMBER='1' AIRFLOW_CTX_DAG_RUN_ID='scheduled__2023-09-08T00:30:00+00:00'
[2023-09-10T17:54:18.632+0000] {subprocess.py:63} INFO - Tmp dir root location: /tmp
[2023-09-10T17:54:18.645+0000] {subprocess.py:75} INFO - Running command: ['/bin/bash', '-c', 'echo "Good morning, my diggers!"']
[2023-09-10T17:54:18.814+0000] {subprocess.py:86} INFO - Output:
[2023-09-10T17:54:19.165+0000] {subprocess.py:93} INFO - Good morning, my diggers!
[2023-09-10T17:54:19.169+0000] {subprocess.py:97} INFO - Command exited with return code 0
[2023-09-10T17:54:19.656+0000] {taskinstance.py:1398} INFO - Marking task as SUCCESS. dag_id=simple_tasks, task_id=print_gm_task, execution_date=20230908T003000, start_date=20230910T175414, end_date=20230910T175419
[2023-09-10T17:54:20.302+0000] {local_task_job_runner.py:228} INFO - Task exited with return code 0
[2023-09-10T17:54:20.364+0000] {taskinstance.py:2776} INFO - 1 downstream tasks scheduled from follow-on schedule check
[2023-09-11T08:05:33.339+0000] {taskinstance.py:1157} INFO - Dependencies all met for dep_context=non-requeueable deps ti=<TaskInstance: simple_tasks.print_gm_task scheduled__2023-09-08T00:30:00+00:00 [queued]>
[2023-09-11T08:05:33.390+0000] {taskinstance.py:1157} INFO - Dependencies all met for dep_context=requeueable deps ti=<TaskInstance: simple_tasks.print_gm_task scheduled__2023-09-08T00:30:00+00:00 [queued]>
[2023-09-11T08:05:33.393+0000] {taskinstance.py:1359} INFO - Starting attempt 1 of 1
[2023-09-11T08:05:33.743+0000] {taskinstance.py:1380} INFO - Executing <Task(BashOperator): print_gm_task> on 2023-09-08 00:30:00+00:00
[2023-09-11T08:05:33.780+0000] {standard_task_runner.py:57} INFO - Started process 87 to run task
[2023-09-11T08:05:33.846+0000] {standard_task_runner.py:84} INFO - Running: ['***', 'tasks', 'run', 'simple_tasks', 'print_gm_task', 'scheduled__2023-09-08T00:30:00+00:00', '--job-id', '3', '--raw', '--subdir', 'DAGS_FOLDER/script.py', '--cfg-path', '/tmp/tmpxiagh67w']
[2023-09-11T08:05:33.881+0000] {standard_task_runner.py:85} INFO - Job 3: Subtask print_gm_task
[2023-09-11T08:05:35.103+0000] {task_command.py:415} INFO - Running <TaskInstance: simple_tasks.print_gm_task scheduled__2023-09-08T00:30:00+00:00 [running]> on host 2c457fbd3561
[2023-09-11T08:05:37.015+0000] {taskinstance.py:1660} INFO - Exporting env vars: AIRFLOW_CTX_DAG_OWNER='***' AIRFLOW_CTX_DAG_ID='simple_tasks' AIRFLOW_CTX_TASK_ID='print_gm_task' AIRFLOW_CTX_EXECUTION_DATE='2023-09-08T00:30:00+00:00' AIRFLOW_CTX_TRY_NUMBER='1' AIRFLOW_CTX_DAG_RUN_ID='scheduled__2023-09-08T00:30:00+00:00'
[2023-09-11T08:05:37.150+0000] {subprocess.py:63} INFO - Tmp dir root location: /tmp
[2023-09-11T08:05:37.167+0000] {subprocess.py:75} INFO - Running command: ['/bin/bash', '-c', 'echo "Good morning, my diggers!"']
[2023-09-11T08:05:37.772+0000] {subprocess.py:86} INFO - Output:
[2023-09-11T08:05:38.167+0000] {subprocess.py:93} INFO - Good morning, my diggers!
[2023-09-11T08:05:38.170+0000] {subprocess.py:97} INFO - Command exited with return code 0
[2023-09-11T08:05:38.475+0000] {taskinstance.py:1398} INFO - Marking task as SUCCESS. dag_id=simple_tasks, task_id=print_gm_task, execution_date=20230908T003000, start_date=20230911T080533, end_date=20230911T080538
[2023-09-11T08:05:43.693+0000] {local_task_job_runner.py:228} INFO - Task exited with return code 0
[2023-09-11T08:05:43.976+0000] {taskinstance.py:2776} INFO - 1 downstream tasks scheduled from follow-on schedule check
[2023-09-11T08:16:53.401+0000] {taskinstance.py:1157} INFO - Dependencies all met for dep_context=non-requeueable deps ti=<TaskInstance: simple_tasks.print_gm_task scheduled__2023-09-08T00:30:00+00:00 [queued]>
[2023-09-11T08:16:53.451+0000] {taskinstance.py:1157} INFO - Dependencies all met for dep_context=requeueable deps ti=<TaskInstance: simple_tasks.print_gm_task scheduled__2023-09-08T00:30:00+00:00 [queued]>
[2023-09-11T08:16:53.454+0000] {taskinstance.py:1359} INFO - Starting attempt 1 of 1
[2023-09-11T08:16:53.560+0000] {taskinstance.py:1380} INFO - Executing <Task(BashOperator): print_gm_task> on 2023-09-08 00:30:00+00:00
[2023-09-11T08:16:53.596+0000] {standard_task_runner.py:57} INFO - Started process 95 to run task
[2023-09-11T08:16:53.840+0000] {standard_task_runner.py:84} INFO - Running: ['***', 'tasks', 'run', 'simple_tasks', 'print_gm_task', 'scheduled__2023-09-08T00:30:00+00:00', '--job-id', '5', '--raw', '--subdir', 'DAGS_FOLDER/script.py', '--cfg-path', '/tmp/tmp_l49getq']
[2023-09-11T08:16:53.897+0000] {standard_task_runner.py:85} INFO - Job 5: Subtask print_gm_task
[2023-09-11T08:16:55.056+0000] {task_command.py:415} INFO - Running <TaskInstance: simple_tasks.print_gm_task scheduled__2023-09-08T00:30:00+00:00 [running]> on host 47888c058366
[2023-09-11T08:16:58.518+0000] {taskinstance.py:1660} INFO - Exporting env vars: AIRFLOW_CTX_DAG_OWNER='***' AIRFLOW_CTX_DAG_ID='simple_tasks' AIRFLOW_CTX_TASK_ID='print_gm_task' AIRFLOW_CTX_EXECUTION_DATE='2023-09-08T00:30:00+00:00' AIRFLOW_CTX_TRY_NUMBER='1' AIRFLOW_CTX_DAG_RUN_ID='scheduled__2023-09-08T00:30:00+00:00'
[2023-09-11T08:16:58.567+0000] {subprocess.py:63} INFO - Tmp dir root location: /tmp
[2023-09-11T08:16:58.601+0000] {subprocess.py:75} INFO - Running command: ['/bin/bash', '-c', 'echo "Good morning, my diggers!"']
[2023-09-11T08:16:58.893+0000] {subprocess.py:86} INFO - Output:
[2023-09-11T08:16:58.920+0000] {subprocess.py:93} INFO - Good morning, my diggers!
[2023-09-11T08:16:58.924+0000] {subprocess.py:97} INFO - Command exited with return code 0
[2023-09-11T08:16:59.155+0000] {taskinstance.py:1398} INFO - Marking task as SUCCESS. dag_id=simple_tasks, task_id=print_gm_task, execution_date=20230908T003000, start_date=20230911T081653, end_date=20230911T081659
[2023-09-11T08:16:59.322+0000] {local_task_job_runner.py:228} INFO - Task exited with return code 0
[2023-09-11T08:16:59.754+0000] {taskinstance.py:2776} INFO - 0 downstream tasks scheduled from follow-on schedule check
