[2023-09-10T17:54:55.142+0000] {taskinstance.py:1157} INFO - Dependencies all met for dep_context=non-requeueable deps ti=<TaskInstance: simple_tasks.print_gm_task scheduled__2023-09-08T03:20:00+00:00 [queued]>
[2023-09-10T17:54:55.160+0000] {taskinstance.py:1157} INFO - Dependencies all met for dep_context=requeueable deps ti=<TaskInstance: simple_tasks.print_gm_task scheduled__2023-09-08T03:20:00+00:00 [queued]>
[2023-09-10T17:54:55.161+0000] {taskinstance.py:1359} INFO - Starting attempt 1 of 1
[2023-09-10T17:54:55.182+0000] {taskinstance.py:1380} INFO - Executing <Task(BashOperator): print_gm_task> on 2023-09-08 03:20:00+00:00
[2023-09-10T17:54:55.193+0000] {standard_task_runner.py:57} INFO - Started process 297 to run task
[2023-09-10T17:54:55.198+0000] {standard_task_runner.py:84} INFO - Running: ['***', 'tasks', 'run', 'simple_tasks', 'print_gm_task', 'scheduled__2023-09-08T03:20:00+00:00', '--job-id', '182', '--raw', '--subdir', 'DAGS_FOLDER/script.py', '--cfg-path', '/tmp/tmpwo2atw6a']
[2023-09-10T17:54:55.204+0000] {standard_task_runner.py:85} INFO - Job 182: Subtask print_gm_task
[2023-09-10T17:54:55.346+0000] {task_command.py:415} INFO - Running <TaskInstance: simple_tasks.print_gm_task scheduled__2023-09-08T03:20:00+00:00 [running]> on host 3152b479582c
[2023-09-10T17:54:55.517+0000] {taskinstance.py:1660} INFO - Exporting env vars: AIRFLOW_CTX_DAG_OWNER='***' AIRFLOW_CTX_DAG_ID='simple_tasks' AIRFLOW_CTX_TASK_ID='print_gm_task' AIRFLOW_CTX_EXECUTION_DATE='2023-09-08T03:20:00+00:00' AIRFLOW_CTX_TRY_NUMBER='1' AIRFLOW_CTX_DAG_RUN_ID='scheduled__2023-09-08T03:20:00+00:00'
[2023-09-10T17:54:55.522+0000] {subprocess.py:63} INFO - Tmp dir root location: /tmp
[2023-09-10T17:54:55.525+0000] {subprocess.py:75} INFO - Running command: ['/bin/bash', '-c', 'echo "Good morning, my diggers!"']
[2023-09-10T17:54:55.565+0000] {subprocess.py:86} INFO - Output:
[2023-09-10T17:54:55.569+0000] {subprocess.py:93} INFO - Good morning, my diggers!
[2023-09-10T17:54:55.570+0000] {subprocess.py:97} INFO - Command exited with return code 0
[2023-09-10T17:54:55.629+0000] {taskinstance.py:1398} INFO - Marking task as SUCCESS. dag_id=simple_tasks, task_id=print_gm_task, execution_date=20230908T032000, start_date=20230910T175455, end_date=20230910T175455
[2023-09-10T17:54:55.749+0000] {local_task_job_runner.py:228} INFO - Task exited with return code 0
[2023-09-10T17:54:55.862+0000] {taskinstance.py:2776} INFO - 0 downstream tasks scheduled from follow-on schedule check
[2023-09-11T08:21:40.603+0000] {taskinstance.py:1157} INFO - Dependencies all met for dep_context=non-requeueable deps ti=<TaskInstance: simple_tasks.print_gm_task scheduled__2023-09-08T03:20:00+00:00 [queued]>
[2023-09-11T08:21:40.787+0000] {taskinstance.py:1157} INFO - Dependencies all met for dep_context=requeueable deps ti=<TaskInstance: simple_tasks.print_gm_task scheduled__2023-09-08T03:20:00+00:00 [queued]>
[2023-09-11T08:21:40.792+0000] {taskinstance.py:1359} INFO - Starting attempt 1 of 1
[2023-09-11T08:21:40.939+0000] {taskinstance.py:1380} INFO - Executing <Task(BashOperator): print_gm_task> on 2023-09-08 03:20:00+00:00
[2023-09-11T08:21:41.077+0000] {standard_task_runner.py:57} INFO - Started process 269 to run task
[2023-09-11T08:21:41.099+0000] {standard_task_runner.py:84} INFO - Running: ['***', 'tasks', 'run', 'simple_tasks', 'print_gm_task', 'scheduled__2023-09-08T03:20:00+00:00', '--job-id', '39', '--raw', '--subdir', 'DAGS_FOLDER/script.py', '--cfg-path', '/tmp/tmp1xef1qpa']
[2023-09-11T08:21:41.155+0000] {standard_task_runner.py:85} INFO - Job 39: Subtask print_gm_task
[2023-09-11T08:21:41.365+0000] {task_command.py:415} INFO - Running <TaskInstance: simple_tasks.print_gm_task scheduled__2023-09-08T03:20:00+00:00 [running]> on host 47888c058366
[2023-09-11T08:21:41.712+0000] {taskinstance.py:1660} INFO - Exporting env vars: AIRFLOW_CTX_DAG_OWNER='***' AIRFLOW_CTX_DAG_ID='simple_tasks' AIRFLOW_CTX_TASK_ID='print_gm_task' AIRFLOW_CTX_EXECUTION_DATE='2023-09-08T03:20:00+00:00' AIRFLOW_CTX_TRY_NUMBER='1' AIRFLOW_CTX_DAG_RUN_ID='scheduled__2023-09-08T03:20:00+00:00'
[2023-09-11T08:21:41.721+0000] {subprocess.py:63} INFO - Tmp dir root location: /tmp
[2023-09-11T08:21:41.723+0000] {subprocess.py:75} INFO - Running command: ['/bin/bash', '-c', 'echo "Good morning, my diggers!"']
[2023-09-11T08:21:41.745+0000] {subprocess.py:86} INFO - Output:
[2023-09-11T08:21:41.789+0000] {subprocess.py:93} INFO - Good morning, my diggers!
[2023-09-11T08:21:41.796+0000] {subprocess.py:97} INFO - Command exited with return code 0
[2023-09-11T08:21:41.946+0000] {taskinstance.py:1398} INFO - Marking task as SUCCESS. dag_id=simple_tasks, task_id=print_gm_task, execution_date=20230908T032000, start_date=20230911T082140, end_date=20230911T082141
[2023-09-11T08:21:42.091+0000] {local_task_job_runner.py:228} INFO - Task exited with return code 0
[2023-09-11T08:21:42.157+0000] {taskinstance.py:2776} INFO - 1 downstream tasks scheduled from follow-on schedule check
