[2023-09-10T17:54:14.281+0000] {taskinstance.py:1157} INFO - Dependencies all met for dep_context=non-requeueable deps ti=<TaskInstance: simple_tasks.print_gm_task scheduled__2023-09-08T00:10:00+00:00 [queued]>
[2023-09-10T17:54:14.403+0000] {taskinstance.py:1157} INFO - Dependencies all met for dep_context=requeueable deps ti=<TaskInstance: simple_tasks.print_gm_task scheduled__2023-09-08T00:10:00+00:00 [queued]>
[2023-09-10T17:54:14.406+0000] {taskinstance.py:1359} INFO - Starting attempt 1 of 1
[2023-09-10T17:54:14.514+0000] {taskinstance.py:1380} INFO - Executing <Task(BashOperator): print_gm_task> on 2023-09-08 00:10:00+00:00
[2023-09-10T17:54:14.764+0000] {standard_task_runner.py:57} INFO - Started process 182 to run task
[2023-09-10T17:54:14.807+0000] {standard_task_runner.py:84} INFO - Running: ['***', 'tasks', 'run', 'simple_tasks', 'print_gm_task', 'scheduled__2023-09-08T00:10:00+00:00', '--job-id', '147', '--raw', '--subdir', 'DAGS_FOLDER/script.py', '--cfg-path', '/tmp/tmp0s7vhlj6']
[2023-09-10T17:54:14.888+0000] {standard_task_runner.py:85} INFO - Job 147: Subtask print_gm_task
[2023-09-10T17:54:15.479+0000] {task_command.py:415} INFO - Running <TaskInstance: simple_tasks.print_gm_task scheduled__2023-09-08T00:10:00+00:00 [running]> on host 3152b479582c
[2023-09-10T17:54:19.317+0000] {taskinstance.py:1660} INFO - Exporting env vars: AIRFLOW_CTX_DAG_OWNER='***' AIRFLOW_CTX_DAG_ID='simple_tasks' AIRFLOW_CTX_TASK_ID='print_gm_task' AIRFLOW_CTX_EXECUTION_DATE='2023-09-08T00:10:00+00:00' AIRFLOW_CTX_TRY_NUMBER='1' AIRFLOW_CTX_DAG_RUN_ID='scheduled__2023-09-08T00:10:00+00:00'
[2023-09-10T17:54:19.661+0000] {subprocess.py:63} INFO - Tmp dir root location: /tmp
[2023-09-10T17:54:19.683+0000] {subprocess.py:75} INFO - Running command: ['/bin/bash', '-c', 'echo "Good morning, my diggers!"']
[2023-09-10T17:54:19.821+0000] {subprocess.py:86} INFO - Output:
[2023-09-10T17:54:19.823+0000] {subprocess.py:93} INFO - Good morning, my diggers!
[2023-09-10T17:54:19.824+0000] {subprocess.py:97} INFO - Command exited with return code 0
[2023-09-10T17:54:20.128+0000] {taskinstance.py:1398} INFO - Marking task as SUCCESS. dag_id=simple_tasks, task_id=print_gm_task, execution_date=20230908T001000, start_date=20230910T175414, end_date=20230910T175420
[2023-09-10T17:54:20.976+0000] {local_task_job_runner.py:228} INFO - Task exited with return code 0
[2023-09-10T17:54:21.572+0000] {taskinstance.py:2776} INFO - 1 downstream tasks scheduled from follow-on schedule check
[2023-09-11T08:05:34.010+0000] {taskinstance.py:1157} INFO - Dependencies all met for dep_context=non-requeueable deps ti=<TaskInstance: simple_tasks.print_gm_task scheduled__2023-09-08T00:10:00+00:00 [queued]>
[2023-09-11T08:05:34.111+0000] {taskinstance.py:1157} INFO - Dependencies all met for dep_context=requeueable deps ti=<TaskInstance: simple_tasks.print_gm_task scheduled__2023-09-08T00:10:00+00:00 [queued]>
[2023-09-11T08:05:34.114+0000] {taskinstance.py:1359} INFO - Starting attempt 1 of 1
[2023-09-11T08:05:34.314+0000] {taskinstance.py:1380} INFO - Executing <Task(BashOperator): print_gm_task> on 2023-09-08 00:10:00+00:00
[2023-09-11T08:05:34.333+0000] {standard_task_runner.py:57} INFO - Started process 94 to run task
[2023-09-11T08:05:34.711+0000] {standard_task_runner.py:84} INFO - Running: ['***', 'tasks', 'run', 'simple_tasks', 'print_gm_task', 'scheduled__2023-09-08T00:10:00+00:00', '--job-id', '7', '--raw', '--subdir', 'DAGS_FOLDER/script.py', '--cfg-path', '/tmp/tmpd63i5epa']
[2023-09-11T08:05:34.814+0000] {standard_task_runner.py:85} INFO - Job 7: Subtask print_gm_task
[2023-09-11T08:05:35.579+0000] {task_command.py:415} INFO - Running <TaskInstance: simple_tasks.print_gm_task scheduled__2023-09-08T00:10:00+00:00 [running]> on host 2c457fbd3561
[2023-09-11T08:05:37.133+0000] {taskinstance.py:1660} INFO - Exporting env vars: AIRFLOW_CTX_DAG_OWNER='***' AIRFLOW_CTX_DAG_ID='simple_tasks' AIRFLOW_CTX_TASK_ID='print_gm_task' AIRFLOW_CTX_EXECUTION_DATE='2023-09-08T00:10:00+00:00' AIRFLOW_CTX_TRY_NUMBER='1' AIRFLOW_CTX_DAG_RUN_ID='scheduled__2023-09-08T00:10:00+00:00'
[2023-09-11T08:05:37.153+0000] {subprocess.py:63} INFO - Tmp dir root location: /tmp
[2023-09-11T08:05:37.195+0000] {subprocess.py:75} INFO - Running command: ['/bin/bash', '-c', 'echo "Good morning, my diggers!"']
[2023-09-11T08:05:37.771+0000] {subprocess.py:86} INFO - Output:
[2023-09-11T08:05:38.165+0000] {subprocess.py:93} INFO - Good morning, my diggers!
[2023-09-11T08:05:38.181+0000] {subprocess.py:97} INFO - Command exited with return code 0
[2023-09-11T08:05:38.588+0000] {taskinstance.py:1398} INFO - Marking task as SUCCESS. dag_id=simple_tasks, task_id=print_gm_task, execution_date=20230908T001000, start_date=20230911T080534, end_date=20230911T080538
[2023-09-11T08:05:38.812+0000] {local_task_job_runner.py:228} INFO - Task exited with return code 0
[2023-09-11T08:05:43.583+0000] {taskinstance.py:2776} INFO - 1 downstream tasks scheduled from follow-on schedule check
[2023-09-11T08:16:50.524+0000] {taskinstance.py:1157} INFO - Dependencies all met for dep_context=non-requeueable deps ti=<TaskInstance: simple_tasks.print_gm_task scheduled__2023-09-08T00:10:00+00:00 [queued]>
[2023-09-11T08:16:50.748+0000] {taskinstance.py:1157} INFO - Dependencies all met for dep_context=requeueable deps ti=<TaskInstance: simple_tasks.print_gm_task scheduled__2023-09-08T00:10:00+00:00 [queued]>
[2023-09-11T08:16:50.752+0000] {taskinstance.py:1359} INFO - Starting attempt 1 of 1
[2023-09-11T08:16:51.061+0000] {taskinstance.py:1380} INFO - Executing <Task(BashOperator): print_gm_task> on 2023-09-08 00:10:00+00:00
[2023-09-11T08:16:51.254+0000] {standard_task_runner.py:57} INFO - Started process 90 to run task
[2023-09-11T08:16:51.362+0000] {standard_task_runner.py:84} INFO - Running: ['***', 'tasks', 'run', 'simple_tasks', 'print_gm_task', 'scheduled__2023-09-08T00:10:00+00:00', '--job-id', '3', '--raw', '--subdir', 'DAGS_FOLDER/script.py', '--cfg-path', '/tmp/tmprfqjsxn9']
[2023-09-11T08:16:51.490+0000] {standard_task_runner.py:85} INFO - Job 3: Subtask print_gm_task
[2023-09-11T08:16:53.059+0000] {task_command.py:415} INFO - Running <TaskInstance: simple_tasks.print_gm_task scheduled__2023-09-08T00:10:00+00:00 [running]> on host 47888c058366
[2023-09-11T08:16:53.862+0000] {taskinstance.py:1660} INFO - Exporting env vars: AIRFLOW_CTX_DAG_OWNER='***' AIRFLOW_CTX_DAG_ID='simple_tasks' AIRFLOW_CTX_TASK_ID='print_gm_task' AIRFLOW_CTX_EXECUTION_DATE='2023-09-08T00:10:00+00:00' AIRFLOW_CTX_TRY_NUMBER='1' AIRFLOW_CTX_DAG_RUN_ID='scheduled__2023-09-08T00:10:00+00:00'
[2023-09-11T08:16:54.212+0000] {subprocess.py:63} INFO - Tmp dir root location: /tmp
[2023-09-11T08:16:54.219+0000] {subprocess.py:75} INFO - Running command: ['/bin/bash', '-c', 'echo "Good morning, my diggers!"']
[2023-09-11T08:16:54.631+0000] {subprocess.py:86} INFO - Output:
[2023-09-11T08:16:54.740+0000] {subprocess.py:93} INFO - Good morning, my diggers!
[2023-09-11T08:16:54.773+0000] {subprocess.py:97} INFO - Command exited with return code 0
[2023-09-11T08:16:54.918+0000] {taskinstance.py:1398} INFO - Marking task as SUCCESS. dag_id=simple_tasks, task_id=print_gm_task, execution_date=20230908T001000, start_date=20230911T081650, end_date=20230911T081654
[2023-09-11T08:16:57.961+0000] {local_task_job_runner.py:228} INFO - Task exited with return code 0
[2023-09-11T08:16:58.147+0000] {taskinstance.py:2776} INFO - 1 downstream tasks scheduled from follow-on schedule check
