[2023-09-12T14:34:42.278+0000] {taskinstance.py:1157} INFO - Dependencies all met for dep_context=non-requeueable deps ti=<TaskInstance: simple_tasks.print_gm_task scheduled__2023-09-12T14:30:00+00:00 [queued]>
[2023-09-12T14:34:42.316+0000] {taskinstance.py:1157} INFO - Dependencies all met for dep_context=requeueable deps ti=<TaskInstance: simple_tasks.print_gm_task scheduled__2023-09-12T14:30:00+00:00 [queued]>
[2023-09-12T14:34:42.342+0000] {taskinstance.py:1359} INFO - Starting attempt 1 of 1
[2023-09-12T14:34:42.462+0000] {taskinstance.py:1380} INFO - Executing <Task(BashOperator): print_gm_task> on 2023-09-12 14:30:00+00:00
[2023-09-12T14:34:42.505+0000] {standard_task_runner.py:57} INFO - Started process 138 to run task
[2023-09-12T14:34:42.557+0000] {standard_task_runner.py:84} INFO - Running: ['***', 'tasks', 'run', 'simple_tasks', 'print_gm_task', 'scheduled__2023-09-12T14:30:00+00:00', '--job-id', '11', '--raw', '--subdir', 'DAGS_FOLDER/script.py', '--cfg-path', '/tmp/tmpo7uvhwtj']
[2023-09-12T14:34:42.584+0000] {standard_task_runner.py:85} INFO - Job 11: Subtask print_gm_task
[2023-09-12T14:34:42.938+0000] {task_command.py:415} INFO - Running <TaskInstance: simple_tasks.print_gm_task scheduled__2023-09-12T14:30:00+00:00 [running]> on host fbfbca5b9527
[2023-09-12T14:34:44.697+0000] {taskinstance.py:1660} INFO - Exporting env vars: AIRFLOW_CTX_DAG_OWNER='***' AIRFLOW_CTX_DAG_ID='simple_tasks' AIRFLOW_CTX_TASK_ID='print_gm_task' AIRFLOW_CTX_EXECUTION_DATE='2023-09-12T14:30:00+00:00' AIRFLOW_CTX_TRY_NUMBER='1' AIRFLOW_CTX_DAG_RUN_ID='scheduled__2023-09-12T14:30:00+00:00'
[2023-09-12T14:34:44.716+0000] {subprocess.py:63} INFO - Tmp dir root location: /tmp
[2023-09-12T14:34:44.720+0000] {subprocess.py:75} INFO - Running command: ['/bin/bash', '-c', 'echo "Good morning, my diggers!"']
[2023-09-12T14:34:44.923+0000] {subprocess.py:86} INFO - Output:
[2023-09-12T14:34:44.940+0000] {subprocess.py:93} INFO - Good morning, my diggers!
[2023-09-12T14:34:44.983+0000] {subprocess.py:97} INFO - Command exited with return code 0
[2023-09-12T14:34:45.267+0000] {taskinstance.py:1398} INFO - Marking task as SUCCESS. dag_id=simple_tasks, task_id=print_gm_task, execution_date=20230912T143000, start_date=20230912T143442, end_date=20230912T143445
[2023-09-12T14:34:45.460+0000] {local_task_job_runner.py:228} INFO - Task exited with return code 0
[2023-09-12T14:34:45.706+0000] {taskinstance.py:2776} INFO - 1 downstream tasks scheduled from follow-on schedule check
[2023-09-12T22:10:16.373+0000] {logging_mixin.py:151} INFO - Changing /opt/***/logs/dag_id=simple_tasks/run_id=scheduled__2023-09-12T14:30:00+00:00/task_id=print_gm_task permission to 509
[2023-09-12T22:10:16.377+0000] {logging_mixin.py:151} INFO - Failed to change /opt/***/logs/dag_id=simple_tasks/run_id=scheduled__2023-09-12T14:30:00+00:00/task_id=print_gm_task permission to 509: [Errno 1] Operation not permitted: '/opt/***/logs/dag_id=simple_tasks/run_id=scheduled__2023-09-12T14:30:00+00:00/task_id=print_gm_task'
[2023-09-12T22:10:16.707+0000] {logging_mixin.py:151} INFO - Changing /opt/***/logs/dag_id=simple_tasks/run_id=scheduled__2023-09-12T14:30:00+00:00/task_id=print_gm_task permission to 509
[2023-09-12T22:10:16.712+0000] {logging_mixin.py:151} INFO - Failed to change /opt/***/logs/dag_id=simple_tasks/run_id=scheduled__2023-09-12T14:30:00+00:00/task_id=print_gm_task permission to 509: [Errno 1] Operation not permitted: '/opt/***/logs/dag_id=simple_tasks/run_id=scheduled__2023-09-12T14:30:00+00:00/task_id=print_gm_task'
[2023-09-12T22:10:16.995+0000] {taskinstance.py:1157} INFO - Dependencies all met for dep_context=non-requeueable deps ti=<TaskInstance: simple_tasks.print_gm_task scheduled__2023-09-12T14:30:00+00:00 [queued]>
[2023-09-12T22:10:17.056+0000] {taskinstance.py:1157} INFO - Dependencies all met for dep_context=requeueable deps ti=<TaskInstance: simple_tasks.print_gm_task scheduled__2023-09-12T14:30:00+00:00 [queued]>
[2023-09-12T22:10:17.057+0000] {taskinstance.py:1359} INFO - Starting attempt 1 of 1
[2023-09-12T22:10:17.172+0000] {taskinstance.py:1380} INFO - Executing <Task(BashOperator): print_gm_task> on 2023-09-12 14:30:00+00:00
[2023-09-12T22:10:17.251+0000] {standard_task_runner.py:57} INFO - Started process 149 to run task
[2023-09-12T22:10:17.369+0000] {standard_task_runner.py:84} INFO - Running: ['***', 'tasks', 'run', 'simple_tasks', 'print_gm_task', 'scheduled__2023-09-12T14:30:00+00:00', '--job-id', '19', '--raw', '--subdir', 'DAGS_FOLDER/script.py', '--cfg-path', '/tmp/tmps32s8915']
[2023-09-12T22:10:17.379+0000] {standard_task_runner.py:85} INFO - Job 19: Subtask print_gm_task
[2023-09-12T22:10:17.503+0000] {logging_mixin.py:151} INFO - Changing /opt/***/logs/dag_id=simple_tasks/run_id=scheduled__2023-09-12T14:30:00+00:00/task_id=print_gm_task permission to 509
[2023-09-12T22:10:17.503+0000] {logging_mixin.py:151} INFO - Failed to change /opt/***/logs/dag_id=simple_tasks/run_id=scheduled__2023-09-12T14:30:00+00:00/task_id=print_gm_task permission to 509: [Errno 1] Operation not permitted: '/opt/***/logs/dag_id=simple_tasks/run_id=scheduled__2023-09-12T14:30:00+00:00/task_id=print_gm_task'
[2023-09-12T22:10:17.511+0000] {task_command.py:415} INFO - Running <TaskInstance: simple_tasks.print_gm_task scheduled__2023-09-12T14:30:00+00:00 [running]> on host 8df8606c974e
[2023-09-12T22:10:17.752+0000] {taskinstance.py:1660} INFO - Exporting env vars: AIRFLOW_CTX_DAG_OWNER='***' AIRFLOW_CTX_DAG_ID='simple_tasks' AIRFLOW_CTX_TASK_ID='print_gm_task' AIRFLOW_CTX_EXECUTION_DATE='2023-09-12T14:30:00+00:00' AIRFLOW_CTX_TRY_NUMBER='1' AIRFLOW_CTX_DAG_RUN_ID='scheduled__2023-09-12T14:30:00+00:00'
[2023-09-12T22:10:17.758+0000] {subprocess.py:63} INFO - Tmp dir root location: /tmp
[2023-09-12T22:10:17.759+0000] {subprocess.py:75} INFO - Running command: ['/bin/bash', '-c', 'echo "Good morning, my diggers!"']
[2023-09-12T22:10:17.783+0000] {subprocess.py:86} INFO - Output:
[2023-09-12T22:10:17.789+0000] {subprocess.py:93} INFO - Good morning, my diggers!
[2023-09-12T22:10:17.791+0000] {subprocess.py:97} INFO - Command exited with return code 0
[2023-09-12T22:10:17.903+0000] {taskinstance.py:1398} INFO - Marking task as SUCCESS. dag_id=simple_tasks, task_id=print_gm_task, execution_date=20230912T143000, start_date=20230912T221017, end_date=20230912T221017
[2023-09-12T22:10:18.049+0000] {local_task_job_runner.py:228} INFO - Task exited with return code 0
[2023-09-12T22:10:18.651+0000] {taskinstance.py:2776} INFO - 0 downstream tasks scheduled from follow-on schedule check
