[2023-09-10T17:54:50.838+0000] {taskinstance.py:1157} INFO - Dependencies all met for dep_context=non-requeueable deps ti=<TaskInstance: simple_tasks.print_gm_task scheduled__2023-09-08T02:40:00+00:00 [queued]>
[2023-09-10T17:54:50.853+0000] {taskinstance.py:1157} INFO - Dependencies all met for dep_context=requeueable deps ti=<TaskInstance: simple_tasks.print_gm_task scheduled__2023-09-08T02:40:00+00:00 [queued]>
[2023-09-10T17:54:50.854+0000] {taskinstance.py:1359} INFO - Starting attempt 1 of 1
[2023-09-10T17:54:50.876+0000] {taskinstance.py:1380} INFO - Executing <Task(BashOperator): print_gm_task> on 2023-09-08 02:40:00+00:00
[2023-09-10T17:54:50.885+0000] {standard_task_runner.py:57} INFO - Started process 281 to run task
[2023-09-10T17:54:50.894+0000] {standard_task_runner.py:84} INFO - Running: ['***', 'tasks', 'run', 'simple_tasks', 'print_gm_task', 'scheduled__2023-09-08T02:40:00+00:00', '--job-id', '177', '--raw', '--subdir', 'DAGS_FOLDER/script.py', '--cfg-path', '/tmp/tmpp_oi1nsc']
[2023-09-10T17:54:50.903+0000] {standard_task_runner.py:85} INFO - Job 177: Subtask print_gm_task
[2023-09-10T17:54:51.133+0000] {task_command.py:415} INFO - Running <TaskInstance: simple_tasks.print_gm_task scheduled__2023-09-08T02:40:00+00:00 [running]> on host 3152b479582c
[2023-09-10T17:54:51.384+0000] {taskinstance.py:1660} INFO - Exporting env vars: AIRFLOW_CTX_DAG_OWNER='***' AIRFLOW_CTX_DAG_ID='simple_tasks' AIRFLOW_CTX_TASK_ID='print_gm_task' AIRFLOW_CTX_EXECUTION_DATE='2023-09-08T02:40:00+00:00' AIRFLOW_CTX_TRY_NUMBER='1' AIRFLOW_CTX_DAG_RUN_ID='scheduled__2023-09-08T02:40:00+00:00'
[2023-09-10T17:54:51.387+0000] {subprocess.py:63} INFO - Tmp dir root location: /tmp
[2023-09-10T17:54:51.388+0000] {subprocess.py:75} INFO - Running command: ['/bin/bash', '-c', 'echo "Good morning, my diggers!"']
[2023-09-10T17:54:51.404+0000] {subprocess.py:86} INFO - Output:
[2023-09-10T17:54:51.406+0000] {subprocess.py:93} INFO - Good morning, my diggers!
[2023-09-10T17:54:51.406+0000] {subprocess.py:97} INFO - Command exited with return code 0
[2023-09-10T17:54:51.440+0000] {taskinstance.py:1398} INFO - Marking task as SUCCESS. dag_id=simple_tasks, task_id=print_gm_task, execution_date=20230908T024000, start_date=20230910T175450, end_date=20230910T175451
[2023-09-10T17:54:51.504+0000] {local_task_job_runner.py:228} INFO - Task exited with return code 0
[2023-09-10T17:54:51.560+0000] {taskinstance.py:2776} INFO - 0 downstream tasks scheduled from follow-on schedule check
[2023-09-11T08:21:36.710+0000] {taskinstance.py:1157} INFO - Dependencies all met for dep_context=non-requeueable deps ti=<TaskInstance: simple_tasks.print_gm_task scheduled__2023-09-08T02:40:00+00:00 [queued]>
[2023-09-11T08:21:36.788+0000] {taskinstance.py:1157} INFO - Dependencies all met for dep_context=requeueable deps ti=<TaskInstance: simple_tasks.print_gm_task scheduled__2023-09-08T02:40:00+00:00 [queued]>
[2023-09-11T08:21:36.801+0000] {taskinstance.py:1359} INFO - Starting attempt 1 of 1
[2023-09-11T08:21:36.890+0000] {taskinstance.py:1380} INFO - Executing <Task(BashOperator): print_gm_task> on 2023-09-08 02:40:00+00:00
[2023-09-11T08:21:37.000+0000] {standard_task_runner.py:57} INFO - Started process 261 to run task
[2023-09-11T08:21:37.094+0000] {standard_task_runner.py:84} INFO - Running: ['***', 'tasks', 'run', 'simple_tasks', 'print_gm_task', 'scheduled__2023-09-08T02:40:00+00:00', '--job-id', '35', '--raw', '--subdir', 'DAGS_FOLDER/script.py', '--cfg-path', '/tmp/tmplxxu29ul']
[2023-09-11T08:21:37.127+0000] {standard_task_runner.py:85} INFO - Job 35: Subtask print_gm_task
[2023-09-11T08:21:37.814+0000] {task_command.py:415} INFO - Running <TaskInstance: simple_tasks.print_gm_task scheduled__2023-09-08T02:40:00+00:00 [running]> on host 47888c058366
[2023-09-11T08:21:38.575+0000] {taskinstance.py:1660} INFO - Exporting env vars: AIRFLOW_CTX_DAG_OWNER='***' AIRFLOW_CTX_DAG_ID='simple_tasks' AIRFLOW_CTX_TASK_ID='print_gm_task' AIRFLOW_CTX_EXECUTION_DATE='2023-09-08T02:40:00+00:00' AIRFLOW_CTX_TRY_NUMBER='1' AIRFLOW_CTX_DAG_RUN_ID='scheduled__2023-09-08T02:40:00+00:00'
[2023-09-11T08:21:38.612+0000] {subprocess.py:63} INFO - Tmp dir root location: /tmp
[2023-09-11T08:21:38.634+0000] {subprocess.py:75} INFO - Running command: ['/bin/bash', '-c', 'echo "Good morning, my diggers!"']
[2023-09-11T08:21:38.687+0000] {subprocess.py:86} INFO - Output:
[2023-09-11T08:21:38.724+0000] {subprocess.py:93} INFO - Good morning, my diggers!
[2023-09-11T08:21:38.725+0000] {subprocess.py:97} INFO - Command exited with return code 0
[2023-09-11T08:21:38.934+0000] {taskinstance.py:1398} INFO - Marking task as SUCCESS. dag_id=simple_tasks, task_id=print_gm_task, execution_date=20230908T024000, start_date=20230911T082136, end_date=20230911T082138
[2023-09-11T08:21:39.139+0000] {local_task_job_runner.py:228} INFO - Task exited with return code 0
[2023-09-11T08:21:39.298+0000] {taskinstance.py:2776} INFO - 1 downstream tasks scheduled from follow-on schedule check
