[2023-09-13T08:40:03.602+0000] {taskinstance.py:1157} INFO - Dependencies all met for dep_context=non-requeueable deps ti=<TaskInstance: simple_tasks.print_gm_task scheduled__2023-09-13T08:30:00+00:00 [queued]>
[2023-09-13T08:40:03.617+0000] {taskinstance.py:1157} INFO - Dependencies all met for dep_context=requeueable deps ti=<TaskInstance: simple_tasks.print_gm_task scheduled__2023-09-13T08:30:00+00:00 [queued]>
[2023-09-13T08:40:03.618+0000] {taskinstance.py:1359} INFO - Starting attempt 1 of 1
[2023-09-13T08:40:03.637+0000] {taskinstance.py:1380} INFO - Executing <Task(BashOperator): print_gm_task> on 2023-09-13 08:30:00+00:00
[2023-09-13T08:40:03.644+0000] {standard_task_runner.py:57} INFO - Started process 552 to run task
[2023-09-13T08:40:03.649+0000] {standard_task_runner.py:84} INFO - Running: ['***', 'tasks', 'run', 'simple_tasks', 'print_gm_task', 'scheduled__2023-09-13T08:30:00+00:00', '--job-id', '49', '--raw', '--subdir', 'DAGS_FOLDER/script.py', '--cfg-path', '/tmp/tmp6iuddyf9']
[2023-09-13T08:40:03.654+0000] {standard_task_runner.py:85} INFO - Job 49: Subtask print_gm_task
[2023-09-13T08:40:03.718+0000] {task_command.py:415} INFO - Running <TaskInstance: simple_tasks.print_gm_task scheduled__2023-09-13T08:30:00+00:00 [running]> on host cb4016c405b8
[2023-09-13T08:40:03.855+0000] {taskinstance.py:1660} INFO - Exporting env vars: AIRFLOW_CTX_DAG_OWNER='***' AIRFLOW_CTX_DAG_ID='simple_tasks' AIRFLOW_CTX_TASK_ID='print_gm_task' AIRFLOW_CTX_EXECUTION_DATE='2023-09-13T08:30:00+00:00' AIRFLOW_CTX_TRY_NUMBER='1' AIRFLOW_CTX_DAG_RUN_ID='scheduled__2023-09-13T08:30:00+00:00'
[2023-09-13T08:40:03.860+0000] {subprocess.py:63} INFO - Tmp dir root location: /tmp
[2023-09-13T08:40:03.865+0000] {subprocess.py:75} INFO - Running command: ['/bin/bash', '-c', 'echo "Good morning, my diggers!"']
[2023-09-13T08:40:03.889+0000] {subprocess.py:86} INFO - Output:
[2023-09-13T08:40:03.899+0000] {subprocess.py:93} INFO - Good morning, my diggers!
[2023-09-13T08:40:03.900+0000] {subprocess.py:97} INFO - Command exited with return code 0
[2023-09-13T08:40:03.938+0000] {taskinstance.py:1398} INFO - Marking task as SUCCESS. dag_id=simple_tasks, task_id=print_gm_task, execution_date=20230913T083000, start_date=20230913T084003, end_date=20230913T084003
[2023-09-13T08:40:03.982+0000] {local_task_job_runner.py:228} INFO - Task exited with return code 0
[2023-09-13T08:40:04.008+0000] {taskinstance.py:2776} INFO - 1 downstream tasks scheduled from follow-on schedule check
[2023-10-29T14:34:57.858+0000] {logging_mixin.py:151} INFO - Changing /opt/***/logs/dag_id=simple_tasks/run_id=scheduled__2023-09-13T08:30:00+00:00/task_id=print_gm_task permission to 509
[2023-10-29T14:34:57.881+0000] {logging_mixin.py:151} INFO - Failed to change /opt/***/logs/dag_id=simple_tasks/run_id=scheduled__2023-09-13T08:30:00+00:00/task_id=print_gm_task permission to 509: [Errno 1] Operation not permitted: '/opt/***/logs/dag_id=simple_tasks/run_id=scheduled__2023-09-13T08:30:00+00:00/task_id=print_gm_task'
[2023-10-29T14:34:58.128+0000] {logging_mixin.py:151} INFO - Changing /opt/***/logs/dag_id=simple_tasks/run_id=scheduled__2023-09-13T08:30:00+00:00/task_id=print_gm_task permission to 509
[2023-10-29T14:34:58.134+0000] {logging_mixin.py:151} INFO - Failed to change /opt/***/logs/dag_id=simple_tasks/run_id=scheduled__2023-09-13T08:30:00+00:00/task_id=print_gm_task permission to 509: [Errno 1] Operation not permitted: '/opt/***/logs/dag_id=simple_tasks/run_id=scheduled__2023-09-13T08:30:00+00:00/task_id=print_gm_task'
[2023-10-29T14:34:58.252+0000] {taskinstance.py:1157} INFO - Dependencies all met for dep_context=non-requeueable deps ti=<TaskInstance: simple_tasks.print_gm_task scheduled__2023-09-13T08:30:00+00:00 [queued]>
[2023-10-29T14:34:58.290+0000] {taskinstance.py:1157} INFO - Dependencies all met for dep_context=requeueable deps ti=<TaskInstance: simple_tasks.print_gm_task scheduled__2023-09-13T08:30:00+00:00 [queued]>
[2023-10-29T14:34:58.290+0000] {taskinstance.py:1359} INFO - Starting attempt 1 of 1
[2023-10-29T14:34:58.373+0000] {taskinstance.py:1380} INFO - Executing <Task(BashOperator): print_gm_task> on 2023-09-13 08:30:00+00:00
[2023-10-29T14:34:58.395+0000] {standard_task_runner.py:57} INFO - Started process 229 to run task
[2023-10-29T14:34:58.498+0000] {standard_task_runner.py:84} INFO - Running: ['***', 'tasks', 'run', 'simple_tasks', 'print_gm_task', 'scheduled__2023-09-13T08:30:00+00:00', '--job-id', '17', '--raw', '--subdir', 'DAGS_FOLDER/script.py', '--cfg-path', '/tmp/tmpf01e3tnl']
[2023-10-29T14:34:58.564+0000] {standard_task_runner.py:85} INFO - Job 17: Subtask print_gm_task
[2023-10-29T14:34:58.866+0000] {logging_mixin.py:151} INFO - Changing /opt/***/logs/dag_id=simple_tasks/run_id=scheduled__2023-09-13T08:30:00+00:00/task_id=print_gm_task permission to 509
[2023-10-29T14:34:58.868+0000] {logging_mixin.py:151} INFO - Failed to change /opt/***/logs/dag_id=simple_tasks/run_id=scheduled__2023-09-13T08:30:00+00:00/task_id=print_gm_task permission to 509: [Errno 1] Operation not permitted: '/opt/***/logs/dag_id=simple_tasks/run_id=scheduled__2023-09-13T08:30:00+00:00/task_id=print_gm_task'
[2023-10-29T14:34:58.871+0000] {task_command.py:415} INFO - Running <TaskInstance: simple_tasks.print_gm_task scheduled__2023-09-13T08:30:00+00:00 [running]> on host 452e7b951e9d
[2023-10-29T14:34:59.369+0000] {taskinstance.py:1660} INFO - Exporting env vars: AIRFLOW_CTX_DAG_OWNER='***' AIRFLOW_CTX_DAG_ID='simple_tasks' AIRFLOW_CTX_TASK_ID='print_gm_task' AIRFLOW_CTX_EXECUTION_DATE='2023-09-13T08:30:00+00:00' AIRFLOW_CTX_TRY_NUMBER='1' AIRFLOW_CTX_DAG_RUN_ID='scheduled__2023-09-13T08:30:00+00:00'
[2023-10-29T14:34:59.373+0000] {subprocess.py:63} INFO - Tmp dir root location: /tmp
[2023-10-29T14:34:59.379+0000] {subprocess.py:75} INFO - Running command: ['/bin/bash', '-c', 'echo "Good morning, my diggers!"']
[2023-10-29T14:34:59.458+0000] {subprocess.py:86} INFO - Output:
[2023-10-29T14:34:59.488+0000] {subprocess.py:93} INFO - Good morning, my diggers!
[2023-10-29T14:34:59.494+0000] {subprocess.py:97} INFO - Command exited with return code 0
[2023-10-29T14:34:59.797+0000] {taskinstance.py:1398} INFO - Marking task as SUCCESS. dag_id=simple_tasks, task_id=print_gm_task, execution_date=20230913T083000, start_date=20231029T143458, end_date=20231029T143459
[2023-10-29T14:34:59.927+0000] {local_task_job_runner.py:228} INFO - Task exited with return code 0
[2023-10-29T14:35:00.021+0000] {taskinstance.py:2776} INFO - 1 downstream tasks scheduled from follow-on schedule check
