[2023-09-10T17:55:14.368+0000] {taskinstance.py:1157} INFO - Dependencies all met for dep_context=non-requeueable deps ti=<TaskInstance: simple_tasks.print_gm_task scheduled__2023-09-08T04:40:00+00:00 [queued]>
[2023-09-10T17:55:14.409+0000] {taskinstance.py:1157} INFO - Dependencies all met for dep_context=requeueable deps ti=<TaskInstance: simple_tasks.print_gm_task scheduled__2023-09-08T04:40:00+00:00 [queued]>
[2023-09-10T17:55:14.410+0000] {taskinstance.py:1359} INFO - Starting attempt 1 of 1
[2023-09-10T17:55:14.470+0000] {taskinstance.py:1380} INFO - Executing <Task(BashOperator): print_gm_task> on 2023-09-08 04:40:00+00:00
[2023-09-10T17:55:14.521+0000] {standard_task_runner.py:57} INFO - Started process 368 to run task
[2023-09-10T17:55:14.536+0000] {standard_task_runner.py:84} INFO - Running: ['***', 'tasks', 'run', 'simple_tasks', 'print_gm_task', 'scheduled__2023-09-08T04:40:00+00:00', '--job-id', '197', '--raw', '--subdir', 'DAGS_FOLDER/script.py', '--cfg-path', '/tmp/tmpzxdf_ej_']
[2023-09-10T17:55:14.549+0000] {standard_task_runner.py:85} INFO - Job 197: Subtask print_gm_task
[2023-09-10T17:55:14.775+0000] {task_command.py:415} INFO - Running <TaskInstance: simple_tasks.print_gm_task scheduled__2023-09-08T04:40:00+00:00 [running]> on host 3152b479582c
[2023-09-10T17:55:15.148+0000] {taskinstance.py:1660} INFO - Exporting env vars: AIRFLOW_CTX_DAG_OWNER='***' AIRFLOW_CTX_DAG_ID='simple_tasks' AIRFLOW_CTX_TASK_ID='print_gm_task' AIRFLOW_CTX_EXECUTION_DATE='2023-09-08T04:40:00+00:00' AIRFLOW_CTX_TRY_NUMBER='1' AIRFLOW_CTX_DAG_RUN_ID='scheduled__2023-09-08T04:40:00+00:00'
[2023-09-10T17:55:15.151+0000] {subprocess.py:63} INFO - Tmp dir root location: /tmp
[2023-09-10T17:55:15.153+0000] {subprocess.py:75} INFO - Running command: ['/bin/bash', '-c', 'echo "Good morning, my diggers!"']
[2023-09-10T17:55:15.209+0000] {subprocess.py:86} INFO - Output:
[2023-09-10T17:55:15.212+0000] {subprocess.py:93} INFO - Good morning, my diggers!
[2023-09-10T17:55:15.213+0000] {subprocess.py:97} INFO - Command exited with return code 0
[2023-09-10T17:55:16.259+0000] {taskinstance.py:1398} INFO - Marking task as SUCCESS. dag_id=simple_tasks, task_id=print_gm_task, execution_date=20230908T044000, start_date=20230910T175514, end_date=20230910T175516
[2023-09-10T17:55:17.050+0000] {local_task_job_runner.py:228} INFO - Task exited with return code 0
[2023-09-10T17:55:17.156+0000] {taskinstance.py:2776} INFO - 1 downstream tasks scheduled from follow-on schedule check
[2023-09-11T08:21:59.626+0000] {taskinstance.py:1157} INFO - Dependencies all met for dep_context=non-requeueable deps ti=<TaskInstance: simple_tasks.print_gm_task scheduled__2023-09-08T04:40:00+00:00 [queued]>
[2023-09-11T08:21:59.651+0000] {taskinstance.py:1157} INFO - Dependencies all met for dep_context=requeueable deps ti=<TaskInstance: simple_tasks.print_gm_task scheduled__2023-09-08T04:40:00+00:00 [queued]>
[2023-09-11T08:21:59.652+0000] {taskinstance.py:1359} INFO - Starting attempt 1 of 1
[2023-09-11T08:21:59.813+0000] {taskinstance.py:1380} INFO - Executing <Task(BashOperator): print_gm_task> on 2023-09-08 04:40:00+00:00
[2023-09-11T08:21:59.905+0000] {standard_task_runner.py:57} INFO - Started process 326 to run task
[2023-09-11T08:21:59.909+0000] {standard_task_runner.py:84} INFO - Running: ['***', 'tasks', 'run', 'simple_tasks', 'print_gm_task', 'scheduled__2023-09-08T04:40:00+00:00', '--job-id', '51', '--raw', '--subdir', 'DAGS_FOLDER/script.py', '--cfg-path', '/tmp/tmpug17knss']
[2023-09-11T08:21:59.949+0000] {standard_task_runner.py:85} INFO - Job 51: Subtask print_gm_task
[2023-09-11T08:22:00.497+0000] {task_command.py:415} INFO - Running <TaskInstance: simple_tasks.print_gm_task scheduled__2023-09-08T04:40:00+00:00 [running]> on host 47888c058366
[2023-09-11T08:22:01.514+0000] {taskinstance.py:1660} INFO - Exporting env vars: AIRFLOW_CTX_DAG_OWNER='***' AIRFLOW_CTX_DAG_ID='simple_tasks' AIRFLOW_CTX_TASK_ID='print_gm_task' AIRFLOW_CTX_EXECUTION_DATE='2023-09-08T04:40:00+00:00' AIRFLOW_CTX_TRY_NUMBER='1' AIRFLOW_CTX_DAG_RUN_ID='scheduled__2023-09-08T04:40:00+00:00'
[2023-09-11T08:22:01.522+0000] {subprocess.py:63} INFO - Tmp dir root location: /tmp
[2023-09-11T08:22:01.525+0000] {subprocess.py:75} INFO - Running command: ['/bin/bash', '-c', 'echo "Good morning, my diggers!"']
[2023-09-11T08:22:01.612+0000] {subprocess.py:86} INFO - Output:
[2023-09-11T08:22:01.617+0000] {subprocess.py:93} INFO - Good morning, my diggers!
[2023-09-11T08:22:01.619+0000] {subprocess.py:97} INFO - Command exited with return code 0
[2023-09-11T08:22:01.747+0000] {taskinstance.py:1398} INFO - Marking task as SUCCESS. dag_id=simple_tasks, task_id=print_gm_task, execution_date=20230908T044000, start_date=20230911T082159, end_date=20230911T082201
[2023-09-11T08:22:01.931+0000] {local_task_job_runner.py:228} INFO - Task exited with return code 0
[2023-09-11T08:22:02.094+0000] {taskinstance.py:2776} INFO - 1 downstream tasks scheduled from follow-on schedule check
