[2023-09-10T17:54:54.507+0000] {taskinstance.py:1157} INFO - Dependencies all met for dep_context=non-requeueable deps ti=<TaskInstance: simple_tasks.print_gm_task scheduled__2023-09-08T03:00:00+00:00 [queued]>
[2023-09-10T17:54:54.524+0000] {taskinstance.py:1157} INFO - Dependencies all met for dep_context=requeueable deps ti=<TaskInstance: simple_tasks.print_gm_task scheduled__2023-09-08T03:00:00+00:00 [queued]>
[2023-09-10T17:54:54.525+0000] {taskinstance.py:1359} INFO - Starting attempt 1 of 1
[2023-09-10T17:54:54.550+0000] {taskinstance.py:1380} INFO - Executing <Task(BashOperator): print_gm_task> on 2023-09-08 03:00:00+00:00
[2023-09-10T17:54:54.564+0000] {standard_task_runner.py:57} INFO - Started process 294 to run task
[2023-09-10T17:54:54.569+0000] {standard_task_runner.py:84} INFO - Running: ['***', 'tasks', 'run', 'simple_tasks', 'print_gm_task', 'scheduled__2023-09-08T03:00:00+00:00', '--job-id', '180', '--raw', '--subdir', 'DAGS_FOLDER/script.py', '--cfg-path', '/tmp/tmp_82wsu51']
[2023-09-10T17:54:54.576+0000] {standard_task_runner.py:85} INFO - Job 180: Subtask print_gm_task
[2023-09-10T17:54:54.779+0000] {task_command.py:415} INFO - Running <TaskInstance: simple_tasks.print_gm_task scheduled__2023-09-08T03:00:00+00:00 [running]> on host 3152b479582c
[2023-09-10T17:54:54.934+0000] {taskinstance.py:1660} INFO - Exporting env vars: AIRFLOW_CTX_DAG_OWNER='***' AIRFLOW_CTX_DAG_ID='simple_tasks' AIRFLOW_CTX_TASK_ID='print_gm_task' AIRFLOW_CTX_EXECUTION_DATE='2023-09-08T03:00:00+00:00' AIRFLOW_CTX_TRY_NUMBER='1' AIRFLOW_CTX_DAG_RUN_ID='scheduled__2023-09-08T03:00:00+00:00'
[2023-09-10T17:54:54.940+0000] {subprocess.py:63} INFO - Tmp dir root location: /tmp
[2023-09-10T17:54:54.941+0000] {subprocess.py:75} INFO - Running command: ['/bin/bash', '-c', 'echo "Good morning, my diggers!"']
[2023-09-10T17:54:54.974+0000] {subprocess.py:86} INFO - Output:
[2023-09-10T17:54:54.977+0000] {subprocess.py:93} INFO - Good morning, my diggers!
[2023-09-10T17:54:54.978+0000] {subprocess.py:97} INFO - Command exited with return code 0
[2023-09-10T17:54:55.084+0000] {taskinstance.py:1398} INFO - Marking task as SUCCESS. dag_id=simple_tasks, task_id=print_gm_task, execution_date=20230908T030000, start_date=20230910T175454, end_date=20230910T175455
[2023-09-10T17:54:55.146+0000] {local_task_job_runner.py:228} INFO - Task exited with return code 0
[2023-09-10T17:54:55.180+0000] {taskinstance.py:2776} INFO - 1 downstream tasks scheduled from follow-on schedule check
[2023-09-11T08:21:39.267+0000] {taskinstance.py:1157} INFO - Dependencies all met for dep_context=non-requeueable deps ti=<TaskInstance: simple_tasks.print_gm_task scheduled__2023-09-08T03:00:00+00:00 [queued]>
[2023-09-11T08:21:39.395+0000] {taskinstance.py:1157} INFO - Dependencies all met for dep_context=requeueable deps ti=<TaskInstance: simple_tasks.print_gm_task scheduled__2023-09-08T03:00:00+00:00 [queued]>
[2023-09-11T08:21:39.401+0000] {taskinstance.py:1359} INFO - Starting attempt 1 of 1
[2023-09-11T08:21:39.755+0000] {taskinstance.py:1380} INFO - Executing <Task(BashOperator): print_gm_task> on 2023-09-08 03:00:00+00:00
[2023-09-11T08:21:39.780+0000] {standard_task_runner.py:57} INFO - Started process 267 to run task
[2023-09-11T08:21:39.823+0000] {standard_task_runner.py:84} INFO - Running: ['***', 'tasks', 'run', 'simple_tasks', 'print_gm_task', 'scheduled__2023-09-08T03:00:00+00:00', '--job-id', '38', '--raw', '--subdir', 'DAGS_FOLDER/script.py', '--cfg-path', '/tmp/tmpvqfyi1m6']
[2023-09-11T08:21:39.866+0000] {standard_task_runner.py:85} INFO - Job 38: Subtask print_gm_task
[2023-09-11T08:21:40.287+0000] {task_command.py:415} INFO - Running <TaskInstance: simple_tasks.print_gm_task scheduled__2023-09-08T03:00:00+00:00 [running]> on host 47888c058366
[2023-09-11T08:21:41.208+0000] {taskinstance.py:1660} INFO - Exporting env vars: AIRFLOW_CTX_DAG_OWNER='***' AIRFLOW_CTX_DAG_ID='simple_tasks' AIRFLOW_CTX_TASK_ID='print_gm_task' AIRFLOW_CTX_EXECUTION_DATE='2023-09-08T03:00:00+00:00' AIRFLOW_CTX_TRY_NUMBER='1' AIRFLOW_CTX_DAG_RUN_ID='scheduled__2023-09-08T03:00:00+00:00'
[2023-09-11T08:21:41.212+0000] {subprocess.py:63} INFO - Tmp dir root location: /tmp
[2023-09-11T08:21:41.216+0000] {subprocess.py:75} INFO - Running command: ['/bin/bash', '-c', 'echo "Good morning, my diggers!"']
[2023-09-11T08:21:41.298+0000] {subprocess.py:86} INFO - Output:
[2023-09-11T08:21:41.300+0000] {subprocess.py:93} INFO - Good morning, my diggers!
[2023-09-11T08:21:41.305+0000] {subprocess.py:97} INFO - Command exited with return code 0
[2023-09-11T08:21:41.455+0000] {taskinstance.py:1398} INFO - Marking task as SUCCESS. dag_id=simple_tasks, task_id=print_gm_task, execution_date=20230908T030000, start_date=20230911T082139, end_date=20230911T082141
[2023-09-11T08:21:41.565+0000] {local_task_job_runner.py:228} INFO - Task exited with return code 0
[2023-09-11T08:21:41.661+0000] {taskinstance.py:2776} INFO - 1 downstream tasks scheduled from follow-on schedule check
