[2023-09-12T14:40:16.969+0000] {taskinstance.py:1157} INFO - Dependencies all met for dep_context=non-requeueable deps ti=<TaskInstance: simple_tasks.print_gm_task scheduled__2023-09-12T14:40:00+00:00 [queued]>
[2023-09-12T14:40:16.979+0000] {taskinstance.py:1157} INFO - Dependencies all met for dep_context=requeueable deps ti=<TaskInstance: simple_tasks.print_gm_task scheduled__2023-09-12T14:40:00+00:00 [queued]>
[2023-09-12T14:40:16.979+0000] {taskinstance.py:1359} INFO - Starting attempt 1 of 1
[2023-09-12T14:40:16.992+0000] {taskinstance.py:1380} INFO - Executing <Task(BashOperator): print_gm_task> on 2023-09-12 14:40:00+00:00
[2023-09-12T14:40:16.996+0000] {standard_task_runner.py:57} INFO - Started process 488 to run task
[2023-09-12T14:40:17.000+0000] {standard_task_runner.py:84} INFO - Running: ['***', 'tasks', 'run', 'simple_tasks', 'print_gm_task', 'scheduled__2023-09-12T14:40:00+00:00', '--job-id', '90', '--raw', '--subdir', 'DAGS_FOLDER/script.py', '--cfg-path', '/tmp/tmpy756bhox']
[2023-09-12T14:40:17.002+0000] {standard_task_runner.py:85} INFO - Job 90: Subtask print_gm_task
[2023-09-12T14:40:17.043+0000] {task_command.py:415} INFO - Running <TaskInstance: simple_tasks.print_gm_task scheduled__2023-09-12T14:40:00+00:00 [running]> on host fbfbca5b9527
[2023-09-12T14:40:17.126+0000] {taskinstance.py:1660} INFO - Exporting env vars: AIRFLOW_CTX_DAG_OWNER='***' AIRFLOW_CTX_DAG_ID='simple_tasks' AIRFLOW_CTX_TASK_ID='print_gm_task' AIRFLOW_CTX_EXECUTION_DATE='2023-09-12T14:40:00+00:00' AIRFLOW_CTX_TRY_NUMBER='1' AIRFLOW_CTX_DAG_RUN_ID='scheduled__2023-09-12T14:40:00+00:00'
[2023-09-12T14:40:17.128+0000] {subprocess.py:63} INFO - Tmp dir root location: /tmp
[2023-09-12T14:40:17.129+0000] {subprocess.py:75} INFO - Running command: ['/bin/bash', '-c', 'echo "Good morning, my diggers!"']
[2023-09-12T14:40:17.139+0000] {subprocess.py:86} INFO - Output:
[2023-09-12T14:40:17.140+0000] {subprocess.py:93} INFO - Good morning, my diggers!
[2023-09-12T14:40:17.141+0000] {subprocess.py:97} INFO - Command exited with return code 0
[2023-09-12T14:40:17.161+0000] {taskinstance.py:1398} INFO - Marking task as SUCCESS. dag_id=simple_tasks, task_id=print_gm_task, execution_date=20230912T144000, start_date=20230912T144016, end_date=20230912T144017
[2023-09-12T14:40:17.212+0000] {local_task_job_runner.py:228} INFO - Task exited with return code 0
[2023-09-12T14:40:17.229+0000] {taskinstance.py:2776} INFO - 0 downstream tasks scheduled from follow-on schedule check
[2023-09-12T22:10:03.801+0000] {logging_mixin.py:151} INFO - Changing /opt/***/logs/dag_id=simple_tasks/run_id=scheduled__2023-09-12T14:40:00+00:00/task_id=print_gm_task permission to 509
[2023-09-12T22:10:03.829+0000] {logging_mixin.py:151} INFO - Failed to change /opt/***/logs/dag_id=simple_tasks/run_id=scheduled__2023-09-12T14:40:00+00:00/task_id=print_gm_task permission to 509: [Errno 1] Operation not permitted: '/opt/***/logs/dag_id=simple_tasks/run_id=scheduled__2023-09-12T14:40:00+00:00/task_id=print_gm_task'
[2023-09-12T22:10:04.684+0000] {logging_mixin.py:151} INFO - Changing /opt/***/logs/dag_id=simple_tasks/run_id=scheduled__2023-09-12T14:40:00+00:00/task_id=print_gm_task permission to 509
[2023-09-12T22:10:04.694+0000] {logging_mixin.py:151} INFO - Failed to change /opt/***/logs/dag_id=simple_tasks/run_id=scheduled__2023-09-12T14:40:00+00:00/task_id=print_gm_task permission to 509: [Errno 1] Operation not permitted: '/opt/***/logs/dag_id=simple_tasks/run_id=scheduled__2023-09-12T14:40:00+00:00/task_id=print_gm_task'
[2023-09-12T22:10:04.870+0000] {taskinstance.py:1157} INFO - Dependencies all met for dep_context=non-requeueable deps ti=<TaskInstance: simple_tasks.print_gm_task scheduled__2023-09-12T14:40:00+00:00 [queued]>
[2023-09-12T22:10:04.921+0000] {taskinstance.py:1157} INFO - Dependencies all met for dep_context=requeueable deps ti=<TaskInstance: simple_tasks.print_gm_task scheduled__2023-09-12T14:40:00+00:00 [queued]>
[2023-09-12T22:10:04.930+0000] {taskinstance.py:1359} INFO - Starting attempt 1 of 1
[2023-09-12T22:10:05.032+0000] {taskinstance.py:1380} INFO - Executing <Task(BashOperator): print_gm_task> on 2023-09-12 14:40:00+00:00
[2023-09-12T22:10:05.202+0000] {standard_task_runner.py:57} INFO - Started process 99 to run task
[2023-09-12T22:10:05.246+0000] {standard_task_runner.py:84} INFO - Running: ['***', 'tasks', 'run', 'simple_tasks', 'print_gm_task', 'scheduled__2023-09-12T14:40:00+00:00', '--job-id', '5', '--raw', '--subdir', 'DAGS_FOLDER/script.py', '--cfg-path', '/tmp/tmpbbzle10g']
[2023-09-12T22:10:05.266+0000] {standard_task_runner.py:85} INFO - Job 5: Subtask print_gm_task
[2023-09-12T22:10:06.923+0000] {logging_mixin.py:151} INFO - Changing /opt/***/logs/dag_id=simple_tasks/run_id=scheduled__2023-09-12T14:40:00+00:00/task_id=print_gm_task permission to 509
[2023-09-12T22:10:06.951+0000] {logging_mixin.py:151} INFO - Failed to change /opt/***/logs/dag_id=simple_tasks/run_id=scheduled__2023-09-12T14:40:00+00:00/task_id=print_gm_task permission to 509: [Errno 1] Operation not permitted: '/opt/***/logs/dag_id=simple_tasks/run_id=scheduled__2023-09-12T14:40:00+00:00/task_id=print_gm_task'
[2023-09-12T22:10:06.967+0000] {task_command.py:415} INFO - Running <TaskInstance: simple_tasks.print_gm_task scheduled__2023-09-12T14:40:00+00:00 [running]> on host 8df8606c974e
[2023-09-12T22:10:08.426+0000] {taskinstance.py:1660} INFO - Exporting env vars: AIRFLOW_CTX_DAG_OWNER='***' AIRFLOW_CTX_DAG_ID='simple_tasks' AIRFLOW_CTX_TASK_ID='print_gm_task' AIRFLOW_CTX_EXECUTION_DATE='2023-09-12T14:40:00+00:00' AIRFLOW_CTX_TRY_NUMBER='1' AIRFLOW_CTX_DAG_RUN_ID='scheduled__2023-09-12T14:40:00+00:00'
[2023-09-12T22:10:08.496+0000] {subprocess.py:63} INFO - Tmp dir root location: /tmp
[2023-09-12T22:10:08.503+0000] {subprocess.py:75} INFO - Running command: ['/bin/bash', '-c', 'echo "Good morning, my diggers!"']
[2023-09-12T22:10:08.600+0000] {subprocess.py:86} INFO - Output:
[2023-09-12T22:10:08.615+0000] {subprocess.py:93} INFO - Good morning, my diggers!
[2023-09-12T22:10:08.622+0000] {subprocess.py:97} INFO - Command exited with return code 0
[2023-09-12T22:10:08.772+0000] {taskinstance.py:1398} INFO - Marking task as SUCCESS. dag_id=simple_tasks, task_id=print_gm_task, execution_date=20230912T144000, start_date=20230912T221004, end_date=20230912T221008
[2023-09-12T22:10:08.892+0000] {local_task_job_runner.py:228} INFO - Task exited with return code 0
[2023-09-12T22:10:08.966+0000] {taskinstance.py:2776} INFO - 1 downstream tasks scheduled from follow-on schedule check
