[2023-09-10T17:54:27.544+0000] {taskinstance.py:1157} INFO - Dependencies all met for dep_context=non-requeueable deps ti=<TaskInstance: simple_tasks.print_gm_task scheduled__2023-09-08T01:50:00+00:00 [queued]>
[2023-09-10T17:54:27.564+0000] {taskinstance.py:1157} INFO - Dependencies all met for dep_context=requeueable deps ti=<TaskInstance: simple_tasks.print_gm_task scheduled__2023-09-08T01:50:00+00:00 [queued]>
[2023-09-10T17:54:27.565+0000] {taskinstance.py:1359} INFO - Starting attempt 1 of 1
[2023-09-10T17:54:27.632+0000] {taskinstance.py:1380} INFO - Executing <Task(BashOperator): print_gm_task> on 2023-09-08 01:50:00+00:00
[2023-09-10T17:54:27.710+0000] {standard_task_runner.py:57} INFO - Started process 223 to run task
[2023-09-10T17:54:27.737+0000] {standard_task_runner.py:84} INFO - Running: ['***', 'tasks', 'run', 'simple_tasks', 'print_gm_task', 'scheduled__2023-09-08T01:50:00+00:00', '--job-id', '157', '--raw', '--subdir', 'DAGS_FOLDER/script.py', '--cfg-path', '/tmp/tmptke8hdgv']
[2023-09-10T17:54:27.775+0000] {standard_task_runner.py:85} INFO - Job 157: Subtask print_gm_task
[2023-09-10T17:54:28.067+0000] {task_command.py:415} INFO - Running <TaskInstance: simple_tasks.print_gm_task scheduled__2023-09-08T01:50:00+00:00 [running]> on host 3152b479582c
[2023-09-10T17:54:28.542+0000] {taskinstance.py:1660} INFO - Exporting env vars: AIRFLOW_CTX_DAG_OWNER='***' AIRFLOW_CTX_DAG_ID='simple_tasks' AIRFLOW_CTX_TASK_ID='print_gm_task' AIRFLOW_CTX_EXECUTION_DATE='2023-09-08T01:50:00+00:00' AIRFLOW_CTX_TRY_NUMBER='1' AIRFLOW_CTX_DAG_RUN_ID='scheduled__2023-09-08T01:50:00+00:00'
[2023-09-10T17:54:28.548+0000] {subprocess.py:63} INFO - Tmp dir root location: /tmp
[2023-09-10T17:54:28.549+0000] {subprocess.py:75} INFO - Running command: ['/bin/bash', '-c', 'echo "Good morning, my diggers!"']
[2023-09-10T17:54:28.627+0000] {subprocess.py:86} INFO - Output:
[2023-09-10T17:54:28.632+0000] {subprocess.py:93} INFO - Good morning, my diggers!
[2023-09-10T17:54:28.652+0000] {subprocess.py:97} INFO - Command exited with return code 0
[2023-09-10T17:54:28.791+0000] {taskinstance.py:1398} INFO - Marking task as SUCCESS. dag_id=simple_tasks, task_id=print_gm_task, execution_date=20230908T015000, start_date=20230910T175427, end_date=20230910T175428
[2023-09-10T17:54:28.926+0000] {local_task_job_runner.py:228} INFO - Task exited with return code 0
[2023-09-10T17:54:29.015+0000] {taskinstance.py:2776} INFO - 1 downstream tasks scheduled from follow-on schedule check
[2023-09-11T08:05:47.833+0000] {taskinstance.py:1157} INFO - Dependencies all met for dep_context=non-requeueable deps ti=<TaskInstance: simple_tasks.print_gm_task scheduled__2023-09-08T01:50:00+00:00 [queued]>
[2023-09-11T08:05:47.907+0000] {taskinstance.py:1157} INFO - Dependencies all met for dep_context=requeueable deps ti=<TaskInstance: simple_tasks.print_gm_task scheduled__2023-09-08T01:50:00+00:00 [queued]>
[2023-09-11T08:05:47.917+0000] {taskinstance.py:1359} INFO - Starting attempt 1 of 1
[2023-09-11T08:05:48.108+0000] {taskinstance.py:1380} INFO - Executing <Task(BashOperator): print_gm_task> on 2023-09-08 01:50:00+00:00
[2023-09-11T08:05:48.202+0000] {standard_task_runner.py:57} INFO - Started process 128 to run task
[2023-09-11T08:05:48.228+0000] {standard_task_runner.py:84} INFO - Running: ['***', 'tasks', 'run', 'simple_tasks', 'print_gm_task', 'scheduled__2023-09-08T01:50:00+00:00', '--job-id', '14', '--raw', '--subdir', 'DAGS_FOLDER/script.py', '--cfg-path', '/tmp/tmp8s81igqy']
[2023-09-11T08:05:48.261+0000] {standard_task_runner.py:85} INFO - Job 14: Subtask print_gm_task
[2023-09-11T08:05:48.916+0000] {task_command.py:415} INFO - Running <TaskInstance: simple_tasks.print_gm_task scheduled__2023-09-08T01:50:00+00:00 [running]> on host 2c457fbd3561
[2023-09-11T08:05:49.638+0000] {taskinstance.py:1660} INFO - Exporting env vars: AIRFLOW_CTX_DAG_OWNER='***' AIRFLOW_CTX_DAG_ID='simple_tasks' AIRFLOW_CTX_TASK_ID='print_gm_task' AIRFLOW_CTX_EXECUTION_DATE='2023-09-08T01:50:00+00:00' AIRFLOW_CTX_TRY_NUMBER='1' AIRFLOW_CTX_DAG_RUN_ID='scheduled__2023-09-08T01:50:00+00:00'
[2023-09-11T08:05:49.644+0000] {subprocess.py:63} INFO - Tmp dir root location: /tmp
[2023-09-11T08:05:49.648+0000] {subprocess.py:75} INFO - Running command: ['/bin/bash', '-c', 'echo "Good morning, my diggers!"']
[2023-09-11T08:05:49.759+0000] {subprocess.py:86} INFO - Output:
[2023-09-11T08:05:49.785+0000] {subprocess.py:93} INFO - Good morning, my diggers!
[2023-09-11T08:05:49.794+0000] {subprocess.py:97} INFO - Command exited with return code 0
[2023-09-11T08:05:49.888+0000] {taskinstance.py:1398} INFO - Marking task as SUCCESS. dag_id=simple_tasks, task_id=print_gm_task, execution_date=20230908T015000, start_date=20230911T080547, end_date=20230911T080549
[2023-09-11T08:05:50.038+0000] {local_task_job_runner.py:228} INFO - Task exited with return code 0
[2023-09-11T08:05:50.138+0000] {taskinstance.py:2776} INFO - 1 downstream tasks scheduled from follow-on schedule check
[2023-09-11T08:17:03.576+0000] {taskinstance.py:1157} INFO - Dependencies all met for dep_context=non-requeueable deps ti=<TaskInstance: simple_tasks.print_gm_task scheduled__2023-09-08T01:50:00+00:00 [queued]>
[2023-09-11T08:17:03.597+0000] {taskinstance.py:1157} INFO - Dependencies all met for dep_context=requeueable deps ti=<TaskInstance: simple_tasks.print_gm_task scheduled__2023-09-08T01:50:00+00:00 [queued]>
[2023-09-11T08:17:03.599+0000] {taskinstance.py:1359} INFO - Starting attempt 1 of 1
[2023-09-11T08:17:03.795+0000] {taskinstance.py:1380} INFO - Executing <Task(BashOperator): print_gm_task> on 2023-09-08 01:50:00+00:00
[2023-09-11T08:17:03.820+0000] {standard_task_runner.py:57} INFO - Started process 114 to run task
[2023-09-11T08:17:04.004+0000] {standard_task_runner.py:84} INFO - Running: ['***', 'tasks', 'run', 'simple_tasks', 'print_gm_task', 'scheduled__2023-09-08T01:50:00+00:00', '--job-id', '12', '--raw', '--subdir', 'DAGS_FOLDER/script.py', '--cfg-path', '/tmp/tmp_wkxorpg']
[2023-09-11T08:17:04.079+0000] {standard_task_runner.py:85} INFO - Job 12: Subtask print_gm_task
[2023-09-11T08:17:08.257+0000] {task_command.py:415} INFO - Running <TaskInstance: simple_tasks.print_gm_task scheduled__2023-09-08T01:50:00+00:00 [running]> on host 47888c058366
[2023-09-11T08:17:09.643+0000] {taskinstance.py:1660} INFO - Exporting env vars: AIRFLOW_CTX_DAG_OWNER='***' AIRFLOW_CTX_DAG_ID='simple_tasks' AIRFLOW_CTX_TASK_ID='print_gm_task' AIRFLOW_CTX_EXECUTION_DATE='2023-09-08T01:50:00+00:00' AIRFLOW_CTX_TRY_NUMBER='1' AIRFLOW_CTX_DAG_RUN_ID='scheduled__2023-09-08T01:50:00+00:00'
[2023-09-11T08:17:09.672+0000] {subprocess.py:63} INFO - Tmp dir root location: /tmp
[2023-09-11T08:17:09.686+0000] {subprocess.py:75} INFO - Running command: ['/bin/bash', '-c', 'echo "Good morning, my diggers!"']
[2023-09-11T08:17:09.745+0000] {subprocess.py:86} INFO - Output:
[2023-09-11T08:17:09.750+0000] {subprocess.py:93} INFO - Good morning, my diggers!
[2023-09-11T08:17:09.758+0000] {subprocess.py:97} INFO - Command exited with return code 0
[2023-09-11T08:17:09.946+0000] {taskinstance.py:1398} INFO - Marking task as SUCCESS. dag_id=simple_tasks, task_id=print_gm_task, execution_date=20230908T015000, start_date=20230911T081703, end_date=20230911T081709
[2023-09-11T08:17:10.191+0000] {local_task_job_runner.py:228} INFO - Task exited with return code 0
[2023-09-11T08:17:10.253+0000] {taskinstance.py:2776} INFO - 1 downstream tasks scheduled from follow-on schedule check
