[2023-09-10T17:55:14.944+0000] {taskinstance.py:1157} INFO - Dependencies all met for dep_context=non-requeueable deps ti=<TaskInstance: simple_tasks.print_gm_task scheduled__2023-09-08T05:00:00+00:00 [queued]>
[2023-09-10T17:55:15.012+0000] {taskinstance.py:1157} INFO - Dependencies all met for dep_context=requeueable deps ti=<TaskInstance: simple_tasks.print_gm_task scheduled__2023-09-08T05:00:00+00:00 [queued]>
[2023-09-10T17:55:15.016+0000] {taskinstance.py:1359} INFO - Starting attempt 1 of 1
[2023-09-10T17:55:15.137+0000] {taskinstance.py:1380} INFO - Executing <Task(BashOperator): print_gm_task> on 2023-09-08 05:00:00+00:00
[2023-09-10T17:55:15.164+0000] {standard_task_runner.py:57} INFO - Started process 372 to run task
[2023-09-10T17:55:15.178+0000] {standard_task_runner.py:84} INFO - Running: ['***', 'tasks', 'run', 'simple_tasks', 'print_gm_task', 'scheduled__2023-09-08T05:00:00+00:00', '--job-id', '199', '--raw', '--subdir', 'DAGS_FOLDER/script.py', '--cfg-path', '/tmp/tmpsjgr3wmy']
[2023-09-10T17:55:15.219+0000] {standard_task_runner.py:85} INFO - Job 199: Subtask print_gm_task
[2023-09-10T17:55:16.430+0000] {task_command.py:415} INFO - Running <TaskInstance: simple_tasks.print_gm_task scheduled__2023-09-08T05:00:00+00:00 [running]> on host 3152b479582c
[2023-09-10T17:55:17.251+0000] {taskinstance.py:1660} INFO - Exporting env vars: AIRFLOW_CTX_DAG_OWNER='***' AIRFLOW_CTX_DAG_ID='simple_tasks' AIRFLOW_CTX_TASK_ID='print_gm_task' AIRFLOW_CTX_EXECUTION_DATE='2023-09-08T05:00:00+00:00' AIRFLOW_CTX_TRY_NUMBER='1' AIRFLOW_CTX_DAG_RUN_ID='scheduled__2023-09-08T05:00:00+00:00'
[2023-09-10T17:55:17.256+0000] {subprocess.py:63} INFO - Tmp dir root location: /tmp
[2023-09-10T17:55:17.258+0000] {subprocess.py:75} INFO - Running command: ['/bin/bash', '-c', 'echo "Good morning, my diggers!"']
[2023-09-10T17:55:17.332+0000] {subprocess.py:86} INFO - Output:
[2023-09-10T17:55:17.344+0000] {subprocess.py:93} INFO - Good morning, my diggers!
[2023-09-10T17:55:17.346+0000] {subprocess.py:97} INFO - Command exited with return code 0
[2023-09-10T17:55:17.864+0000] {taskinstance.py:1398} INFO - Marking task as SUCCESS. dag_id=simple_tasks, task_id=print_gm_task, execution_date=20230908T050000, start_date=20230910T175514, end_date=20230910T175517
[2023-09-10T17:55:18.028+0000] {local_task_job_runner.py:228} INFO - Task exited with return code 0
[2023-09-10T17:55:18.210+0000] {taskinstance.py:2776} INFO - 1 downstream tasks scheduled from follow-on schedule check
[2023-09-11T08:22:00.136+0000] {taskinstance.py:1157} INFO - Dependencies all met for dep_context=non-requeueable deps ti=<TaskInstance: simple_tasks.print_gm_task scheduled__2023-09-08T05:00:00+00:00 [queued]>
[2023-09-11T08:22:00.154+0000] {taskinstance.py:1157} INFO - Dependencies all met for dep_context=requeueable deps ti=<TaskInstance: simple_tasks.print_gm_task scheduled__2023-09-08T05:00:00+00:00 [queued]>
[2023-09-11T08:22:00.154+0000] {taskinstance.py:1359} INFO - Starting attempt 1 of 1
[2023-09-11T08:22:00.298+0000] {taskinstance.py:1380} INFO - Executing <Task(BashOperator): print_gm_task> on 2023-09-08 05:00:00+00:00
[2023-09-11T08:22:00.324+0000] {standard_task_runner.py:57} INFO - Started process 329 to run task
[2023-09-11T08:22:00.369+0000] {standard_task_runner.py:84} INFO - Running: ['***', 'tasks', 'run', 'simple_tasks', 'print_gm_task', 'scheduled__2023-09-08T05:00:00+00:00', '--job-id', '52', '--raw', '--subdir', 'DAGS_FOLDER/script.py', '--cfg-path', '/tmp/tmp554yfkmu']
[2023-09-11T08:22:00.472+0000] {standard_task_runner.py:85} INFO - Job 52: Subtask print_gm_task
[2023-09-11T08:22:01.551+0000] {task_command.py:415} INFO - Running <TaskInstance: simple_tasks.print_gm_task scheduled__2023-09-08T05:00:00+00:00 [running]> on host 47888c058366
[2023-09-11T08:22:01.931+0000] {taskinstance.py:1660} INFO - Exporting env vars: AIRFLOW_CTX_DAG_OWNER='***' AIRFLOW_CTX_DAG_ID='simple_tasks' AIRFLOW_CTX_TASK_ID='print_gm_task' AIRFLOW_CTX_EXECUTION_DATE='2023-09-08T05:00:00+00:00' AIRFLOW_CTX_TRY_NUMBER='1' AIRFLOW_CTX_DAG_RUN_ID='scheduled__2023-09-08T05:00:00+00:00'
[2023-09-11T08:22:01.954+0000] {subprocess.py:63} INFO - Tmp dir root location: /tmp
[2023-09-11T08:22:01.960+0000] {subprocess.py:75} INFO - Running command: ['/bin/bash', '-c', 'echo "Good morning, my diggers!"']
[2023-09-11T08:22:02.001+0000] {subprocess.py:86} INFO - Output:
[2023-09-11T08:22:02.005+0000] {subprocess.py:93} INFO - Good morning, my diggers!
[2023-09-11T08:22:02.028+0000] {subprocess.py:97} INFO - Command exited with return code 0
[2023-09-11T08:22:02.143+0000] {taskinstance.py:1398} INFO - Marking task as SUCCESS. dag_id=simple_tasks, task_id=print_gm_task, execution_date=20230908T050000, start_date=20230911T082200, end_date=20230911T082202
[2023-09-11T08:22:02.321+0000] {local_task_job_runner.py:228} INFO - Task exited with return code 0
[2023-09-11T08:22:02.448+0000] {taskinstance.py:2776} INFO - 1 downstream tasks scheduled from follow-on schedule check
