[2023-09-12T15:30:18.429+0000] {taskinstance.py:1157} INFO - Dependencies all met for dep_context=non-requeueable deps ti=<TaskInstance: simple_tasks.exchange_data_task scheduled__2023-09-12T15:30:00+00:00 [queued]>
[2023-09-12T15:30:18.439+0000] {taskinstance.py:1157} INFO - Dependencies all met for dep_context=requeueable deps ti=<TaskInstance: simple_tasks.exchange_data_task scheduled__2023-09-12T15:30:00+00:00 [queued]>
[2023-09-12T15:30:18.440+0000] {taskinstance.py:1359} INFO - Starting attempt 1 of 1
[2023-09-12T15:30:18.455+0000] {taskinstance.py:1380} INFO - Executing <Task(PythonOperator): exchange_data_task> on 2023-09-12 15:30:00+00:00
[2023-09-12T15:30:18.460+0000] {standard_task_runner.py:57} INFO - Started process 2649 to run task
[2023-09-12T15:30:18.463+0000] {standard_task_runner.py:84} INFO - Running: ['***', 'tasks', 'run', 'simple_tasks', 'exchange_data_task', 'scheduled__2023-09-12T15:30:00+00:00', '--job-id', '491', '--raw', '--subdir', 'DAGS_FOLDER/script.py', '--cfg-path', '/tmp/tmpyo_en0pl']
[2023-09-12T15:30:18.467+0000] {standard_task_runner.py:85} INFO - Job 491: Subtask exchange_data_task
[2023-09-12T15:30:18.520+0000] {task_command.py:415} INFO - Running <TaskInstance: simple_tasks.exchange_data_task scheduled__2023-09-12T15:30:00+00:00 [running]> on host fbfbca5b9527
[2023-09-12T15:30:18.639+0000] {taskinstance.py:1660} INFO - Exporting env vars: AIRFLOW_CTX_DAG_OWNER='***' AIRFLOW_CTX_DAG_ID='simple_tasks' AIRFLOW_CTX_TASK_ID='exchange_data_task' AIRFLOW_CTX_EXECUTION_DATE='2023-09-12T15:30:00+00:00' AIRFLOW_CTX_TRY_NUMBER='1' AIRFLOW_CTX_DAG_RUN_ID='scheduled__2023-09-12T15:30:00+00:00'
[2023-09-12T15:30:18.939+0000] {logging_mixin.py:151} INFO - Connected
[2023-09-12T15:30:18.940+0000] {logging_mixin.py:151} INFO - ('2023-09-12 15:30:18','BTC','RUB',2404181.214286)
[2023-09-12T15:30:18.951+0000] {python.py:194} INFO - Done. Returned value was: None
[2023-09-12T15:30:18.960+0000] {taskinstance.py:1398} INFO - Marking task as SUCCESS. dag_id=simple_tasks, task_id=exchange_data_task, execution_date=20230912T153000, start_date=20230912T153018, end_date=20230912T153018
[2023-09-12T15:30:19.000+0000] {local_task_job_runner.py:228} INFO - Task exited with return code 0
[2023-09-12T15:30:19.017+0000] {taskinstance.py:2776} INFO - 0 downstream tasks scheduled from follow-on schedule check
[2023-09-12T22:10:24.388+0000] {logging_mixin.py:151} INFO - Changing /opt/***/logs/dag_id=simple_tasks/run_id=scheduled__2023-09-12T15:30:00+00:00/task_id=exchange_data_task permission to 509
[2023-09-12T22:10:24.397+0000] {logging_mixin.py:151} INFO - Failed to change /opt/***/logs/dag_id=simple_tasks/run_id=scheduled__2023-09-12T15:30:00+00:00/task_id=exchange_data_task permission to 509: [Errno 1] Operation not permitted: '/opt/***/logs/dag_id=simple_tasks/run_id=scheduled__2023-09-12T15:30:00+00:00/task_id=exchange_data_task'
[2023-09-12T22:10:24.440+0000] {logging_mixin.py:151} INFO - Changing /opt/***/logs/dag_id=simple_tasks/run_id=scheduled__2023-09-12T15:30:00+00:00/task_id=exchange_data_task permission to 509
[2023-09-12T22:10:24.441+0000] {logging_mixin.py:151} INFO - Failed to change /opt/***/logs/dag_id=simple_tasks/run_id=scheduled__2023-09-12T15:30:00+00:00/task_id=exchange_data_task permission to 509: [Errno 1] Operation not permitted: '/opt/***/logs/dag_id=simple_tasks/run_id=scheduled__2023-09-12T15:30:00+00:00/task_id=exchange_data_task'
[2023-09-12T22:10:24.471+0000] {taskinstance.py:1157} INFO - Dependencies all met for dep_context=non-requeueable deps ti=<TaskInstance: simple_tasks.exchange_data_task scheduled__2023-09-12T15:30:00+00:00 [queued]>
[2023-09-12T22:10:24.480+0000] {taskinstance.py:1157} INFO - Dependencies all met for dep_context=requeueable deps ti=<TaskInstance: simple_tasks.exchange_data_task scheduled__2023-09-12T15:30:00+00:00 [queued]>
[2023-09-12T22:10:24.481+0000] {taskinstance.py:1359} INFO - Starting attempt 1 of 1
[2023-09-12T22:10:24.601+0000] {taskinstance.py:1380} INFO - Executing <Task(PythonOperator): exchange_data_task> on 2023-09-12 15:30:00+00:00
[2023-09-12T22:10:24.613+0000] {standard_task_runner.py:57} INFO - Started process 173 to run task
[2023-09-12T22:10:24.625+0000] {standard_task_runner.py:84} INFO - Running: ['***', 'tasks', 'run', 'simple_tasks', 'exchange_data_task', 'scheduled__2023-09-12T15:30:00+00:00', '--job-id', '29', '--raw', '--subdir', 'DAGS_FOLDER/script.py', '--cfg-path', '/tmp/tmpur_191f_']
[2023-09-12T22:10:24.630+0000] {standard_task_runner.py:85} INFO - Job 29: Subtask exchange_data_task
[2023-09-12T22:10:24.757+0000] {logging_mixin.py:151} INFO - Changing /opt/***/logs/dag_id=simple_tasks/run_id=scheduled__2023-09-12T15:30:00+00:00/task_id=exchange_data_task permission to 509
[2023-09-12T22:10:24.757+0000] {logging_mixin.py:151} INFO - Failed to change /opt/***/logs/dag_id=simple_tasks/run_id=scheduled__2023-09-12T15:30:00+00:00/task_id=exchange_data_task permission to 509: [Errno 1] Operation not permitted: '/opt/***/logs/dag_id=simple_tasks/run_id=scheduled__2023-09-12T15:30:00+00:00/task_id=exchange_data_task'
[2023-09-12T22:10:24.772+0000] {task_command.py:415} INFO - Running <TaskInstance: simple_tasks.exchange_data_task scheduled__2023-09-12T15:30:00+00:00 [running]> on host 8df8606c974e
[2023-09-12T22:10:25.119+0000] {taskinstance.py:1660} INFO - Exporting env vars: AIRFLOW_CTX_DAG_OWNER='***' AIRFLOW_CTX_DAG_ID='simple_tasks' AIRFLOW_CTX_TASK_ID='exchange_data_task' AIRFLOW_CTX_EXECUTION_DATE='2023-09-12T15:30:00+00:00' AIRFLOW_CTX_TRY_NUMBER='1' AIRFLOW_CTX_DAG_RUN_ID='scheduled__2023-09-12T15:30:00+00:00'
[2023-09-12T22:10:25.661+0000] {logging_mixin.py:151} INFO - Connected
[2023-09-12T22:10:25.665+0000] {logging_mixin.py:151} INFO - ('2023-09-12 22:10:25','BTC','RUB',2488040.439024)
[2023-09-12T22:10:25.692+0000] {python.py:194} INFO - Done. Returned value was: None
[2023-09-12T22:10:25.714+0000] {taskinstance.py:1398} INFO - Marking task as SUCCESS. dag_id=simple_tasks, task_id=exchange_data_task, execution_date=20230912T153000, start_date=20230912T221024, end_date=20230912T221025
[2023-09-12T22:10:25.816+0000] {local_task_job_runner.py:228} INFO - Task exited with return code 0
[2023-09-12T22:10:25.853+0000] {taskinstance.py:2776} INFO - 0 downstream tasks scheduled from follow-on schedule check
