[2023-09-12T15:50:16.789+0000] {taskinstance.py:1157} INFO - Dependencies all met for dep_context=non-requeueable deps ti=<TaskInstance: simple_tasks.print_gm_task scheduled__2023-09-12T15:50:00+00:00 [queued]>
[2023-09-12T15:50:16.797+0000] {taskinstance.py:1157} INFO - Dependencies all met for dep_context=requeueable deps ti=<TaskInstance: simple_tasks.print_gm_task scheduled__2023-09-12T15:50:00+00:00 [queued]>
[2023-09-12T15:50:16.798+0000] {taskinstance.py:1359} INFO - Starting attempt 1 of 1
[2023-09-12T15:50:16.811+0000] {taskinstance.py:1380} INFO - Executing <Task(BashOperator): print_gm_task> on 2023-09-12 15:50:00+00:00
[2023-09-12T15:50:16.817+0000] {standard_task_runner.py:57} INFO - Started process 3511 to run task
[2023-09-12T15:50:16.822+0000] {standard_task_runner.py:84} INFO - Running: ['***', 'tasks', 'run', 'simple_tasks', 'print_gm_task', 'scheduled__2023-09-12T15:50:00+00:00', '--job-id', '650', '--raw', '--subdir', 'DAGS_FOLDER/script.py', '--cfg-path', '/tmp/tmplq2jg06w']
[2023-09-12T15:50:16.825+0000] {standard_task_runner.py:85} INFO - Job 650: Subtask print_gm_task
[2023-09-12T15:50:16.872+0000] {task_command.py:415} INFO - Running <TaskInstance: simple_tasks.print_gm_task scheduled__2023-09-12T15:50:00+00:00 [running]> on host fbfbca5b9527
[2023-09-12T15:50:16.945+0000] {taskinstance.py:1660} INFO - Exporting env vars: AIRFLOW_CTX_DAG_OWNER='***' AIRFLOW_CTX_DAG_ID='simple_tasks' AIRFLOW_CTX_TASK_ID='print_gm_task' AIRFLOW_CTX_EXECUTION_DATE='2023-09-12T15:50:00+00:00' AIRFLOW_CTX_TRY_NUMBER='1' AIRFLOW_CTX_DAG_RUN_ID='scheduled__2023-09-12T15:50:00+00:00'
[2023-09-12T15:50:16.947+0000] {subprocess.py:63} INFO - Tmp dir root location: /tmp
[2023-09-12T15:50:16.947+0000] {subprocess.py:75} INFO - Running command: ['/bin/bash', '-c', 'echo "Good morning, my diggers!"']
[2023-09-12T15:50:16.957+0000] {subprocess.py:86} INFO - Output:
[2023-09-12T15:50:16.958+0000] {subprocess.py:93} INFO - Good morning, my diggers!
[2023-09-12T15:50:16.959+0000] {subprocess.py:97} INFO - Command exited with return code 0
[2023-09-12T15:50:16.982+0000] {taskinstance.py:1398} INFO - Marking task as SUCCESS. dag_id=simple_tasks, task_id=print_gm_task, execution_date=20230912T155000, start_date=20230912T155016, end_date=20230912T155016
[2023-09-12T15:50:17.033+0000] {local_task_job_runner.py:228} INFO - Task exited with return code 0
[2023-09-12T15:50:17.050+0000] {taskinstance.py:2776} INFO - 0 downstream tasks scheduled from follow-on schedule check
[2023-09-12T22:10:10.331+0000] {logging_mixin.py:151} INFO - Changing /opt/***/logs/dag_id=simple_tasks/run_id=scheduled__2023-09-12T15:50:00+00:00/task_id=print_gm_task permission to 509
[2023-09-12T22:10:10.342+0000] {logging_mixin.py:151} INFO - Failed to change /opt/***/logs/dag_id=simple_tasks/run_id=scheduled__2023-09-12T15:50:00+00:00/task_id=print_gm_task permission to 509: [Errno 1] Operation not permitted: '/opt/***/logs/dag_id=simple_tasks/run_id=scheduled__2023-09-12T15:50:00+00:00/task_id=print_gm_task'
[2023-09-12T22:10:10.493+0000] {logging_mixin.py:151} INFO - Changing /opt/***/logs/dag_id=simple_tasks/run_id=scheduled__2023-09-12T15:50:00+00:00/task_id=print_gm_task permission to 509
[2023-09-12T22:10:10.493+0000] {logging_mixin.py:151} INFO - Failed to change /opt/***/logs/dag_id=simple_tasks/run_id=scheduled__2023-09-12T15:50:00+00:00/task_id=print_gm_task permission to 509: [Errno 1] Operation not permitted: '/opt/***/logs/dag_id=simple_tasks/run_id=scheduled__2023-09-12T15:50:00+00:00/task_id=print_gm_task'
[2023-09-12T22:10:10.605+0000] {taskinstance.py:1157} INFO - Dependencies all met for dep_context=non-requeueable deps ti=<TaskInstance: simple_tasks.print_gm_task scheduled__2023-09-12T15:50:00+00:00 [queued]>
[2023-09-12T22:10:10.630+0000] {taskinstance.py:1157} INFO - Dependencies all met for dep_context=requeueable deps ti=<TaskInstance: simple_tasks.print_gm_task scheduled__2023-09-12T15:50:00+00:00 [queued]>
[2023-09-12T22:10:10.631+0000] {taskinstance.py:1359} INFO - Starting attempt 1 of 1
[2023-09-12T22:10:10.662+0000] {taskinstance.py:1380} INFO - Executing <Task(BashOperator): print_gm_task> on 2023-09-12 15:50:00+00:00
[2023-09-12T22:10:10.686+0000] {standard_task_runner.py:57} INFO - Started process 125 to run task
[2023-09-12T22:10:10.706+0000] {standard_task_runner.py:84} INFO - Running: ['***', 'tasks', 'run', 'simple_tasks', 'print_gm_task', 'scheduled__2023-09-12T15:50:00+00:00', '--job-id', '11', '--raw', '--subdir', 'DAGS_FOLDER/script.py', '--cfg-path', '/tmp/tmp09zs2xif']
[2023-09-12T22:10:10.714+0000] {standard_task_runner.py:85} INFO - Job 11: Subtask print_gm_task
[2023-09-12T22:10:10.963+0000] {logging_mixin.py:151} INFO - Changing /opt/***/logs/dag_id=simple_tasks/run_id=scheduled__2023-09-12T15:50:00+00:00/task_id=print_gm_task permission to 509
[2023-09-12T22:10:10.964+0000] {logging_mixin.py:151} INFO - Failed to change /opt/***/logs/dag_id=simple_tasks/run_id=scheduled__2023-09-12T15:50:00+00:00/task_id=print_gm_task permission to 509: [Errno 1] Operation not permitted: '/opt/***/logs/dag_id=simple_tasks/run_id=scheduled__2023-09-12T15:50:00+00:00/task_id=print_gm_task'
[2023-09-12T22:10:10.968+0000] {task_command.py:415} INFO - Running <TaskInstance: simple_tasks.print_gm_task scheduled__2023-09-12T15:50:00+00:00 [running]> on host 8df8606c974e
[2023-09-12T22:10:11.357+0000] {taskinstance.py:1660} INFO - Exporting env vars: AIRFLOW_CTX_DAG_OWNER='***' AIRFLOW_CTX_DAG_ID='simple_tasks' AIRFLOW_CTX_TASK_ID='print_gm_task' AIRFLOW_CTX_EXECUTION_DATE='2023-09-12T15:50:00+00:00' AIRFLOW_CTX_TRY_NUMBER='1' AIRFLOW_CTX_DAG_RUN_ID='scheduled__2023-09-12T15:50:00+00:00'
[2023-09-12T22:10:11.367+0000] {subprocess.py:63} INFO - Tmp dir root location: /tmp
[2023-09-12T22:10:11.368+0000] {subprocess.py:75} INFO - Running command: ['/bin/bash', '-c', 'echo "Good morning, my diggers!"']
[2023-09-12T22:10:11.402+0000] {subprocess.py:86} INFO - Output:
[2023-09-12T22:10:11.407+0000] {subprocess.py:93} INFO - Good morning, my diggers!
[2023-09-12T22:10:11.412+0000] {subprocess.py:97} INFO - Command exited with return code 0
[2023-09-12T22:10:11.732+0000] {taskinstance.py:1398} INFO - Marking task as SUCCESS. dag_id=simple_tasks, task_id=print_gm_task, execution_date=20230912T155000, start_date=20230912T221010, end_date=20230912T221011
[2023-09-12T22:10:11.891+0000] {local_task_job_runner.py:228} INFO - Task exited with return code 0
[2023-09-12T22:10:11.951+0000] {taskinstance.py:2776} INFO - 1 downstream tasks scheduled from follow-on schedule check
