[2023-09-10T17:55:06.727+0000] {taskinstance.py:1157} INFO - Dependencies all met for dep_context=non-requeueable deps ti=<TaskInstance: simple_tasks.print_gm_task scheduled__2023-09-08T04:20:00+00:00 [queued]>
[2023-09-10T17:55:06.748+0000] {taskinstance.py:1157} INFO - Dependencies all met for dep_context=requeueable deps ti=<TaskInstance: simple_tasks.print_gm_task scheduled__2023-09-08T04:20:00+00:00 [queued]>
[2023-09-10T17:55:06.750+0000] {taskinstance.py:1359} INFO - Starting attempt 1 of 1
[2023-09-10T17:55:06.780+0000] {taskinstance.py:1380} INFO - Executing <Task(BashOperator): print_gm_task> on 2023-09-08 04:20:00+00:00
[2023-09-10T17:55:06.802+0000] {standard_task_runner.py:57} INFO - Started process 338 to run task
[2023-09-10T17:55:06.812+0000] {standard_task_runner.py:84} INFO - Running: ['***', 'tasks', 'run', 'simple_tasks', 'print_gm_task', 'scheduled__2023-09-08T04:20:00+00:00', '--job-id', '191', '--raw', '--subdir', 'DAGS_FOLDER/script.py', '--cfg-path', '/tmp/tmpdt2__i6h']
[2023-09-10T17:55:06.818+0000] {standard_task_runner.py:85} INFO - Job 191: Subtask print_gm_task
[2023-09-10T17:55:06.936+0000] {task_command.py:415} INFO - Running <TaskInstance: simple_tasks.print_gm_task scheduled__2023-09-08T04:20:00+00:00 [running]> on host 3152b479582c
[2023-09-10T17:55:07.107+0000] {taskinstance.py:1660} INFO - Exporting env vars: AIRFLOW_CTX_DAG_OWNER='***' AIRFLOW_CTX_DAG_ID='simple_tasks' AIRFLOW_CTX_TASK_ID='print_gm_task' AIRFLOW_CTX_EXECUTION_DATE='2023-09-08T04:20:00+00:00' AIRFLOW_CTX_TRY_NUMBER='1' AIRFLOW_CTX_DAG_RUN_ID='scheduled__2023-09-08T04:20:00+00:00'
[2023-09-10T17:55:07.114+0000] {subprocess.py:63} INFO - Tmp dir root location: /tmp
[2023-09-10T17:55:07.116+0000] {subprocess.py:75} INFO - Running command: ['/bin/bash', '-c', 'echo "Good morning, my diggers!"']
[2023-09-10T17:55:07.169+0000] {subprocess.py:86} INFO - Output:
[2023-09-10T17:55:07.173+0000] {subprocess.py:93} INFO - Good morning, my diggers!
[2023-09-10T17:55:07.174+0000] {subprocess.py:97} INFO - Command exited with return code 0
[2023-09-10T17:55:07.253+0000] {taskinstance.py:1398} INFO - Marking task as SUCCESS. dag_id=simple_tasks, task_id=print_gm_task, execution_date=20230908T042000, start_date=20230910T175506, end_date=20230910T175507
[2023-09-10T17:55:07.306+0000] {local_task_job_runner.py:228} INFO - Task exited with return code 0
[2023-09-10T17:55:07.339+0000] {taskinstance.py:2776} INFO - 1 downstream tasks scheduled from follow-on schedule check
[2023-09-11T08:21:56.545+0000] {taskinstance.py:1157} INFO - Dependencies all met for dep_context=non-requeueable deps ti=<TaskInstance: simple_tasks.print_gm_task scheduled__2023-09-08T04:20:00+00:00 [queued]>
[2023-09-11T08:21:56.625+0000] {taskinstance.py:1157} INFO - Dependencies all met for dep_context=requeueable deps ti=<TaskInstance: simple_tasks.print_gm_task scheduled__2023-09-08T04:20:00+00:00 [queued]>
[2023-09-11T08:21:56.633+0000] {taskinstance.py:1359} INFO - Starting attempt 1 of 1
[2023-09-11T08:21:57.050+0000] {taskinstance.py:1380} INFO - Executing <Task(BashOperator): print_gm_task> on 2023-09-08 04:20:00+00:00
[2023-09-11T08:21:57.124+0000] {standard_task_runner.py:57} INFO - Started process 316 to run task
[2023-09-11T08:21:57.172+0000] {standard_task_runner.py:84} INFO - Running: ['***', 'tasks', 'run', 'simple_tasks', 'print_gm_task', 'scheduled__2023-09-08T04:20:00+00:00', '--job-id', '45', '--raw', '--subdir', 'DAGS_FOLDER/script.py', '--cfg-path', '/tmp/tmpblsmrvs6']
[2023-09-11T08:21:57.239+0000] {standard_task_runner.py:85} INFO - Job 45: Subtask print_gm_task
[2023-09-11T08:21:57.646+0000] {task_command.py:415} INFO - Running <TaskInstance: simple_tasks.print_gm_task scheduled__2023-09-08T04:20:00+00:00 [running]> on host 47888c058366
[2023-09-11T08:21:58.114+0000] {taskinstance.py:1660} INFO - Exporting env vars: AIRFLOW_CTX_DAG_OWNER='***' AIRFLOW_CTX_DAG_ID='simple_tasks' AIRFLOW_CTX_TASK_ID='print_gm_task' AIRFLOW_CTX_EXECUTION_DATE='2023-09-08T04:20:00+00:00' AIRFLOW_CTX_TRY_NUMBER='1' AIRFLOW_CTX_DAG_RUN_ID='scheduled__2023-09-08T04:20:00+00:00'
[2023-09-11T08:21:58.123+0000] {subprocess.py:63} INFO - Tmp dir root location: /tmp
[2023-09-11T08:21:58.124+0000] {subprocess.py:75} INFO - Running command: ['/bin/bash', '-c', 'echo "Good morning, my diggers!"']
[2023-09-11T08:21:58.253+0000] {subprocess.py:86} INFO - Output:
[2023-09-11T08:21:58.295+0000] {subprocess.py:93} INFO - Good morning, my diggers!
[2023-09-11T08:21:58.300+0000] {subprocess.py:97} INFO - Command exited with return code 0
[2023-09-11T08:21:58.415+0000] {taskinstance.py:1398} INFO - Marking task as SUCCESS. dag_id=simple_tasks, task_id=print_gm_task, execution_date=20230908T042000, start_date=20230911T082156, end_date=20230911T082158
[2023-09-11T08:21:58.602+0000] {local_task_job_runner.py:228} INFO - Task exited with return code 0
[2023-09-11T08:21:58.763+0000] {taskinstance.py:2776} INFO - 1 downstream tasks scheduled from follow-on schedule check
