[2023-09-10T17:55:05.025+0000] {taskinstance.py:1157} INFO - Dependencies all met for dep_context=non-requeueable deps ti=<TaskInstance: simple_tasks.print_gm_task scheduled__2023-09-08T03:50:00+00:00 [queued]>
[2023-09-10T17:55:05.052+0000] {taskinstance.py:1157} INFO - Dependencies all met for dep_context=requeueable deps ti=<TaskInstance: simple_tasks.print_gm_task scheduled__2023-09-08T03:50:00+00:00 [queued]>
[2023-09-10T17:55:05.053+0000] {taskinstance.py:1359} INFO - Starting attempt 1 of 1
[2023-09-10T17:55:05.084+0000] {taskinstance.py:1380} INFO - Executing <Task(BashOperator): print_gm_task> on 2023-09-08 03:50:00+00:00
[2023-09-10T17:55:05.099+0000] {standard_task_runner.py:57} INFO - Started process 323 to run task
[2023-09-10T17:55:05.146+0000] {standard_task_runner.py:84} INFO - Running: ['***', 'tasks', 'run', 'simple_tasks', 'print_gm_task', 'scheduled__2023-09-08T03:50:00+00:00', '--job-id', '188', '--raw', '--subdir', 'DAGS_FOLDER/script.py', '--cfg-path', '/tmp/tmphus3bev8']
[2023-09-10T17:55:05.190+0000] {standard_task_runner.py:85} INFO - Job 188: Subtask print_gm_task
[2023-09-10T17:55:05.565+0000] {task_command.py:415} INFO - Running <TaskInstance: simple_tasks.print_gm_task scheduled__2023-09-08T03:50:00+00:00 [running]> on host 3152b479582c
[2023-09-10T17:55:05.985+0000] {taskinstance.py:1660} INFO - Exporting env vars: AIRFLOW_CTX_DAG_OWNER='***' AIRFLOW_CTX_DAG_ID='simple_tasks' AIRFLOW_CTX_TASK_ID='print_gm_task' AIRFLOW_CTX_EXECUTION_DATE='2023-09-08T03:50:00+00:00' AIRFLOW_CTX_TRY_NUMBER='1' AIRFLOW_CTX_DAG_RUN_ID='scheduled__2023-09-08T03:50:00+00:00'
[2023-09-10T17:55:05.994+0000] {subprocess.py:63} INFO - Tmp dir root location: /tmp
[2023-09-10T17:55:05.999+0000] {subprocess.py:75} INFO - Running command: ['/bin/bash', '-c', 'echo "Good morning, my diggers!"']
[2023-09-10T17:55:06.041+0000] {subprocess.py:86} INFO - Output:
[2023-09-10T17:55:06.051+0000] {subprocess.py:93} INFO - Good morning, my diggers!
[2023-09-10T17:55:06.052+0000] {subprocess.py:97} INFO - Command exited with return code 0
[2023-09-10T17:55:06.136+0000] {taskinstance.py:1398} INFO - Marking task as SUCCESS. dag_id=simple_tasks, task_id=print_gm_task, execution_date=20230908T035000, start_date=20230910T175505, end_date=20230910T175506
[2023-09-10T17:55:06.232+0000] {local_task_job_runner.py:228} INFO - Task exited with return code 0
[2023-09-10T17:55:06.288+0000] {taskinstance.py:2776} INFO - 1 downstream tasks scheduled from follow-on schedule check
[2023-09-11T08:21:42.852+0000] {taskinstance.py:1157} INFO - Dependencies all met for dep_context=non-requeueable deps ti=<TaskInstance: simple_tasks.print_gm_task scheduled__2023-09-08T03:50:00+00:00 [queued]>
[2023-09-11T08:21:42.912+0000] {taskinstance.py:1157} INFO - Dependencies all met for dep_context=requeueable deps ti=<TaskInstance: simple_tasks.print_gm_task scheduled__2023-09-08T03:50:00+00:00 [queued]>
[2023-09-11T08:21:42.913+0000] {taskinstance.py:1359} INFO - Starting attempt 1 of 1
[2023-09-11T08:21:43.004+0000] {taskinstance.py:1380} INFO - Executing <Task(BashOperator): print_gm_task> on 2023-09-08 03:50:00+00:00
[2023-09-11T08:21:43.032+0000] {standard_task_runner.py:57} INFO - Started process 282 to run task
[2023-09-11T08:21:43.088+0000] {standard_task_runner.py:84} INFO - Running: ['***', 'tasks', 'run', 'simple_tasks', 'print_gm_task', 'scheduled__2023-09-08T03:50:00+00:00', '--job-id', '42', '--raw', '--subdir', 'DAGS_FOLDER/script.py', '--cfg-path', '/tmp/tmpl88qvwop']
[2023-09-11T08:21:43.095+0000] {standard_task_runner.py:85} INFO - Job 42: Subtask print_gm_task
[2023-09-11T08:21:43.446+0000] {task_command.py:415} INFO - Running <TaskInstance: simple_tasks.print_gm_task scheduled__2023-09-08T03:50:00+00:00 [running]> on host 47888c058366
[2023-09-11T08:21:43.859+0000] {taskinstance.py:1660} INFO - Exporting env vars: AIRFLOW_CTX_DAG_OWNER='***' AIRFLOW_CTX_DAG_ID='simple_tasks' AIRFLOW_CTX_TASK_ID='print_gm_task' AIRFLOW_CTX_EXECUTION_DATE='2023-09-08T03:50:00+00:00' AIRFLOW_CTX_TRY_NUMBER='1' AIRFLOW_CTX_DAG_RUN_ID='scheduled__2023-09-08T03:50:00+00:00'
[2023-09-11T08:21:43.863+0000] {subprocess.py:63} INFO - Tmp dir root location: /tmp
[2023-09-11T08:21:43.882+0000] {subprocess.py:75} INFO - Running command: ['/bin/bash', '-c', 'echo "Good morning, my diggers!"']
[2023-09-11T08:21:43.948+0000] {subprocess.py:86} INFO - Output:
[2023-09-11T08:21:43.953+0000] {subprocess.py:93} INFO - Good morning, my diggers!
[2023-09-11T08:21:43.971+0000] {subprocess.py:97} INFO - Command exited with return code 0
[2023-09-11T08:21:44.036+0000] {taskinstance.py:1398} INFO - Marking task as SUCCESS. dag_id=simple_tasks, task_id=print_gm_task, execution_date=20230908T035000, start_date=20230911T082142, end_date=20230911T082144
[2023-09-11T08:21:44.177+0000] {local_task_job_runner.py:228} INFO - Task exited with return code 0
[2023-09-11T08:21:44.233+0000] {taskinstance.py:2776} INFO - 1 downstream tasks scheduled from follow-on schedule check
