[2023-09-10T17:55:06.063+0000] {taskinstance.py:1157} INFO - Dependencies all met for dep_context=non-requeueable deps ti=<TaskInstance: simple_tasks.print_gm_task scheduled__2023-09-08T04:10:00+00:00 [queued]>
[2023-09-10T17:55:06.096+0000] {taskinstance.py:1157} INFO - Dependencies all met for dep_context=requeueable deps ti=<TaskInstance: simple_tasks.print_gm_task scheduled__2023-09-08T04:10:00+00:00 [queued]>
[2023-09-10T17:55:06.097+0000] {taskinstance.py:1359} INFO - Starting attempt 1 of 1
[2023-09-10T17:55:06.160+0000] {taskinstance.py:1380} INFO - Executing <Task(BashOperator): print_gm_task> on 2023-09-08 04:10:00+00:00
[2023-09-10T17:55:06.178+0000] {standard_task_runner.py:57} INFO - Started process 331 to run task
[2023-09-10T17:55:06.208+0000] {standard_task_runner.py:84} INFO - Running: ['***', 'tasks', 'run', 'simple_tasks', 'print_gm_task', 'scheduled__2023-09-08T04:10:00+00:00', '--job-id', '190', '--raw', '--subdir', 'DAGS_FOLDER/script.py', '--cfg-path', '/tmp/tmp9xtwv53s']
[2023-09-10T17:55:06.229+0000] {standard_task_runner.py:85} INFO - Job 190: Subtask print_gm_task
[2023-09-10T17:55:06.355+0000] {task_command.py:415} INFO - Running <TaskInstance: simple_tasks.print_gm_task scheduled__2023-09-08T04:10:00+00:00 [running]> on host 3152b479582c
[2023-09-10T17:55:06.565+0000] {taskinstance.py:1660} INFO - Exporting env vars: AIRFLOW_CTX_DAG_OWNER='***' AIRFLOW_CTX_DAG_ID='simple_tasks' AIRFLOW_CTX_TASK_ID='print_gm_task' AIRFLOW_CTX_EXECUTION_DATE='2023-09-08T04:10:00+00:00' AIRFLOW_CTX_TRY_NUMBER='1' AIRFLOW_CTX_DAG_RUN_ID='scheduled__2023-09-08T04:10:00+00:00'
[2023-09-10T17:55:06.569+0000] {subprocess.py:63} INFO - Tmp dir root location: /tmp
[2023-09-10T17:55:06.571+0000] {subprocess.py:75} INFO - Running command: ['/bin/bash', '-c', 'echo "Good morning, my diggers!"']
[2023-09-10T17:55:06.614+0000] {subprocess.py:86} INFO - Output:
[2023-09-10T17:55:06.618+0000] {subprocess.py:93} INFO - Good morning, my diggers!
[2023-09-10T17:55:06.619+0000] {subprocess.py:97} INFO - Command exited with return code 0
[2023-09-10T17:55:06.701+0000] {taskinstance.py:1398} INFO - Marking task as SUCCESS. dag_id=simple_tasks, task_id=print_gm_task, execution_date=20230908T041000, start_date=20230910T175506, end_date=20230910T175506
[2023-09-10T17:55:06.797+0000] {local_task_job_runner.py:228} INFO - Task exited with return code 0
[2023-09-10T17:55:06.845+0000] {taskinstance.py:2776} INFO - 1 downstream tasks scheduled from follow-on schedule check
[2023-09-11T08:21:58.718+0000] {taskinstance.py:1157} INFO - Dependencies all met for dep_context=non-requeueable deps ti=<TaskInstance: simple_tasks.print_gm_task scheduled__2023-09-08T04:10:00+00:00 [queued]>
[2023-09-11T08:21:58.852+0000] {taskinstance.py:1157} INFO - Dependencies all met for dep_context=requeueable deps ti=<TaskInstance: simple_tasks.print_gm_task scheduled__2023-09-08T04:10:00+00:00 [queued]>
[2023-09-11T08:21:58.853+0000] {taskinstance.py:1359} INFO - Starting attempt 1 of 1
[2023-09-11T08:21:58.982+0000] {taskinstance.py:1380} INFO - Executing <Task(BashOperator): print_gm_task> on 2023-09-08 04:10:00+00:00
[2023-09-11T08:21:59.010+0000] {standard_task_runner.py:57} INFO - Started process 325 to run task
[2023-09-11T08:21:59.058+0000] {standard_task_runner.py:84} INFO - Running: ['***', 'tasks', 'run', 'simple_tasks', 'print_gm_task', 'scheduled__2023-09-08T04:10:00+00:00', '--job-id', '50', '--raw', '--subdir', 'DAGS_FOLDER/script.py', '--cfg-path', '/tmp/tmp8epypf08']
[2023-09-11T08:21:59.121+0000] {standard_task_runner.py:85} INFO - Job 50: Subtask print_gm_task
[2023-09-11T08:21:59.608+0000] {task_command.py:415} INFO - Running <TaskInstance: simple_tasks.print_gm_task scheduled__2023-09-08T04:10:00+00:00 [running]> on host 47888c058366
[2023-09-11T08:22:00.415+0000] {taskinstance.py:1660} INFO - Exporting env vars: AIRFLOW_CTX_DAG_OWNER='***' AIRFLOW_CTX_DAG_ID='simple_tasks' AIRFLOW_CTX_TASK_ID='print_gm_task' AIRFLOW_CTX_EXECUTION_DATE='2023-09-08T04:10:00+00:00' AIRFLOW_CTX_TRY_NUMBER='1' AIRFLOW_CTX_DAG_RUN_ID='scheduled__2023-09-08T04:10:00+00:00'
[2023-09-11T08:22:00.433+0000] {subprocess.py:63} INFO - Tmp dir root location: /tmp
[2023-09-11T08:22:00.461+0000] {subprocess.py:75} INFO - Running command: ['/bin/bash', '-c', 'echo "Good morning, my diggers!"']
[2023-09-11T08:22:00.546+0000] {subprocess.py:86} INFO - Output:
[2023-09-11T08:22:00.565+0000] {subprocess.py:93} INFO - Good morning, my diggers!
[2023-09-11T08:22:00.581+0000] {subprocess.py:97} INFO - Command exited with return code 0
[2023-09-11T08:22:01.104+0000] {taskinstance.py:1398} INFO - Marking task as SUCCESS. dag_id=simple_tasks, task_id=print_gm_task, execution_date=20230908T041000, start_date=20230911T082158, end_date=20230911T082201
[2023-09-11T08:22:01.365+0000] {local_task_job_runner.py:228} INFO - Task exited with return code 0
[2023-09-11T08:22:01.507+0000] {taskinstance.py:2776} INFO - 1 downstream tasks scheduled from follow-on schedule check
