[2023-09-12T15:30:16.742+0000] {taskinstance.py:1157} INFO - Dependencies all met for dep_context=non-requeueable deps ti=<TaskInstance: simple_tasks.print_gm_task scheduled__2023-09-12T15:30:00+00:00 [queued]>
[2023-09-12T15:30:16.752+0000] {taskinstance.py:1157} INFO - Dependencies all met for dep_context=requeueable deps ti=<TaskInstance: simple_tasks.print_gm_task scheduled__2023-09-12T15:30:00+00:00 [queued]>
[2023-09-12T15:30:16.753+0000] {taskinstance.py:1359} INFO - Starting attempt 1 of 1
[2023-09-12T15:30:16.768+0000] {taskinstance.py:1380} INFO - Executing <Task(BashOperator): print_gm_task> on 2023-09-12 15:30:00+00:00
[2023-09-12T15:30:16.773+0000] {standard_task_runner.py:57} INFO - Started process 2645 to run task
[2023-09-12T15:30:16.777+0000] {standard_task_runner.py:84} INFO - Running: ['***', 'tasks', 'run', 'simple_tasks', 'print_gm_task', 'scheduled__2023-09-12T15:30:00+00:00', '--job-id', '490', '--raw', '--subdir', 'DAGS_FOLDER/script.py', '--cfg-path', '/tmp/tmp5nhemre3']
[2023-09-12T15:30:16.780+0000] {standard_task_runner.py:85} INFO - Job 490: Subtask print_gm_task
[2023-09-12T15:30:16.837+0000] {task_command.py:415} INFO - Running <TaskInstance: simple_tasks.print_gm_task scheduled__2023-09-12T15:30:00+00:00 [running]> on host fbfbca5b9527
[2023-09-12T15:30:16.933+0000] {taskinstance.py:1660} INFO - Exporting env vars: AIRFLOW_CTX_DAG_OWNER='***' AIRFLOW_CTX_DAG_ID='simple_tasks' AIRFLOW_CTX_TASK_ID='print_gm_task' AIRFLOW_CTX_EXECUTION_DATE='2023-09-12T15:30:00+00:00' AIRFLOW_CTX_TRY_NUMBER='1' AIRFLOW_CTX_DAG_RUN_ID='scheduled__2023-09-12T15:30:00+00:00'
[2023-09-12T15:30:16.936+0000] {subprocess.py:63} INFO - Tmp dir root location: /tmp
[2023-09-12T15:30:16.937+0000] {subprocess.py:75} INFO - Running command: ['/bin/bash', '-c', 'echo "Good morning, my diggers!"']
[2023-09-12T15:30:16.947+0000] {subprocess.py:86} INFO - Output:
[2023-09-12T15:30:16.951+0000] {subprocess.py:93} INFO - Good morning, my diggers!
[2023-09-12T15:30:16.952+0000] {subprocess.py:97} INFO - Command exited with return code 0
[2023-09-12T15:30:16.980+0000] {taskinstance.py:1398} INFO - Marking task as SUCCESS. dag_id=simple_tasks, task_id=print_gm_task, execution_date=20230912T153000, start_date=20230912T153016, end_date=20230912T153016
[2023-09-12T15:30:17.029+0000] {local_task_job_runner.py:228} INFO - Task exited with return code 0
[2023-09-12T15:30:17.053+0000] {taskinstance.py:2776} INFO - 1 downstream tasks scheduled from follow-on schedule check
[2023-09-12T22:10:03.805+0000] {logging_mixin.py:151} INFO - Changing /opt/***/logs/dag_id=simple_tasks/run_id=scheduled__2023-09-12T15:30:00+00:00/task_id=print_gm_task permission to 509
[2023-09-12T22:10:03.848+0000] {logging_mixin.py:151} INFO - Failed to change /opt/***/logs/dag_id=simple_tasks/run_id=scheduled__2023-09-12T15:30:00+00:00/task_id=print_gm_task permission to 509: [Errno 1] Operation not permitted: '/opt/***/logs/dag_id=simple_tasks/run_id=scheduled__2023-09-12T15:30:00+00:00/task_id=print_gm_task'
[2023-09-12T22:10:04.678+0000] {logging_mixin.py:151} INFO - Changing /opt/***/logs/dag_id=simple_tasks/run_id=scheduled__2023-09-12T15:30:00+00:00/task_id=print_gm_task permission to 509
[2023-09-12T22:10:04.679+0000] {logging_mixin.py:151} INFO - Failed to change /opt/***/logs/dag_id=simple_tasks/run_id=scheduled__2023-09-12T15:30:00+00:00/task_id=print_gm_task permission to 509: [Errno 1] Operation not permitted: '/opt/***/logs/dag_id=simple_tasks/run_id=scheduled__2023-09-12T15:30:00+00:00/task_id=print_gm_task'
[2023-09-12T22:10:05.058+0000] {taskinstance.py:1157} INFO - Dependencies all met for dep_context=non-requeueable deps ti=<TaskInstance: simple_tasks.print_gm_task scheduled__2023-09-12T15:30:00+00:00 [queued]>
[2023-09-12T22:10:05.197+0000] {taskinstance.py:1157} INFO - Dependencies all met for dep_context=requeueable deps ti=<TaskInstance: simple_tasks.print_gm_task scheduled__2023-09-12T15:30:00+00:00 [queued]>
[2023-09-12T22:10:05.223+0000] {taskinstance.py:1359} INFO - Starting attempt 1 of 1
[2023-09-12T22:10:05.322+0000] {taskinstance.py:1380} INFO - Executing <Task(BashOperator): print_gm_task> on 2023-09-12 15:30:00+00:00
[2023-09-12T22:10:05.359+0000] {standard_task_runner.py:57} INFO - Started process 104 to run task
[2023-09-12T22:10:05.475+0000] {standard_task_runner.py:84} INFO - Running: ['***', 'tasks', 'run', 'simple_tasks', 'print_gm_task', 'scheduled__2023-09-12T15:30:00+00:00', '--job-id', '8', '--raw', '--subdir', 'DAGS_FOLDER/script.py', '--cfg-path', '/tmp/tmps53mgetq']
[2023-09-12T22:10:05.521+0000] {standard_task_runner.py:85} INFO - Job 8: Subtask print_gm_task
[2023-09-12T22:10:06.848+0000] {logging_mixin.py:151} INFO - Changing /opt/***/logs/dag_id=simple_tasks/run_id=scheduled__2023-09-12T15:30:00+00:00/task_id=print_gm_task permission to 509
[2023-09-12T22:10:06.868+0000] {logging_mixin.py:151} INFO - Failed to change /opt/***/logs/dag_id=simple_tasks/run_id=scheduled__2023-09-12T15:30:00+00:00/task_id=print_gm_task permission to 509: [Errno 1] Operation not permitted: '/opt/***/logs/dag_id=simple_tasks/run_id=scheduled__2023-09-12T15:30:00+00:00/task_id=print_gm_task'
[2023-09-12T22:10:06.877+0000] {task_command.py:415} INFO - Running <TaskInstance: simple_tasks.print_gm_task scheduled__2023-09-12T15:30:00+00:00 [running]> on host 8df8606c974e
[2023-09-12T22:10:08.171+0000] {taskinstance.py:1660} INFO - Exporting env vars: AIRFLOW_CTX_DAG_OWNER='***' AIRFLOW_CTX_DAG_ID='simple_tasks' AIRFLOW_CTX_TASK_ID='print_gm_task' AIRFLOW_CTX_EXECUTION_DATE='2023-09-12T15:30:00+00:00' AIRFLOW_CTX_TRY_NUMBER='1' AIRFLOW_CTX_DAG_RUN_ID='scheduled__2023-09-12T15:30:00+00:00'
[2023-09-12T22:10:08.188+0000] {subprocess.py:63} INFO - Tmp dir root location: /tmp
[2023-09-12T22:10:08.194+0000] {subprocess.py:75} INFO - Running command: ['/bin/bash', '-c', 'echo "Good morning, my diggers!"']
[2023-09-12T22:10:08.237+0000] {subprocess.py:86} INFO - Output:
[2023-09-12T22:10:08.382+0000] {subprocess.py:93} INFO - Good morning, my diggers!
[2023-09-12T22:10:08.384+0000] {subprocess.py:97} INFO - Command exited with return code 0
[2023-09-12T22:10:08.512+0000] {taskinstance.py:1398} INFO - Marking task as SUCCESS. dag_id=simple_tasks, task_id=print_gm_task, execution_date=20230912T153000, start_date=20230912T221005, end_date=20230912T221008
[2023-09-12T22:10:08.687+0000] {local_task_job_runner.py:228} INFO - Task exited with return code 0
[2023-09-12T22:10:08.765+0000] {taskinstance.py:2776} INFO - 1 downstream tasks scheduled from follow-on schedule check
