[2023-09-12T15:10:16.532+0000] {taskinstance.py:1157} INFO - Dependencies all met for dep_context=non-requeueable deps ti=<TaskInstance: simple_tasks.print_gm_task scheduled__2023-09-12T15:10:00+00:00 [queued]>
[2023-09-12T15:10:16.539+0000] {taskinstance.py:1157} INFO - Dependencies all met for dep_context=requeueable deps ti=<TaskInstance: simple_tasks.print_gm_task scheduled__2023-09-12T15:10:00+00:00 [queued]>
[2023-09-12T15:10:16.539+0000] {taskinstance.py:1359} INFO - Starting attempt 1 of 1
[2023-09-12T15:10:16.552+0000] {taskinstance.py:1380} INFO - Executing <Task(BashOperator): print_gm_task> on 2023-09-12 15:10:00+00:00
[2023-09-12T15:10:16.556+0000] {standard_task_runner.py:57} INFO - Started process 1788 to run task
[2023-09-12T15:10:16.560+0000] {standard_task_runner.py:84} INFO - Running: ['***', 'tasks', 'run', 'simple_tasks', 'print_gm_task', 'scheduled__2023-09-12T15:10:00+00:00', '--job-id', '330', '--raw', '--subdir', 'DAGS_FOLDER/script.py', '--cfg-path', '/tmp/tmp8tpoahz7']
[2023-09-12T15:10:16.562+0000] {standard_task_runner.py:85} INFO - Job 330: Subtask print_gm_task
[2023-09-12T15:10:16.604+0000] {task_command.py:415} INFO - Running <TaskInstance: simple_tasks.print_gm_task scheduled__2023-09-12T15:10:00+00:00 [running]> on host fbfbca5b9527
[2023-09-12T15:10:16.672+0000] {taskinstance.py:1660} INFO - Exporting env vars: AIRFLOW_CTX_DAG_OWNER='***' AIRFLOW_CTX_DAG_ID='simple_tasks' AIRFLOW_CTX_TASK_ID='print_gm_task' AIRFLOW_CTX_EXECUTION_DATE='2023-09-12T15:10:00+00:00' AIRFLOW_CTX_TRY_NUMBER='1' AIRFLOW_CTX_DAG_RUN_ID='scheduled__2023-09-12T15:10:00+00:00'
[2023-09-12T15:10:16.674+0000] {subprocess.py:63} INFO - Tmp dir root location: /tmp
[2023-09-12T15:10:16.675+0000] {subprocess.py:75} INFO - Running command: ['/bin/bash', '-c', 'echo "Good morning, my diggers!"']
[2023-09-12T15:10:16.684+0000] {subprocess.py:86} INFO - Output:
[2023-09-12T15:10:16.685+0000] {subprocess.py:93} INFO - Good morning, my diggers!
[2023-09-12T15:10:16.686+0000] {subprocess.py:97} INFO - Command exited with return code 0
[2023-09-12T15:10:16.707+0000] {taskinstance.py:1398} INFO - Marking task as SUCCESS. dag_id=simple_tasks, task_id=print_gm_task, execution_date=20230912T151000, start_date=20230912T151016, end_date=20230912T151016
[2023-09-12T15:10:16.732+0000] {local_task_job_runner.py:228} INFO - Task exited with return code 0
[2023-09-12T15:10:16.750+0000] {taskinstance.py:2776} INFO - 1 downstream tasks scheduled from follow-on schedule check
[2023-09-12T22:10:03.786+0000] {logging_mixin.py:151} INFO - Changing /opt/***/logs/dag_id=simple_tasks/run_id=scheduled__2023-09-12T15:10:00+00:00/task_id=print_gm_task permission to 509
[2023-09-12T22:10:03.825+0000] {logging_mixin.py:151} INFO - Failed to change /opt/***/logs/dag_id=simple_tasks/run_id=scheduled__2023-09-12T15:10:00+00:00/task_id=print_gm_task permission to 509: [Errno 1] Operation not permitted: '/opt/***/logs/dag_id=simple_tasks/run_id=scheduled__2023-09-12T15:10:00+00:00/task_id=print_gm_task'
[2023-09-12T22:10:04.687+0000] {logging_mixin.py:151} INFO - Changing /opt/***/logs/dag_id=simple_tasks/run_id=scheduled__2023-09-12T15:10:00+00:00/task_id=print_gm_task permission to 509
[2023-09-12T22:10:04.688+0000] {logging_mixin.py:151} INFO - Failed to change /opt/***/logs/dag_id=simple_tasks/run_id=scheduled__2023-09-12T15:10:00+00:00/task_id=print_gm_task permission to 509: [Errno 1] Operation not permitted: '/opt/***/logs/dag_id=simple_tasks/run_id=scheduled__2023-09-12T15:10:00+00:00/task_id=print_gm_task'
[2023-09-12T22:10:05.029+0000] {taskinstance.py:1157} INFO - Dependencies all met for dep_context=non-requeueable deps ti=<TaskInstance: simple_tasks.print_gm_task scheduled__2023-09-12T15:10:00+00:00 [queued]>
[2023-09-12T22:10:05.096+0000] {taskinstance.py:1157} INFO - Dependencies all met for dep_context=requeueable deps ti=<TaskInstance: simple_tasks.print_gm_task scheduled__2023-09-12T15:10:00+00:00 [queued]>
[2023-09-12T22:10:05.143+0000] {taskinstance.py:1359} INFO - Starting attempt 1 of 1
[2023-09-12T22:10:05.269+0000] {taskinstance.py:1380} INFO - Executing <Task(BashOperator): print_gm_task> on 2023-09-12 15:10:00+00:00
[2023-09-12T22:10:05.289+0000] {standard_task_runner.py:57} INFO - Started process 103 to run task
[2023-09-12T22:10:05.508+0000] {standard_task_runner.py:84} INFO - Running: ['***', 'tasks', 'run', 'simple_tasks', 'print_gm_task', 'scheduled__2023-09-12T15:10:00+00:00', '--job-id', '4', '--raw', '--subdir', 'DAGS_FOLDER/script.py', '--cfg-path', '/tmp/tmp_rixhj_m']
[2023-09-12T22:10:05.541+0000] {standard_task_runner.py:85} INFO - Job 4: Subtask print_gm_task
[2023-09-12T22:10:06.818+0000] {logging_mixin.py:151} INFO - Changing /opt/***/logs/dag_id=simple_tasks/run_id=scheduled__2023-09-12T15:10:00+00:00/task_id=print_gm_task permission to 509
[2023-09-12T22:10:06.834+0000] {logging_mixin.py:151} INFO - Failed to change /opt/***/logs/dag_id=simple_tasks/run_id=scheduled__2023-09-12T15:10:00+00:00/task_id=print_gm_task permission to 509: [Errno 1] Operation not permitted: '/opt/***/logs/dag_id=simple_tasks/run_id=scheduled__2023-09-12T15:10:00+00:00/task_id=print_gm_task'
[2023-09-12T22:10:06.851+0000] {task_command.py:415} INFO - Running <TaskInstance: simple_tasks.print_gm_task scheduled__2023-09-12T15:10:00+00:00 [running]> on host 8df8606c974e
[2023-09-12T22:10:08.139+0000] {taskinstance.py:1660} INFO - Exporting env vars: AIRFLOW_CTX_DAG_OWNER='***' AIRFLOW_CTX_DAG_ID='simple_tasks' AIRFLOW_CTX_TASK_ID='print_gm_task' AIRFLOW_CTX_EXECUTION_DATE='2023-09-12T15:10:00+00:00' AIRFLOW_CTX_TRY_NUMBER='1' AIRFLOW_CTX_DAG_RUN_ID='scheduled__2023-09-12T15:10:00+00:00'
[2023-09-12T22:10:08.167+0000] {subprocess.py:63} INFO - Tmp dir root location: /tmp
[2023-09-12T22:10:08.174+0000] {subprocess.py:75} INFO - Running command: ['/bin/bash', '-c', 'echo "Good morning, my diggers!"']
[2023-09-12T22:10:08.232+0000] {subprocess.py:86} INFO - Output:
[2023-09-12T22:10:08.372+0000] {subprocess.py:93} INFO - Good morning, my diggers!
[2023-09-12T22:10:08.374+0000] {subprocess.py:97} INFO - Command exited with return code 0
[2023-09-12T22:10:08.482+0000] {taskinstance.py:1398} INFO - Marking task as SUCCESS. dag_id=simple_tasks, task_id=print_gm_task, execution_date=20230912T151000, start_date=20230912T221005, end_date=20230912T221008
[2023-09-12T22:10:08.576+0000] {local_task_job_runner.py:228} INFO - Task exited with return code 0
[2023-09-12T22:10:08.694+0000] {taskinstance.py:2776} INFO - 1 downstream tasks scheduled from follow-on schedule check
