[2023-09-10T17:54:21.000+0000] {taskinstance.py:1157} INFO - Dependencies all met for dep_context=non-requeueable deps ti=<TaskInstance: simple_tasks.print_gm_task scheduled__2023-09-08T01:10:00+00:00 [queued]>
[2023-09-10T17:54:21.044+0000] {taskinstance.py:1157} INFO - Dependencies all met for dep_context=requeueable deps ti=<TaskInstance: simple_tasks.print_gm_task scheduled__2023-09-08T01:10:00+00:00 [queued]>
[2023-09-10T17:54:21.048+0000] {taskinstance.py:1359} INFO - Starting attempt 1 of 1
[2023-09-10T17:54:21.143+0000] {taskinstance.py:1380} INFO - Executing <Task(BashOperator): print_gm_task> on 2023-09-08 01:10:00+00:00
[2023-09-10T17:54:21.211+0000] {standard_task_runner.py:57} INFO - Started process 194 to run task
[2023-09-10T17:54:21.243+0000] {standard_task_runner.py:84} INFO - Running: ['***', 'tasks', 'run', 'simple_tasks', 'print_gm_task', 'scheduled__2023-09-08T01:10:00+00:00', '--job-id', '150', '--raw', '--subdir', 'DAGS_FOLDER/script.py', '--cfg-path', '/tmp/tmpzhwumeyu']
[2023-09-10T17:54:21.269+0000] {standard_task_runner.py:85} INFO - Job 150: Subtask print_gm_task
[2023-09-10T17:54:21.629+0000] {task_command.py:415} INFO - Running <TaskInstance: simple_tasks.print_gm_task scheduled__2023-09-08T01:10:00+00:00 [running]> on host 3152b479582c
[2023-09-10T17:54:22.334+0000] {taskinstance.py:1660} INFO - Exporting env vars: AIRFLOW_CTX_DAG_OWNER='***' AIRFLOW_CTX_DAG_ID='simple_tasks' AIRFLOW_CTX_TASK_ID='print_gm_task' AIRFLOW_CTX_EXECUTION_DATE='2023-09-08T01:10:00+00:00' AIRFLOW_CTX_TRY_NUMBER='1' AIRFLOW_CTX_DAG_RUN_ID='scheduled__2023-09-08T01:10:00+00:00'
[2023-09-10T17:54:22.343+0000] {subprocess.py:63} INFO - Tmp dir root location: /tmp
[2023-09-10T17:54:22.346+0000] {subprocess.py:75} INFO - Running command: ['/bin/bash', '-c', 'echo "Good morning, my diggers!"']
[2023-09-10T17:54:22.415+0000] {subprocess.py:86} INFO - Output:
[2023-09-10T17:54:22.431+0000] {subprocess.py:93} INFO - Good morning, my diggers!
[2023-09-10T17:54:22.449+0000] {subprocess.py:97} INFO - Command exited with return code 0
[2023-09-10T17:54:22.643+0000] {taskinstance.py:1398} INFO - Marking task as SUCCESS. dag_id=simple_tasks, task_id=print_gm_task, execution_date=20230908T011000, start_date=20230910T175421, end_date=20230910T175422
[2023-09-10T17:54:22.731+0000] {local_task_job_runner.py:228} INFO - Task exited with return code 0
[2023-09-10T17:54:22.857+0000] {taskinstance.py:2776} INFO - 1 downstream tasks scheduled from follow-on schedule check
[2023-09-11T08:05:46.467+0000] {taskinstance.py:1157} INFO - Dependencies all met for dep_context=non-requeueable deps ti=<TaskInstance: simple_tasks.print_gm_task scheduled__2023-09-08T01:10:00+00:00 [queued]>
[2023-09-11T08:05:46.530+0000] {taskinstance.py:1157} INFO - Dependencies all met for dep_context=requeueable deps ti=<TaskInstance: simple_tasks.print_gm_task scheduled__2023-09-08T01:10:00+00:00 [queued]>
[2023-09-11T08:05:46.534+0000] {taskinstance.py:1359} INFO - Starting attempt 1 of 1
[2023-09-11T08:05:46.698+0000] {taskinstance.py:1380} INFO - Executing <Task(BashOperator): print_gm_task> on 2023-09-08 01:10:00+00:00
[2023-09-11T08:05:46.911+0000] {standard_task_runner.py:57} INFO - Started process 121 to run task
[2023-09-11T08:05:47.024+0000] {standard_task_runner.py:84} INFO - Running: ['***', 'tasks', 'run', 'simple_tasks', 'print_gm_task', 'scheduled__2023-09-08T01:10:00+00:00', '--job-id', '13', '--raw', '--subdir', 'DAGS_FOLDER/script.py', '--cfg-path', '/tmp/tmp4pw94jkv']
[2023-09-11T08:05:47.066+0000] {standard_task_runner.py:85} INFO - Job 13: Subtask print_gm_task
[2023-09-11T08:05:47.935+0000] {task_command.py:415} INFO - Running <TaskInstance: simple_tasks.print_gm_task scheduled__2023-09-08T01:10:00+00:00 [running]> on host 2c457fbd3561
[2023-09-11T08:05:48.699+0000] {taskinstance.py:1660} INFO - Exporting env vars: AIRFLOW_CTX_DAG_OWNER='***' AIRFLOW_CTX_DAG_ID='simple_tasks' AIRFLOW_CTX_TASK_ID='print_gm_task' AIRFLOW_CTX_EXECUTION_DATE='2023-09-08T01:10:00+00:00' AIRFLOW_CTX_TRY_NUMBER='1' AIRFLOW_CTX_DAG_RUN_ID='scheduled__2023-09-08T01:10:00+00:00'
[2023-09-11T08:05:48.755+0000] {subprocess.py:63} INFO - Tmp dir root location: /tmp
[2023-09-11T08:05:48.786+0000] {subprocess.py:75} INFO - Running command: ['/bin/bash', '-c', 'echo "Good morning, my diggers!"']
[2023-09-11T08:05:48.951+0000] {subprocess.py:86} INFO - Output:
[2023-09-11T08:05:48.955+0000] {subprocess.py:93} INFO - Good morning, my diggers!
[2023-09-11T08:05:48.969+0000] {subprocess.py:97} INFO - Command exited with return code 0
[2023-09-11T08:05:49.219+0000] {taskinstance.py:1398} INFO - Marking task as SUCCESS. dag_id=simple_tasks, task_id=print_gm_task, execution_date=20230908T011000, start_date=20230911T080546, end_date=20230911T080549
[2023-09-11T08:05:49.475+0000] {local_task_job_runner.py:228} INFO - Task exited with return code 0
[2023-09-11T08:05:49.598+0000] {taskinstance.py:2776} INFO - 1 downstream tasks scheduled from follow-on schedule check
[2023-09-11T08:17:07.652+0000] {taskinstance.py:1157} INFO - Dependencies all met for dep_context=non-requeueable deps ti=<TaskInstance: simple_tasks.print_gm_task scheduled__2023-09-08T01:10:00+00:00 [queued]>
[2023-09-11T08:17:07.871+0000] {taskinstance.py:1157} INFO - Dependencies all met for dep_context=requeueable deps ti=<TaskInstance: simple_tasks.print_gm_task scheduled__2023-09-08T01:10:00+00:00 [queued]>
[2023-09-11T08:17:07.879+0000] {taskinstance.py:1359} INFO - Starting attempt 1 of 1
[2023-09-11T08:17:09.181+0000] {taskinstance.py:1380} INFO - Executing <Task(BashOperator): print_gm_task> on 2023-09-08 01:10:00+00:00
[2023-09-11T08:17:09.268+0000] {standard_task_runner.py:84} INFO - Running: ['***', 'tasks', 'run', 'simple_tasks', 'print_gm_task', 'scheduled__2023-09-08T01:10:00+00:00', '--job-id', '13', '--raw', '--subdir', 'DAGS_FOLDER/script.py', '--cfg-path', '/tmp/tmp6bcd4hww']
[2023-09-11T08:17:09.282+0000] {standard_task_runner.py:85} INFO - Job 13: Subtask print_gm_task
[2023-09-11T08:17:09.245+0000] {standard_task_runner.py:57} INFO - Started process 119 to run task
[2023-09-11T08:17:09.785+0000] {task_command.py:415} INFO - Running <TaskInstance: simple_tasks.print_gm_task scheduled__2023-09-08T01:10:00+00:00 [running]> on host 47888c058366
[2023-09-11T08:17:10.320+0000] {taskinstance.py:1660} INFO - Exporting env vars: AIRFLOW_CTX_DAG_OWNER='***' AIRFLOW_CTX_DAG_ID='simple_tasks' AIRFLOW_CTX_TASK_ID='print_gm_task' AIRFLOW_CTX_EXECUTION_DATE='2023-09-08T01:10:00+00:00' AIRFLOW_CTX_TRY_NUMBER='1' AIRFLOW_CTX_DAG_RUN_ID='scheduled__2023-09-08T01:10:00+00:00'
[2023-09-11T08:17:10.336+0000] {subprocess.py:63} INFO - Tmp dir root location: /tmp
[2023-09-11T08:17:10.338+0000] {subprocess.py:75} INFO - Running command: ['/bin/bash', '-c', 'echo "Good morning, my diggers!"']
[2023-09-11T08:17:10.377+0000] {subprocess.py:86} INFO - Output:
[2023-09-11T08:17:10.382+0000] {subprocess.py:93} INFO - Good morning, my diggers!
[2023-09-11T08:17:10.383+0000] {subprocess.py:97} INFO - Command exited with return code 0
[2023-09-11T08:17:10.476+0000] {taskinstance.py:1398} INFO - Marking task as SUCCESS. dag_id=simple_tasks, task_id=print_gm_task, execution_date=20230908T011000, start_date=20230911T081707, end_date=20230911T081710
[2023-09-11T08:17:10.567+0000] {local_task_job_runner.py:228} INFO - Task exited with return code 0
[2023-09-11T08:17:10.759+0000] {taskinstance.py:2776} INFO - 1 downstream tasks scheduled from follow-on schedule check
