[2023-09-12T14:32:36.002+0000] {taskinstance.py:1157} INFO - Dependencies all met for dep_context=non-requeueable deps ti=<TaskInstance: simple_tasks.print_gm_task scheduled__2023-09-12T14:00:00+00:00 [queued]>
[2023-09-12T14:32:36.014+0000] {taskinstance.py:1157} INFO - Dependencies all met for dep_context=requeueable deps ti=<TaskInstance: simple_tasks.print_gm_task scheduled__2023-09-12T14:00:00+00:00 [queued]>
[2023-09-12T14:32:36.014+0000] {taskinstance.py:1359} INFO - Starting attempt 1 of 1
[2023-09-12T14:32:36.029+0000] {taskinstance.py:1380} INFO - Executing <Task(BashOperator): print_gm_task> on 2023-09-12 14:00:00+00:00
[2023-09-12T14:32:36.035+0000] {standard_task_runner.py:57} INFO - Started process 83 to run task
[2023-09-12T14:32:36.039+0000] {standard_task_runner.py:84} INFO - Running: ['***', 'tasks', 'run', 'simple_tasks', 'print_gm_task', 'scheduled__2023-09-12T14:00:00+00:00', '--job-id', '5', '--raw', '--subdir', 'DAGS_FOLDER/script.py', '--cfg-path', '/tmp/tmpewx431_i']
[2023-09-12T14:32:36.046+0000] {standard_task_runner.py:85} INFO - Job 5: Subtask print_gm_task
[2023-09-12T14:32:36.114+0000] {task_command.py:415} INFO - Running <TaskInstance: simple_tasks.print_gm_task scheduled__2023-09-12T14:00:00+00:00 [running]> on host fbfbca5b9527
[2023-09-12T14:32:36.214+0000] {taskinstance.py:1660} INFO - Exporting env vars: AIRFLOW_CTX_DAG_OWNER='***' AIRFLOW_CTX_DAG_ID='simple_tasks' AIRFLOW_CTX_TASK_ID='print_gm_task' AIRFLOW_CTX_EXECUTION_DATE='2023-09-12T14:00:00+00:00' AIRFLOW_CTX_TRY_NUMBER='1' AIRFLOW_CTX_DAG_RUN_ID='scheduled__2023-09-12T14:00:00+00:00'
[2023-09-12T14:32:36.216+0000] {subprocess.py:63} INFO - Tmp dir root location: /tmp
[2023-09-12T14:32:36.217+0000] {subprocess.py:75} INFO - Running command: ['/bin/bash', '-c', 'echo "Good morning, my diggers!"']
[2023-09-12T14:32:36.236+0000] {subprocess.py:86} INFO - Output:
[2023-09-12T14:32:36.270+0000] {subprocess.py:93} INFO - Good morning, my diggers!
[2023-09-12T14:32:36.271+0000] {subprocess.py:97} INFO - Command exited with return code 0
[2023-09-12T14:32:36.304+0000] {taskinstance.py:1398} INFO - Marking task as SUCCESS. dag_id=simple_tasks, task_id=print_gm_task, execution_date=20230912T140000, start_date=20230912T143236, end_date=20230912T143236
[2023-09-12T14:32:36.336+0000] {local_task_job_runner.py:228} INFO - Task exited with return code 0
[2023-09-12T14:32:36.359+0000] {taskinstance.py:2776} INFO - 1 downstream tasks scheduled from follow-on schedule check
[2023-09-12T22:10:03.832+0000] {logging_mixin.py:151} INFO - Changing /opt/***/logs/dag_id=simple_tasks/run_id=scheduled__2023-09-12T14:00:00+00:00/task_id=print_gm_task permission to 509
[2023-09-12T22:10:03.851+0000] {logging_mixin.py:151} INFO - Failed to change /opt/***/logs/dag_id=simple_tasks/run_id=scheduled__2023-09-12T14:00:00+00:00/task_id=print_gm_task permission to 509: [Errno 1] Operation not permitted: '/opt/***/logs/dag_id=simple_tasks/run_id=scheduled__2023-09-12T14:00:00+00:00/task_id=print_gm_task'
[2023-09-12T22:10:04.702+0000] {logging_mixin.py:151} INFO - Changing /opt/***/logs/dag_id=simple_tasks/run_id=scheduled__2023-09-12T14:00:00+00:00/task_id=print_gm_task permission to 509
[2023-09-12T22:10:04.705+0000] {logging_mixin.py:151} INFO - Failed to change /opt/***/logs/dag_id=simple_tasks/run_id=scheduled__2023-09-12T14:00:00+00:00/task_id=print_gm_task permission to 509: [Errno 1] Operation not permitted: '/opt/***/logs/dag_id=simple_tasks/run_id=scheduled__2023-09-12T14:00:00+00:00/task_id=print_gm_task'
[2023-09-12T22:10:04.968+0000] {taskinstance.py:1157} INFO - Dependencies all met for dep_context=non-requeueable deps ti=<TaskInstance: simple_tasks.print_gm_task scheduled__2023-09-12T14:00:00+00:00 [queued]>
[2023-09-12T22:10:05.041+0000] {taskinstance.py:1157} INFO - Dependencies all met for dep_context=requeueable deps ti=<TaskInstance: simple_tasks.print_gm_task scheduled__2023-09-12T14:00:00+00:00 [queued]>
[2023-09-12T22:10:05.140+0000] {taskinstance.py:1359} INFO - Starting attempt 1 of 1
[2023-09-12T22:10:05.203+0000] {taskinstance.py:1380} INFO - Executing <Task(BashOperator): print_gm_task> on 2023-09-12 14:00:00+00:00
[2023-09-12T22:10:05.342+0000] {standard_task_runner.py:57} INFO - Started process 102 to run task
[2023-09-12T22:10:05.548+0000] {standard_task_runner.py:84} INFO - Running: ['***', 'tasks', 'run', 'simple_tasks', 'print_gm_task', 'scheduled__2023-09-12T14:00:00+00:00', '--job-id', '6', '--raw', '--subdir', 'DAGS_FOLDER/script.py', '--cfg-path', '/tmp/tmpmporsv8p']
[2023-09-12T22:10:05.735+0000] {standard_task_runner.py:85} INFO - Job 6: Subtask print_gm_task
[2023-09-12T22:10:06.902+0000] {logging_mixin.py:151} INFO - Changing /opt/***/logs/dag_id=simple_tasks/run_id=scheduled__2023-09-12T14:00:00+00:00/task_id=print_gm_task permission to 509
[2023-09-12T22:10:06.903+0000] {logging_mixin.py:151} INFO - Failed to change /opt/***/logs/dag_id=simple_tasks/run_id=scheduled__2023-09-12T14:00:00+00:00/task_id=print_gm_task permission to 509: [Errno 1] Operation not permitted: '/opt/***/logs/dag_id=simple_tasks/run_id=scheduled__2023-09-12T14:00:00+00:00/task_id=print_gm_task'
[2023-09-12T22:10:06.913+0000] {task_command.py:415} INFO - Running <TaskInstance: simple_tasks.print_gm_task scheduled__2023-09-12T14:00:00+00:00 [running]> on host 8df8606c974e
[2023-09-12T22:10:08.514+0000] {taskinstance.py:1660} INFO - Exporting env vars: AIRFLOW_CTX_DAG_OWNER='***' AIRFLOW_CTX_DAG_ID='simple_tasks' AIRFLOW_CTX_TASK_ID='print_gm_task' AIRFLOW_CTX_EXECUTION_DATE='2023-09-12T14:00:00+00:00' AIRFLOW_CTX_TRY_NUMBER='1' AIRFLOW_CTX_DAG_RUN_ID='scheduled__2023-09-12T14:00:00+00:00'
[2023-09-12T22:10:08.562+0000] {subprocess.py:63} INFO - Tmp dir root location: /tmp
[2023-09-12T22:10:08.565+0000] {subprocess.py:75} INFO - Running command: ['/bin/bash', '-c', 'echo "Good morning, my diggers!"']
[2023-09-12T22:10:08.680+0000] {subprocess.py:86} INFO - Output:
[2023-09-12T22:10:08.688+0000] {subprocess.py:93} INFO - Good morning, my diggers!
[2023-09-12T22:10:08.690+0000] {subprocess.py:97} INFO - Command exited with return code 0
[2023-09-12T22:10:08.863+0000] {taskinstance.py:1398} INFO - Marking task as SUCCESS. dag_id=simple_tasks, task_id=print_gm_task, execution_date=20230912T140000, start_date=20230912T221004, end_date=20230912T221008
[2023-09-12T22:10:08.978+0000] {local_task_job_runner.py:228} INFO - Task exited with return code 0
[2023-09-12T22:10:09.101+0000] {taskinstance.py:2776} INFO - 1 downstream tasks scheduled from follow-on schedule check
