[2023-09-10T17:55:19.055+0000] {taskinstance.py:1157} INFO - Dependencies all met for dep_context=non-requeueable deps ti=<TaskInstance: simple_tasks.print_gm_task scheduled__2023-09-08T04:50:00+00:00 [queued]>
[2023-09-10T17:55:19.111+0000] {taskinstance.py:1157} INFO - Dependencies all met for dep_context=requeueable deps ti=<TaskInstance: simple_tasks.print_gm_task scheduled__2023-09-08T04:50:00+00:00 [queued]>
[2023-09-10T17:55:19.112+0000] {taskinstance.py:1359} INFO - Starting attempt 1 of 1
[2023-09-10T17:55:19.173+0000] {taskinstance.py:1380} INFO - Executing <Task(BashOperator): print_gm_task> on 2023-09-08 04:50:00+00:00
[2023-09-10T17:55:19.265+0000] {standard_task_runner.py:57} INFO - Started process 387 to run task
[2023-09-10T17:55:19.298+0000] {standard_task_runner.py:84} INFO - Running: ['***', 'tasks', 'run', 'simple_tasks', 'print_gm_task', 'scheduled__2023-09-08T04:50:00+00:00', '--job-id', '204', '--raw', '--subdir', 'DAGS_FOLDER/script.py', '--cfg-path', '/tmp/tmpronw6z2m']
[2023-09-10T17:55:19.316+0000] {standard_task_runner.py:85} INFO - Job 204: Subtask print_gm_task
[2023-09-10T17:55:19.973+0000] {task_command.py:415} INFO - Running <TaskInstance: simple_tasks.print_gm_task scheduled__2023-09-08T04:50:00+00:00 [running]> on host 3152b479582c
[2023-09-10T17:55:20.996+0000] {taskinstance.py:1660} INFO - Exporting env vars: AIRFLOW_CTX_DAG_OWNER='***' AIRFLOW_CTX_DAG_ID='simple_tasks' AIRFLOW_CTX_TASK_ID='print_gm_task' AIRFLOW_CTX_EXECUTION_DATE='2023-09-08T04:50:00+00:00' AIRFLOW_CTX_TRY_NUMBER='1' AIRFLOW_CTX_DAG_RUN_ID='scheduled__2023-09-08T04:50:00+00:00'
[2023-09-10T17:55:21.002+0000] {subprocess.py:63} INFO - Tmp dir root location: /tmp
[2023-09-10T17:55:21.003+0000] {subprocess.py:75} INFO - Running command: ['/bin/bash', '-c', 'echo "Good morning, my diggers!"']
[2023-09-10T17:55:21.042+0000] {subprocess.py:86} INFO - Output:
[2023-09-10T17:55:21.050+0000] {subprocess.py:93} INFO - Good morning, my diggers!
[2023-09-10T17:55:21.050+0000] {subprocess.py:97} INFO - Command exited with return code 0
[2023-09-10T17:55:21.123+0000] {taskinstance.py:1398} INFO - Marking task as SUCCESS. dag_id=simple_tasks, task_id=print_gm_task, execution_date=20230908T045000, start_date=20230910T175519, end_date=20230910T175521
[2023-09-10T17:55:21.256+0000] {local_task_job_runner.py:228} INFO - Task exited with return code 0
[2023-09-10T17:55:21.340+0000] {taskinstance.py:2776} INFO - 1 downstream tasks scheduled from follow-on schedule check
[2023-09-11T08:21:57.853+0000] {taskinstance.py:1157} INFO - Dependencies all met for dep_context=non-requeueable deps ti=<TaskInstance: simple_tasks.print_gm_task scheduled__2023-09-08T04:50:00+00:00 [queued]>
[2023-09-11T08:21:58.013+0000] {taskinstance.py:1157} INFO - Dependencies all met for dep_context=requeueable deps ti=<TaskInstance: simple_tasks.print_gm_task scheduled__2023-09-08T04:50:00+00:00 [queued]>
[2023-09-11T08:21:58.022+0000] {taskinstance.py:1359} INFO - Starting attempt 1 of 1
[2023-09-11T08:21:58.133+0000] {taskinstance.py:1380} INFO - Executing <Task(BashOperator): print_gm_task> on 2023-09-08 04:50:00+00:00
[2023-09-11T08:21:58.206+0000] {standard_task_runner.py:57} INFO - Started process 319 to run task
[2023-09-11T08:21:58.254+0000] {standard_task_runner.py:84} INFO - Running: ['***', 'tasks', 'run', 'simple_tasks', 'print_gm_task', 'scheduled__2023-09-08T04:50:00+00:00', '--job-id', '46', '--raw', '--subdir', 'DAGS_FOLDER/script.py', '--cfg-path', '/tmp/tmp_jq1szuw']
[2023-09-11T08:21:58.278+0000] {standard_task_runner.py:85} INFO - Job 46: Subtask print_gm_task
[2023-09-11T08:21:58.804+0000] {task_command.py:415} INFO - Running <TaskInstance: simple_tasks.print_gm_task scheduled__2023-09-08T04:50:00+00:00 [running]> on host 47888c058366
[2023-09-11T08:21:59.948+0000] {taskinstance.py:1660} INFO - Exporting env vars: AIRFLOW_CTX_DAG_OWNER='***' AIRFLOW_CTX_DAG_ID='simple_tasks' AIRFLOW_CTX_TASK_ID='print_gm_task' AIRFLOW_CTX_EXECUTION_DATE='2023-09-08T04:50:00+00:00' AIRFLOW_CTX_TRY_NUMBER='1' AIRFLOW_CTX_DAG_RUN_ID='scheduled__2023-09-08T04:50:00+00:00'
[2023-09-11T08:21:59.966+0000] {subprocess.py:63} INFO - Tmp dir root location: /tmp
[2023-09-11T08:21:59.971+0000] {subprocess.py:75} INFO - Running command: ['/bin/bash', '-c', 'echo "Good morning, my diggers!"']
[2023-09-11T08:22:00.049+0000] {subprocess.py:86} INFO - Output:
[2023-09-11T08:22:00.052+0000] {subprocess.py:93} INFO - Good morning, my diggers!
[2023-09-11T08:22:00.054+0000] {subprocess.py:97} INFO - Command exited with return code 0
[2023-09-11T08:22:00.427+0000] {taskinstance.py:1398} INFO - Marking task as SUCCESS. dag_id=simple_tasks, task_id=print_gm_task, execution_date=20230908T045000, start_date=20230911T082157, end_date=20230911T082200
[2023-09-11T08:22:01.148+0000] {local_task_job_runner.py:228} INFO - Task exited with return code 0
[2023-09-11T08:22:01.344+0000] {taskinstance.py:2776} INFO - 1 downstream tasks scheduled from follow-on schedule check
