[2023-09-12T14:32:36.001+0000] {taskinstance.py:1157} INFO - Dependencies all met for dep_context=non-requeueable deps ti=<TaskInstance: simple_tasks.print_gm_task scheduled__2023-09-12T14:10:00+00:00 [queued]>
[2023-09-12T14:32:36.011+0000] {taskinstance.py:1157} INFO - Dependencies all met for dep_context=requeueable deps ti=<TaskInstance: simple_tasks.print_gm_task scheduled__2023-09-12T14:10:00+00:00 [queued]>
[2023-09-12T14:32:36.011+0000] {taskinstance.py:1359} INFO - Starting attempt 1 of 1
[2023-09-12T14:32:36.027+0000] {taskinstance.py:1380} INFO - Executing <Task(BashOperator): print_gm_task> on 2023-09-12 14:10:00+00:00
[2023-09-12T14:32:36.040+0000] {standard_task_runner.py:57} INFO - Started process 82 to run task
[2023-09-12T14:32:36.046+0000] {standard_task_runner.py:84} INFO - Running: ['***', 'tasks', 'run', 'simple_tasks', 'print_gm_task', 'scheduled__2023-09-12T14:10:00+00:00', '--job-id', '6', '--raw', '--subdir', 'DAGS_FOLDER/script.py', '--cfg-path', '/tmp/tmp2_y246c0']
[2023-09-12T14:32:36.050+0000] {standard_task_runner.py:85} INFO - Job 6: Subtask print_gm_task
[2023-09-12T14:32:36.131+0000] {task_command.py:415} INFO - Running <TaskInstance: simple_tasks.print_gm_task scheduled__2023-09-12T14:10:00+00:00 [running]> on host fbfbca5b9527
[2023-09-12T14:32:36.226+0000] {taskinstance.py:1660} INFO - Exporting env vars: AIRFLOW_CTX_DAG_OWNER='***' AIRFLOW_CTX_DAG_ID='simple_tasks' AIRFLOW_CTX_TASK_ID='print_gm_task' AIRFLOW_CTX_EXECUTION_DATE='2023-09-12T14:10:00+00:00' AIRFLOW_CTX_TRY_NUMBER='1' AIRFLOW_CTX_DAG_RUN_ID='scheduled__2023-09-12T14:10:00+00:00'
[2023-09-12T14:32:36.230+0000] {subprocess.py:63} INFO - Tmp dir root location: /tmp
[2023-09-12T14:32:36.231+0000] {subprocess.py:75} INFO - Running command: ['/bin/bash', '-c', 'echo "Good morning, my diggers!"']
[2023-09-12T14:32:36.247+0000] {subprocess.py:86} INFO - Output:
[2023-09-12T14:32:36.270+0000] {subprocess.py:93} INFO - Good morning, my diggers!
[2023-09-12T14:32:36.271+0000] {subprocess.py:97} INFO - Command exited with return code 0
[2023-09-12T14:32:36.304+0000] {taskinstance.py:1398} INFO - Marking task as SUCCESS. dag_id=simple_tasks, task_id=print_gm_task, execution_date=20230912T141000, start_date=20230912T143236, end_date=20230912T143236
[2023-09-12T14:32:36.339+0000] {local_task_job_runner.py:228} INFO - Task exited with return code 0
[2023-09-12T14:32:36.360+0000] {taskinstance.py:2776} INFO - 1 downstream tasks scheduled from follow-on schedule check
[2023-09-12T22:10:03.873+0000] {logging_mixin.py:151} INFO - Changing /opt/***/logs/dag_id=simple_tasks/run_id=scheduled__2023-09-12T14:10:00+00:00/task_id=print_gm_task permission to 509
[2023-09-12T22:10:03.891+0000] {logging_mixin.py:151} INFO - Failed to change /opt/***/logs/dag_id=simple_tasks/run_id=scheduled__2023-09-12T14:10:00+00:00/task_id=print_gm_task permission to 509: [Errno 1] Operation not permitted: '/opt/***/logs/dag_id=simple_tasks/run_id=scheduled__2023-09-12T14:10:00+00:00/task_id=print_gm_task'
[2023-09-12T22:10:04.746+0000] {logging_mixin.py:151} INFO - Changing /opt/***/logs/dag_id=simple_tasks/run_id=scheduled__2023-09-12T14:10:00+00:00/task_id=print_gm_task permission to 509
[2023-09-12T22:10:04.748+0000] {logging_mixin.py:151} INFO - Failed to change /opt/***/logs/dag_id=simple_tasks/run_id=scheduled__2023-09-12T14:10:00+00:00/task_id=print_gm_task permission to 509: [Errno 1] Operation not permitted: '/opt/***/logs/dag_id=simple_tasks/run_id=scheduled__2023-09-12T14:10:00+00:00/task_id=print_gm_task'
[2023-09-12T22:10:05.039+0000] {taskinstance.py:1157} INFO - Dependencies all met for dep_context=non-requeueable deps ti=<TaskInstance: simple_tasks.print_gm_task scheduled__2023-09-12T14:10:00+00:00 [queued]>
[2023-09-12T22:10:05.186+0000] {taskinstance.py:1157} INFO - Dependencies all met for dep_context=requeueable deps ti=<TaskInstance: simple_tasks.print_gm_task scheduled__2023-09-12T14:10:00+00:00 [queued]>
[2023-09-12T22:10:05.211+0000] {taskinstance.py:1359} INFO - Starting attempt 1 of 1
[2023-09-12T22:10:05.289+0000] {taskinstance.py:1380} INFO - Executing <Task(BashOperator): print_gm_task> on 2023-09-12 14:10:00+00:00
[2023-09-12T22:10:05.423+0000] {standard_task_runner.py:57} INFO - Started process 105 to run task
[2023-09-12T22:10:05.626+0000] {standard_task_runner.py:84} INFO - Running: ['***', 'tasks', 'run', 'simple_tasks', 'print_gm_task', 'scheduled__2023-09-12T14:10:00+00:00', '--job-id', '10', '--raw', '--subdir', 'DAGS_FOLDER/script.py', '--cfg-path', '/tmp/tmppccnvo1b']
[2023-09-12T22:10:05.677+0000] {standard_task_runner.py:85} INFO - Job 10: Subtask print_gm_task
[2023-09-12T22:10:06.897+0000] {logging_mixin.py:151} INFO - Changing /opt/***/logs/dag_id=simple_tasks/run_id=scheduled__2023-09-12T14:10:00+00:00/task_id=print_gm_task permission to 509
[2023-09-12T22:10:06.904+0000] {logging_mixin.py:151} INFO - Failed to change /opt/***/logs/dag_id=simple_tasks/run_id=scheduled__2023-09-12T14:10:00+00:00/task_id=print_gm_task permission to 509: [Errno 1] Operation not permitted: '/opt/***/logs/dag_id=simple_tasks/run_id=scheduled__2023-09-12T14:10:00+00:00/task_id=print_gm_task'
[2023-09-12T22:10:06.924+0000] {task_command.py:415} INFO - Running <TaskInstance: simple_tasks.print_gm_task scheduled__2023-09-12T14:10:00+00:00 [running]> on host 8df8606c974e
[2023-09-12T22:10:08.466+0000] {taskinstance.py:1660} INFO - Exporting env vars: AIRFLOW_CTX_DAG_OWNER='***' AIRFLOW_CTX_DAG_ID='simple_tasks' AIRFLOW_CTX_TASK_ID='print_gm_task' AIRFLOW_CTX_EXECUTION_DATE='2023-09-12T14:10:00+00:00' AIRFLOW_CTX_TRY_NUMBER='1' AIRFLOW_CTX_DAG_RUN_ID='scheduled__2023-09-12T14:10:00+00:00'
[2023-09-12T22:10:08.489+0000] {subprocess.py:63} INFO - Tmp dir root location: /tmp
[2023-09-12T22:10:08.505+0000] {subprocess.py:75} INFO - Running command: ['/bin/bash', '-c', 'echo "Good morning, my diggers!"']
[2023-09-12T22:10:08.612+0000] {subprocess.py:86} INFO - Output:
[2023-09-12T22:10:08.621+0000] {subprocess.py:93} INFO - Good morning, my diggers!
[2023-09-12T22:10:08.628+0000] {subprocess.py:97} INFO - Command exited with return code 0
[2023-09-12T22:10:08.733+0000] {taskinstance.py:1398} INFO - Marking task as SUCCESS. dag_id=simple_tasks, task_id=print_gm_task, execution_date=20230912T141000, start_date=20230912T221005, end_date=20230912T221008
[2023-09-12T22:10:08.882+0000] {local_task_job_runner.py:228} INFO - Task exited with return code 0
[2023-09-12T22:10:08.967+0000] {taskinstance.py:2776} INFO - 1 downstream tasks scheduled from follow-on schedule check
