[2023-09-10T17:54:24.820+0000] {taskinstance.py:1157} INFO - Dependencies all met for dep_context=non-requeueable deps ti=<TaskInstance: simple_tasks.print_gm_task scheduled__2023-09-08T01:20:00+00:00 [queued]>
[2023-09-10T17:54:24.860+0000] {taskinstance.py:1157} INFO - Dependencies all met for dep_context=requeueable deps ti=<TaskInstance: simple_tasks.print_gm_task scheduled__2023-09-08T01:20:00+00:00 [queued]>
[2023-09-10T17:54:24.870+0000] {taskinstance.py:1359} INFO - Starting attempt 1 of 1
[2023-09-10T17:54:24.960+0000] {taskinstance.py:1380} INFO - Executing <Task(BashOperator): print_gm_task> on 2023-09-08 01:20:00+00:00
[2023-09-10T17:54:25.009+0000] {standard_task_runner.py:57} INFO - Started process 211 to run task
[2023-09-10T17:54:25.070+0000] {standard_task_runner.py:84} INFO - Running: ['***', 'tasks', 'run', 'simple_tasks', 'print_gm_task', 'scheduled__2023-09-08T01:20:00+00:00', '--job-id', '153', '--raw', '--subdir', 'DAGS_FOLDER/script.py', '--cfg-path', '/tmp/tmp_72r3kyq']
[2023-09-10T17:54:25.148+0000] {standard_task_runner.py:85} INFO - Job 153: Subtask print_gm_task
[2023-09-10T17:54:25.509+0000] {task_command.py:415} INFO - Running <TaskInstance: simple_tasks.print_gm_task scheduled__2023-09-08T01:20:00+00:00 [running]> on host 3152b479582c
[2023-09-10T17:54:25.984+0000] {taskinstance.py:1660} INFO - Exporting env vars: AIRFLOW_CTX_DAG_OWNER='***' AIRFLOW_CTX_DAG_ID='simple_tasks' AIRFLOW_CTX_TASK_ID='print_gm_task' AIRFLOW_CTX_EXECUTION_DATE='2023-09-08T01:20:00+00:00' AIRFLOW_CTX_TRY_NUMBER='1' AIRFLOW_CTX_DAG_RUN_ID='scheduled__2023-09-08T01:20:00+00:00'
[2023-09-10T17:54:25.993+0000] {subprocess.py:63} INFO - Tmp dir root location: /tmp
[2023-09-10T17:54:25.994+0000] {subprocess.py:75} INFO - Running command: ['/bin/bash', '-c', 'echo "Good morning, my diggers!"']
[2023-09-10T17:54:26.041+0000] {subprocess.py:86} INFO - Output:
[2023-09-10T17:54:26.044+0000] {subprocess.py:93} INFO - Good morning, my diggers!
[2023-09-10T17:54:26.045+0000] {subprocess.py:97} INFO - Command exited with return code 0
[2023-09-10T17:54:26.159+0000] {taskinstance.py:1398} INFO - Marking task as SUCCESS. dag_id=simple_tasks, task_id=print_gm_task, execution_date=20230908T012000, start_date=20230910T175424, end_date=20230910T175426
[2023-09-10T17:54:26.229+0000] {local_task_job_runner.py:228} INFO - Task exited with return code 0
[2023-09-10T17:54:26.291+0000] {taskinstance.py:2776} INFO - 1 downstream tasks scheduled from follow-on schedule check
[2023-09-11T08:05:46.138+0000] {taskinstance.py:1157} INFO - Dependencies all met for dep_context=non-requeueable deps ti=<TaskInstance: simple_tasks.print_gm_task scheduled__2023-09-08T01:20:00+00:00 [queued]>
[2023-09-11T08:05:46.246+0000] {taskinstance.py:1157} INFO - Dependencies all met for dep_context=requeueable deps ti=<TaskInstance: simple_tasks.print_gm_task scheduled__2023-09-08T01:20:00+00:00 [queued]>
[2023-09-11T08:05:46.248+0000] {taskinstance.py:1359} INFO - Starting attempt 1 of 1
[2023-09-11T08:05:46.696+0000] {taskinstance.py:1380} INFO - Executing <Task(BashOperator): print_gm_task> on 2023-09-08 01:20:00+00:00
[2023-09-11T08:05:46.740+0000] {standard_task_runner.py:57} INFO - Started process 118 to run task
[2023-09-11T08:05:46.786+0000] {standard_task_runner.py:84} INFO - Running: ['***', 'tasks', 'run', 'simple_tasks', 'print_gm_task', 'scheduled__2023-09-08T01:20:00+00:00', '--job-id', '9', '--raw', '--subdir', 'DAGS_FOLDER/script.py', '--cfg-path', '/tmp/tmpnulhp226']
[2023-09-11T08:05:46.877+0000] {standard_task_runner.py:85} INFO - Job 9: Subtask print_gm_task
[2023-09-11T08:05:47.980+0000] {task_command.py:415} INFO - Running <TaskInstance: simple_tasks.print_gm_task scheduled__2023-09-08T01:20:00+00:00 [running]> on host 2c457fbd3561
[2023-09-11T08:05:48.977+0000] {taskinstance.py:1660} INFO - Exporting env vars: AIRFLOW_CTX_DAG_OWNER='***' AIRFLOW_CTX_DAG_ID='simple_tasks' AIRFLOW_CTX_TASK_ID='print_gm_task' AIRFLOW_CTX_EXECUTION_DATE='2023-09-08T01:20:00+00:00' AIRFLOW_CTX_TRY_NUMBER='1' AIRFLOW_CTX_DAG_RUN_ID='scheduled__2023-09-08T01:20:00+00:00'
[2023-09-11T08:05:49.027+0000] {subprocess.py:63} INFO - Tmp dir root location: /tmp
[2023-09-11T08:05:49.030+0000] {subprocess.py:75} INFO - Running command: ['/bin/bash', '-c', 'echo "Good morning, my diggers!"']
[2023-09-11T08:05:49.143+0000] {subprocess.py:86} INFO - Output:
[2023-09-11T08:05:49.148+0000] {subprocess.py:93} INFO - Good morning, my diggers!
[2023-09-11T08:05:49.158+0000] {subprocess.py:97} INFO - Command exited with return code 0
[2023-09-11T08:05:49.395+0000] {taskinstance.py:1398} INFO - Marking task as SUCCESS. dag_id=simple_tasks, task_id=print_gm_task, execution_date=20230908T012000, start_date=20230911T080546, end_date=20230911T080549
[2023-09-11T08:05:49.568+0000] {local_task_job_runner.py:228} INFO - Task exited with return code 0
[2023-09-11T08:05:49.642+0000] {taskinstance.py:2776} INFO - 1 downstream tasks scheduled from follow-on schedule check
[2023-09-11T08:17:03.369+0000] {taskinstance.py:1157} INFO - Dependencies all met for dep_context=non-requeueable deps ti=<TaskInstance: simple_tasks.print_gm_task scheduled__2023-09-08T01:20:00+00:00 [queued]>
[2023-09-11T08:17:03.465+0000] {taskinstance.py:1157} INFO - Dependencies all met for dep_context=requeueable deps ti=<TaskInstance: simple_tasks.print_gm_task scheduled__2023-09-08T01:20:00+00:00 [queued]>
[2023-09-11T08:17:03.466+0000] {taskinstance.py:1359} INFO - Starting attempt 1 of 1
[2023-09-11T08:17:03.771+0000] {taskinstance.py:1380} INFO - Executing <Task(BashOperator): print_gm_task> on 2023-09-08 01:20:00+00:00
[2023-09-11T08:17:03.858+0000] {standard_task_runner.py:57} INFO - Started process 115 to run task
[2023-09-11T08:17:03.958+0000] {standard_task_runner.py:84} INFO - Running: ['***', 'tasks', 'run', 'simple_tasks', 'print_gm_task', 'scheduled__2023-09-08T01:20:00+00:00', '--job-id', '11', '--raw', '--subdir', 'DAGS_FOLDER/script.py', '--cfg-path', '/tmp/tmp23nc6of_']
[2023-09-11T08:17:04.030+0000] {standard_task_runner.py:85} INFO - Job 11: Subtask print_gm_task
[2023-09-11T08:17:08.232+0000] {task_command.py:415} INFO - Running <TaskInstance: simple_tasks.print_gm_task scheduled__2023-09-08T01:20:00+00:00 [running]> on host 47888c058366
[2023-09-11T08:17:09.610+0000] {taskinstance.py:1660} INFO - Exporting env vars: AIRFLOW_CTX_DAG_OWNER='***' AIRFLOW_CTX_DAG_ID='simple_tasks' AIRFLOW_CTX_TASK_ID='print_gm_task' AIRFLOW_CTX_EXECUTION_DATE='2023-09-08T01:20:00+00:00' AIRFLOW_CTX_TRY_NUMBER='1' AIRFLOW_CTX_DAG_RUN_ID='scheduled__2023-09-08T01:20:00+00:00'
[2023-09-11T08:17:09.618+0000] {subprocess.py:63} INFO - Tmp dir root location: /tmp
[2023-09-11T08:17:09.619+0000] {subprocess.py:75} INFO - Running command: ['/bin/bash', '-c', 'echo "Good morning, my diggers!"']
[2023-09-11T08:17:09.764+0000] {subprocess.py:86} INFO - Output:
[2023-09-11T08:17:09.768+0000] {subprocess.py:93} INFO - Good morning, my diggers!
[2023-09-11T08:17:09.777+0000] {subprocess.py:97} INFO - Command exited with return code 0
[2023-09-11T08:17:09.989+0000] {taskinstance.py:1398} INFO - Marking task as SUCCESS. dag_id=simple_tasks, task_id=print_gm_task, execution_date=20230908T012000, start_date=20230911T081703, end_date=20230911T081709
[2023-09-11T08:17:10.191+0000] {local_task_job_runner.py:228} INFO - Task exited with return code 0
[2023-09-11T08:17:10.275+0000] {taskinstance.py:2776} INFO - 1 downstream tasks scheduled from follow-on schedule check
