[2023-09-13T08:30:03.626+0000] {taskinstance.py:1157} INFO - Dependencies all met for dep_context=non-requeueable deps ti=<TaskInstance: simple_tasks.print_gm_task scheduled__2023-09-13T08:20:00+00:00 [queued]>
[2023-09-13T08:30:03.637+0000] {taskinstance.py:1157} INFO - Dependencies all met for dep_context=requeueable deps ti=<TaskInstance: simple_tasks.print_gm_task scheduled__2023-09-13T08:20:00+00:00 [queued]>
[2023-09-13T08:30:03.638+0000] {taskinstance.py:1359} INFO - Starting attempt 1 of 1
[2023-09-13T08:30:03.655+0000] {taskinstance.py:1380} INFO - Executing <Task(BashOperator): print_gm_task> on 2023-09-13 08:20:00+00:00
[2023-09-13T08:30:03.662+0000] {standard_task_runner.py:57} INFO - Started process 400 to run task
[2023-09-13T08:30:03.666+0000] {standard_task_runner.py:84} INFO - Running: ['***', 'tasks', 'run', 'simple_tasks', 'print_gm_task', 'scheduled__2023-09-13T08:20:00+00:00', '--job-id', '47', '--raw', '--subdir', 'DAGS_FOLDER/script.py', '--cfg-path', '/tmp/tmppz_76tof']
[2023-09-13T08:30:03.671+0000] {standard_task_runner.py:85} INFO - Job 47: Subtask print_gm_task
[2023-09-13T08:30:03.742+0000] {task_command.py:415} INFO - Running <TaskInstance: simple_tasks.print_gm_task scheduled__2023-09-13T08:20:00+00:00 [running]> on host cb4016c405b8
[2023-09-13T08:30:03.869+0000] {taskinstance.py:1660} INFO - Exporting env vars: AIRFLOW_CTX_DAG_OWNER='***' AIRFLOW_CTX_DAG_ID='simple_tasks' AIRFLOW_CTX_TASK_ID='print_gm_task' AIRFLOW_CTX_EXECUTION_DATE='2023-09-13T08:20:00+00:00' AIRFLOW_CTX_TRY_NUMBER='1' AIRFLOW_CTX_DAG_RUN_ID='scheduled__2023-09-13T08:20:00+00:00'
[2023-09-13T08:30:03.872+0000] {subprocess.py:63} INFO - Tmp dir root location: /tmp
[2023-09-13T08:30:03.874+0000] {subprocess.py:75} INFO - Running command: ['/bin/bash', '-c', 'echo "Good morning, my diggers!"']
[2023-09-13T08:30:03.898+0000] {subprocess.py:86} INFO - Output:
[2023-09-13T08:30:03.906+0000] {subprocess.py:93} INFO - Good morning, my diggers!
[2023-09-13T08:30:03.907+0000] {subprocess.py:97} INFO - Command exited with return code 0
[2023-09-13T08:30:03.941+0000] {taskinstance.py:1398} INFO - Marking task as SUCCESS. dag_id=simple_tasks, task_id=print_gm_task, execution_date=20230913T082000, start_date=20230913T083003, end_date=20230913T083003
[2023-09-13T08:30:03.999+0000] {local_task_job_runner.py:228} INFO - Task exited with return code 0
[2023-09-13T08:30:04.024+0000] {taskinstance.py:2776} INFO - 1 downstream tasks scheduled from follow-on schedule check
[2023-10-29T14:35:02.751+0000] {logging_mixin.py:151} INFO - Changing /opt/***/logs/dag_id=simple_tasks/run_id=scheduled__2023-09-13T08:20:00+00:00/task_id=print_gm_task permission to 509
[2023-10-29T14:35:02.780+0000] {logging_mixin.py:151} INFO - Failed to change /opt/***/logs/dag_id=simple_tasks/run_id=scheduled__2023-09-13T08:20:00+00:00/task_id=print_gm_task permission to 509: [Errno 1] Operation not permitted: '/opt/***/logs/dag_id=simple_tasks/run_id=scheduled__2023-09-13T08:20:00+00:00/task_id=print_gm_task'
[2023-10-29T14:35:02.977+0000] {logging_mixin.py:151} INFO - Changing /opt/***/logs/dag_id=simple_tasks/run_id=scheduled__2023-09-13T08:20:00+00:00/task_id=print_gm_task permission to 509
[2023-10-29T14:35:02.979+0000] {logging_mixin.py:151} INFO - Failed to change /opt/***/logs/dag_id=simple_tasks/run_id=scheduled__2023-09-13T08:20:00+00:00/task_id=print_gm_task permission to 509: [Errno 1] Operation not permitted: '/opt/***/logs/dag_id=simple_tasks/run_id=scheduled__2023-09-13T08:20:00+00:00/task_id=print_gm_task'
[2023-10-29T14:35:03.136+0000] {taskinstance.py:1157} INFO - Dependencies all met for dep_context=non-requeueable deps ti=<TaskInstance: simple_tasks.print_gm_task scheduled__2023-09-13T08:20:00+00:00 [queued]>
[2023-10-29T14:35:03.216+0000] {taskinstance.py:1157} INFO - Dependencies all met for dep_context=requeueable deps ti=<TaskInstance: simple_tasks.print_gm_task scheduled__2023-09-13T08:20:00+00:00 [queued]>
[2023-10-29T14:35:03.217+0000] {taskinstance.py:1359} INFO - Starting attempt 1 of 1
[2023-10-29T14:35:03.282+0000] {taskinstance.py:1380} INFO - Executing <Task(BashOperator): print_gm_task> on 2023-09-13 08:20:00+00:00
[2023-10-29T14:35:03.354+0000] {standard_task_runner.py:57} INFO - Started process 246 to run task
[2023-10-29T14:35:03.373+0000] {standard_task_runner.py:84} INFO - Running: ['***', 'tasks', 'run', 'simple_tasks', 'print_gm_task', 'scheduled__2023-09-13T08:20:00+00:00', '--job-id', '20', '--raw', '--subdir', 'DAGS_FOLDER/script.py', '--cfg-path', '/tmp/tmpczk0j2zm']
[2023-10-29T14:35:03.439+0000] {standard_task_runner.py:85} INFO - Job 20: Subtask print_gm_task
[2023-10-29T14:35:03.767+0000] {logging_mixin.py:151} INFO - Changing /opt/***/logs/dag_id=simple_tasks/run_id=scheduled__2023-09-13T08:20:00+00:00/task_id=print_gm_task permission to 509
[2023-10-29T14:35:03.768+0000] {logging_mixin.py:151} INFO - Failed to change /opt/***/logs/dag_id=simple_tasks/run_id=scheduled__2023-09-13T08:20:00+00:00/task_id=print_gm_task permission to 509: [Errno 1] Operation not permitted: '/opt/***/logs/dag_id=simple_tasks/run_id=scheduled__2023-09-13T08:20:00+00:00/task_id=print_gm_task'
[2023-10-29T14:35:03.775+0000] {task_command.py:415} INFO - Running <TaskInstance: simple_tasks.print_gm_task scheduled__2023-09-13T08:20:00+00:00 [running]> on host 452e7b951e9d
[2023-10-29T14:35:06.049+0000] {taskinstance.py:1660} INFO - Exporting env vars: AIRFLOW_CTX_DAG_OWNER='***' AIRFLOW_CTX_DAG_ID='simple_tasks' AIRFLOW_CTX_TASK_ID='print_gm_task' AIRFLOW_CTX_EXECUTION_DATE='2023-09-13T08:20:00+00:00' AIRFLOW_CTX_TRY_NUMBER='1' AIRFLOW_CTX_DAG_RUN_ID='scheduled__2023-09-13T08:20:00+00:00'
[2023-10-29T14:35:06.073+0000] {subprocess.py:63} INFO - Tmp dir root location: /tmp
[2023-10-29T14:35:06.093+0000] {subprocess.py:75} INFO - Running command: ['/bin/bash', '-c', 'echo "Good morning, my diggers!"']
[2023-10-29T14:35:06.217+0000] {subprocess.py:86} INFO - Output:
[2023-10-29T14:35:06.248+0000] {subprocess.py:93} INFO - Good morning, my diggers!
[2023-10-29T14:35:06.260+0000] {subprocess.py:97} INFO - Command exited with return code 0
[2023-10-29T14:35:06.375+0000] {taskinstance.py:1398} INFO - Marking task as SUCCESS. dag_id=simple_tasks, task_id=print_gm_task, execution_date=20230913T082000, start_date=20231029T143503, end_date=20231029T143506
[2023-10-29T14:35:06.500+0000] {local_task_job_runner.py:228} INFO - Task exited with return code 0
[2023-10-29T14:35:06.653+0000] {taskinstance.py:2776} INFO - 1 downstream tasks scheduled from follow-on schedule check
