[2023-09-10T17:55:10.352+0000] {taskinstance.py:1157} INFO - Dependencies all met for dep_context=non-requeueable deps ti=<TaskInstance: simple_tasks.print_gm_task scheduled__2023-09-08T05:10:00+00:00 [queued]>
[2023-09-10T17:55:10.424+0000] {taskinstance.py:1157} INFO - Dependencies all met for dep_context=requeueable deps ti=<TaskInstance: simple_tasks.print_gm_task scheduled__2023-09-08T05:10:00+00:00 [queued]>
[2023-09-10T17:55:10.442+0000] {taskinstance.py:1359} INFO - Starting attempt 1 of 1
[2023-09-10T17:55:10.972+0000] {taskinstance.py:1380} INFO - Executing <Task(BashOperator): print_gm_task> on 2023-09-08 05:10:00+00:00
[2023-09-10T17:55:11.136+0000] {standard_task_runner.py:57} INFO - Started process 358 to run task
[2023-09-10T17:55:11.253+0000] {standard_task_runner.py:84} INFO - Running: ['***', 'tasks', 'run', 'simple_tasks', 'print_gm_task', 'scheduled__2023-09-08T05:10:00+00:00', '--job-id', '193', '--raw', '--subdir', 'DAGS_FOLDER/script.py', '--cfg-path', '/tmp/tmpgg5nu_zj']
[2023-09-10T17:55:11.301+0000] {standard_task_runner.py:85} INFO - Job 193: Subtask print_gm_task
[2023-09-10T17:55:12.209+0000] {task_command.py:415} INFO - Running <TaskInstance: simple_tasks.print_gm_task scheduled__2023-09-08T05:10:00+00:00 [running]> on host 3152b479582c
[2023-09-10T17:55:13.063+0000] {taskinstance.py:1660} INFO - Exporting env vars: AIRFLOW_CTX_DAG_OWNER='***' AIRFLOW_CTX_DAG_ID='simple_tasks' AIRFLOW_CTX_TASK_ID='print_gm_task' AIRFLOW_CTX_EXECUTION_DATE='2023-09-08T05:10:00+00:00' AIRFLOW_CTX_TRY_NUMBER='1' AIRFLOW_CTX_DAG_RUN_ID='scheduled__2023-09-08T05:10:00+00:00'
[2023-09-10T17:55:13.070+0000] {subprocess.py:63} INFO - Tmp dir root location: /tmp
[2023-09-10T17:55:13.073+0000] {subprocess.py:75} INFO - Running command: ['/bin/bash', '-c', 'echo "Good morning, my diggers!"']
[2023-09-10T17:55:13.437+0000] {subprocess.py:86} INFO - Output:
[2023-09-10T17:55:13.504+0000] {subprocess.py:93} INFO - Good morning, my diggers!
[2023-09-10T17:55:13.530+0000] {subprocess.py:97} INFO - Command exited with return code 0
[2023-09-10T17:55:13.640+0000] {taskinstance.py:1398} INFO - Marking task as SUCCESS. dag_id=simple_tasks, task_id=print_gm_task, execution_date=20230908T051000, start_date=20230910T175510, end_date=20230910T175513
[2023-09-10T17:55:13.749+0000] {local_task_job_runner.py:228} INFO - Task exited with return code 0
[2023-09-10T17:55:13.840+0000] {taskinstance.py:2776} INFO - 1 downstream tasks scheduled from follow-on schedule check
[2023-09-11T08:22:08.157+0000] {taskinstance.py:1157} INFO - Dependencies all met for dep_context=non-requeueable deps ti=<TaskInstance: simple_tasks.print_gm_task scheduled__2023-09-08T05:10:00+00:00 [queued]>
[2023-09-11T08:22:08.199+0000] {taskinstance.py:1157} INFO - Dependencies all met for dep_context=requeueable deps ti=<TaskInstance: simple_tasks.print_gm_task scheduled__2023-09-08T05:10:00+00:00 [queued]>
[2023-09-11T08:22:08.200+0000] {taskinstance.py:1359} INFO - Starting attempt 1 of 1
[2023-09-11T08:22:08.260+0000] {taskinstance.py:1380} INFO - Executing <Task(BashOperator): print_gm_task> on 2023-09-08 05:10:00+00:00
[2023-09-11T08:22:08.271+0000] {standard_task_runner.py:57} INFO - Started process 347 to run task
[2023-09-11T08:22:08.299+0000] {standard_task_runner.py:84} INFO - Running: ['***', 'tasks', 'run', 'simple_tasks', 'print_gm_task', 'scheduled__2023-09-08T05:10:00+00:00', '--job-id', '57', '--raw', '--subdir', 'DAGS_FOLDER/script.py', '--cfg-path', '/tmp/tmp79z8z2ua']
[2023-09-11T08:22:08.308+0000] {standard_task_runner.py:85} INFO - Job 57: Subtask print_gm_task
[2023-09-11T08:22:08.443+0000] {task_command.py:415} INFO - Running <TaskInstance: simple_tasks.print_gm_task scheduled__2023-09-08T05:10:00+00:00 [running]> on host 47888c058366
[2023-09-11T08:22:08.803+0000] {taskinstance.py:1660} INFO - Exporting env vars: AIRFLOW_CTX_DAG_OWNER='***' AIRFLOW_CTX_DAG_ID='simple_tasks' AIRFLOW_CTX_TASK_ID='print_gm_task' AIRFLOW_CTX_EXECUTION_DATE='2023-09-08T05:10:00+00:00' AIRFLOW_CTX_TRY_NUMBER='1' AIRFLOW_CTX_DAG_RUN_ID='scheduled__2023-09-08T05:10:00+00:00'
[2023-09-11T08:22:08.807+0000] {subprocess.py:63} INFO - Tmp dir root location: /tmp
[2023-09-11T08:22:08.817+0000] {subprocess.py:75} INFO - Running command: ['/bin/bash', '-c', 'echo "Good morning, my diggers!"']
[2023-09-11T08:22:08.847+0000] {subprocess.py:86} INFO - Output:
[2023-09-11T08:22:08.849+0000] {subprocess.py:93} INFO - Good morning, my diggers!
[2023-09-11T08:22:08.850+0000] {subprocess.py:97} INFO - Command exited with return code 0
[2023-09-11T08:22:08.913+0000] {taskinstance.py:1398} INFO - Marking task as SUCCESS. dag_id=simple_tasks, task_id=print_gm_task, execution_date=20230908T051000, start_date=20230911T082208, end_date=20230911T082208
[2023-09-11T08:22:08.996+0000] {local_task_job_runner.py:228} INFO - Task exited with return code 0
[2023-09-11T08:22:09.043+0000] {taskinstance.py:2776} INFO - 1 downstream tasks scheduled from follow-on schedule check
