[2023-09-10T17:54:24.780+0000] {taskinstance.py:1157} INFO - Dependencies all met for dep_context=non-requeueable deps ti=<TaskInstance: simple_tasks.print_gm_task scheduled__2023-09-08T01:30:00+00:00 [queued]>
[2023-09-10T17:54:24.827+0000] {taskinstance.py:1157} INFO - Dependencies all met for dep_context=requeueable deps ti=<TaskInstance: simple_tasks.print_gm_task scheduled__2023-09-08T01:30:00+00:00 [queued]>
[2023-09-10T17:54:24.849+0000] {taskinstance.py:1359} INFO - Starting attempt 1 of 1
[2023-09-10T17:54:24.919+0000] {taskinstance.py:1380} INFO - Executing <Task(BashOperator): print_gm_task> on 2023-09-08 01:30:00+00:00
[2023-09-10T17:54:24.941+0000] {standard_task_runner.py:57} INFO - Started process 209 to run task
[2023-09-10T17:54:24.998+0000] {standard_task_runner.py:84} INFO - Running: ['***', 'tasks', 'run', 'simple_tasks', 'print_gm_task', 'scheduled__2023-09-08T01:30:00+00:00', '--job-id', '152', '--raw', '--subdir', 'DAGS_FOLDER/script.py', '--cfg-path', '/tmp/tmpcfanlqrb']
[2023-09-10T17:54:25.069+0000] {standard_task_runner.py:85} INFO - Job 152: Subtask print_gm_task
[2023-09-10T17:54:25.300+0000] {task_command.py:415} INFO - Running <TaskInstance: simple_tasks.print_gm_task scheduled__2023-09-08T01:30:00+00:00 [running]> on host 3152b479582c
[2023-09-10T17:54:25.690+0000] {taskinstance.py:1660} INFO - Exporting env vars: AIRFLOW_CTX_DAG_OWNER='***' AIRFLOW_CTX_DAG_ID='simple_tasks' AIRFLOW_CTX_TASK_ID='print_gm_task' AIRFLOW_CTX_EXECUTION_DATE='2023-09-08T01:30:00+00:00' AIRFLOW_CTX_TRY_NUMBER='1' AIRFLOW_CTX_DAG_RUN_ID='scheduled__2023-09-08T01:30:00+00:00'
[2023-09-10T17:54:25.706+0000] {subprocess.py:63} INFO - Tmp dir root location: /tmp
[2023-09-10T17:54:25.710+0000] {subprocess.py:75} INFO - Running command: ['/bin/bash', '-c', 'echo "Good morning, my diggers!"']
[2023-09-10T17:54:25.768+0000] {subprocess.py:86} INFO - Output:
[2023-09-10T17:54:25.772+0000] {subprocess.py:93} INFO - Good morning, my diggers!
[2023-09-10T17:54:25.774+0000] {subprocess.py:97} INFO - Command exited with return code 0
[2023-09-10T17:54:25.946+0000] {taskinstance.py:1398} INFO - Marking task as SUCCESS. dag_id=simple_tasks, task_id=print_gm_task, execution_date=20230908T013000, start_date=20230910T175424, end_date=20230910T175425
[2023-09-10T17:54:26.064+0000] {local_task_job_runner.py:228} INFO - Task exited with return code 0
[2023-09-10T17:54:26.115+0000] {taskinstance.py:2776} INFO - 1 downstream tasks scheduled from follow-on schedule check
[2023-09-11T08:05:46.353+0000] {taskinstance.py:1157} INFO - Dependencies all met for dep_context=non-requeueable deps ti=<TaskInstance: simple_tasks.print_gm_task scheduled__2023-09-08T01:30:00+00:00 [queued]>
[2023-09-11T08:05:46.421+0000] {taskinstance.py:1157} INFO - Dependencies all met for dep_context=requeueable deps ti=<TaskInstance: simple_tasks.print_gm_task scheduled__2023-09-08T01:30:00+00:00 [queued]>
[2023-09-11T08:05:46.428+0000] {taskinstance.py:1359} INFO - Starting attempt 1 of 1
[2023-09-11T08:05:46.719+0000] {taskinstance.py:1380} INFO - Executing <Task(BashOperator): print_gm_task> on 2023-09-08 01:30:00+00:00
[2023-09-11T08:05:46.763+0000] {standard_task_runner.py:57} INFO - Started process 119 to run task
[2023-09-11T08:05:46.801+0000] {standard_task_runner.py:84} INFO - Running: ['***', 'tasks', 'run', 'simple_tasks', 'print_gm_task', 'scheduled__2023-09-08T01:30:00+00:00', '--job-id', '10', '--raw', '--subdir', 'DAGS_FOLDER/script.py', '--cfg-path', '/tmp/tmpipry5s51']
[2023-09-11T08:05:46.886+0000] {standard_task_runner.py:85} INFO - Job 10: Subtask print_gm_task
[2023-09-11T08:05:47.972+0000] {task_command.py:415} INFO - Running <TaskInstance: simple_tasks.print_gm_task scheduled__2023-09-08T01:30:00+00:00 [running]> on host 2c457fbd3561
[2023-09-11T08:05:48.650+0000] {taskinstance.py:1660} INFO - Exporting env vars: AIRFLOW_CTX_DAG_OWNER='***' AIRFLOW_CTX_DAG_ID='simple_tasks' AIRFLOW_CTX_TASK_ID='print_gm_task' AIRFLOW_CTX_EXECUTION_DATE='2023-09-08T01:30:00+00:00' AIRFLOW_CTX_TRY_NUMBER='1' AIRFLOW_CTX_DAG_RUN_ID='scheduled__2023-09-08T01:30:00+00:00'
[2023-09-11T08:05:48.664+0000] {subprocess.py:63} INFO - Tmp dir root location: /tmp
[2023-09-11T08:05:48.666+0000] {subprocess.py:75} INFO - Running command: ['/bin/bash', '-c', 'echo "Good morning, my diggers!"']
[2023-09-11T08:05:48.815+0000] {subprocess.py:86} INFO - Output:
[2023-09-11T08:05:48.826+0000] {subprocess.py:93} INFO - Good morning, my diggers!
[2023-09-11T08:05:48.830+0000] {subprocess.py:97} INFO - Command exited with return code 0
[2023-09-11T08:05:49.308+0000] {taskinstance.py:1398} INFO - Marking task as SUCCESS. dag_id=simple_tasks, task_id=print_gm_task, execution_date=20230908T013000, start_date=20230911T080546, end_date=20230911T080549
[2023-09-11T08:05:49.480+0000] {local_task_job_runner.py:228} INFO - Task exited with return code 0
[2023-09-11T08:05:49.646+0000] {taskinstance.py:2776} INFO - 1 downstream tasks scheduled from follow-on schedule check
[2023-09-11T08:17:09.661+0000] {taskinstance.py:1157} INFO - Dependencies all met for dep_context=non-requeueable deps ti=<TaskInstance: simple_tasks.print_gm_task scheduled__2023-09-08T01:30:00+00:00 [queued]>
[2023-09-11T08:17:09.720+0000] {taskinstance.py:1157} INFO - Dependencies all met for dep_context=requeueable deps ti=<TaskInstance: simple_tasks.print_gm_task scheduled__2023-09-08T01:30:00+00:00 [queued]>
[2023-09-11T08:17:09.721+0000] {taskinstance.py:1359} INFO - Starting attempt 1 of 1
[2023-09-11T08:17:09.827+0000] {taskinstance.py:1380} INFO - Executing <Task(BashOperator): print_gm_task> on 2023-09-08 01:30:00+00:00
[2023-09-11T08:17:09.879+0000] {standard_task_runner.py:57} INFO - Started process 127 to run task
[2023-09-11T08:17:09.890+0000] {standard_task_runner.py:84} INFO - Running: ['***', 'tasks', 'run', 'simple_tasks', 'print_gm_task', 'scheduled__2023-09-08T01:30:00+00:00', '--job-id', '17', '--raw', '--subdir', 'DAGS_FOLDER/script.py', '--cfg-path', '/tmp/tmpybp6ri76']
[2023-09-11T08:17:10.008+0000] {standard_task_runner.py:85} INFO - Job 17: Subtask print_gm_task
[2023-09-11T08:17:10.310+0000] {task_command.py:415} INFO - Running <TaskInstance: simple_tasks.print_gm_task scheduled__2023-09-08T01:30:00+00:00 [running]> on host 47888c058366
[2023-09-11T08:17:10.834+0000] {taskinstance.py:1660} INFO - Exporting env vars: AIRFLOW_CTX_DAG_OWNER='***' AIRFLOW_CTX_DAG_ID='simple_tasks' AIRFLOW_CTX_TASK_ID='print_gm_task' AIRFLOW_CTX_EXECUTION_DATE='2023-09-08T01:30:00+00:00' AIRFLOW_CTX_TRY_NUMBER='1' AIRFLOW_CTX_DAG_RUN_ID='scheduled__2023-09-08T01:30:00+00:00'
[2023-09-11T08:17:10.848+0000] {subprocess.py:63} INFO - Tmp dir root location: /tmp
[2023-09-11T08:17:10.849+0000] {subprocess.py:75} INFO - Running command: ['/bin/bash', '-c', 'echo "Good morning, my diggers!"']
[2023-09-11T08:17:10.971+0000] {subprocess.py:86} INFO - Output:
[2023-09-11T08:17:10.976+0000] {subprocess.py:93} INFO - Good morning, my diggers!
[2023-09-11T08:17:11.000+0000] {subprocess.py:97} INFO - Command exited with return code 0
[2023-09-11T08:17:11.724+0000] {taskinstance.py:1398} INFO - Marking task as SUCCESS. dag_id=simple_tasks, task_id=print_gm_task, execution_date=20230908T013000, start_date=20230911T081709, end_date=20230911T081711
[2023-09-11T08:17:11.867+0000] {local_task_job_runner.py:228} INFO - Task exited with return code 0
[2023-09-11T08:17:13.462+0000] {taskinstance.py:2776} INFO - 0 downstream tasks scheduled from follow-on schedule check
