[2023-09-12T14:40:18.867+0000] {taskinstance.py:1157} INFO - Dependencies all met for dep_context=non-requeueable deps ti=<TaskInstance: simple_tasks.exchange_data_task scheduled__2023-09-12T14:40:00+00:00 [queued]>
[2023-09-12T14:40:18.876+0000] {taskinstance.py:1157} INFO - Dependencies all met for dep_context=requeueable deps ti=<TaskInstance: simple_tasks.exchange_data_task scheduled__2023-09-12T14:40:00+00:00 [queued]>
[2023-09-12T14:40:18.876+0000] {taskinstance.py:1359} INFO - Starting attempt 1 of 1
[2023-09-12T14:40:18.889+0000] {taskinstance.py:1380} INFO - Executing <Task(PythonOperator): exchange_data_task> on 2023-09-12 14:40:00+00:00
[2023-09-12T14:40:18.895+0000] {standard_task_runner.py:57} INFO - Started process 492 to run task
[2023-09-12T14:40:18.900+0000] {standard_task_runner.py:84} INFO - Running: ['***', 'tasks', 'run', 'simple_tasks', 'exchange_data_task', 'scheduled__2023-09-12T14:40:00+00:00', '--job-id', '91', '--raw', '--subdir', 'DAGS_FOLDER/script.py', '--cfg-path', '/tmp/tmp0lpvx_6b']
[2023-09-12T14:40:18.903+0000] {standard_task_runner.py:85} INFO - Job 91: Subtask exchange_data_task
[2023-09-12T14:40:18.955+0000] {task_command.py:415} INFO - Running <TaskInstance: simple_tasks.exchange_data_task scheduled__2023-09-12T14:40:00+00:00 [running]> on host fbfbca5b9527
[2023-09-12T14:40:19.026+0000] {taskinstance.py:1660} INFO - Exporting env vars: AIRFLOW_CTX_DAG_OWNER='***' AIRFLOW_CTX_DAG_ID='simple_tasks' AIRFLOW_CTX_TASK_ID='exchange_data_task' AIRFLOW_CTX_EXECUTION_DATE='2023-09-12T14:40:00+00:00' AIRFLOW_CTX_TRY_NUMBER='1' AIRFLOW_CTX_DAG_RUN_ID='scheduled__2023-09-12T14:40:00+00:00'
[2023-09-12T14:40:19.317+0000] {logging_mixin.py:151} INFO - Connected
[2023-09-12T14:40:19.318+0000] {logging_mixin.py:151} INFO - ('2023-09-12 14:40:19','BTC','RUB',2404181.214286)
[2023-09-12T14:40:19.325+0000] {python.py:194} INFO - Done. Returned value was: None
[2023-09-12T14:40:19.332+0000] {taskinstance.py:1398} INFO - Marking task as SUCCESS. dag_id=simple_tasks, task_id=exchange_data_task, execution_date=20230912T144000, start_date=20230912T144018, end_date=20230912T144019
[2023-09-12T14:40:19.353+0000] {local_task_job_runner.py:228} INFO - Task exited with return code 0
[2023-09-12T14:40:19.366+0000] {taskinstance.py:2776} INFO - 0 downstream tasks scheduled from follow-on schedule check
[2023-09-12T22:10:25.181+0000] {logging_mixin.py:151} INFO - Changing /opt/***/logs/dag_id=simple_tasks/run_id=scheduled__2023-09-12T14:40:00+00:00/task_id=exchange_data_task permission to 509
[2023-09-12T22:10:25.200+0000] {logging_mixin.py:151} INFO - Failed to change /opt/***/logs/dag_id=simple_tasks/run_id=scheduled__2023-09-12T14:40:00+00:00/task_id=exchange_data_task permission to 509: [Errno 1] Operation not permitted: '/opt/***/logs/dag_id=simple_tasks/run_id=scheduled__2023-09-12T14:40:00+00:00/task_id=exchange_data_task'
[2023-09-12T22:10:25.582+0000] {logging_mixin.py:151} INFO - Changing /opt/***/logs/dag_id=simple_tasks/run_id=scheduled__2023-09-12T14:40:00+00:00/task_id=exchange_data_task permission to 509
[2023-09-12T22:10:25.583+0000] {logging_mixin.py:151} INFO - Failed to change /opt/***/logs/dag_id=simple_tasks/run_id=scheduled__2023-09-12T14:40:00+00:00/task_id=exchange_data_task permission to 509: [Errno 1] Operation not permitted: '/opt/***/logs/dag_id=simple_tasks/run_id=scheduled__2023-09-12T14:40:00+00:00/task_id=exchange_data_task'
[2023-09-12T22:10:25.678+0000] {taskinstance.py:1157} INFO - Dependencies all met for dep_context=non-requeueable deps ti=<TaskInstance: simple_tasks.exchange_data_task scheduled__2023-09-12T14:40:00+00:00 [queued]>
[2023-09-12T22:10:25.720+0000] {taskinstance.py:1157} INFO - Dependencies all met for dep_context=requeueable deps ti=<TaskInstance: simple_tasks.exchange_data_task scheduled__2023-09-12T14:40:00+00:00 [queued]>
[2023-09-12T22:10:25.727+0000] {taskinstance.py:1359} INFO - Starting attempt 1 of 1
[2023-09-12T22:10:25.796+0000] {taskinstance.py:1380} INFO - Executing <Task(PythonOperator): exchange_data_task> on 2023-09-12 14:40:00+00:00
[2023-09-12T22:10:25.867+0000] {standard_task_runner.py:57} INFO - Started process 175 to run task
[2023-09-12T22:10:25.876+0000] {standard_task_runner.py:84} INFO - Running: ['***', 'tasks', 'run', 'simple_tasks', 'exchange_data_task', 'scheduled__2023-09-12T14:40:00+00:00', '--job-id', '31', '--raw', '--subdir', 'DAGS_FOLDER/script.py', '--cfg-path', '/tmp/tmp05y3cert']
[2023-09-12T22:10:25.888+0000] {standard_task_runner.py:85} INFO - Job 31: Subtask exchange_data_task
[2023-09-12T22:10:26.004+0000] {logging_mixin.py:151} INFO - Changing /opt/***/logs/dag_id=simple_tasks/run_id=scheduled__2023-09-12T14:40:00+00:00/task_id=exchange_data_task permission to 509
[2023-09-12T22:10:26.005+0000] {logging_mixin.py:151} INFO - Failed to change /opt/***/logs/dag_id=simple_tasks/run_id=scheduled__2023-09-12T14:40:00+00:00/task_id=exchange_data_task permission to 509: [Errno 1] Operation not permitted: '/opt/***/logs/dag_id=simple_tasks/run_id=scheduled__2023-09-12T14:40:00+00:00/task_id=exchange_data_task'
[2023-09-12T22:10:26.008+0000] {task_command.py:415} INFO - Running <TaskInstance: simple_tasks.exchange_data_task scheduled__2023-09-12T14:40:00+00:00 [running]> on host 8df8606c974e
[2023-09-12T22:10:26.126+0000] {taskinstance.py:1660} INFO - Exporting env vars: AIRFLOW_CTX_DAG_OWNER='***' AIRFLOW_CTX_DAG_ID='simple_tasks' AIRFLOW_CTX_TASK_ID='exchange_data_task' AIRFLOW_CTX_EXECUTION_DATE='2023-09-12T14:40:00+00:00' AIRFLOW_CTX_TRY_NUMBER='1' AIRFLOW_CTX_DAG_RUN_ID='scheduled__2023-09-12T14:40:00+00:00'
[2023-09-12T22:10:26.608+0000] {logging_mixin.py:151} INFO - Connected
[2023-09-12T22:10:26.609+0000] {logging_mixin.py:151} INFO - ('2023-09-12 22:10:26','BTC','RUB',2488040.439024)
[2023-09-12T22:10:26.624+0000] {python.py:194} INFO - Done. Returned value was: None
[2023-09-12T22:10:26.637+0000] {taskinstance.py:1398} INFO - Marking task as SUCCESS. dag_id=simple_tasks, task_id=exchange_data_task, execution_date=20230912T144000, start_date=20230912T221025, end_date=20230912T221026
[2023-09-12T22:10:26.671+0000] {local_task_job_runner.py:228} INFO - Task exited with return code 0
[2023-09-12T22:10:26.703+0000] {taskinstance.py:2776} INFO - 0 downstream tasks scheduled from follow-on schedule check
