[2023-09-10T17:55:05.694+0000] {taskinstance.py:1157} INFO - Dependencies all met for dep_context=non-requeueable deps ti=<TaskInstance: simple_tasks.print_gm_task scheduled__2023-09-08T04:00:00+00:00 [queued]>
[2023-09-10T17:55:05.736+0000] {taskinstance.py:1157} INFO - Dependencies all met for dep_context=requeueable deps ti=<TaskInstance: simple_tasks.print_gm_task scheduled__2023-09-08T04:00:00+00:00 [queued]>
[2023-09-10T17:55:05.739+0000] {taskinstance.py:1359} INFO - Starting attempt 1 of 1
[2023-09-10T17:55:06.007+0000] {taskinstance.py:1380} INFO - Executing <Task(BashOperator): print_gm_task> on 2023-09-08 04:00:00+00:00
[2023-09-10T17:55:06.050+0000] {standard_task_runner.py:57} INFO - Started process 329 to run task
[2023-09-10T17:55:06.095+0000] {standard_task_runner.py:84} INFO - Running: ['***', 'tasks', 'run', 'simple_tasks', 'print_gm_task', 'scheduled__2023-09-08T04:00:00+00:00', '--job-id', '189', '--raw', '--subdir', 'DAGS_FOLDER/script.py', '--cfg-path', '/tmp/tmpot4jguao']
[2023-09-10T17:55:06.123+0000] {standard_task_runner.py:85} INFO - Job 189: Subtask print_gm_task
[2023-09-10T17:55:06.272+0000] {task_command.py:415} INFO - Running <TaskInstance: simple_tasks.print_gm_task scheduled__2023-09-08T04:00:00+00:00 [running]> on host 3152b479582c
[2023-09-10T17:55:06.469+0000] {taskinstance.py:1660} INFO - Exporting env vars: AIRFLOW_CTX_DAG_OWNER='***' AIRFLOW_CTX_DAG_ID='simple_tasks' AIRFLOW_CTX_TASK_ID='print_gm_task' AIRFLOW_CTX_EXECUTION_DATE='2023-09-08T04:00:00+00:00' AIRFLOW_CTX_TRY_NUMBER='1' AIRFLOW_CTX_DAG_RUN_ID='scheduled__2023-09-08T04:00:00+00:00'
[2023-09-10T17:55:06.473+0000] {subprocess.py:63} INFO - Tmp dir root location: /tmp
[2023-09-10T17:55:06.474+0000] {subprocess.py:75} INFO - Running command: ['/bin/bash', '-c', 'echo "Good morning, my diggers!"']
[2023-09-10T17:55:06.505+0000] {subprocess.py:86} INFO - Output:
[2023-09-10T17:55:06.508+0000] {subprocess.py:93} INFO - Good morning, my diggers!
[2023-09-10T17:55:06.509+0000] {subprocess.py:97} INFO - Command exited with return code 0
[2023-09-10T17:55:06.569+0000] {taskinstance.py:1398} INFO - Marking task as SUCCESS. dag_id=simple_tasks, task_id=print_gm_task, execution_date=20230908T040000, start_date=20230910T175505, end_date=20230910T175506
[2023-09-10T17:55:06.652+0000] {local_task_job_runner.py:228} INFO - Task exited with return code 0
[2023-09-10T17:55:06.691+0000] {taskinstance.py:2776} INFO - 1 downstream tasks scheduled from follow-on schedule check
[2023-09-11T08:21:47.388+0000] {taskinstance.py:1157} INFO - Dependencies all met for dep_context=non-requeueable deps ti=<TaskInstance: simple_tasks.print_gm_task scheduled__2023-09-08T04:00:00+00:00 [queued]>
[2023-09-11T08:21:47.439+0000] {taskinstance.py:1157} INFO - Dependencies all met for dep_context=requeueable deps ti=<TaskInstance: simple_tasks.print_gm_task scheduled__2023-09-08T04:00:00+00:00 [queued]>
[2023-09-11T08:21:47.457+0000] {taskinstance.py:1359} INFO - Starting attempt 1 of 1
[2023-09-11T08:21:47.591+0000] {taskinstance.py:1380} INFO - Executing <Task(BashOperator): print_gm_task> on 2023-09-08 04:00:00+00:00
[2023-09-11T08:21:47.787+0000] {standard_task_runner.py:57} INFO - Started process 301 to run task
[2023-09-11T08:21:47.854+0000] {standard_task_runner.py:84} INFO - Running: ['***', 'tasks', 'run', 'simple_tasks', 'print_gm_task', 'scheduled__2023-09-08T04:00:00+00:00', '--job-id', '43', '--raw', '--subdir', 'DAGS_FOLDER/script.py', '--cfg-path', '/tmp/tmpf70cfdye']
[2023-09-11T08:21:47.880+0000] {standard_task_runner.py:85} INFO - Job 43: Subtask print_gm_task
[2023-09-11T08:21:48.186+0000] {task_command.py:415} INFO - Running <TaskInstance: simple_tasks.print_gm_task scheduled__2023-09-08T04:00:00+00:00 [running]> on host 47888c058366
[2023-09-11T08:21:50.441+0000] {taskinstance.py:1660} INFO - Exporting env vars: AIRFLOW_CTX_DAG_OWNER='***' AIRFLOW_CTX_DAG_ID='simple_tasks' AIRFLOW_CTX_TASK_ID='print_gm_task' AIRFLOW_CTX_EXECUTION_DATE='2023-09-08T04:00:00+00:00' AIRFLOW_CTX_TRY_NUMBER='1' AIRFLOW_CTX_DAG_RUN_ID='scheduled__2023-09-08T04:00:00+00:00'
[2023-09-11T08:21:50.474+0000] {subprocess.py:63} INFO - Tmp dir root location: /tmp
[2023-09-11T08:21:50.486+0000] {subprocess.py:75} INFO - Running command: ['/bin/bash', '-c', 'echo "Good morning, my diggers!"']
[2023-09-11T08:21:50.679+0000] {subprocess.py:86} INFO - Output:
[2023-09-11T08:21:50.858+0000] {subprocess.py:93} INFO - Good morning, my diggers!
[2023-09-11T08:21:50.933+0000] {subprocess.py:97} INFO - Command exited with return code 0
[2023-09-11T08:21:51.157+0000] {taskinstance.py:1398} INFO - Marking task as SUCCESS. dag_id=simple_tasks, task_id=print_gm_task, execution_date=20230908T040000, start_date=20230911T082147, end_date=20230911T082151
[2023-09-11T08:21:51.661+0000] {local_task_job_runner.py:228} INFO - Task exited with return code 0
[2023-09-11T08:21:56.166+0000] {taskinstance.py:2776} INFO - 0 downstream tasks scheduled from follow-on schedule check
