[2023-09-10T17:55:05.039+0000] {taskinstance.py:1157} INFO - Dependencies all met for dep_context=non-requeueable deps ti=<TaskInstance: simple_tasks.print_gm_task scheduled__2023-09-08T03:40:00+00:00 [queued]>
[2023-09-10T17:55:05.070+0000] {taskinstance.py:1157} INFO - Dependencies all met for dep_context=requeueable deps ti=<TaskInstance: simple_tasks.print_gm_task scheduled__2023-09-08T03:40:00+00:00 [queued]>
[2023-09-10T17:55:05.071+0000] {taskinstance.py:1359} INFO - Starting attempt 1 of 1
[2023-09-10T17:55:05.129+0000] {taskinstance.py:1380} INFO - Executing <Task(BashOperator): print_gm_task> on 2023-09-08 03:40:00+00:00
[2023-09-10T17:55:05.157+0000] {standard_task_runner.py:57} INFO - Started process 324 to run task
[2023-09-10T17:55:05.213+0000] {standard_task_runner.py:84} INFO - Running: ['***', 'tasks', 'run', 'simple_tasks', 'print_gm_task', 'scheduled__2023-09-08T03:40:00+00:00', '--job-id', '187', '--raw', '--subdir', 'DAGS_FOLDER/script.py', '--cfg-path', '/tmp/tmp54jr14rz']
[2023-09-10T17:55:05.253+0000] {standard_task_runner.py:85} INFO - Job 187: Subtask print_gm_task
[2023-09-10T17:55:05.611+0000] {task_command.py:415} INFO - Running <TaskInstance: simple_tasks.print_gm_task scheduled__2023-09-08T03:40:00+00:00 [running]> on host 3152b479582c
[2023-09-10T17:55:05.983+0000] {taskinstance.py:1660} INFO - Exporting env vars: AIRFLOW_CTX_DAG_OWNER='***' AIRFLOW_CTX_DAG_ID='simple_tasks' AIRFLOW_CTX_TASK_ID='print_gm_task' AIRFLOW_CTX_EXECUTION_DATE='2023-09-08T03:40:00+00:00' AIRFLOW_CTX_TRY_NUMBER='1' AIRFLOW_CTX_DAG_RUN_ID='scheduled__2023-09-08T03:40:00+00:00'
[2023-09-10T17:55:06.001+0000] {subprocess.py:63} INFO - Tmp dir root location: /tmp
[2023-09-10T17:55:06.005+0000] {subprocess.py:75} INFO - Running command: ['/bin/bash', '-c', 'echo "Good morning, my diggers!"']
[2023-09-10T17:55:06.070+0000] {subprocess.py:86} INFO - Output:
[2023-09-10T17:55:06.092+0000] {subprocess.py:93} INFO - Good morning, my diggers!
[2023-09-10T17:55:06.096+0000] {subprocess.py:97} INFO - Command exited with return code 0
[2023-09-10T17:55:06.209+0000] {taskinstance.py:1398} INFO - Marking task as SUCCESS. dag_id=simple_tasks, task_id=print_gm_task, execution_date=20230908T034000, start_date=20230910T175505, end_date=20230910T175506
[2023-09-10T17:55:06.292+0000] {local_task_job_runner.py:228} INFO - Task exited with return code 0
[2023-09-10T17:55:06.358+0000] {taskinstance.py:2776} INFO - 1 downstream tasks scheduled from follow-on schedule check
[2023-09-11T08:21:42.222+0000] {taskinstance.py:1157} INFO - Dependencies all met for dep_context=non-requeueable deps ti=<TaskInstance: simple_tasks.print_gm_task scheduled__2023-09-08T03:40:00+00:00 [queued]>
[2023-09-11T08:21:42.251+0000] {taskinstance.py:1157} INFO - Dependencies all met for dep_context=requeueable deps ti=<TaskInstance: simple_tasks.print_gm_task scheduled__2023-09-08T03:40:00+00:00 [queued]>
[2023-09-11T08:21:42.253+0000] {taskinstance.py:1359} INFO - Starting attempt 1 of 1
[2023-09-11T08:21:42.339+0000] {taskinstance.py:1380} INFO - Executing <Task(BashOperator): print_gm_task> on 2023-09-08 03:40:00+00:00
[2023-09-11T08:21:42.360+0000] {standard_task_runner.py:57} INFO - Started process 281 to run task
[2023-09-11T08:21:42.371+0000] {standard_task_runner.py:84} INFO - Running: ['***', 'tasks', 'run', 'simple_tasks', 'print_gm_task', 'scheduled__2023-09-08T03:40:00+00:00', '--job-id', '41', '--raw', '--subdir', 'DAGS_FOLDER/script.py', '--cfg-path', '/tmp/tmpk7xquajb']
[2023-09-11T08:21:42.390+0000] {standard_task_runner.py:85} INFO - Job 41: Subtask print_gm_task
[2023-09-11T08:21:42.900+0000] {task_command.py:415} INFO - Running <TaskInstance: simple_tasks.print_gm_task scheduled__2023-09-08T03:40:00+00:00 [running]> on host 47888c058366
[2023-09-11T08:21:43.456+0000] {taskinstance.py:1660} INFO - Exporting env vars: AIRFLOW_CTX_DAG_OWNER='***' AIRFLOW_CTX_DAG_ID='simple_tasks' AIRFLOW_CTX_TASK_ID='print_gm_task' AIRFLOW_CTX_EXECUTION_DATE='2023-09-08T03:40:00+00:00' AIRFLOW_CTX_TRY_NUMBER='1' AIRFLOW_CTX_DAG_RUN_ID='scheduled__2023-09-08T03:40:00+00:00'
[2023-09-11T08:21:43.474+0000] {subprocess.py:63} INFO - Tmp dir root location: /tmp
[2023-09-11T08:21:43.478+0000] {subprocess.py:75} INFO - Running command: ['/bin/bash', '-c', 'echo "Good morning, my diggers!"']
[2023-09-11T08:21:43.570+0000] {subprocess.py:86} INFO - Output:
[2023-09-11T08:21:43.577+0000] {subprocess.py:93} INFO - Good morning, my diggers!
[2023-09-11T08:21:43.591+0000] {subprocess.py:97} INFO - Command exited with return code 0
[2023-09-11T08:21:43.708+0000] {taskinstance.py:1398} INFO - Marking task as SUCCESS. dag_id=simple_tasks, task_id=print_gm_task, execution_date=20230908T034000, start_date=20230911T082142, end_date=20230911T082143
[2023-09-11T08:21:43.841+0000] {local_task_job_runner.py:228} INFO - Task exited with return code 0
[2023-09-11T08:21:44.154+0000] {taskinstance.py:2776} INFO - 0 downstream tasks scheduled from follow-on schedule check
