[2023-09-13T08:15:23.208+0000] {taskinstance.py:1157} INFO - Dependencies all met for dep_context=non-requeueable deps ti=<TaskInstance: simple_tasks.exchange_data_task scheduled__2023-09-13T08:00:00+00:00 [queued]>
[2023-09-13T08:15:23.220+0000] {taskinstance.py:1157} INFO - Dependencies all met for dep_context=requeueable deps ti=<TaskInstance: simple_tasks.exchange_data_task scheduled__2023-09-13T08:00:00+00:00 [queued]>
[2023-09-13T08:15:23.221+0000] {taskinstance.py:1359} INFO - Starting attempt 1 of 1
[2023-09-13T08:15:23.241+0000] {taskinstance.py:1380} INFO - Executing <Task(PythonOperator): exchange_data_task> on 2023-09-13 08:00:00+00:00
[2023-09-13T08:15:23.249+0000] {standard_task_runner.py:57} INFO - Started process 185 to run task
[2023-09-13T08:15:23.254+0000] {standard_task_runner.py:84} INFO - Running: ['***', 'tasks', 'run', 'simple_tasks', 'exchange_data_task', 'scheduled__2023-09-13T08:00:00+00:00', '--job-id', '44', '--raw', '--subdir', 'DAGS_FOLDER/script.py', '--cfg-path', '/tmp/tmpejaqo9sy']
[2023-09-13T08:15:23.259+0000] {standard_task_runner.py:85} INFO - Job 44: Subtask exchange_data_task
[2023-09-13T08:15:23.921+0000] {task_command.py:415} INFO - Running <TaskInstance: simple_tasks.exchange_data_task scheduled__2023-09-13T08:00:00+00:00 [running]> on host cb4016c405b8
[2023-09-13T08:15:24.295+0000] {taskinstance.py:1660} INFO - Exporting env vars: AIRFLOW_CTX_DAG_OWNER='***' AIRFLOW_CTX_DAG_ID='simple_tasks' AIRFLOW_CTX_TASK_ID='exchange_data_task' AIRFLOW_CTX_EXECUTION_DATE='2023-09-13T08:00:00+00:00' AIRFLOW_CTX_TRY_NUMBER='1' AIRFLOW_CTX_DAG_RUN_ID='scheduled__2023-09-13T08:00:00+00:00'
[2023-09-13T08:15:24.978+0000] {logging_mixin.py:151} INFO - Connected
[2023-09-13T08:15:24.978+0000] {logging_mixin.py:151} INFO - ('2023-09-13 08:15:24','BTC','RUB',2486126.365854)
[2023-09-13T08:15:24.988+0000] {python.py:194} INFO - Done. Returned value was: None
[2023-09-13T08:15:24.999+0000] {taskinstance.py:1398} INFO - Marking task as SUCCESS. dag_id=simple_tasks, task_id=exchange_data_task, execution_date=20230913T080000, start_date=20230913T081523, end_date=20230913T081524
[2023-09-13T08:15:25.052+0000] {local_task_job_runner.py:228} INFO - Task exited with return code 0
[2023-09-13T08:15:25.077+0000] {taskinstance.py:2776} INFO - 0 downstream tasks scheduled from follow-on schedule check
[2023-10-29T14:35:15.625+0000] {logging_mixin.py:151} INFO - Changing /opt/***/logs/dag_id=simple_tasks/run_id=scheduled__2023-09-13T08:00:00+00:00/task_id=exchange_data_task permission to 509
[2023-10-29T14:35:15.637+0000] {logging_mixin.py:151} INFO - Failed to change /opt/***/logs/dag_id=simple_tasks/run_id=scheduled__2023-09-13T08:00:00+00:00/task_id=exchange_data_task permission to 509: [Errno 1] Operation not permitted: '/opt/***/logs/dag_id=simple_tasks/run_id=scheduled__2023-09-13T08:00:00+00:00/task_id=exchange_data_task'
[2023-10-29T14:35:15.814+0000] {logging_mixin.py:151} INFO - Changing /opt/***/logs/dag_id=simple_tasks/run_id=scheduled__2023-09-13T08:00:00+00:00/task_id=exchange_data_task permission to 509
[2023-10-29T14:35:15.815+0000] {logging_mixin.py:151} INFO - Failed to change /opt/***/logs/dag_id=simple_tasks/run_id=scheduled__2023-09-13T08:00:00+00:00/task_id=exchange_data_task permission to 509: [Errno 1] Operation not permitted: '/opt/***/logs/dag_id=simple_tasks/run_id=scheduled__2023-09-13T08:00:00+00:00/task_id=exchange_data_task'
[2023-10-29T14:35:16.036+0000] {taskinstance.py:1157} INFO - Dependencies all met for dep_context=non-requeueable deps ti=<TaskInstance: simple_tasks.exchange_data_task scheduled__2023-09-13T08:00:00+00:00 [queued]>
[2023-10-29T14:35:16.205+0000] {taskinstance.py:1157} INFO - Dependencies all met for dep_context=requeueable deps ti=<TaskInstance: simple_tasks.exchange_data_task scheduled__2023-09-13T08:00:00+00:00 [queued]>
[2023-10-29T14:35:16.207+0000] {taskinstance.py:1359} INFO - Starting attempt 1 of 1
[2023-10-29T14:35:17.874+0000] {taskinstance.py:1380} INFO - Executing <Task(PythonOperator): exchange_data_task> on 2023-09-13 08:00:00+00:00
[2023-10-29T14:35:17.921+0000] {standard_task_runner.py:57} INFO - Started process 267 to run task
[2023-10-29T14:35:18.045+0000] {standard_task_runner.py:84} INFO - Running: ['***', 'tasks', 'run', 'simple_tasks', 'exchange_data_task', 'scheduled__2023-09-13T08:00:00+00:00', '--job-id', '28', '--raw', '--subdir', 'DAGS_FOLDER/script.py', '--cfg-path', '/tmp/tmp_odtafc6']
[2023-10-29T14:35:18.075+0000] {standard_task_runner.py:85} INFO - Job 28: Subtask exchange_data_task
[2023-10-29T14:35:18.746+0000] {logging_mixin.py:151} INFO - Changing /opt/***/logs/dag_id=simple_tasks/run_id=scheduled__2023-09-13T08:00:00+00:00/task_id=exchange_data_task permission to 509
[2023-10-29T14:35:18.763+0000] {logging_mixin.py:151} INFO - Failed to change /opt/***/logs/dag_id=simple_tasks/run_id=scheduled__2023-09-13T08:00:00+00:00/task_id=exchange_data_task permission to 509: [Errno 1] Operation not permitted: '/opt/***/logs/dag_id=simple_tasks/run_id=scheduled__2023-09-13T08:00:00+00:00/task_id=exchange_data_task'
[2023-10-29T14:35:18.768+0000] {task_command.py:415} INFO - Running <TaskInstance: simple_tasks.exchange_data_task scheduled__2023-09-13T08:00:00+00:00 [running]> on host 452e7b951e9d
[2023-10-29T14:35:19.271+0000] {taskinstance.py:1660} INFO - Exporting env vars: AIRFLOW_CTX_DAG_OWNER='***' AIRFLOW_CTX_DAG_ID='simple_tasks' AIRFLOW_CTX_TASK_ID='exchange_data_task' AIRFLOW_CTX_EXECUTION_DATE='2023-09-13T08:00:00+00:00' AIRFLOW_CTX_TRY_NUMBER='1' AIRFLOW_CTX_DAG_RUN_ID='scheduled__2023-09-13T08:00:00+00:00'
[2023-10-29T14:35:19.979+0000] {logging_mixin.py:151} INFO - Connected
[2023-10-29T14:35:19.983+0000] {taskinstance.py:1935} ERROR - Task failed with exception
Traceback (most recent call last):
  File "/home/airflow/.local/lib/python3.8/site-packages/airflow/operators/python.py", line 192, in execute
    return_value = self.execute_callable()
  File "/home/airflow/.local/lib/python3.8/site-packages/airflow/operators/python.py", line 209, in execute_callable
    return self.python_callable(*self.op_args, **self.op_kwargs)
  File "/opt/airflow/dags/script.py", line 35, in exchange_data
    data = [(today, 'BTC', 'RUB', data['rates']['RUB'])]
KeyError: 'rates'
[2023-10-29T14:35:20.027+0000] {taskinstance.py:1398} INFO - Marking task as FAILED. dag_id=simple_tasks, task_id=exchange_data_task, execution_date=20230913T080000, start_date=20231029T143516, end_date=20231029T143520
[2023-10-29T14:35:20.249+0000] {standard_task_runner.py:104} ERROR - Failed to execute job 28 for task exchange_data_task ('rates'; 267)
[2023-10-29T14:35:20.331+0000] {local_task_job_runner.py:228} INFO - Task exited with return code 1
[2023-10-29T14:35:20.374+0000] {taskinstance.py:2776} INFO - 0 downstream tasks scheduled from follow-on schedule check
