[2023-09-12T16:00:16.440+0000] {taskinstance.py:1157} INFO - Dependencies all met for dep_context=non-requeueable deps ti=<TaskInstance: simple_tasks.print_gm_task scheduled__2023-09-12T16:00:00+00:00 [queued]>
[2023-09-12T16:00:16.447+0000] {taskinstance.py:1157} INFO - Dependencies all met for dep_context=requeueable deps ti=<TaskInstance: simple_tasks.print_gm_task scheduled__2023-09-12T16:00:00+00:00 [queued]>
[2023-09-12T16:00:16.447+0000] {taskinstance.py:1359} INFO - Starting attempt 1 of 1
[2023-09-12T16:00:16.460+0000] {taskinstance.py:1380} INFO - Executing <Task(BashOperator): print_gm_task> on 2023-09-12 16:00:00+00:00
[2023-09-12T16:00:16.466+0000] {standard_task_runner.py:57} INFO - Started process 3943 to run task
[2023-09-12T16:00:16.469+0000] {standard_task_runner.py:84} INFO - Running: ['***', 'tasks', 'run', 'simple_tasks', 'print_gm_task', 'scheduled__2023-09-12T16:00:00+00:00', '--job-id', '730', '--raw', '--subdir', 'DAGS_FOLDER/script.py', '--cfg-path', '/tmp/tmpx341pg3c']
[2023-09-12T16:00:16.472+0000] {standard_task_runner.py:85} INFO - Job 730: Subtask print_gm_task
[2023-09-12T16:00:16.514+0000] {task_command.py:415} INFO - Running <TaskInstance: simple_tasks.print_gm_task scheduled__2023-09-12T16:00:00+00:00 [running]> on host fbfbca5b9527
[2023-09-12T16:00:16.585+0000] {taskinstance.py:1660} INFO - Exporting env vars: AIRFLOW_CTX_DAG_OWNER='***' AIRFLOW_CTX_DAG_ID='simple_tasks' AIRFLOW_CTX_TASK_ID='print_gm_task' AIRFLOW_CTX_EXECUTION_DATE='2023-09-12T16:00:00+00:00' AIRFLOW_CTX_TRY_NUMBER='1' AIRFLOW_CTX_DAG_RUN_ID='scheduled__2023-09-12T16:00:00+00:00'
[2023-09-12T16:00:16.587+0000] {subprocess.py:63} INFO - Tmp dir root location: /tmp
[2023-09-12T16:00:16.588+0000] {subprocess.py:75} INFO - Running command: ['/bin/bash', '-c', 'echo "Good morning, my diggers!"']
[2023-09-12T16:00:16.598+0000] {subprocess.py:86} INFO - Output:
[2023-09-12T16:00:16.600+0000] {subprocess.py:93} INFO - Good morning, my diggers!
[2023-09-12T16:00:16.600+0000] {subprocess.py:97} INFO - Command exited with return code 0
[2023-09-12T16:00:16.622+0000] {taskinstance.py:1398} INFO - Marking task as SUCCESS. dag_id=simple_tasks, task_id=print_gm_task, execution_date=20230912T160000, start_date=20230912T160016, end_date=20230912T160016
[2023-09-12T16:00:16.641+0000] {local_task_job_runner.py:228} INFO - Task exited with return code 0
[2023-09-12T16:00:16.659+0000] {taskinstance.py:2776} INFO - 1 downstream tasks scheduled from follow-on schedule check
[2023-09-12T22:10:10.414+0000] {logging_mixin.py:151} INFO - Changing /opt/***/logs/dag_id=simple_tasks/run_id=scheduled__2023-09-12T16:00:00+00:00/task_id=print_gm_task permission to 509
[2023-09-12T22:10:10.421+0000] {logging_mixin.py:151} INFO - Failed to change /opt/***/logs/dag_id=simple_tasks/run_id=scheduled__2023-09-12T16:00:00+00:00/task_id=print_gm_task permission to 509: [Errno 1] Operation not permitted: '/opt/***/logs/dag_id=simple_tasks/run_id=scheduled__2023-09-12T16:00:00+00:00/task_id=print_gm_task'
[2023-09-12T22:10:10.527+0000] {logging_mixin.py:151} INFO - Changing /opt/***/logs/dag_id=simple_tasks/run_id=scheduled__2023-09-12T16:00:00+00:00/task_id=print_gm_task permission to 509
[2023-09-12T22:10:10.531+0000] {logging_mixin.py:151} INFO - Failed to change /opt/***/logs/dag_id=simple_tasks/run_id=scheduled__2023-09-12T16:00:00+00:00/task_id=print_gm_task permission to 509: [Errno 1] Operation not permitted: '/opt/***/logs/dag_id=simple_tasks/run_id=scheduled__2023-09-12T16:00:00+00:00/task_id=print_gm_task'
[2023-09-12T22:10:10.622+0000] {taskinstance.py:1157} INFO - Dependencies all met for dep_context=non-requeueable deps ti=<TaskInstance: simple_tasks.print_gm_task scheduled__2023-09-12T16:00:00+00:00 [queued]>
[2023-09-12T22:10:10.675+0000] {taskinstance.py:1157} INFO - Dependencies all met for dep_context=requeueable deps ti=<TaskInstance: simple_tasks.print_gm_task scheduled__2023-09-12T16:00:00+00:00 [queued]>
[2023-09-12T22:10:10.677+0000] {taskinstance.py:1359} INFO - Starting attempt 1 of 1
[2023-09-12T22:10:10.730+0000] {taskinstance.py:1380} INFO - Executing <Task(BashOperator): print_gm_task> on 2023-09-12 16:00:00+00:00
[2023-09-12T22:10:10.790+0000] {standard_task_runner.py:57} INFO - Started process 126 to run task
[2023-09-12T22:10:10.810+0000] {standard_task_runner.py:84} INFO - Running: ['***', 'tasks', 'run', 'simple_tasks', 'print_gm_task', 'scheduled__2023-09-12T16:00:00+00:00', '--job-id', '12', '--raw', '--subdir', 'DAGS_FOLDER/script.py', '--cfg-path', '/tmp/tmp39u2_rru']
[2023-09-12T22:10:10.831+0000] {standard_task_runner.py:85} INFO - Job 12: Subtask print_gm_task
[2023-09-12T22:10:11.177+0000] {logging_mixin.py:151} INFO - Changing /opt/***/logs/dag_id=simple_tasks/run_id=scheduled__2023-09-12T16:00:00+00:00/task_id=print_gm_task permission to 509
[2023-09-12T22:10:11.184+0000] {logging_mixin.py:151} INFO - Failed to change /opt/***/logs/dag_id=simple_tasks/run_id=scheduled__2023-09-12T16:00:00+00:00/task_id=print_gm_task permission to 509: [Errno 1] Operation not permitted: '/opt/***/logs/dag_id=simple_tasks/run_id=scheduled__2023-09-12T16:00:00+00:00/task_id=print_gm_task'
[2023-09-12T22:10:11.190+0000] {task_command.py:415} INFO - Running <TaskInstance: simple_tasks.print_gm_task scheduled__2023-09-12T16:00:00+00:00 [running]> on host 8df8606c974e
[2023-09-12T22:10:11.726+0000] {taskinstance.py:1660} INFO - Exporting env vars: AIRFLOW_CTX_DAG_OWNER='***' AIRFLOW_CTX_DAG_ID='simple_tasks' AIRFLOW_CTX_TASK_ID='print_gm_task' AIRFLOW_CTX_EXECUTION_DATE='2023-09-12T16:00:00+00:00' AIRFLOW_CTX_TRY_NUMBER='1' AIRFLOW_CTX_DAG_RUN_ID='scheduled__2023-09-12T16:00:00+00:00'
[2023-09-12T22:10:11.733+0000] {subprocess.py:63} INFO - Tmp dir root location: /tmp
[2023-09-12T22:10:11.735+0000] {subprocess.py:75} INFO - Running command: ['/bin/bash', '-c', 'echo "Good morning, my diggers!"']
[2023-09-12T22:10:11.857+0000] {subprocess.py:86} INFO - Output:
[2023-09-12T22:10:11.864+0000] {subprocess.py:93} INFO - Good morning, my diggers!
[2023-09-12T22:10:11.865+0000] {subprocess.py:97} INFO - Command exited with return code 0
[2023-09-12T22:10:11.930+0000] {taskinstance.py:1398} INFO - Marking task as SUCCESS. dag_id=simple_tasks, task_id=print_gm_task, execution_date=20230912T160000, start_date=20230912T221010, end_date=20230912T221011
[2023-09-12T22:10:12.021+0000] {local_task_job_runner.py:228} INFO - Task exited with return code 0
[2023-09-12T22:10:12.079+0000] {taskinstance.py:2776} INFO - 1 downstream tasks scheduled from follow-on schedule check
