[2023-09-10T17:55:26.967+0000] {taskinstance.py:1157} INFO - Dependencies all met for dep_context=non-requeueable deps ti=<TaskInstance: simple_tasks.print_gm_task scheduled__2023-09-08T04:30:00+00:00 [queued]>
[2023-09-10T17:55:26.981+0000] {taskinstance.py:1157} INFO - Dependencies all met for dep_context=requeueable deps ti=<TaskInstance: simple_tasks.print_gm_task scheduled__2023-09-08T04:30:00+00:00 [queued]>
[2023-09-10T17:55:26.981+0000] {taskinstance.py:1359} INFO - Starting attempt 1 of 1
[2023-09-10T17:55:27.001+0000] {taskinstance.py:1380} INFO - Executing <Task(BashOperator): print_gm_task> on 2023-09-08 04:30:00+00:00
[2023-09-10T17:55:27.074+0000] {standard_task_runner.py:57} INFO - Started process 416 to run task
[2023-09-10T17:55:27.080+0000] {standard_task_runner.py:84} INFO - Running: ['***', 'tasks', 'run', 'simple_tasks', 'print_gm_task', 'scheduled__2023-09-08T04:30:00+00:00', '--job-id', '215', '--raw', '--subdir', 'DAGS_FOLDER/script.py', '--cfg-path', '/tmp/tmpderxoaw9']
[2023-09-10T17:55:27.088+0000] {standard_task_runner.py:85} INFO - Job 215: Subtask print_gm_task
[2023-09-10T17:55:27.194+0000] {task_command.py:415} INFO - Running <TaskInstance: simple_tasks.print_gm_task scheduled__2023-09-08T04:30:00+00:00 [running]> on host 3152b479582c
[2023-09-10T17:55:27.326+0000] {taskinstance.py:1660} INFO - Exporting env vars: AIRFLOW_CTX_DAG_OWNER='***' AIRFLOW_CTX_DAG_ID='simple_tasks' AIRFLOW_CTX_TASK_ID='print_gm_task' AIRFLOW_CTX_EXECUTION_DATE='2023-09-08T04:30:00+00:00' AIRFLOW_CTX_TRY_NUMBER='1' AIRFLOW_CTX_DAG_RUN_ID='scheduled__2023-09-08T04:30:00+00:00'
[2023-09-10T17:55:27.329+0000] {subprocess.py:63} INFO - Tmp dir root location: /tmp
[2023-09-10T17:55:27.330+0000] {subprocess.py:75} INFO - Running command: ['/bin/bash', '-c', 'echo "Good morning, my diggers!"']
[2023-09-10T17:55:27.348+0000] {subprocess.py:86} INFO - Output:
[2023-09-10T17:55:27.350+0000] {subprocess.py:93} INFO - Good morning, my diggers!
[2023-09-10T17:55:27.350+0000] {subprocess.py:97} INFO - Command exited with return code 0
[2023-09-10T17:55:27.380+0000] {taskinstance.py:1398} INFO - Marking task as SUCCESS. dag_id=simple_tasks, task_id=print_gm_task, execution_date=20230908T043000, start_date=20230910T175526, end_date=20230910T175527
[2023-09-10T17:55:27.419+0000] {local_task_job_runner.py:228} INFO - Task exited with return code 0
[2023-09-10T17:55:27.441+0000] {taskinstance.py:2776} INFO - 1 downstream tasks scheduled from follow-on schedule check
[2023-09-11T08:21:58.156+0000] {taskinstance.py:1157} INFO - Dependencies all met for dep_context=non-requeueable deps ti=<TaskInstance: simple_tasks.print_gm_task scheduled__2023-09-08T04:30:00+00:00 [queued]>
[2023-09-11T08:21:58.211+0000] {taskinstance.py:1157} INFO - Dependencies all met for dep_context=requeueable deps ti=<TaskInstance: simple_tasks.print_gm_task scheduled__2023-09-08T04:30:00+00:00 [queued]>
[2023-09-11T08:21:58.213+0000] {taskinstance.py:1359} INFO - Starting attempt 1 of 1
[2023-09-11T08:21:58.293+0000] {taskinstance.py:1380} INFO - Executing <Task(BashOperator): print_gm_task> on 2023-09-08 04:30:00+00:00
[2023-09-11T08:21:58.319+0000] {standard_task_runner.py:57} INFO - Started process 321 to run task
[2023-09-11T08:21:58.355+0000] {standard_task_runner.py:84} INFO - Running: ['***', 'tasks', 'run', 'simple_tasks', 'print_gm_task', 'scheduled__2023-09-08T04:30:00+00:00', '--job-id', '48', '--raw', '--subdir', 'DAGS_FOLDER/script.py', '--cfg-path', '/tmp/tmpchiiv0_s']
[2023-09-11T08:21:58.407+0000] {standard_task_runner.py:85} INFO - Job 48: Subtask print_gm_task
[2023-09-11T08:21:58.901+0000] {task_command.py:415} INFO - Running <TaskInstance: simple_tasks.print_gm_task scheduled__2023-09-08T04:30:00+00:00 [running]> on host 47888c058366
[2023-09-11T08:21:59.974+0000] {taskinstance.py:1660} INFO - Exporting env vars: AIRFLOW_CTX_DAG_OWNER='***' AIRFLOW_CTX_DAG_ID='simple_tasks' AIRFLOW_CTX_TASK_ID='print_gm_task' AIRFLOW_CTX_EXECUTION_DATE='2023-09-08T04:30:00+00:00' AIRFLOW_CTX_TRY_NUMBER='1' AIRFLOW_CTX_DAG_RUN_ID='scheduled__2023-09-08T04:30:00+00:00'
[2023-09-11T08:21:59.984+0000] {subprocess.py:63} INFO - Tmp dir root location: /tmp
[2023-09-11T08:21:59.990+0000] {subprocess.py:75} INFO - Running command: ['/bin/bash', '-c', 'echo "Good morning, my diggers!"']
[2023-09-11T08:22:00.033+0000] {subprocess.py:86} INFO - Output:
[2023-09-11T08:22:00.065+0000] {subprocess.py:93} INFO - Good morning, my diggers!
[2023-09-11T08:22:00.071+0000] {subprocess.py:97} INFO - Command exited with return code 0
[2023-09-11T08:22:00.360+0000] {taskinstance.py:1398} INFO - Marking task as SUCCESS. dag_id=simple_tasks, task_id=print_gm_task, execution_date=20230908T043000, start_date=20230911T082158, end_date=20230911T082200
[2023-09-11T08:22:01.158+0000] {local_task_job_runner.py:228} INFO - Task exited with return code 0
[2023-09-11T08:22:01.503+0000] {taskinstance.py:2776} INFO - 1 downstream tasks scheduled from follow-on schedule check
