[2023-09-10T17:54:27.865+0000] {taskinstance.py:1157} INFO - Dependencies all met for dep_context=non-requeueable deps ti=<TaskInstance: simple_tasks.print_gm_task scheduled__2023-09-08T02:20:00+00:00 [queued]>
[2023-09-10T17:54:27.972+0000] {taskinstance.py:1157} INFO - Dependencies all met for dep_context=requeueable deps ti=<TaskInstance: simple_tasks.print_gm_task scheduled__2023-09-08T02:20:00+00:00 [queued]>
[2023-09-10T17:54:27.982+0000] {taskinstance.py:1359} INFO - Starting attempt 1 of 1
[2023-09-10T17:54:28.085+0000] {taskinstance.py:1380} INFO - Executing <Task(BashOperator): print_gm_task> on 2023-09-08 02:20:00+00:00
[2023-09-10T17:54:28.132+0000] {standard_task_runner.py:57} INFO - Started process 227 to run task
[2023-09-10T17:54:28.148+0000] {standard_task_runner.py:84} INFO - Running: ['***', 'tasks', 'run', 'simple_tasks', 'print_gm_task', 'scheduled__2023-09-08T02:20:00+00:00', '--job-id', '159', '--raw', '--subdir', 'DAGS_FOLDER/script.py', '--cfg-path', '/tmp/tmpwhzm0s7k']
[2023-09-10T17:54:28.182+0000] {standard_task_runner.py:85} INFO - Job 159: Subtask print_gm_task
[2023-09-10T17:54:28.552+0000] {task_command.py:415} INFO - Running <TaskInstance: simple_tasks.print_gm_task scheduled__2023-09-08T02:20:00+00:00 [running]> on host 3152b479582c
[2023-09-10T17:54:28.832+0000] {taskinstance.py:1660} INFO - Exporting env vars: AIRFLOW_CTX_DAG_OWNER='***' AIRFLOW_CTX_DAG_ID='simple_tasks' AIRFLOW_CTX_TASK_ID='print_gm_task' AIRFLOW_CTX_EXECUTION_DATE='2023-09-08T02:20:00+00:00' AIRFLOW_CTX_TRY_NUMBER='1' AIRFLOW_CTX_DAG_RUN_ID='scheduled__2023-09-08T02:20:00+00:00'
[2023-09-10T17:54:28.848+0000] {subprocess.py:63} INFO - Tmp dir root location: /tmp
[2023-09-10T17:54:28.858+0000] {subprocess.py:75} INFO - Running command: ['/bin/bash', '-c', 'echo "Good morning, my diggers!"']
[2023-09-10T17:54:28.921+0000] {subprocess.py:86} INFO - Output:
[2023-09-10T17:54:28.924+0000] {subprocess.py:93} INFO - Good morning, my diggers!
[2023-09-10T17:54:28.925+0000] {subprocess.py:97} INFO - Command exited with return code 0
[2023-09-10T17:54:29.035+0000] {taskinstance.py:1398} INFO - Marking task as SUCCESS. dag_id=simple_tasks, task_id=print_gm_task, execution_date=20230908T022000, start_date=20230910T175427, end_date=20230910T175429
[2023-09-10T17:54:29.166+0000] {local_task_job_runner.py:228} INFO - Task exited with return code 0
[2023-09-10T17:54:29.261+0000] {taskinstance.py:2776} INFO - 1 downstream tasks scheduled from follow-on schedule check
[2023-09-11T08:05:49.444+0000] {taskinstance.py:1157} INFO - Dependencies all met for dep_context=non-requeueable deps ti=<TaskInstance: simple_tasks.print_gm_task scheduled__2023-09-08T02:20:00+00:00 [queued]>
[2023-09-11T08:05:49.491+0000] {taskinstance.py:1157} INFO - Dependencies all met for dep_context=requeueable deps ti=<TaskInstance: simple_tasks.print_gm_task scheduled__2023-09-08T02:20:00+00:00 [queued]>
[2023-09-11T08:05:49.492+0000] {taskinstance.py:1359} INFO - Starting attempt 1 of 1
[2023-09-11T08:05:49.550+0000] {taskinstance.py:1380} INFO - Executing <Task(BashOperator): print_gm_task> on 2023-09-08 02:20:00+00:00
[2023-09-11T08:05:49.598+0000] {standard_task_runner.py:57} INFO - Started process 136 to run task
[2023-09-11T08:05:49.608+0000] {standard_task_runner.py:84} INFO - Running: ['***', 'tasks', 'run', 'simple_tasks', 'print_gm_task', 'scheduled__2023-09-08T02:20:00+00:00', '--job-id', '16', '--raw', '--subdir', 'DAGS_FOLDER/script.py', '--cfg-path', '/tmp/tmpzq1065q8']
[2023-09-11T08:05:49.632+0000] {standard_task_runner.py:85} INFO - Job 16: Subtask print_gm_task
[2023-09-11T08:05:49.922+0000] {task_command.py:415} INFO - Running <TaskInstance: simple_tasks.print_gm_task scheduled__2023-09-08T02:20:00+00:00 [running]> on host 2c457fbd3561
[2023-09-11T08:05:50.270+0000] {taskinstance.py:1660} INFO - Exporting env vars: AIRFLOW_CTX_DAG_OWNER='***' AIRFLOW_CTX_DAG_ID='simple_tasks' AIRFLOW_CTX_TASK_ID='print_gm_task' AIRFLOW_CTX_EXECUTION_DATE='2023-09-08T02:20:00+00:00' AIRFLOW_CTX_TRY_NUMBER='1' AIRFLOW_CTX_DAG_RUN_ID='scheduled__2023-09-08T02:20:00+00:00'
[2023-09-11T08:05:50.275+0000] {subprocess.py:63} INFO - Tmp dir root location: /tmp
[2023-09-11T08:05:50.293+0000] {subprocess.py:75} INFO - Running command: ['/bin/bash', '-c', 'echo "Good morning, my diggers!"']
[2023-09-11T08:05:50.323+0000] {subprocess.py:86} INFO - Output:
[2023-09-11T08:05:50.327+0000] {subprocess.py:93} INFO - Good morning, my diggers!
[2023-09-11T08:05:50.329+0000] {subprocess.py:97} INFO - Command exited with return code 0
[2023-09-11T08:05:50.406+0000] {taskinstance.py:1398} INFO - Marking task as SUCCESS. dag_id=simple_tasks, task_id=print_gm_task, execution_date=20230908T022000, start_date=20230911T080549, end_date=20230911T080550
[2023-09-11T08:05:50.537+0000] {local_task_job_runner.py:228} INFO - Task exited with return code 0
[2023-09-11T08:05:50.823+0000] {taskinstance.py:2776} INFO - 0 downstream tasks scheduled from follow-on schedule check
[2023-09-11T08:17:09.636+0000] {taskinstance.py:1157} INFO - Dependencies all met for dep_context=non-requeueable deps ti=<TaskInstance: simple_tasks.print_gm_task scheduled__2023-09-08T02:20:00+00:00 [queued]>
[2023-09-11T08:17:09.682+0000] {taskinstance.py:1157} INFO - Dependencies all met for dep_context=requeueable deps ti=<TaskInstance: simple_tasks.print_gm_task scheduled__2023-09-08T02:20:00+00:00 [queued]>
[2023-09-11T08:17:09.683+0000] {taskinstance.py:1359} INFO - Starting attempt 1 of 1
[2023-09-11T08:17:09.813+0000] {taskinstance.py:1380} INFO - Executing <Task(BashOperator): print_gm_task> on 2023-09-08 02:20:00+00:00
[2023-09-11T08:17:09.907+0000] {standard_task_runner.py:57} INFO - Started process 129 to run task
[2023-09-11T08:17:09.988+0000] {standard_task_runner.py:84} INFO - Running: ['***', 'tasks', 'run', 'simple_tasks', 'print_gm_task', 'scheduled__2023-09-08T02:20:00+00:00', '--job-id', '14', '--raw', '--subdir', 'DAGS_FOLDER/script.py', '--cfg-path', '/tmp/tmpgd2zuts7']
[2023-09-11T08:17:10.032+0000] {standard_task_runner.py:85} INFO - Job 14: Subtask print_gm_task
[2023-09-11T08:17:10.364+0000] {task_command.py:415} INFO - Running <TaskInstance: simple_tasks.print_gm_task scheduled__2023-09-08T02:20:00+00:00 [running]> on host 47888c058366
[2023-09-11T08:17:10.682+0000] {taskinstance.py:1660} INFO - Exporting env vars: AIRFLOW_CTX_DAG_OWNER='***' AIRFLOW_CTX_DAG_ID='simple_tasks' AIRFLOW_CTX_TASK_ID='print_gm_task' AIRFLOW_CTX_EXECUTION_DATE='2023-09-08T02:20:00+00:00' AIRFLOW_CTX_TRY_NUMBER='1' AIRFLOW_CTX_DAG_RUN_ID='scheduled__2023-09-08T02:20:00+00:00'
[2023-09-11T08:17:10.696+0000] {subprocess.py:63} INFO - Tmp dir root location: /tmp
[2023-09-11T08:17:10.729+0000] {subprocess.py:75} INFO - Running command: ['/bin/bash', '-c', 'echo "Good morning, my diggers!"']
[2023-09-11T08:17:10.844+0000] {subprocess.py:86} INFO - Output:
[2023-09-11T08:17:10.860+0000] {subprocess.py:93} INFO - Good morning, my diggers!
[2023-09-11T08:17:10.862+0000] {subprocess.py:97} INFO - Command exited with return code 0
[2023-09-11T08:17:11.147+0000] {taskinstance.py:1398} INFO - Marking task as SUCCESS. dag_id=simple_tasks, task_id=print_gm_task, execution_date=20230908T022000, start_date=20230911T081709, end_date=20230911T081711
[2023-09-11T08:17:11.725+0000] {local_task_job_runner.py:228} INFO - Task exited with return code 0
[2023-09-11T08:17:11.831+0000] {taskinstance.py:2776} INFO - 1 downstream tasks scheduled from follow-on schedule check
