[2023-09-13T08:15:20.673+0000] {taskinstance.py:1157} INFO - Dependencies all met for dep_context=non-requeueable deps ti=<TaskInstance: simple_tasks.print_gm_task scheduled__2023-09-13T08:00:00+00:00 [queued]>
[2023-09-13T08:15:20.689+0000] {taskinstance.py:1157} INFO - Dependencies all met for dep_context=requeueable deps ti=<TaskInstance: simple_tasks.print_gm_task scheduled__2023-09-13T08:00:00+00:00 [queued]>
[2023-09-13T08:15:20.690+0000] {taskinstance.py:1359} INFO - Starting attempt 1 of 1
[2023-09-13T08:15:20.710+0000] {taskinstance.py:1380} INFO - Executing <Task(BashOperator): print_gm_task> on 2023-09-13 08:00:00+00:00
[2023-09-13T08:15:20.717+0000] {standard_task_runner.py:57} INFO - Started process 181 to run task
[2023-09-13T08:15:20.722+0000] {standard_task_runner.py:84} INFO - Running: ['***', 'tasks', 'run', 'simple_tasks', 'print_gm_task', 'scheduled__2023-09-13T08:00:00+00:00', '--job-id', '43', '--raw', '--subdir', 'DAGS_FOLDER/script.py', '--cfg-path', '/tmp/tmpumpmtzs1']
[2023-09-13T08:15:20.726+0000] {standard_task_runner.py:85} INFO - Job 43: Subtask print_gm_task
[2023-09-13T08:15:20.785+0000] {task_command.py:415} INFO - Running <TaskInstance: simple_tasks.print_gm_task scheduled__2023-09-13T08:00:00+00:00 [running]> on host cb4016c405b8
[2023-09-13T08:15:20.917+0000] {taskinstance.py:1660} INFO - Exporting env vars: AIRFLOW_CTX_DAG_OWNER='***' AIRFLOW_CTX_DAG_ID='simple_tasks' AIRFLOW_CTX_TASK_ID='print_gm_task' AIRFLOW_CTX_EXECUTION_DATE='2023-09-13T08:00:00+00:00' AIRFLOW_CTX_TRY_NUMBER='1' AIRFLOW_CTX_DAG_RUN_ID='scheduled__2023-09-13T08:00:00+00:00'
[2023-09-13T08:15:20.923+0000] {subprocess.py:63} INFO - Tmp dir root location: /tmp
[2023-09-13T08:15:20.925+0000] {subprocess.py:75} INFO - Running command: ['/bin/bash', '-c', 'echo "Good morning, my diggers!"']
[2023-09-13T08:15:20.955+0000] {subprocess.py:86} INFO - Output:
[2023-09-13T08:15:20.975+0000] {subprocess.py:93} INFO - Good morning, my diggers!
[2023-09-13T08:15:20.977+0000] {subprocess.py:97} INFO - Command exited with return code 0
[2023-09-13T08:15:21.042+0000] {taskinstance.py:1398} INFO - Marking task as SUCCESS. dag_id=simple_tasks, task_id=print_gm_task, execution_date=20230913T080000, start_date=20230913T081520, end_date=20230913T081521
[2023-09-13T08:15:21.095+0000] {local_task_job_runner.py:228} INFO - Task exited with return code 0
[2023-09-13T08:15:21.153+0000] {taskinstance.py:2776} INFO - 1 downstream tasks scheduled from follow-on schedule check
[2023-10-29T14:34:38.731+0000] {logging_mixin.py:151} INFO - Changing /opt/***/logs/dag_id=simple_tasks/run_id=scheduled__2023-09-13T08:00:00+00:00/task_id=print_gm_task permission to 509
[2023-10-29T14:34:38.755+0000] {logging_mixin.py:151} INFO - Failed to change /opt/***/logs/dag_id=simple_tasks/run_id=scheduled__2023-09-13T08:00:00+00:00/task_id=print_gm_task permission to 509: [Errno 1] Operation not permitted: '/opt/***/logs/dag_id=simple_tasks/run_id=scheduled__2023-09-13T08:00:00+00:00/task_id=print_gm_task'
[2023-10-29T14:34:38.935+0000] {logging_mixin.py:151} INFO - Changing /opt/***/logs/dag_id=simple_tasks/run_id=scheduled__2023-09-13T08:00:00+00:00/task_id=print_gm_task permission to 509
[2023-10-29T14:34:38.938+0000] {logging_mixin.py:151} INFO - Failed to change /opt/***/logs/dag_id=simple_tasks/run_id=scheduled__2023-09-13T08:00:00+00:00/task_id=print_gm_task permission to 509: [Errno 1] Operation not permitted: '/opt/***/logs/dag_id=simple_tasks/run_id=scheduled__2023-09-13T08:00:00+00:00/task_id=print_gm_task'
[2023-10-29T14:34:39.125+0000] {taskinstance.py:1157} INFO - Dependencies all met for dep_context=non-requeueable deps ti=<TaskInstance: simple_tasks.print_gm_task scheduled__2023-09-13T08:00:00+00:00 [queued]>
[2023-10-29T14:34:39.255+0000] {taskinstance.py:1157} INFO - Dependencies all met for dep_context=requeueable deps ti=<TaskInstance: simple_tasks.print_gm_task scheduled__2023-09-13T08:00:00+00:00 [queued]>
[2023-10-29T14:34:39.275+0000] {taskinstance.py:1359} INFO - Starting attempt 1 of 1
[2023-10-29T14:34:40.204+0000] {taskinstance.py:1380} INFO - Executing <Task(BashOperator): print_gm_task> on 2023-09-13 08:00:00+00:00
[2023-10-29T14:34:40.283+0000] {standard_task_runner.py:57} INFO - Started process 196 to run task
[2023-10-29T14:34:40.355+0000] {standard_task_runner.py:84} INFO - Running: ['***', 'tasks', 'run', 'simple_tasks', 'print_gm_task', 'scheduled__2023-09-13T08:00:00+00:00', '--job-id', '11', '--raw', '--subdir', 'DAGS_FOLDER/script.py', '--cfg-path', '/tmp/tmpotj0us_2']
[2023-10-29T14:34:40.405+0000] {standard_task_runner.py:85} INFO - Job 11: Subtask print_gm_task
[2023-10-29T14:34:42.374+0000] {logging_mixin.py:151} INFO - Changing /opt/***/logs/dag_id=simple_tasks/run_id=scheduled__2023-09-13T08:00:00+00:00/task_id=print_gm_task permission to 509
[2023-10-29T14:34:42.383+0000] {logging_mixin.py:151} INFO - Failed to change /opt/***/logs/dag_id=simple_tasks/run_id=scheduled__2023-09-13T08:00:00+00:00/task_id=print_gm_task permission to 509: [Errno 1] Operation not permitted: '/opt/***/logs/dag_id=simple_tasks/run_id=scheduled__2023-09-13T08:00:00+00:00/task_id=print_gm_task'
[2023-10-29T14:34:42.388+0000] {task_command.py:415} INFO - Running <TaskInstance: simple_tasks.print_gm_task scheduled__2023-09-13T08:00:00+00:00 [running]> on host 452e7b951e9d
[2023-10-29T14:34:44.247+0000] {taskinstance.py:1660} INFO - Exporting env vars: AIRFLOW_CTX_DAG_OWNER='***' AIRFLOW_CTX_DAG_ID='simple_tasks' AIRFLOW_CTX_TASK_ID='print_gm_task' AIRFLOW_CTX_EXECUTION_DATE='2023-09-13T08:00:00+00:00' AIRFLOW_CTX_TRY_NUMBER='1' AIRFLOW_CTX_DAG_RUN_ID='scheduled__2023-09-13T08:00:00+00:00'
[2023-10-29T14:34:44.274+0000] {subprocess.py:63} INFO - Tmp dir root location: /tmp
[2023-10-29T14:34:44.283+0000] {subprocess.py:75} INFO - Running command: ['/bin/bash', '-c', 'echo "Good morning, my diggers!"']
[2023-10-29T14:34:44.368+0000] {subprocess.py:86} INFO - Output:
[2023-10-29T14:34:44.385+0000] {subprocess.py:93} INFO - Good morning, my diggers!
[2023-10-29T14:34:44.387+0000] {subprocess.py:97} INFO - Command exited with return code 0
[2023-10-29T14:34:44.619+0000] {taskinstance.py:1398} INFO - Marking task as SUCCESS. dag_id=simple_tasks, task_id=print_gm_task, execution_date=20230913T080000, start_date=20231029T143439, end_date=20231029T143444
[2023-10-29T14:34:44.972+0000] {local_task_job_runner.py:228} INFO - Task exited with return code 0
[2023-10-29T14:34:45.064+0000] {taskinstance.py:2776} INFO - 1 downstream tasks scheduled from follow-on schedule check
