[2023-09-10T17:54:26.476+0000] {taskinstance.py:1157} INFO - Dependencies all met for dep_context=non-requeueable deps ti=<TaskInstance: simple_tasks.print_gm_task scheduled__2023-09-08T02:00:00+00:00 [queued]>
[2023-09-10T17:54:26.502+0000] {taskinstance.py:1157} INFO - Dependencies all met for dep_context=requeueable deps ti=<TaskInstance: simple_tasks.print_gm_task scheduled__2023-09-08T02:00:00+00:00 [queued]>
[2023-09-10T17:54:26.503+0000] {taskinstance.py:1359} INFO - Starting attempt 1 of 1
[2023-09-10T17:54:26.545+0000] {taskinstance.py:1380} INFO - Executing <Task(BashOperator): print_gm_task> on 2023-09-08 02:00:00+00:00
[2023-09-10T17:54:26.558+0000] {standard_task_runner.py:57} INFO - Started process 218 to run task
[2023-09-10T17:54:26.609+0000] {standard_task_runner.py:84} INFO - Running: ['***', 'tasks', 'run', 'simple_tasks', 'print_gm_task', 'scheduled__2023-09-08T02:00:00+00:00', '--job-id', '156', '--raw', '--subdir', 'DAGS_FOLDER/script.py', '--cfg-path', '/tmp/tmpgb580xf0']
[2023-09-10T17:54:26.648+0000] {standard_task_runner.py:85} INFO - Job 156: Subtask print_gm_task
[2023-09-10T17:54:27.011+0000] {task_command.py:415} INFO - Running <TaskInstance: simple_tasks.print_gm_task scheduled__2023-09-08T02:00:00+00:00 [running]> on host 3152b479582c
[2023-09-10T17:54:27.650+0000] {taskinstance.py:1660} INFO - Exporting env vars: AIRFLOW_CTX_DAG_OWNER='***' AIRFLOW_CTX_DAG_ID='simple_tasks' AIRFLOW_CTX_TASK_ID='print_gm_task' AIRFLOW_CTX_EXECUTION_DATE='2023-09-08T02:00:00+00:00' AIRFLOW_CTX_TRY_NUMBER='1' AIRFLOW_CTX_DAG_RUN_ID='scheduled__2023-09-08T02:00:00+00:00'
[2023-09-10T17:54:27.657+0000] {subprocess.py:63} INFO - Tmp dir root location: /tmp
[2023-09-10T17:54:27.661+0000] {subprocess.py:75} INFO - Running command: ['/bin/bash', '-c', 'echo "Good morning, my diggers!"']
[2023-09-10T17:54:27.796+0000] {subprocess.py:86} INFO - Output:
[2023-09-10T17:54:27.831+0000] {subprocess.py:93} INFO - Good morning, my diggers!
[2023-09-10T17:54:27.839+0000] {subprocess.py:97} INFO - Command exited with return code 0
[2023-09-10T17:54:27.982+0000] {taskinstance.py:1398} INFO - Marking task as SUCCESS. dag_id=simple_tasks, task_id=print_gm_task, execution_date=20230908T020000, start_date=20230910T175426, end_date=20230910T175427
[2023-09-10T17:54:28.157+0000] {local_task_job_runner.py:228} INFO - Task exited with return code 0
[2023-09-10T17:54:28.351+0000] {taskinstance.py:2776} INFO - 1 downstream tasks scheduled from follow-on schedule check
[2023-09-11T08:05:49.130+0000] {taskinstance.py:1157} INFO - Dependencies all met for dep_context=non-requeueable deps ti=<TaskInstance: simple_tasks.print_gm_task scheduled__2023-09-08T02:00:00+00:00 [queued]>
[2023-09-11T08:05:49.192+0000] {taskinstance.py:1157} INFO - Dependencies all met for dep_context=requeueable deps ti=<TaskInstance: simple_tasks.print_gm_task scheduled__2023-09-08T02:00:00+00:00 [queued]>
[2023-09-11T08:05:49.193+0000] {taskinstance.py:1359} INFO - Starting attempt 1 of 1
[2023-09-11T08:05:49.325+0000] {taskinstance.py:1380} INFO - Executing <Task(BashOperator): print_gm_task> on 2023-09-08 02:00:00+00:00
[2023-09-11T08:05:49.366+0000] {standard_task_runner.py:57} INFO - Started process 135 to run task
[2023-09-11T08:05:49.382+0000] {standard_task_runner.py:84} INFO - Running: ['***', 'tasks', 'run', 'simple_tasks', 'print_gm_task', 'scheduled__2023-09-08T02:00:00+00:00', '--job-id', '15', '--raw', '--subdir', 'DAGS_FOLDER/script.py', '--cfg-path', '/tmp/tmpwzaour68']
[2023-09-11T08:05:49.471+0000] {standard_task_runner.py:85} INFO - Job 15: Subtask print_gm_task
[2023-09-11T08:05:49.918+0000] {task_command.py:415} INFO - Running <TaskInstance: simple_tasks.print_gm_task scheduled__2023-09-08T02:00:00+00:00 [running]> on host 2c457fbd3561
[2023-09-11T08:05:50.319+0000] {taskinstance.py:1660} INFO - Exporting env vars: AIRFLOW_CTX_DAG_OWNER='***' AIRFLOW_CTX_DAG_ID='simple_tasks' AIRFLOW_CTX_TASK_ID='print_gm_task' AIRFLOW_CTX_EXECUTION_DATE='2023-09-08T02:00:00+00:00' AIRFLOW_CTX_TRY_NUMBER='1' AIRFLOW_CTX_DAG_RUN_ID='scheduled__2023-09-08T02:00:00+00:00'
[2023-09-11T08:05:50.325+0000] {subprocess.py:63} INFO - Tmp dir root location: /tmp
[2023-09-11T08:05:50.330+0000] {subprocess.py:75} INFO - Running command: ['/bin/bash', '-c', 'echo "Good morning, my diggers!"']
[2023-09-11T08:05:50.400+0000] {subprocess.py:86} INFO - Output:
[2023-09-11T08:05:50.404+0000] {subprocess.py:93} INFO - Good morning, my diggers!
[2023-09-11T08:05:50.406+0000] {subprocess.py:97} INFO - Command exited with return code 0
[2023-09-11T08:05:50.481+0000] {taskinstance.py:1398} INFO - Marking task as SUCCESS. dag_id=simple_tasks, task_id=print_gm_task, execution_date=20230908T020000, start_date=20230911T080549, end_date=20230911T080550
[2023-09-11T08:05:50.611+0000] {local_task_job_runner.py:228} INFO - Task exited with return code 0
[2023-09-11T08:05:50.831+0000] {taskinstance.py:2776} INFO - 0 downstream tasks scheduled from follow-on schedule check
[2023-09-11T08:17:09.588+0000] {taskinstance.py:1157} INFO - Dependencies all met for dep_context=non-requeueable deps ti=<TaskInstance: simple_tasks.print_gm_task scheduled__2023-09-08T02:00:00+00:00 [queued]>
[2023-09-11T08:17:09.689+0000] {taskinstance.py:1157} INFO - Dependencies all met for dep_context=requeueable deps ti=<TaskInstance: simple_tasks.print_gm_task scheduled__2023-09-08T02:00:00+00:00 [queued]>
[2023-09-11T08:17:09.690+0000] {taskinstance.py:1359} INFO - Starting attempt 1 of 1
[2023-09-11T08:17:09.754+0000] {taskinstance.py:1380} INFO - Executing <Task(BashOperator): print_gm_task> on 2023-09-08 02:00:00+00:00
[2023-09-11T08:17:09.788+0000] {standard_task_runner.py:57} INFO - Started process 126 to run task
[2023-09-11T08:17:09.809+0000] {standard_task_runner.py:84} INFO - Running: ['***', 'tasks', 'run', 'simple_tasks', 'print_gm_task', 'scheduled__2023-09-08T02:00:00+00:00', '--job-id', '16', '--raw', '--subdir', 'DAGS_FOLDER/script.py', '--cfg-path', '/tmp/tmpg7cdv3fc']
[2023-09-11T08:17:09.851+0000] {standard_task_runner.py:85} INFO - Job 16: Subtask print_gm_task
[2023-09-11T08:17:10.372+0000] {task_command.py:415} INFO - Running <TaskInstance: simple_tasks.print_gm_task scheduled__2023-09-08T02:00:00+00:00 [running]> on host 47888c058366
[2023-09-11T08:17:10.655+0000] {taskinstance.py:1660} INFO - Exporting env vars: AIRFLOW_CTX_DAG_OWNER='***' AIRFLOW_CTX_DAG_ID='simple_tasks' AIRFLOW_CTX_TASK_ID='print_gm_task' AIRFLOW_CTX_EXECUTION_DATE='2023-09-08T02:00:00+00:00' AIRFLOW_CTX_TRY_NUMBER='1' AIRFLOW_CTX_DAG_RUN_ID='scheduled__2023-09-08T02:00:00+00:00'
[2023-09-11T08:17:10.672+0000] {subprocess.py:63} INFO - Tmp dir root location: /tmp
[2023-09-11T08:17:10.682+0000] {subprocess.py:75} INFO - Running command: ['/bin/bash', '-c', 'echo "Good morning, my diggers!"']
[2023-09-11T08:17:10.726+0000] {subprocess.py:86} INFO - Output:
[2023-09-11T08:17:10.730+0000] {subprocess.py:93} INFO - Good morning, my diggers!
[2023-09-11T08:17:10.732+0000] {subprocess.py:97} INFO - Command exited with return code 0
[2023-09-11T08:17:10.819+0000] {taskinstance.py:1398} INFO - Marking task as SUCCESS. dag_id=simple_tasks, task_id=print_gm_task, execution_date=20230908T020000, start_date=20230911T081709, end_date=20230911T081710
[2023-09-11T08:17:10.928+0000] {local_task_job_runner.py:228} INFO - Task exited with return code 0
[2023-09-11T08:17:11.058+0000] {taskinstance.py:2776} INFO - 1 downstream tasks scheduled from follow-on schedule check
