[2023-09-10T17:54:26.141+0000] {taskinstance.py:1157} INFO - Dependencies all met for dep_context=non-requeueable deps ti=<TaskInstance: simple_tasks.print_gm_task scheduled__2023-09-08T02:30:00+00:00 [queued]>
[2023-09-10T17:54:26.195+0000] {taskinstance.py:1157} INFO - Dependencies all met for dep_context=requeueable deps ti=<TaskInstance: simple_tasks.print_gm_task scheduled__2023-09-08T02:30:00+00:00 [queued]>
[2023-09-10T17:54:26.196+0000] {taskinstance.py:1359} INFO - Starting attempt 1 of 1
[2023-09-10T17:54:26.285+0000] {taskinstance.py:1380} INFO - Executing <Task(BashOperator): print_gm_task> on 2023-09-08 02:30:00+00:00
[2023-09-10T17:54:26.298+0000] {standard_task_runner.py:57} INFO - Started process 217 to run task
[2023-09-10T17:54:26.333+0000] {standard_task_runner.py:84} INFO - Running: ['***', 'tasks', 'run', 'simple_tasks', 'print_gm_task', 'scheduled__2023-09-08T02:30:00+00:00', '--job-id', '155', '--raw', '--subdir', 'DAGS_FOLDER/script.py', '--cfg-path', '/tmp/tmp8nz4bofy']
[2023-09-10T17:54:26.349+0000] {standard_task_runner.py:85} INFO - Job 155: Subtask print_gm_task
[2023-09-10T17:54:26.535+0000] {task_command.py:415} INFO - Running <TaskInstance: simple_tasks.print_gm_task scheduled__2023-09-08T02:30:00+00:00 [running]> on host 3152b479582c
[2023-09-10T17:54:26.831+0000] {taskinstance.py:1660} INFO - Exporting env vars: AIRFLOW_CTX_DAG_OWNER='***' AIRFLOW_CTX_DAG_ID='simple_tasks' AIRFLOW_CTX_TASK_ID='print_gm_task' AIRFLOW_CTX_EXECUTION_DATE='2023-09-08T02:30:00+00:00' AIRFLOW_CTX_TRY_NUMBER='1' AIRFLOW_CTX_DAG_RUN_ID='scheduled__2023-09-08T02:30:00+00:00'
[2023-09-10T17:54:26.836+0000] {subprocess.py:63} INFO - Tmp dir root location: /tmp
[2023-09-10T17:54:26.849+0000] {subprocess.py:75} INFO - Running command: ['/bin/bash', '-c', 'echo "Good morning, my diggers!"']
[2023-09-10T17:54:26.975+0000] {subprocess.py:86} INFO - Output:
[2023-09-10T17:54:26.979+0000] {subprocess.py:93} INFO - Good morning, my diggers!
[2023-09-10T17:54:27.001+0000] {subprocess.py:97} INFO - Command exited with return code 0
[2023-09-10T17:54:27.244+0000] {taskinstance.py:1398} INFO - Marking task as SUCCESS. dag_id=simple_tasks, task_id=print_gm_task, execution_date=20230908T023000, start_date=20230910T175426, end_date=20230910T175427
[2023-09-10T17:54:27.452+0000] {local_task_job_runner.py:228} INFO - Task exited with return code 0
[2023-09-10T17:54:27.534+0000] {taskinstance.py:2776} INFO - 1 downstream tasks scheduled from follow-on schedule check
[2023-09-11T08:05:51.392+0000] {taskinstance.py:1157} INFO - Dependencies all met for dep_context=non-requeueable deps ti=<TaskInstance: simple_tasks.print_gm_task scheduled__2023-09-08T02:30:00+00:00 [queued]>
[2023-09-11T08:05:51.431+0000] {taskinstance.py:1157} INFO - Dependencies all met for dep_context=requeueable deps ti=<TaskInstance: simple_tasks.print_gm_task scheduled__2023-09-08T02:30:00+00:00 [queued]>
[2023-09-11T08:05:51.432+0000] {taskinstance.py:1359} INFO - Starting attempt 1 of 1
[2023-09-11T08:05:51.535+0000] {taskinstance.py:1380} INFO - Executing <Task(BashOperator): print_gm_task> on 2023-09-08 02:30:00+00:00
[2023-09-11T08:05:51.570+0000] {standard_task_runner.py:57} INFO - Started process 148 to run task
[2023-09-11T08:05:51.607+0000] {standard_task_runner.py:84} INFO - Running: ['***', 'tasks', 'run', 'simple_tasks', 'print_gm_task', 'scheduled__2023-09-08T02:30:00+00:00', '--job-id', '18', '--raw', '--subdir', 'DAGS_FOLDER/script.py', '--cfg-path', '/tmp/tmp98r2hxyz']
[2023-09-11T08:05:51.644+0000] {standard_task_runner.py:85} INFO - Job 18: Subtask print_gm_task
[2023-09-11T08:05:52.021+0000] {task_command.py:415} INFO - Running <TaskInstance: simple_tasks.print_gm_task scheduled__2023-09-08T02:30:00+00:00 [running]> on host 2c457fbd3561
[2023-09-11T08:05:52.781+0000] {taskinstance.py:1660} INFO - Exporting env vars: AIRFLOW_CTX_DAG_OWNER='***' AIRFLOW_CTX_DAG_ID='simple_tasks' AIRFLOW_CTX_TASK_ID='print_gm_task' AIRFLOW_CTX_EXECUTION_DATE='2023-09-08T02:30:00+00:00' AIRFLOW_CTX_TRY_NUMBER='1' AIRFLOW_CTX_DAG_RUN_ID='scheduled__2023-09-08T02:30:00+00:00'
[2023-09-11T08:05:52.786+0000] {subprocess.py:63} INFO - Tmp dir root location: /tmp
[2023-09-11T08:05:52.803+0000] {subprocess.py:75} INFO - Running command: ['/bin/bash', '-c', 'echo "Good morning, my diggers!"']
[2023-09-11T08:05:52.845+0000] {subprocess.py:86} INFO - Output:
[2023-09-11T08:05:52.865+0000] {subprocess.py:93} INFO - Good morning, my diggers!
[2023-09-11T08:05:52.866+0000] {subprocess.py:97} INFO - Command exited with return code 0
[2023-09-11T08:05:52.953+0000] {taskinstance.py:1398} INFO - Marking task as SUCCESS. dag_id=simple_tasks, task_id=print_gm_task, execution_date=20230908T023000, start_date=20230911T080551, end_date=20230911T080552
[2023-09-11T08:05:53.092+0000] {local_task_job_runner.py:228} INFO - Task exited with return code 0
[2023-09-11T08:05:53.161+0000] {taskinstance.py:2776} INFO - 1 downstream tasks scheduled from follow-on schedule check
[2023-09-11T08:17:18.401+0000] {taskinstance.py:1157} INFO - Dependencies all met for dep_context=non-requeueable deps ti=<TaskInstance: simple_tasks.print_gm_task scheduled__2023-09-08T02:30:00+00:00 [queued]>
[2023-09-11T08:17:18.462+0000] {taskinstance.py:1157} INFO - Dependencies all met for dep_context=requeueable deps ti=<TaskInstance: simple_tasks.print_gm_task scheduled__2023-09-08T02:30:00+00:00 [queued]>
[2023-09-11T08:17:18.466+0000] {taskinstance.py:1359} INFO - Starting attempt 1 of 1
[2023-09-11T08:17:18.580+0000] {taskinstance.py:1380} INFO - Executing <Task(BashOperator): print_gm_task> on 2023-09-08 02:30:00+00:00
[2023-09-11T08:17:18.629+0000] {standard_task_runner.py:57} INFO - Started process 151 to run task
[2023-09-11T08:17:18.644+0000] {standard_task_runner.py:84} INFO - Running: ['***', 'tasks', 'run', 'simple_tasks', 'print_gm_task', 'scheduled__2023-09-08T02:30:00+00:00', '--job-id', '19', '--raw', '--subdir', 'DAGS_FOLDER/script.py', '--cfg-path', '/tmp/tmpgf75qnxt']
[2023-09-11T08:17:18.700+0000] {standard_task_runner.py:85} INFO - Job 19: Subtask print_gm_task
[2023-09-11T08:17:19.169+0000] {task_command.py:415} INFO - Running <TaskInstance: simple_tasks.print_gm_task scheduled__2023-09-08T02:30:00+00:00 [running]> on host 47888c058366
[2023-09-11T08:17:19.772+0000] {taskinstance.py:1660} INFO - Exporting env vars: AIRFLOW_CTX_DAG_OWNER='***' AIRFLOW_CTX_DAG_ID='simple_tasks' AIRFLOW_CTX_TASK_ID='print_gm_task' AIRFLOW_CTX_EXECUTION_DATE='2023-09-08T02:30:00+00:00' AIRFLOW_CTX_TRY_NUMBER='1' AIRFLOW_CTX_DAG_RUN_ID='scheduled__2023-09-08T02:30:00+00:00'
[2023-09-11T08:17:19.780+0000] {subprocess.py:63} INFO - Tmp dir root location: /tmp
[2023-09-11T08:17:19.802+0000] {subprocess.py:75} INFO - Running command: ['/bin/bash', '-c', 'echo "Good morning, my diggers!"']
[2023-09-11T08:17:19.899+0000] {subprocess.py:86} INFO - Output:
[2023-09-11T08:17:19.929+0000] {subprocess.py:93} INFO - Good morning, my diggers!
[2023-09-11T08:17:19.931+0000] {subprocess.py:97} INFO - Command exited with return code 0
[2023-09-11T08:17:20.135+0000] {taskinstance.py:1398} INFO - Marking task as SUCCESS. dag_id=simple_tasks, task_id=print_gm_task, execution_date=20230908T023000, start_date=20230911T081718, end_date=20230911T081720
[2023-09-11T08:17:20.563+0000] {local_task_job_runner.py:228} INFO - Task exited with return code 0
[2023-09-11T08:17:20.666+0000] {taskinstance.py:2776} INFO - 1 downstream tasks scheduled from follow-on schedule check
