[2023-09-10T17:54:24.802+0000] {taskinstance.py:1157} INFO - Dependencies all met for dep_context=non-requeueable deps ti=<TaskInstance: simple_tasks.print_gm_task scheduled__2023-09-08T01:40:00+00:00 [queued]>
[2023-09-10T17:54:24.829+0000] {taskinstance.py:1157} INFO - Dependencies all met for dep_context=requeueable deps ti=<TaskInstance: simple_tasks.print_gm_task scheduled__2023-09-08T01:40:00+00:00 [queued]>
[2023-09-10T17:54:24.830+0000] {taskinstance.py:1359} INFO - Starting attempt 1 of 1
[2023-09-10T17:54:24.891+0000] {taskinstance.py:1380} INFO - Executing <Task(BashOperator): print_gm_task> on 2023-09-08 01:40:00+00:00
[2023-09-10T17:54:24.941+0000] {standard_task_runner.py:57} INFO - Started process 210 to run task
[2023-09-10T17:54:25.010+0000] {standard_task_runner.py:84} INFO - Running: ['***', 'tasks', 'run', 'simple_tasks', 'print_gm_task', 'scheduled__2023-09-08T01:40:00+00:00', '--job-id', '154', '--raw', '--subdir', 'DAGS_FOLDER/script.py', '--cfg-path', '/tmp/tmp7h7ikb8p']
[2023-09-10T17:54:25.045+0000] {standard_task_runner.py:85} INFO - Job 154: Subtask print_gm_task
[2023-09-10T17:54:25.420+0000] {task_command.py:415} INFO - Running <TaskInstance: simple_tasks.print_gm_task scheduled__2023-09-08T01:40:00+00:00 [running]> on host 3152b479582c
[2023-09-10T17:54:25.756+0000] {taskinstance.py:1660} INFO - Exporting env vars: AIRFLOW_CTX_DAG_OWNER='***' AIRFLOW_CTX_DAG_ID='simple_tasks' AIRFLOW_CTX_TASK_ID='print_gm_task' AIRFLOW_CTX_EXECUTION_DATE='2023-09-08T01:40:00+00:00' AIRFLOW_CTX_TRY_NUMBER='1' AIRFLOW_CTX_DAG_RUN_ID='scheduled__2023-09-08T01:40:00+00:00'
[2023-09-10T17:54:25.760+0000] {subprocess.py:63} INFO - Tmp dir root location: /tmp
[2023-09-10T17:54:25.772+0000] {subprocess.py:75} INFO - Running command: ['/bin/bash', '-c', 'echo "Good morning, my diggers!"']
[2023-09-10T17:54:25.858+0000] {subprocess.py:86} INFO - Output:
[2023-09-10T17:54:25.860+0000] {subprocess.py:93} INFO - Good morning, my diggers!
[2023-09-10T17:54:25.862+0000] {subprocess.py:97} INFO - Command exited with return code 0
[2023-09-10T17:54:25.984+0000] {taskinstance.py:1398} INFO - Marking task as SUCCESS. dag_id=simple_tasks, task_id=print_gm_task, execution_date=20230908T014000, start_date=20230910T175424, end_date=20230910T175425
[2023-09-10T17:54:26.075+0000] {local_task_job_runner.py:228} INFO - Task exited with return code 0
[2023-09-10T17:54:26.146+0000] {taskinstance.py:2776} INFO - 1 downstream tasks scheduled from follow-on schedule check
[2023-09-11T08:05:46.402+0000] {taskinstance.py:1157} INFO - Dependencies all met for dep_context=non-requeueable deps ti=<TaskInstance: simple_tasks.print_gm_task scheduled__2023-09-08T01:40:00+00:00 [queued]>
[2023-09-11T08:05:46.453+0000] {taskinstance.py:1157} INFO - Dependencies all met for dep_context=requeueable deps ti=<TaskInstance: simple_tasks.print_gm_task scheduled__2023-09-08T01:40:00+00:00 [queued]>
[2023-09-11T08:05:46.462+0000] {taskinstance.py:1359} INFO - Starting attempt 1 of 1
[2023-09-11T08:05:46.703+0000] {taskinstance.py:1380} INFO - Executing <Task(BashOperator): print_gm_task> on 2023-09-08 01:40:00+00:00
[2023-09-11T08:05:46.874+0000] {standard_task_runner.py:57} INFO - Started process 120 to run task
[2023-09-11T08:05:46.895+0000] {standard_task_runner.py:84} INFO - Running: ['***', 'tasks', 'run', 'simple_tasks', 'print_gm_task', 'scheduled__2023-09-08T01:40:00+00:00', '--job-id', '12', '--raw', '--subdir', 'DAGS_FOLDER/script.py', '--cfg-path', '/tmp/tmpgic_0fnb']
[2023-09-11T08:05:46.948+0000] {standard_task_runner.py:85} INFO - Job 12: Subtask print_gm_task
[2023-09-11T08:05:47.918+0000] {task_command.py:415} INFO - Running <TaskInstance: simple_tasks.print_gm_task scheduled__2023-09-08T01:40:00+00:00 [running]> on host 2c457fbd3561
[2023-09-11T08:05:48.868+0000] {taskinstance.py:1660} INFO - Exporting env vars: AIRFLOW_CTX_DAG_OWNER='***' AIRFLOW_CTX_DAG_ID='simple_tasks' AIRFLOW_CTX_TASK_ID='print_gm_task' AIRFLOW_CTX_EXECUTION_DATE='2023-09-08T01:40:00+00:00' AIRFLOW_CTX_TRY_NUMBER='1' AIRFLOW_CTX_DAG_RUN_ID='scheduled__2023-09-08T01:40:00+00:00'
[2023-09-11T08:05:48.948+0000] {subprocess.py:63} INFO - Tmp dir root location: /tmp
[2023-09-11T08:05:48.965+0000] {subprocess.py:75} INFO - Running command: ['/bin/bash', '-c', 'echo "Good morning, my diggers!"']
[2023-09-11T08:05:49.071+0000] {subprocess.py:86} INFO - Output:
[2023-09-11T08:05:49.075+0000] {subprocess.py:93} INFO - Good morning, my diggers!
[2023-09-11T08:05:49.093+0000] {subprocess.py:97} INFO - Command exited with return code 0
[2023-09-11T08:05:49.312+0000] {taskinstance.py:1398} INFO - Marking task as SUCCESS. dag_id=simple_tasks, task_id=print_gm_task, execution_date=20230908T014000, start_date=20230911T080546, end_date=20230911T080549
[2023-09-11T08:05:49.460+0000] {local_task_job_runner.py:228} INFO - Task exited with return code 0
[2023-09-11T08:05:49.631+0000] {taskinstance.py:2776} INFO - 1 downstream tasks scheduled from follow-on schedule check
[2023-09-11T08:17:03.073+0000] {taskinstance.py:1157} INFO - Dependencies all met for dep_context=non-requeueable deps ti=<TaskInstance: simple_tasks.print_gm_task scheduled__2023-09-08T01:40:00+00:00 [queued]>
[2023-09-11T08:17:03.145+0000] {taskinstance.py:1157} INFO - Dependencies all met for dep_context=requeueable deps ti=<TaskInstance: simple_tasks.print_gm_task scheduled__2023-09-08T01:40:00+00:00 [queued]>
[2023-09-11T08:17:03.148+0000] {taskinstance.py:1359} INFO - Starting attempt 1 of 1
[2023-09-11T08:17:03.211+0000] {taskinstance.py:1380} INFO - Executing <Task(BashOperator): print_gm_task> on 2023-09-08 01:40:00+00:00
[2023-09-11T08:17:03.345+0000] {standard_task_runner.py:57} INFO - Started process 113 to run task
[2023-09-11T08:17:03.524+0000] {standard_task_runner.py:84} INFO - Running: ['***', 'tasks', 'run', 'simple_tasks', 'print_gm_task', 'scheduled__2023-09-08T01:40:00+00:00', '--job-id', '10', '--raw', '--subdir', 'DAGS_FOLDER/script.py', '--cfg-path', '/tmp/tmp6owslaz1']
[2023-09-11T08:17:03.681+0000] {standard_task_runner.py:85} INFO - Job 10: Subtask print_gm_task
[2023-09-11T08:17:08.256+0000] {task_command.py:415} INFO - Running <TaskInstance: simple_tasks.print_gm_task scheduled__2023-09-08T01:40:00+00:00 [running]> on host 47888c058366
[2023-09-11T08:17:09.557+0000] {taskinstance.py:1660} INFO - Exporting env vars: AIRFLOW_CTX_DAG_OWNER='***' AIRFLOW_CTX_DAG_ID='simple_tasks' AIRFLOW_CTX_TASK_ID='print_gm_task' AIRFLOW_CTX_EXECUTION_DATE='2023-09-08T01:40:00+00:00' AIRFLOW_CTX_TRY_NUMBER='1' AIRFLOW_CTX_DAG_RUN_ID='scheduled__2023-09-08T01:40:00+00:00'
[2023-09-11T08:17:09.568+0000] {subprocess.py:63} INFO - Tmp dir root location: /tmp
[2023-09-11T08:17:09.569+0000] {subprocess.py:75} INFO - Running command: ['/bin/bash', '-c', 'echo "Good morning, my diggers!"']
[2023-09-11T08:17:09.678+0000] {subprocess.py:86} INFO - Output:
[2023-09-11T08:17:09.682+0000] {subprocess.py:93} INFO - Good morning, my diggers!
[2023-09-11T08:17:09.683+0000] {subprocess.py:97} INFO - Command exited with return code 0
[2023-09-11T08:17:09.782+0000] {taskinstance.py:1398} INFO - Marking task as SUCCESS. dag_id=simple_tasks, task_id=print_gm_task, execution_date=20230908T014000, start_date=20230911T081703, end_date=20230911T081709
[2023-09-11T08:17:09.871+0000] {local_task_job_runner.py:228} INFO - Task exited with return code 0
[2023-09-11T08:17:10.034+0000] {taskinstance.py:2776} INFO - 1 downstream tasks scheduled from follow-on schedule check
