[2023-09-12T15:20:19.289+0000] {taskinstance.py:1157} INFO - Dependencies all met for dep_context=non-requeueable deps ti=<TaskInstance: simple_tasks.exchange_data_task scheduled__2023-09-12T15:20:00+00:00 [queued]>
[2023-09-12T15:20:19.297+0000] {taskinstance.py:1157} INFO - Dependencies all met for dep_context=requeueable deps ti=<TaskInstance: simple_tasks.exchange_data_task scheduled__2023-09-12T15:20:00+00:00 [queued]>
[2023-09-12T15:20:19.298+0000] {taskinstance.py:1359} INFO - Starting attempt 1 of 1
[2023-09-12T15:20:19.314+0000] {taskinstance.py:1380} INFO - Executing <Task(PythonOperator): exchange_data_task> on 2023-09-12 15:20:00+00:00
[2023-09-12T15:20:19.321+0000] {standard_task_runner.py:57} INFO - Started process 2225 to run task
[2023-09-12T15:20:19.325+0000] {standard_task_runner.py:84} INFO - Running: ['***', 'tasks', 'run', 'simple_tasks', 'exchange_data_task', 'scheduled__2023-09-12T15:20:00+00:00', '--job-id', '411', '--raw', '--subdir', 'DAGS_FOLDER/script.py', '--cfg-path', '/tmp/tmptyu54yez']
[2023-09-12T15:20:19.328+0000] {standard_task_runner.py:85} INFO - Job 411: Subtask exchange_data_task
[2023-09-12T15:20:19.379+0000] {task_command.py:415} INFO - Running <TaskInstance: simple_tasks.exchange_data_task scheduled__2023-09-12T15:20:00+00:00 [running]> on host fbfbca5b9527
[2023-09-12T15:20:19.458+0000] {taskinstance.py:1660} INFO - Exporting env vars: AIRFLOW_CTX_DAG_OWNER='***' AIRFLOW_CTX_DAG_ID='simple_tasks' AIRFLOW_CTX_TASK_ID='exchange_data_task' AIRFLOW_CTX_EXECUTION_DATE='2023-09-12T15:20:00+00:00' AIRFLOW_CTX_TRY_NUMBER='1' AIRFLOW_CTX_DAG_RUN_ID='scheduled__2023-09-12T15:20:00+00:00'
[2023-09-12T15:20:19.789+0000] {logging_mixin.py:151} INFO - Connected
[2023-09-12T15:20:19.791+0000] {logging_mixin.py:151} INFO - ('2023-09-12 15:20:19','BTC','RUB',2404181.214286)
[2023-09-12T15:20:19.802+0000] {python.py:194} INFO - Done. Returned value was: None
[2023-09-12T15:20:19.812+0000] {taskinstance.py:1398} INFO - Marking task as SUCCESS. dag_id=simple_tasks, task_id=exchange_data_task, execution_date=20230912T152000, start_date=20230912T152019, end_date=20230912T152019
[2023-09-12T15:20:19.859+0000] {local_task_job_runner.py:228} INFO - Task exited with return code 0
[2023-09-12T15:20:19.877+0000] {taskinstance.py:2776} INFO - 0 downstream tasks scheduled from follow-on schedule check
[2023-09-12T22:10:24.437+0000] {logging_mixin.py:151} INFO - Changing /opt/***/logs/dag_id=simple_tasks/run_id=scheduled__2023-09-12T15:20:00+00:00/task_id=exchange_data_task permission to 509
[2023-09-12T22:10:24.440+0000] {logging_mixin.py:151} INFO - Failed to change /opt/***/logs/dag_id=simple_tasks/run_id=scheduled__2023-09-12T15:20:00+00:00/task_id=exchange_data_task permission to 509: [Errno 1] Operation not permitted: '/opt/***/logs/dag_id=simple_tasks/run_id=scheduled__2023-09-12T15:20:00+00:00/task_id=exchange_data_task'
[2023-09-12T22:10:24.634+0000] {logging_mixin.py:151} INFO - Changing /opt/***/logs/dag_id=simple_tasks/run_id=scheduled__2023-09-12T15:20:00+00:00/task_id=exchange_data_task permission to 509
[2023-09-12T22:10:24.635+0000] {logging_mixin.py:151} INFO - Failed to change /opt/***/logs/dag_id=simple_tasks/run_id=scheduled__2023-09-12T15:20:00+00:00/task_id=exchange_data_task permission to 509: [Errno 1] Operation not permitted: '/opt/***/logs/dag_id=simple_tasks/run_id=scheduled__2023-09-12T15:20:00+00:00/task_id=exchange_data_task'
[2023-09-12T22:10:24.681+0000] {taskinstance.py:1157} INFO - Dependencies all met for dep_context=non-requeueable deps ti=<TaskInstance: simple_tasks.exchange_data_task scheduled__2023-09-12T15:20:00+00:00 [queued]>
[2023-09-12T22:10:24.696+0000] {taskinstance.py:1157} INFO - Dependencies all met for dep_context=requeueable deps ti=<TaskInstance: simple_tasks.exchange_data_task scheduled__2023-09-12T15:20:00+00:00 [queued]>
[2023-09-12T22:10:24.697+0000] {taskinstance.py:1359} INFO - Starting attempt 1 of 1
[2023-09-12T22:10:24.719+0000] {taskinstance.py:1380} INFO - Executing <Task(PythonOperator): exchange_data_task> on 2023-09-12 15:20:00+00:00
[2023-09-12T22:10:24.732+0000] {standard_task_runner.py:57} INFO - Started process 174 to run task
[2023-09-12T22:10:24.757+0000] {standard_task_runner.py:84} INFO - Running: ['***', 'tasks', 'run', 'simple_tasks', 'exchange_data_task', 'scheduled__2023-09-12T15:20:00+00:00', '--job-id', '30', '--raw', '--subdir', 'DAGS_FOLDER/script.py', '--cfg-path', '/tmp/tmp5yaiv70b']
[2023-09-12T22:10:24.781+0000] {standard_task_runner.py:85} INFO - Job 30: Subtask exchange_data_task
[2023-09-12T22:10:25.052+0000] {logging_mixin.py:151} INFO - Changing /opt/***/logs/dag_id=simple_tasks/run_id=scheduled__2023-09-12T15:20:00+00:00/task_id=exchange_data_task permission to 509
[2023-09-12T22:10:25.053+0000] {logging_mixin.py:151} INFO - Failed to change /opt/***/logs/dag_id=simple_tasks/run_id=scheduled__2023-09-12T15:20:00+00:00/task_id=exchange_data_task permission to 509: [Errno 1] Operation not permitted: '/opt/***/logs/dag_id=simple_tasks/run_id=scheduled__2023-09-12T15:20:00+00:00/task_id=exchange_data_task'
[2023-09-12T22:10:25.067+0000] {task_command.py:415} INFO - Running <TaskInstance: simple_tasks.exchange_data_task scheduled__2023-09-12T15:20:00+00:00 [running]> on host 8df8606c974e
[2023-09-12T22:10:25.670+0000] {taskinstance.py:1660} INFO - Exporting env vars: AIRFLOW_CTX_DAG_OWNER='***' AIRFLOW_CTX_DAG_ID='simple_tasks' AIRFLOW_CTX_TASK_ID='exchange_data_task' AIRFLOW_CTX_EXECUTION_DATE='2023-09-12T15:20:00+00:00' AIRFLOW_CTX_TRY_NUMBER='1' AIRFLOW_CTX_DAG_RUN_ID='scheduled__2023-09-12T15:20:00+00:00'
[2023-09-12T22:10:26.255+0000] {logging_mixin.py:151} INFO - Connected
[2023-09-12T22:10:26.256+0000] {logging_mixin.py:151} INFO - ('2023-09-12 22:10:26','BTC','RUB',2488040.439024)
[2023-09-12T22:10:26.269+0000] {python.py:194} INFO - Done. Returned value was: None
[2023-09-12T22:10:26.286+0000] {taskinstance.py:1398} INFO - Marking task as SUCCESS. dag_id=simple_tasks, task_id=exchange_data_task, execution_date=20230912T152000, start_date=20230912T221024, end_date=20230912T221026
[2023-09-12T22:10:26.348+0000] {local_task_job_runner.py:228} INFO - Task exited with return code 0
[2023-09-12T22:10:26.374+0000] {taskinstance.py:2776} INFO - 0 downstream tasks scheduled from follow-on schedule check
